

================================================================
== Vitis HLS Report for 'MultiPixStream2Bytes_Pipeline_VITIS_LOOP_549_5'
================================================================
* Date:           Wed May 15 18:45:59 2024

* Version:        2023.1 (Build 3854077 on May  4 2023)
* Project:        prj
* Solution:       sol (Vivado IP Flow Target)
* Product family: zynq
* Target device:  xc7z020-clg400-1


================================================================
== Performance Estimates
================================================================
+ Timing: 
    * Summary: 
    +--------+----------+----------+------------+
    |  Clock |  Target  | Estimated| Uncertainty|
    +--------+----------+----------+------------+
    |ap_clk  |  10.00 ns|  3.650 ns|     2.70 ns|
    +--------+----------+----------+------------+

+ Latency: 
    * Summary: 
    +---------+---------+-----------+----------+-----+-------+---------+
    |  Latency (cycles) |  Latency (absolute)  |   Interval  | Pipeline|
    |   min   |   max   |    min    |    max   | min |  max  |   Type  |
    +---------+---------+-----------+----------+-----+-------+---------+
    |        2|    32771|  20.000 ns|  0.328 ms|    2|  32771|       no|
    +---------+---------+-----------+----------+-----+-------+---------+

    + Detail: 
        * Instance: 
        N/A

        * Loop: 
        +--------------------+---------+---------+----------+-----------+-----------+----------+----------+
        |                    |  Latency (cycles) | Iteration|  Initiation Interval  |   Trip   |          |
        |      Loop Name     |   min   |   max   |  Latency |  achieved |   target  |   Count  | Pipelined|
        +--------------------+---------+---------+----------+-----------+-----------+----------+----------+
        |- VITIS_LOOP_549_5  |        0|    32769|         6|          4|          4|  0 ~ 8192|       yes|
        +--------------------+---------+---------+----------+-----------+-----------+----------+----------+

============================================================
+ Verbose Summary: Synthesis Manager
============================================================
InlineROM: 1
ExposeGlobal: 0
============================================================
+ Verbose Summary: CDFG Model
============================================================
IsTopModel: 0
ResetActiveHigh: 1
IsCombinational: 0
IsDatapathOnly: 0
HasWiredReturn: 1
HasMFsm: 2
HasVarLatency: 1
IsPipeline: 0
IsRtlPipelined: 0
IsInstanceOverlapped: 0
IsDontTouch: 0
HasImplIP: 0
IsGatedGlobalClock: 0

+ Individual pipeline summary: 
  * Pipeline-0: initiation interval (II) = 4, depth = 6


============================================================
+ Verbose Summary: Schedule
============================================================
* Number of FSM states : 6
* Pipeline : 1
  Pipeline-0 : II = 4, D = 6, States = { 1 2 3 4 5 6 }
* Dataflow Pipeline: 0

* FSM state transitions: 
1 --> 2 
2 --> 3 
3 --> 4 
4 --> 5 
5 --> 6 
6 --> 

* FSM state operations: 

State 1 <SV = 0> <Delay = 3.26>
ST_1 : Operation 9 [1/1] (0.00ns)   --->   "%x_1 = alloca i32 1"   --->   Operation 9 'alloca' 'x_1' <Predicate = true> <Delay = 0.00>
ST_1 : Operation 10 [1/1] (0.00ns)   --->   "%cmp121_1_read = read i1 @_ssdm_op_Read.ap_auto.i1, i1 %cmp121_1"   --->   Operation 10 'read' 'cmp121_1_read' <Predicate = true> <Delay = 0.00>
ST_1 : Operation 11 [1/1] (0.00ns)   --->   "%sub118_cast59_read = read i13 @_ssdm_op_Read.ap_auto.i13, i13 %sub118_cast59"   --->   Operation 11 'read' 'sub118_cast59_read' <Predicate = true> <Delay = 0.00>
ST_1 : Operation 12 [1/1] (0.00ns)   --->   "%cmp121_2_read = read i1 @_ssdm_op_Read.ap_auto.i1, i1 %cmp121_2"   --->   Operation 12 'read' 'cmp121_2_read' <Predicate = true> <Delay = 0.00>
ST_1 : Operation 13 [1/1] (0.00ns)   --->   "%icmp_ln539_read = read i1 @_ssdm_op_Read.ap_auto.i1, i1 %icmp_ln539"   --->   Operation 13 'read' 'icmp_ln539_read' <Predicate = true> <Delay = 0.00>
ST_1 : Operation 14 [1/1] (0.00ns)   --->   "%trunc_ln534_1_read = read i13 @_ssdm_op_Read.ap_auto.i13, i13 %trunc_ln534_1"   --->   Operation 14 'read' 'trunc_ln534_1_read' <Predicate = true> <Delay = 0.00>
ST_1 : Operation 15 [1/1] (0.00ns)   --->   "%sub118_cast59_cast = sext i13 %sub118_cast59_read"   --->   Operation 15 'sext' 'sub118_cast59_cast' <Predicate = true> <Delay = 0.00>
ST_1 : Operation 16 [1/1] (0.00ns)   --->   "%specmemcore_ln0 = specmemcore void @_ssdm_op_SpecMemCore, i64 %bytePlanes_plane0, i64 666, i64 8, i64 18446744073709551615"   --->   Operation 16 'specmemcore' 'specmemcore_ln0' <Predicate = true> <Delay = 0.00>
ST_1 : Operation 17 [1/1] (0.00ns)   --->   "%specinterface_ln0 = specinterface void @_ssdm_op_SpecInterface, i24 %img, void @empty_9, i32 0, i32 0, void @empty_26, i32 0, i32 0, void @empty_26, void @empty_26, void @empty_26, i32 0, i32 0, i32 0, i32 0, void @empty_26, void @empty_26, i32 4294967295, i32 0"   --->   Operation 17 'specinterface' 'specinterface_ln0' <Predicate = true> <Delay = 0.00>
ST_1 : Operation 18 [1/1] (0.00ns)   --->   "%specinterface_ln0 = specinterface void @_ssdm_op_SpecInterface, i64 %bytePlanes_plane0, void @empty_9, i32 0, i32 0, void @empty_26, i32 0, i32 0, void @empty_26, void @empty_26, void @empty_26, i32 0, i32 0, i32 0, i32 0, void @empty_26, void @empty_26, i32 4294967295, i32 0"   --->   Operation 18 'specinterface' 'specinterface_ln0' <Predicate = true> <Delay = 0.00>
ST_1 : Operation 19 [1/1] (1.58ns)   --->   "%store_ln0 = store i13 0, i13 %x_1"   --->   Operation 19 'store' 'store_ln0' <Predicate = true> <Delay = 1.58>
ST_1 : Operation 20 [1/1] (0.00ns)   --->   "%br_ln0 = br void %for.body117"   --->   Operation 20 'br' 'br_ln0' <Predicate = true> <Delay = 0.00>
ST_1 : Operation 21 [1/1] (0.00ns)   --->   "%x = load i13 %x_1" [/nfs/home/m1info3/Documents/TER_FPGA/Zybo-Z7/hw/proj/hw.runs/system_v_frmbuf_wr_0_0_synth_1/prj/sol/.autopilot/db/v_frmbuf_wr.cpp:549]   --->   Operation 21 'load' 'x' <Predicate = true> <Delay = 0.00>
ST_1 : Operation 22 [1/1] (0.00ns)   --->   "%speclooptripcount_ln0 = speclooptripcount void @_ssdm_op_SpecLoopTripCount, i64 0, i64 8192, i64 8191"   --->   Operation 22 'speclooptripcount' 'speclooptripcount_ln0' <Predicate = true> <Delay = 0.00>
ST_1 : Operation 23 [1/1] (1.67ns)   --->   "%icmp_ln549 = icmp_eq  i13 %x, i13 %trunc_ln534_1_read" [/nfs/home/m1info3/Documents/TER_FPGA/Zybo-Z7/hw/proj/hw.runs/system_v_frmbuf_wr_0_0_synth_1/prj/sol/.autopilot/db/v_frmbuf_wr.cpp:549]   --->   Operation 23 'icmp' 'icmp_ln549' <Predicate = true> <Delay = 1.67> <CoreInst = "Cmp">   --->   Core 9 'Cmp' <Latency = 0> <II = 1> <Delay = 1.67> <FuncUnit> <Opcode : 'icmp'> <InPorts = 2> <OutPorts = 1>
ST_1 : Operation 24 [1/1] (1.67ns)   --->   "%x_3 = add i13 %x, i13 1" [/nfs/home/m1info3/Documents/TER_FPGA/Zybo-Z7/hw/proj/hw.runs/system_v_frmbuf_wr_0_0_synth_1/prj/sol/.autopilot/db/v_frmbuf_wr.cpp:549]   --->   Operation 24 'add' 'x_3' <Predicate = true> <Delay = 1.67> <CoreInst = "Adder">   --->   Core 1 'Adder' <Latency = 0> <II = 1> <Delay = 1.67> <FuncUnit> <Opcode : 'add' 'sub'> <InPorts = 2> <OutPorts = 1>
ST_1 : Operation 25 [1/1] (0.00ns)   --->   "%br_ln549 = br i1 %icmp_ln549, void %for.body117.split, void %for.inc168.loopexit.exitStub" [/nfs/home/m1info3/Documents/TER_FPGA/Zybo-Z7/hw/proj/hw.runs/system_v_frmbuf_wr_0_0_synth_1/prj/sol/.autopilot/db/v_frmbuf_wr.cpp:549]   --->   Operation 25 'br' 'br_ln549' <Predicate = true> <Delay = 0.00>
ST_1 : Operation 26 [1/1] (0.00ns)   --->   "%zext_ln549 = zext i13 %x" [/nfs/home/m1info3/Documents/TER_FPGA/Zybo-Z7/hw/proj/hw.runs/system_v_frmbuf_wr_0_0_synth_1/prj/sol/.autopilot/db/v_frmbuf_wr.cpp:549]   --->   Operation 26 'zext' 'zext_ln549' <Predicate = (!icmp_ln549)> <Delay = 0.00>
ST_1 : Operation 27 [1/1] (1.67ns)   --->   "%cmp119 = icmp_slt  i14 %zext_ln549, i14 %sub118_cast59_cast" [/nfs/home/m1info3/Documents/TER_FPGA/Zybo-Z7/hw/proj/hw.runs/system_v_frmbuf_wr_0_0_synth_1/prj/sol/.autopilot/db/v_frmbuf_wr.cpp:549]   --->   Operation 27 'icmp' 'cmp119' <Predicate = (!icmp_ln549)> <Delay = 1.67> <CoreInst = "Cmp">   --->   Core 9 'Cmp' <Latency = 0> <II = 1> <Delay = 1.67> <FuncUnit> <Opcode : 'icmp'> <InPorts = 2> <OutPorts = 1>
ST_1 : Operation 28 [1/1] (1.58ns)   --->   "%store_ln549 = store i13 %x_3, i13 %x_1" [/nfs/home/m1info3/Documents/TER_FPGA/Zybo-Z7/hw/proj/hw.runs/system_v_frmbuf_wr_0_0_synth_1/prj/sol/.autopilot/db/v_frmbuf_wr.cpp:549]   --->   Operation 28 'store' 'store_ln549' <Predicate = (!icmp_ln549)> <Delay = 1.58>

State 2 <SV = 1> <Delay = 3.63>
ST_2 : Operation 29 [1/1] (0.00ns)   --->   "%specpipeline_ln550 = specpipeline void @_ssdm_op_SpecPipeline, i32 4, i32 0, i32 0, i32 0, void @empty_26" [/nfs/home/m1info3/Documents/TER_FPGA/Zybo-Z7/hw/proj/hw.runs/system_v_frmbuf_wr_0_0_synth_1/prj/sol/.autopilot/db/v_frmbuf_wr.cpp:550]   --->   Operation 29 'specpipeline' 'specpipeline_ln550' <Predicate = (!icmp_ln549)> <Delay = 0.00>
ST_2 : Operation 30 [1/1] (0.00ns)   --->   "%specloopname_ln549 = specloopname void @_ssdm_op_SpecLoopName, void @empty_17" [/nfs/home/m1info3/Documents/TER_FPGA/Zybo-Z7/hw/proj/hw.runs/system_v_frmbuf_wr_0_0_synth_1/prj/sol/.autopilot/db/v_frmbuf_wr.cpp:549]   --->   Operation 30 'specloopname' 'specloopname_ln549' <Predicate = (!icmp_ln549)> <Delay = 0.00>
ST_2 : Operation 31 [1/1] (3.63ns)   --->   "%img_read = read i24 @_ssdm_op_Read.ap_fifo.volatile.i24P0A, i24 %img" [/nfs/home/m1info3/Documents/TER_FPGA/Zybo-Z7/hw/proj/hw.runs/system_v_frmbuf_wr_0_0_synth_1/prj/sol/.autopilot/db/v_frmbuf_wr.cpp:555]   --->   Operation 31 'read' 'img_read' <Predicate = (!icmp_ln549)> <Delay = 3.63> <CoreInst = "FIFO_SRL">   --->   Core 81 'FIFO_SRL' <Latency = 0> <II = 1> <Delay = 3.63> <Storage> <Opcode : 'read' 'write' 'nbread' 'nbwrite'> <Ports = 0> <Width = 24> <Depth = 2> <FIFO>
ST_2 : Operation 32 [1/1] (0.00ns)   --->   "%trunc_ln555 = trunc i24 %img_read" [/nfs/home/m1info3/Documents/TER_FPGA/Zybo-Z7/hw/proj/hw.runs/system_v_frmbuf_wr_0_0_synth_1/prj/sol/.autopilot/db/v_frmbuf_wr.cpp:555]   --->   Operation 32 'trunc' 'trunc_ln555' <Predicate = (!icmp_ln549)> <Delay = 0.00>
ST_2 : Operation 33 [1/1] (0.00ns)   --->   "%trunc_ln555_1 = partselect i8 @_ssdm_op_PartSelect.i8.i24.i32.i32, i24 %img_read, i32 8, i32 15" [/nfs/home/m1info3/Documents/TER_FPGA/Zybo-Z7/hw/proj/hw.runs/system_v_frmbuf_wr_0_0_synth_1/prj/sol/.autopilot/db/v_frmbuf_wr.cpp:555]   --->   Operation 33 'partselect' 'trunc_ln555_1' <Predicate = (!icmp_ln549)> <Delay = 0.00>
ST_2 : Operation 34 [1/1] (0.97ns)   --->   "%or_ln554 = or i1 %cmp119, i1 %cmp121_1_read" [/nfs/home/m1info3/Documents/TER_FPGA/Zybo-Z7/hw/proj/hw.runs/system_v_frmbuf_wr_0_0_synth_1/prj/sol/.autopilot/db/v_frmbuf_wr.cpp:554]   --->   Operation 34 'or' 'or_ln554' <Predicate = (!icmp_ln549)> <Delay = 0.97> <CoreInst = "LogicGate">   --->   Core 74 'LogicGate' <Latency = 0> <II = 1> <Delay = 0.97> <FuncUnit> <Opcode : 'and' 'or' 'xor'> <InPorts = 2> <OutPorts = 1>
ST_2 : Operation 35 [1/1] (1.58ns)   --->   "%br_ln554 = br i1 %or_ln554, void %for.inc152.1, void %if.then122.1" [/nfs/home/m1info3/Documents/TER_FPGA/Zybo-Z7/hw/proj/hw.runs/system_v_frmbuf_wr_0_0_synth_1/prj/sol/.autopilot/db/v_frmbuf_wr.cpp:554]   --->   Operation 35 'br' 'br_ln554' <Predicate = (!icmp_ln549)> <Delay = 1.58>
ST_2 : Operation 36 [1/1] (0.97ns)   --->   "%or_ln554_1 = or i1 %cmp119, i1 %cmp121_2_read" [/nfs/home/m1info3/Documents/TER_FPGA/Zybo-Z7/hw/proj/hw.runs/system_v_frmbuf_wr_0_0_synth_1/prj/sol/.autopilot/db/v_frmbuf_wr.cpp:554]   --->   Operation 36 'or' 'or_ln554_1' <Predicate = (!icmp_ln549)> <Delay = 0.97> <CoreInst = "LogicGate">   --->   Core 74 'LogicGate' <Latency = 0> <II = 1> <Delay = 0.97> <FuncUnit> <Opcode : 'and' 'or' 'xor'> <InPorts = 2> <OutPorts = 1>
ST_2 : Operation 37 [1/1] (0.97ns)   --->   "%or_ln554_2 = or i1 %cmp119, i1 %icmp_ln539_read" [/nfs/home/m1info3/Documents/TER_FPGA/Zybo-Z7/hw/proj/hw.runs/system_v_frmbuf_wr_0_0_synth_1/prj/sol/.autopilot/db/v_frmbuf_wr.cpp:554]   --->   Operation 37 'or' 'or_ln554_2' <Predicate = (!icmp_ln549)> <Delay = 0.97> <CoreInst = "LogicGate">   --->   Core 74 'LogicGate' <Latency = 0> <II = 1> <Delay = 0.97> <FuncUnit> <Opcode : 'and' 'or' 'xor'> <InPorts = 2> <OutPorts = 1>
ST_2 : Operation 61 [1/1] (0.00ns)   --->   "%ret_ln0 = ret"   --->   Operation 61 'ret' 'ret_ln0' <Predicate = (icmp_ln549)> <Delay = 0.00>

State 3 <SV = 2> <Delay = 3.63>
ST_3 : Operation 38 [1/1] (3.63ns)   --->   "%img_read_8 = read i24 @_ssdm_op_Read.ap_fifo.volatile.i24P0A, i24 %img" [/nfs/home/m1info3/Documents/TER_FPGA/Zybo-Z7/hw/proj/hw.runs/system_v_frmbuf_wr_0_0_synth_1/prj/sol/.autopilot/db/v_frmbuf_wr.cpp:555]   --->   Operation 38 'read' 'img_read_8' <Predicate = (!icmp_ln549 & or_ln554)> <Delay = 3.63> <CoreInst = "FIFO_SRL">   --->   Core 81 'FIFO_SRL' <Latency = 0> <II = 1> <Delay = 3.63> <Storage> <Opcode : 'read' 'write' 'nbread' 'nbwrite'> <Ports = 0> <Width = 24> <Depth = 2> <FIFO>
ST_3 : Operation 39 [1/1] (0.00ns)   --->   "%trunc_ln555_2 = trunc i24 %img_read_8" [/nfs/home/m1info3/Documents/TER_FPGA/Zybo-Z7/hw/proj/hw.runs/system_v_frmbuf_wr_0_0_synth_1/prj/sol/.autopilot/db/v_frmbuf_wr.cpp:555]   --->   Operation 39 'trunc' 'trunc_ln555_2' <Predicate = (!icmp_ln549 & or_ln554)> <Delay = 0.00>
ST_3 : Operation 40 [1/1] (0.00ns)   --->   "%trunc_ln555_3 = partselect i8 @_ssdm_op_PartSelect.i8.i24.i32.i32, i24 %img_read_8, i32 8, i32 15" [/nfs/home/m1info3/Documents/TER_FPGA/Zybo-Z7/hw/proj/hw.runs/system_v_frmbuf_wr_0_0_synth_1/prj/sol/.autopilot/db/v_frmbuf_wr.cpp:555]   --->   Operation 40 'partselect' 'trunc_ln555_3' <Predicate = (!icmp_ln549 & or_ln554)> <Delay = 0.00>
ST_3 : Operation 41 [1/1] (1.58ns)   --->   "%br_ln555 = br void %for.inc152.1" [/nfs/home/m1info3/Documents/TER_FPGA/Zybo-Z7/hw/proj/hw.runs/system_v_frmbuf_wr_0_0_synth_1/prj/sol/.autopilot/db/v_frmbuf_wr.cpp:555]   --->   Operation 41 'br' 'br_ln555' <Predicate = (!icmp_ln549 & or_ln554)> <Delay = 1.58>

State 4 <SV = 3> <Delay = 3.63>
ST_4 : Operation 42 [1/1] (0.00ns)   --->   "%empty_135 = phi i8 %trunc_ln555_3, void %if.then122.1, i8 %trunc_ln555_1, void %for.body117.split" [/nfs/home/m1info3/Documents/TER_FPGA/Zybo-Z7/hw/proj/hw.runs/system_v_frmbuf_wr_0_0_synth_1/prj/sol/.autopilot/db/v_frmbuf_wr.cpp:555]   --->   Operation 42 'phi' 'empty_135' <Predicate = (!icmp_ln549)> <Delay = 0.00>
ST_4 : Operation 43 [1/1] (0.00ns)   --->   "%empty_136 = phi i8 %trunc_ln555_2, void %if.then122.1, i8 %trunc_ln555, void %for.body117.split" [/nfs/home/m1info3/Documents/TER_FPGA/Zybo-Z7/hw/proj/hw.runs/system_v_frmbuf_wr_0_0_synth_1/prj/sol/.autopilot/db/v_frmbuf_wr.cpp:555]   --->   Operation 43 'phi' 'empty_136' <Predicate = (!icmp_ln549)> <Delay = 0.00>
ST_4 : Operation 44 [1/1] (1.58ns)   --->   "%br_ln554 = br i1 %or_ln554_1, void %for.inc152.2, void %if.then122.2" [/nfs/home/m1info3/Documents/TER_FPGA/Zybo-Z7/hw/proj/hw.runs/system_v_frmbuf_wr_0_0_synth_1/prj/sol/.autopilot/db/v_frmbuf_wr.cpp:554]   --->   Operation 44 'br' 'br_ln554' <Predicate = (!icmp_ln549)> <Delay = 1.58>
ST_4 : Operation 45 [1/1] (3.63ns)   --->   "%img_read_9 = read i24 @_ssdm_op_Read.ap_fifo.volatile.i24P0A, i24 %img" [/nfs/home/m1info3/Documents/TER_FPGA/Zybo-Z7/hw/proj/hw.runs/system_v_frmbuf_wr_0_0_synth_1/prj/sol/.autopilot/db/v_frmbuf_wr.cpp:555]   --->   Operation 45 'read' 'img_read_9' <Predicate = (!icmp_ln549 & or_ln554_1)> <Delay = 3.63> <CoreInst = "FIFO_SRL">   --->   Core 81 'FIFO_SRL' <Latency = 0> <II = 1> <Delay = 3.63> <Storage> <Opcode : 'read' 'write' 'nbread' 'nbwrite'> <Ports = 0> <Width = 24> <Depth = 2> <FIFO>
ST_4 : Operation 46 [1/1] (0.00ns)   --->   "%trunc_ln555_4 = trunc i24 %img_read_9" [/nfs/home/m1info3/Documents/TER_FPGA/Zybo-Z7/hw/proj/hw.runs/system_v_frmbuf_wr_0_0_synth_1/prj/sol/.autopilot/db/v_frmbuf_wr.cpp:555]   --->   Operation 46 'trunc' 'trunc_ln555_4' <Predicate = (!icmp_ln549 & or_ln554_1)> <Delay = 0.00>
ST_4 : Operation 47 [1/1] (0.00ns)   --->   "%trunc_ln555_5 = partselect i8 @_ssdm_op_PartSelect.i8.i24.i32.i32, i24 %img_read_9, i32 8, i32 15" [/nfs/home/m1info3/Documents/TER_FPGA/Zybo-Z7/hw/proj/hw.runs/system_v_frmbuf_wr_0_0_synth_1/prj/sol/.autopilot/db/v_frmbuf_wr.cpp:555]   --->   Operation 47 'partselect' 'trunc_ln555_5' <Predicate = (!icmp_ln549 & or_ln554_1)> <Delay = 0.00>
ST_4 : Operation 48 [1/1] (1.58ns)   --->   "%br_ln555 = br void %for.inc152.2" [/nfs/home/m1info3/Documents/TER_FPGA/Zybo-Z7/hw/proj/hw.runs/system_v_frmbuf_wr_0_0_synth_1/prj/sol/.autopilot/db/v_frmbuf_wr.cpp:555]   --->   Operation 48 'br' 'br_ln555' <Predicate = (!icmp_ln549 & or_ln554_1)> <Delay = 1.58>

State 5 <SV = 4> <Delay = 3.63>
ST_5 : Operation 49 [1/1] (0.00ns)   --->   "%empty_133 = phi i8 %trunc_ln555_5, void %if.then122.2, i8 %empty_135, void %for.inc152.1" [/nfs/home/m1info3/Documents/TER_FPGA/Zybo-Z7/hw/proj/hw.runs/system_v_frmbuf_wr_0_0_synth_1/prj/sol/.autopilot/db/v_frmbuf_wr.cpp:555]   --->   Operation 49 'phi' 'empty_133' <Predicate = (!icmp_ln549)> <Delay = 0.00>
ST_5 : Operation 50 [1/1] (0.00ns)   --->   "%empty_134 = phi i8 %trunc_ln555_4, void %if.then122.2, i8 %empty_136, void %for.inc152.1" [/nfs/home/m1info3/Documents/TER_FPGA/Zybo-Z7/hw/proj/hw.runs/system_v_frmbuf_wr_0_0_synth_1/prj/sol/.autopilot/db/v_frmbuf_wr.cpp:555]   --->   Operation 50 'phi' 'empty_134' <Predicate = (!icmp_ln549)> <Delay = 0.00>
ST_5 : Operation 51 [1/1] (1.58ns)   --->   "%br_ln554 = br i1 %or_ln554_2, void %for.inc152.3, void %if.then122.3" [/nfs/home/m1info3/Documents/TER_FPGA/Zybo-Z7/hw/proj/hw.runs/system_v_frmbuf_wr_0_0_synth_1/prj/sol/.autopilot/db/v_frmbuf_wr.cpp:554]   --->   Operation 51 'br' 'br_ln554' <Predicate = (!icmp_ln549)> <Delay = 1.58>
ST_5 : Operation 52 [1/1] (3.63ns)   --->   "%img_read_10 = read i24 @_ssdm_op_Read.ap_fifo.volatile.i24P0A, i24 %img" [/nfs/home/m1info3/Documents/TER_FPGA/Zybo-Z7/hw/proj/hw.runs/system_v_frmbuf_wr_0_0_synth_1/prj/sol/.autopilot/db/v_frmbuf_wr.cpp:555]   --->   Operation 52 'read' 'img_read_10' <Predicate = (!icmp_ln549 & or_ln554_2)> <Delay = 3.63> <CoreInst = "FIFO_SRL">   --->   Core 81 'FIFO_SRL' <Latency = 0> <II = 1> <Delay = 3.63> <Storage> <Opcode : 'read' 'write' 'nbread' 'nbwrite'> <Ports = 0> <Width = 24> <Depth = 2> <FIFO>
ST_5 : Operation 53 [1/1] (0.00ns)   --->   "%trunc_ln555_6 = trunc i24 %img_read_10" [/nfs/home/m1info3/Documents/TER_FPGA/Zybo-Z7/hw/proj/hw.runs/system_v_frmbuf_wr_0_0_synth_1/prj/sol/.autopilot/db/v_frmbuf_wr.cpp:555]   --->   Operation 53 'trunc' 'trunc_ln555_6' <Predicate = (!icmp_ln549 & or_ln554_2)> <Delay = 0.00>
ST_5 : Operation 54 [1/1] (0.00ns)   --->   "%trunc_ln555_7 = partselect i8 @_ssdm_op_PartSelect.i8.i24.i32.i32, i24 %img_read_10, i32 8, i32 15" [/nfs/home/m1info3/Documents/TER_FPGA/Zybo-Z7/hw/proj/hw.runs/system_v_frmbuf_wr_0_0_synth_1/prj/sol/.autopilot/db/v_frmbuf_wr.cpp:555]   --->   Operation 54 'partselect' 'trunc_ln555_7' <Predicate = (!icmp_ln549 & or_ln554_2)> <Delay = 0.00>
ST_5 : Operation 55 [1/1] (1.58ns)   --->   "%br_ln555 = br void %for.inc152.3" [/nfs/home/m1info3/Documents/TER_FPGA/Zybo-Z7/hw/proj/hw.runs/system_v_frmbuf_wr_0_0_synth_1/prj/sol/.autopilot/db/v_frmbuf_wr.cpp:555]   --->   Operation 55 'br' 'br_ln555' <Predicate = (!icmp_ln549 & or_ln554_2)> <Delay = 1.58>

State 6 <SV = 5> <Delay = 3.65>
ST_6 : Operation 56 [1/1] (0.00ns)   --->   "%empty = phi i8 %trunc_ln555_7, void %if.then122.3, i8 %empty_133, void %for.inc152.2" [/nfs/home/m1info3/Documents/TER_FPGA/Zybo-Z7/hw/proj/hw.runs/system_v_frmbuf_wr_0_0_synth_1/prj/sol/.autopilot/db/v_frmbuf_wr.cpp:555]   --->   Operation 56 'phi' 'empty' <Predicate = true> <Delay = 0.00>
ST_6 : Operation 57 [1/1] (0.00ns)   --->   "%empty_132 = phi i8 %trunc_ln555_6, void %if.then122.3, i8 %empty_134, void %for.inc152.2" [/nfs/home/m1info3/Documents/TER_FPGA/Zybo-Z7/hw/proj/hw.runs/system_v_frmbuf_wr_0_0_synth_1/prj/sol/.autopilot/db/v_frmbuf_wr.cpp:555]   --->   Operation 57 'phi' 'empty_132' <Predicate = true> <Delay = 0.00>
ST_6 : Operation 58 [1/1] (0.00ns)   --->   "%out_pix = bitconcatenate i64 @_ssdm_op_BitConcatenate.i64.i8.i8.i8.i8.i8.i8.i8.i8, i8 %empty_132, i8 %empty, i8 %empty_134, i8 %empty_133, i8 %empty_136, i8 %empty_135, i8 %trunc_ln555, i8 %trunc_ln555_1" [/nfs/home/m1info3/Documents/TER_FPGA/Zybo-Z7/hw/proj/hw.runs/system_v_frmbuf_wr_0_0_synth_1/prj/sol/.autopilot/db/v_frmbuf_wr.cpp:563]   --->   Operation 58 'bitconcatenate' 'out_pix' <Predicate = true> <Delay = 0.00>
ST_6 : Operation 59 [1/1] (3.65ns)   --->   "%write_ln565 = write void @_ssdm_op_Write.ap_fifo.volatile.i64P0A, i64 %bytePlanes_plane0, i64 %out_pix" [/nfs/home/m1info3/Documents/TER_FPGA/Zybo-Z7/hw/proj/hw.runs/system_v_frmbuf_wr_0_0_synth_1/prj/sol/.autopilot/db/v_frmbuf_wr.cpp:565]   --->   Operation 59 'write' 'write_ln565' <Predicate = true> <Delay = 3.65> <CoreInst = "FIFO_BRAM">   --->   Core 79 'FIFO_BRAM' <Latency = 0> <II = 1> <Delay = 3.71> <Storage> <Opcode : 'read' 'write' 'nbread' 'nbwrite'> <Ports = 0> <Width = 64> <Depth = 960> <FIFO>
ST_6 : Operation 60 [1/1] (0.00ns)   --->   "%br_ln549 = br void %for.body117" [/nfs/home/m1info3/Documents/TER_FPGA/Zybo-Z7/hw/proj/hw.runs/system_v_frmbuf_wr_0_0_synth_1/prj/sol/.autopilot/db/v_frmbuf_wr.cpp:549]   --->   Operation 60 'br' 'br_ln549' <Predicate = true> <Delay = 0.00>


============================================================
+ Verbose Summary: Timing violations
============================================================
Target clock period: 10.000ns, clock uncertainty: 2.700ns.

 <State 1>: 3.268ns
The critical path consists of the following:
	'alloca' operation ('x') [8]  (0.000 ns)
	'load' operation ('x', /nfs/home/m1info3/Documents/TER_FPGA/Zybo-Z7/hw/proj/hw.runs/system_v_frmbuf_wr_0_0_synth_1/prj/sol/.autopilot/db/v_frmbuf_wr.cpp:549) on local variable 'x' [21]  (0.000 ns)
	'add' operation ('x', /nfs/home/m1info3/Documents/TER_FPGA/Zybo-Z7/hw/proj/hw.runs/system_v_frmbuf_wr_0_0_synth_1/prj/sol/.autopilot/db/v_frmbuf_wr.cpp:549) [24]  (1.679 ns)
	'store' operation ('store_ln549', /nfs/home/m1info3/Documents/TER_FPGA/Zybo-Z7/hw/proj/hw.runs/system_v_frmbuf_wr_0_0_synth_1/prj/sol/.autopilot/db/v_frmbuf_wr.cpp:549) of variable 'x', /nfs/home/m1info3/Documents/TER_FPGA/Zybo-Z7/hw/proj/hw.runs/system_v_frmbuf_wr_0_0_synth_1/prj/sol/.autopilot/db/v_frmbuf_wr.cpp:549 on local variable 'x' [66]  (1.588 ns)

 <State 2>: 3.634ns
The critical path consists of the following:
	fifo read operation ('img_read', /nfs/home/m1info3/Documents/TER_FPGA/Zybo-Z7/hw/proj/hw.runs/system_v_frmbuf_wr_0_0_synth_1/prj/sol/.autopilot/db/v_frmbuf_wr.cpp:555) on port 'img' (/nfs/home/m1info3/Documents/TER_FPGA/Zybo-Z7/hw/proj/hw.runs/system_v_frmbuf_wr_0_0_synth_1/prj/sol/.autopilot/db/v_frmbuf_wr.cpp:555) [31]  (3.634 ns)

 <State 3>: 3.634ns
The critical path consists of the following:
	fifo read operation ('img_read_8', /nfs/home/m1info3/Documents/TER_FPGA/Zybo-Z7/hw/proj/hw.runs/system_v_frmbuf_wr_0_0_synth_1/prj/sol/.autopilot/db/v_frmbuf_wr.cpp:555) on port 'img' (/nfs/home/m1info3/Documents/TER_FPGA/Zybo-Z7/hw/proj/hw.runs/system_v_frmbuf_wr_0_0_synth_1/prj/sol/.autopilot/db/v_frmbuf_wr.cpp:555) [37]  (3.634 ns)

 <State 4>: 3.634ns
The critical path consists of the following:
	fifo read operation ('img_read_9', /nfs/home/m1info3/Documents/TER_FPGA/Zybo-Z7/hw/proj/hw.runs/system_v_frmbuf_wr_0_0_synth_1/prj/sol/.autopilot/db/v_frmbuf_wr.cpp:555) on port 'img' (/nfs/home/m1info3/Documents/TER_FPGA/Zybo-Z7/hw/proj/hw.runs/system_v_frmbuf_wr_0_0_synth_1/prj/sol/.autopilot/db/v_frmbuf_wr.cpp:555) [47]  (3.634 ns)

 <State 5>: 3.634ns
The critical path consists of the following:
	fifo read operation ('img_read_10', /nfs/home/m1info3/Documents/TER_FPGA/Zybo-Z7/hw/proj/hw.runs/system_v_frmbuf_wr_0_0_synth_1/prj/sol/.autopilot/db/v_frmbuf_wr.cpp:555) on port 'img' (/nfs/home/m1info3/Documents/TER_FPGA/Zybo-Z7/hw/proj/hw.runs/system_v_frmbuf_wr_0_0_synth_1/prj/sol/.autopilot/db/v_frmbuf_wr.cpp:555) [57]  (3.634 ns)

 <State 6>: 3.650ns
The critical path consists of the following:
	'phi' operation ('empty', /nfs/home/m1info3/Documents/TER_FPGA/Zybo-Z7/hw/proj/hw.runs/system_v_frmbuf_wr_0_0_synth_1/prj/sol/.autopilot/db/v_frmbuf_wr.cpp:555) with incoming values : ('trunc_ln555_1', /nfs/home/m1info3/Documents/TER_FPGA/Zybo-Z7/hw/proj/hw.runs/system_v_frmbuf_wr_0_0_synth_1/prj/sol/.autopilot/db/v_frmbuf_wr.cpp:555) ('trunc_ln555_3', /nfs/home/m1info3/Documents/TER_FPGA/Zybo-Z7/hw/proj/hw.runs/system_v_frmbuf_wr_0_0_synth_1/prj/sol/.autopilot/db/v_frmbuf_wr.cpp:555) ('trunc_ln555_5', /nfs/home/m1info3/Documents/TER_FPGA/Zybo-Z7/hw/proj/hw.runs/system_v_frmbuf_wr_0_0_synth_1/prj/sol/.autopilot/db/v_frmbuf_wr.cpp:555) ('trunc_ln555_7', /nfs/home/m1info3/Documents/TER_FPGA/Zybo-Z7/hw/proj/hw.runs/system_v_frmbuf_wr_0_0_synth_1/prj/sol/.autopilot/db/v_frmbuf_wr.cpp:555) [62]  (0.000 ns)
	fifo write operation ('write_ln565', /nfs/home/m1info3/Documents/TER_FPGA/Zybo-Z7/hw/proj/hw.runs/system_v_frmbuf_wr_0_0_synth_1/prj/sol/.autopilot/db/v_frmbuf_wr.cpp:565) on port 'bytePlanes_plane0' (/nfs/home/m1info3/Documents/TER_FPGA/Zybo-Z7/hw/proj/hw.runs/system_v_frmbuf_wr_0_0_synth_1/prj/sol/.autopilot/db/v_frmbuf_wr.cpp:565) [65]  (3.650 ns)


============================================================
+ Verbose Summary: Binding
============================================================
N/A
* FSMD analyzer results:
  - Output states:
 - Input state : 
  - Chain level:
	State 1
	State 2
	State 3
	State 4
	State 5
	State 6


============================================================
+ Verbose Summary: Datapath Resource usage 
============================================================
N/A
