

================================================================
== Vitis HLS Report for 'MultiPixStream2Bytes'
================================================================
* Date:           Wed Jun 19 16:40:52 2024

* Version:        2023.2.2 (Build 4101106 on Feb  9 2024)
* Project:        prj
* Solution:       sol (Vivado IP Flow Target)
* Product family: zynq
* Target device:  xc7z020-clg400-1


================================================================
== Performance Estimates
================================================================
+ Timing: 
    * Summary: 
    +--------+----------+----------+------------+
    |  Clock |  Target  | Estimated| Uncertainty|
    +--------+----------+----------+------------+
    |ap_clk  |  10.00 ns|  7.268 ns|     2.70 ns|
    +--------+----------+----------+------------+

+ Latency: 
    * Summary: 
    +---------+-----------+-----------+-----------+-----+-----------+---------+
    |   Latency (cycles)  |   Latency (absolute)  |     Interval    | Pipeline|
    |   min   |    max    |    min    |    max    | min |    max    |   Type  |
    +---------+-----------+-----------+-----------+-----+-----------+---------+
    |        2|  141588002|  20.000 ns|  1.416 sec|    2|  141588002|       no|
    +---------+-----------+-----------+-----------+-----+-----------+---------+

    + Detail: 
        * Instance: 
        N/A

        * Loop: 
        +------------------------+---------+-----------+-----------+-----------+-----------+----------+----------+
        |                        |   Latency (cycles)  | Iteration |  Initiation Interval  |   Trip   |          |
        |        Loop Name       |   min   |    max    |  Latency  |  achieved |   target  |   Count  | Pipelined|
        +------------------------+---------+-----------+-----------+-----------+-----------+----------+----------+
        |- loop_YUYV8            |        0|   70809120|  7 ~ 16391|          -|          -|  0 ~ 4320|        no|
        |- loop_UYVY8            |        0|   70809120|  7 ~ 16391|          -|          -|  0 ~ 4320|        no|
        |- loop_Y_UV8_Y_UV8_420  |        0|  141588000|  7 ~ 32775|          -|          -|  0 ~ 4320|        no|
        +------------------------+---------+-----------+-----------+-----------+-----------+----------+----------+

============================================================
+ Verbose Summary: Synthesis Manager
============================================================
InlineROM: 1
ExposeGlobal: 0
============================================================
+ Verbose Summary: CDFG Model
============================================================
IsTopModel: 0
ResetActiveHigh: 1
IsCombinational: 2
IsDatapathOnly: 0
HasWiredReturn: 1
HasMFsm: 0
HasVarLatency: 1
IsPipeline: 0
IsRtlPipelined: 0
IsInstanceOverlapped: 0
IsDontTouch: 0
HasImplIP: 0
IsGatedGlobalClock: 0


============================================================
+ Verbose Summary: Schedule
============================================================
* Number of FSM states : 9
* Pipeline : 0
* Dataflow Pipeline: 0

* FSM state transitions: 
1 --> 2 
2 --> 3 
3 --> 4 6 8 
4 --> 5 
5 --> 3 
6 --> 7 
7 --> 3 
8 --> 9 
9 --> 3 

* FSM state operations: 

State 1 <SV = 0> <Delay = 7.26>
ST_1 : Operation 10 [1/1] (3.63ns)   --->   "%widthInPix = read i15 @_ssdm_op_Read.ap_fifo.i15P0A, i15 %WidthInBytes_val"   --->   Operation 10 'read' 'widthInPix' <Predicate = true> <Delay = 3.63> <CoreInst = "FIFO_SRL">   --->   Core 81 'FIFO_SRL' <Latency = 0> <II = 1> <Delay = 3.63> <Storage> <Opcode : 'read' 'write' 'nbread' 'nbwrite'> <Ports = 0> <Width = 15> <Depth = 3> <FIFO>
ST_1 : Operation 11 [1/1] (3.63ns)   --->   "%write_ln0 = write void @_ssdm_op_Write.ap_fifo.i15P0A, i15 %WidthInBytes_val2_c, i15 %widthInPix"   --->   Operation 11 'write' 'write_ln0' <Predicate = true> <Delay = 3.63> <CoreInst = "FIFO_SRL">   --->   Core 81 'FIFO_SRL' <Latency = 0> <II = 1> <Delay = 3.63> <Storage> <Opcode : 'read' 'write' 'nbread' 'nbwrite'> <Ports = 0> <Width = 15> <Depth = 2> <FIFO>

State 2 <SV = 1> <Delay = 4.40>
ST_2 : Operation 12 [1/1] (0.00ns)   --->   "%VideoFormat_val_read = read i6 @_ssdm_op_Read.ap_auto.i6, i6 %VideoFormat_val"   --->   Operation 12 'read' 'VideoFormat_val_read' <Predicate = true> <Delay = 0.00>
ST_2 : Operation 13 [1/1] (0.00ns)   --->   "%Height_val_read = read i12 @_ssdm_op_Read.ap_auto.i12, i12 %Height_val"   --->   Operation 13 'read' 'Height_val_read' <Predicate = true> <Delay = 0.00>
ST_2 : Operation 14 [1/1] (0.00ns)   --->   "%specinterface_ln0 = specinterface void @_ssdm_op_SpecInterface, i15 %WidthInBytes_val, void @ap_fifo_str, i32 0, i32 0, void @p_str, i32 0, i32 0, void @p_str, void @p_str, void @p_str, i32 2, i32 2, i32 16, i32 16, void @p_str, void @ScalarProp_str, i32 4294967295, i32 0"   --->   Operation 14 'specinterface' 'specinterface_ln0' <Predicate = true> <Delay = 0.00>
ST_2 : Operation 15 [1/1] (0.00ns)   --->   "%specinterface_ln0 = specinterface void @_ssdm_op_SpecInterface, i15 %WidthInBytes_val2_c, void @ap_fifo_str, i32 0, i32 0, void @p_str, i32 0, i32 0, void @p_str, void @p_str, void @p_str, i32 2, i32 2, i32 16, i32 16, void @p_str, void @ScalarProp_str, i32 4294967295, i32 0"   --->   Operation 15 'specinterface' 'specinterface_ln0' <Predicate = true> <Delay = 0.00>
ST_2 : Operation 16 [1/1] (0.00ns)   --->   "%specstablecontent_ln0 = specstablecontent void @_ssdm_op_SpecStableContent, i6 %VideoFormat_val, void "   --->   Operation 16 'specstablecontent' 'specstablecontent_ln0' <Predicate = true> <Delay = 0.00>
ST_2 : Operation 17 [1/1] (0.00ns)   --->   "%specstablecontent_ln0 = specstablecontent void @_ssdm_op_SpecStableContent, i12 %Height_val, void "   --->   Operation 17 'specstablecontent' 'specstablecontent_ln0' <Predicate = true> <Delay = 0.00>
ST_2 : Operation 18 [1/1] (0.00ns)   --->   "%specmemcore_ln0 = specmemcore void @_ssdm_op_SpecMemCore, i64 %bytePlanes_plane0, i64 666, i64 8, i64 18446744073709551615"   --->   Operation 18 'specmemcore' 'specmemcore_ln0' <Predicate = true> <Delay = 0.00>
ST_2 : Operation 19 [1/1] (0.00ns)   --->   "%specmemcore_ln0 = specmemcore void @_ssdm_op_SpecMemCore, i64 %bytePlanes_plane1, i64 666, i64 8, i64 18446744073709551615"   --->   Operation 19 'specmemcore' 'specmemcore_ln0' <Predicate = true> <Delay = 0.00>
ST_2 : Operation 20 [1/1] (0.00ns)   --->   "%specinterface_ln0 = specinterface void @_ssdm_op_SpecInterface, i64 %bytePlanes_plane1, void @empty_5, i32 0, i32 0, void @empty_21, i32 0, i32 0, void @empty_21, void @empty_21, void @empty_21, i32 0, i32 0, i32 0, i32 0, void @empty_21, void @empty_21, i32 4294967295, i32 0"   --->   Operation 20 'specinterface' 'specinterface_ln0' <Predicate = true> <Delay = 0.00>
ST_2 : Operation 21 [1/1] (0.00ns)   --->   "%specinterface_ln0 = specinterface void @_ssdm_op_SpecInterface, i64 %bytePlanes_plane0, void @empty_5, i32 0, i32 0, void @empty_21, i32 0, i32 0, void @empty_21, void @empty_21, void @empty_21, i32 0, i32 0, i32 0, i32 0, void @empty_21, void @empty_21, i32 4294967295, i32 0"   --->   Operation 21 'specinterface' 'specinterface_ln0' <Predicate = true> <Delay = 0.00>
ST_2 : Operation 22 [1/1] (0.00ns)   --->   "%specinterface_ln0 = specinterface void @_ssdm_op_SpecInterface, i24 %img, void @empty_5, i32 0, i32 0, void @empty_21, i32 0, i32 0, void @empty_21, void @empty_21, void @empty_21, i32 0, i32 0, i32 0, i32 0, void @empty_21, void @empty_21, i32 4294967295, i32 0"   --->   Operation 22 'specinterface' 'specinterface_ln0' <Predicate = true> <Delay = 0.00>
ST_2 : Operation 23 [1/1] (1.91ns)   --->   "%switch_ln330 = switch i6 %VideoFormat_val_read, void %if.end366, i6 43, void %if.end374, i6 42, void %if.end373, i6 41, void %if.end372, i6 11, void %if.end371, i6 10, void %if.end371, i6 27, void %if.end370, i6 16, void %if.end369, i6 15, void %if.end369, i6 12, void %if.then28, i6 28, void %if.then87, i6 19, void %if.then181, i6 18, void %if.then181" [C:/Users/hdway/Documents/vivado/TER/PmodENC_Linux/hw_with_enc/hw_with_enc.runs/system_v_frmbuf_wr_0_0_synth_1/prj/sol/.autopilot/db/v_frmbuf_wr.cpp:330]   --->   Operation 23 'switch' 'switch_ln330' <Predicate = true> <Delay = 1.91>
ST_2 : Operation 24 [1/1] (0.00ns)   --->   "%y_2 = alloca i32 1" [C:/Users/hdway/Documents/vivado/TER/PmodENC_Linux/hw_with_enc/hw_with_enc.runs/system_v_frmbuf_wr_0_0_synth_1/prj/sol/.autopilot/db/v_frmbuf_wr.cpp:753]   --->   Operation 24 'alloca' 'y_2' <Predicate = (VideoFormat_val_read == 18) | (VideoFormat_val_read == 19)> <Delay = 0.00>
ST_2 : Operation 25 [1/1] (0.00ns)   --->   "%p_lcssa127141 = alloca i32 1"   --->   Operation 25 'alloca' 'p_lcssa127141' <Predicate = (VideoFormat_val_read == 18) | (VideoFormat_val_read == 19)> <Delay = 0.00>
ST_2 : Operation 26 [1/1] (0.00ns)   --->   "%p_lcssa128144 = alloca i32 1"   --->   Operation 26 'alloca' 'p_lcssa128144' <Predicate = (VideoFormat_val_read == 18) | (VideoFormat_val_read == 19)> <Delay = 0.00>
ST_2 : Operation 27 [1/1] (0.00ns)   --->   "%remainPix_4 = trunc i15 %widthInPix" [C:/Users/hdway/Documents/vivado/TER/PmodENC_Linux/hw_with_enc/hw_with_enc.runs/system_v_frmbuf_wr_0_0_synth_1/prj/sol/.autopilot/db/v_frmbuf_wr.cpp:741]   --->   Operation 27 'trunc' 'remainPix_4' <Predicate = (VideoFormat_val_read == 18) | (VideoFormat_val_read == 19)> <Delay = 0.00>
ST_2 : Operation 28 [1/1] (0.00ns)   --->   "%zext_ln741 = zext i15 %widthInPix" [C:/Users/hdway/Documents/vivado/TER/PmodENC_Linux/hw_with_enc/hw_with_enc.runs/system_v_frmbuf_wr_0_0_synth_1/prj/sol/.autopilot/db/v_frmbuf_wr.cpp:741]   --->   Operation 28 'zext' 'zext_ln741' <Predicate = (VideoFormat_val_read == 18) | (VideoFormat_val_read == 19)> <Delay = 0.00>
ST_2 : Operation 29 [1/1] (1.94ns)   --->   "%add_ln741 = add i16 %zext_ln741, i16 7" [C:/Users/hdway/Documents/vivado/TER/PmodENC_Linux/hw_with_enc/hw_with_enc.runs/system_v_frmbuf_wr_0_0_synth_1/prj/sol/.autopilot/db/v_frmbuf_wr.cpp:741]   --->   Operation 29 'add' 'add_ln741' <Predicate = (VideoFormat_val_read == 18) | (VideoFormat_val_read == 19)> <Delay = 1.94> <CoreInst = "Adder">   --->   Core 1 'Adder' <Latency = 0> <II = 1> <Delay = 1.94> <FuncUnit> <Opcode : 'add' 'sub'> <InPorts = 2> <OutPorts = 1>
ST_2 : Operation 30 [1/1] (0.00ns)   --->   "%trunc_ln741_2 = partselect i13 @_ssdm_op_PartSelect.i13.i16.i32.i32, i16 %add_ln741, i32 3, i32 15" [C:/Users/hdway/Documents/vivado/TER/PmodENC_Linux/hw_with_enc/hw_with_enc.runs/system_v_frmbuf_wr_0_0_synth_1/prj/sol/.autopilot/db/v_frmbuf_wr.cpp:741]   --->   Operation 30 'partselect' 'trunc_ln741_2' <Predicate = (VideoFormat_val_read == 18) | (VideoFormat_val_read == 19)> <Delay = 0.00>
ST_2 : Operation 31 [1/1] (0.00ns)   --->   "%zext_ln743 = zext i3 %remainPix_4" [C:/Users/hdway/Documents/vivado/TER/PmodENC_Linux/hw_with_enc/hw_with_enc.runs/system_v_frmbuf_wr_0_0_synth_1/prj/sol/.autopilot/db/v_frmbuf_wr.cpp:743]   --->   Operation 31 'zext' 'zext_ln743' <Predicate = (VideoFormat_val_read == 18) | (VideoFormat_val_read == 19)> <Delay = 0.00>
ST_2 : Operation 32 [1/1] (1.65ns)   --->   "%icmp_ln745 = icmp_eq  i3 %remainPix_4, i3 0" [C:/Users/hdway/Documents/vivado/TER/PmodENC_Linux/hw_with_enc/hw_with_enc.runs/system_v_frmbuf_wr_0_0_synth_1/prj/sol/.autopilot/db/v_frmbuf_wr.cpp:745]   --->   Operation 32 'icmp' 'icmp_ln745' <Predicate = (VideoFormat_val_read == 18) | (VideoFormat_val_read == 19)> <Delay = 1.65> <CoreInst = "Cmp">   --->   Core 9 'Cmp' <Latency = 0> <II = 1> <Delay = 1.65> <FuncUnit> <Opcode : 'icmp'> <InPorts = 2> <OutPorts = 1>
ST_2 : Operation 33 [1/1] (1.02ns)   --->   "%remainPix_5 = select i1 %icmp_ln745, i4 8, i4 %zext_ln743" [C:/Users/hdway/Documents/vivado/TER/PmodENC_Linux/hw_with_enc/hw_with_enc.runs/system_v_frmbuf_wr_0_0_synth_1/prj/sol/.autopilot/db/v_frmbuf_wr.cpp:745]   --->   Operation 33 'select' 'remainPix_5' <Predicate = (VideoFormat_val_read == 18) | (VideoFormat_val_read == 19)> <Delay = 1.02> <CoreInst = "Sel">   --->   Core 73 'Sel' <Latency = 0> <II = 1> <Delay = 1.02> <FuncUnit> <Opcode : 'select'> <InPorts = 3> <OutPorts = 1>
ST_2 : Operation 34 [1/1] (1.67ns)   --->   "%sub213 = add i13 %trunc_ln741_2, i13 8191" [C:/Users/hdway/Documents/vivado/TER/PmodENC_Linux/hw_with_enc/hw_with_enc.runs/system_v_frmbuf_wr_0_0_synth_1/prj/sol/.autopilot/db/v_frmbuf_wr.cpp:741]   --->   Operation 34 'add' 'sub213' <Predicate = (VideoFormat_val_read == 18) | (VideoFormat_val_read == 19)> <Delay = 1.67> <CoreInst = "Adder">   --->   Core 1 'Adder' <Latency = 0> <II = 1> <Delay = 1.67> <FuncUnit> <Opcode : 'add' 'sub'> <InPorts = 2> <OutPorts = 1>
ST_2 : Operation 35 [1/1] (1.73ns)   --->   "%cmp216 = icmp_ne  i4 %remainPix_5, i4 0" [C:/Users/hdway/Documents/vivado/TER/PmodENC_Linux/hw_with_enc/hw_with_enc.runs/system_v_frmbuf_wr_0_0_synth_1/prj/sol/.autopilot/db/v_frmbuf_wr.cpp:745]   --->   Operation 35 'icmp' 'cmp216' <Predicate = (VideoFormat_val_read == 18) | (VideoFormat_val_read == 19)> <Delay = 1.73> <CoreInst = "Cmp">   --->   Core 9 'Cmp' <Latency = 0> <II = 1> <Delay = 1.73> <FuncUnit> <Opcode : 'icmp'> <InPorts = 2> <OutPorts = 1>
ST_2 : Operation 36 [1/1] (0.00ns)   --->   "%tmp_2 = partselect i3 @_ssdm_op_PartSelect.i3.i4.i32.i32, i4 %remainPix_5, i32 1, i32 3" [C:/Users/hdway/Documents/vivado/TER/PmodENC_Linux/hw_with_enc/hw_with_enc.runs/system_v_frmbuf_wr_0_0_synth_1/prj/sol/.autopilot/db/v_frmbuf_wr.cpp:745]   --->   Operation 36 'partselect' 'tmp_2' <Predicate = (VideoFormat_val_read == 18) | (VideoFormat_val_read == 19)> <Delay = 0.00>
ST_2 : Operation 37 [1/1] (1.65ns)   --->   "%icmp13 = icmp_ne  i3 %tmp_2, i3 0" [C:/Users/hdway/Documents/vivado/TER/PmodENC_Linux/hw_with_enc/hw_with_enc.runs/system_v_frmbuf_wr_0_0_synth_1/prj/sol/.autopilot/db/v_frmbuf_wr.cpp:745]   --->   Operation 37 'icmp' 'icmp13' <Predicate = (VideoFormat_val_read == 18) | (VideoFormat_val_read == 19)> <Delay = 1.65> <CoreInst = "Cmp">   --->   Core 9 'Cmp' <Latency = 0> <II = 1> <Delay = 1.65> <FuncUnit> <Opcode : 'icmp'> <InPorts = 2> <OutPorts = 1>
ST_2 : Operation 38 [1/1] (1.73ns)   --->   "%cmp216_2 = icmp_ugt  i4 %remainPix_5, i4 2" [C:/Users/hdway/Documents/vivado/TER/PmodENC_Linux/hw_with_enc/hw_with_enc.runs/system_v_frmbuf_wr_0_0_synth_1/prj/sol/.autopilot/db/v_frmbuf_wr.cpp:745]   --->   Operation 38 'icmp' 'cmp216_2' <Predicate = (VideoFormat_val_read == 18) | (VideoFormat_val_read == 19)> <Delay = 1.73> <CoreInst = "Cmp">   --->   Core 9 'Cmp' <Latency = 0> <II = 1> <Delay = 1.73> <FuncUnit> <Opcode : 'icmp'> <InPorts = 2> <OutPorts = 1>
ST_2 : Operation 39 [1/1] (0.00ns)   --->   "%tmp_3 = partselect i2 @_ssdm_op_PartSelect.i2.i4.i32.i32, i4 %remainPix_5, i32 2, i32 3" [C:/Users/hdway/Documents/vivado/TER/PmodENC_Linux/hw_with_enc/hw_with_enc.runs/system_v_frmbuf_wr_0_0_synth_1/prj/sol/.autopilot/db/v_frmbuf_wr.cpp:745]   --->   Operation 39 'partselect' 'tmp_3' <Predicate = (VideoFormat_val_read == 18) | (VideoFormat_val_read == 19)> <Delay = 0.00>
ST_2 : Operation 40 [1/1] (1.56ns)   --->   "%icmp16 = icmp_ne  i2 %tmp_3, i2 0" [C:/Users/hdway/Documents/vivado/TER/PmodENC_Linux/hw_with_enc/hw_with_enc.runs/system_v_frmbuf_wr_0_0_synth_1/prj/sol/.autopilot/db/v_frmbuf_wr.cpp:745]   --->   Operation 40 'icmp' 'icmp16' <Predicate = (VideoFormat_val_read == 18) | (VideoFormat_val_read == 19)> <Delay = 1.56> <CoreInst = "Cmp">   --->   Core 9 'Cmp' <Latency = 0> <II = 1> <Delay = 1.56> <FuncUnit> <Opcode : 'icmp'> <InPorts = 2> <OutPorts = 1>
ST_2 : Operation 41 [1/1] (1.73ns)   --->   "%cmp216_4 = icmp_ugt  i4 %remainPix_5, i4 4" [C:/Users/hdway/Documents/vivado/TER/PmodENC_Linux/hw_with_enc/hw_with_enc.runs/system_v_frmbuf_wr_0_0_synth_1/prj/sol/.autopilot/db/v_frmbuf_wr.cpp:745]   --->   Operation 41 'icmp' 'cmp216_4' <Predicate = (VideoFormat_val_read == 18) | (VideoFormat_val_read == 19)> <Delay = 1.73> <CoreInst = "Cmp">   --->   Core 9 'Cmp' <Latency = 0> <II = 1> <Delay = 1.73> <FuncUnit> <Opcode : 'icmp'> <InPorts = 2> <OutPorts = 1>
ST_2 : Operation 42 [1/1] (1.73ns)   --->   "%cmp216_5 = icmp_ugt  i4 %remainPix_5, i4 5" [C:/Users/hdway/Documents/vivado/TER/PmodENC_Linux/hw_with_enc/hw_with_enc.runs/system_v_frmbuf_wr_0_0_synth_1/prj/sol/.autopilot/db/v_frmbuf_wr.cpp:745]   --->   Operation 42 'icmp' 'cmp216_5' <Predicate = (VideoFormat_val_read == 18) | (VideoFormat_val_read == 19)> <Delay = 1.73> <CoreInst = "Cmp">   --->   Core 9 'Cmp' <Latency = 0> <II = 1> <Delay = 1.73> <FuncUnit> <Opcode : 'icmp'> <InPorts = 2> <OutPorts = 1>
ST_2 : Operation 43 [1/1] (1.73ns)   --->   "%cmp216_6 = icmp_ugt  i4 %remainPix_5, i4 6" [C:/Users/hdway/Documents/vivado/TER/PmodENC_Linux/hw_with_enc/hw_with_enc.runs/system_v_frmbuf_wr_0_0_synth_1/prj/sol/.autopilot/db/v_frmbuf_wr.cpp:745]   --->   Operation 43 'icmp' 'cmp216_6' <Predicate = (VideoFormat_val_read == 18) | (VideoFormat_val_read == 19)> <Delay = 1.73> <CoreInst = "Cmp">   --->   Core 9 'Cmp' <Latency = 0> <II = 1> <Delay = 1.73> <FuncUnit> <Opcode : 'icmp'> <InPorts = 2> <OutPorts = 1>
ST_2 : Operation 44 [1/1] (1.58ns)   --->   "%store_ln753 = store i12 0, i12 %y_2" [C:/Users/hdway/Documents/vivado/TER/PmodENC_Linux/hw_with_enc/hw_with_enc.runs/system_v_frmbuf_wr_0_0_synth_1/prj/sol/.autopilot/db/v_frmbuf_wr.cpp:753]   --->   Operation 44 'store' 'store_ln753' <Predicate = (VideoFormat_val_read == 18) | (VideoFormat_val_read == 19)> <Delay = 1.58>
ST_2 : Operation 45 [1/1] (0.00ns)   --->   "%br_ln753 = br void %VITIS_LOOP_757_8" [C:/Users/hdway/Documents/vivado/TER/PmodENC_Linux/hw_with_enc/hw_with_enc.runs/system_v_frmbuf_wr_0_0_synth_1/prj/sol/.autopilot/db/v_frmbuf_wr.cpp:753]   --->   Operation 45 'br' 'br_ln753' <Predicate = (VideoFormat_val_read == 18) | (VideoFormat_val_read == 19)> <Delay = 0.00>
ST_2 : Operation 46 [1/1] (0.00ns)   --->   "%y_1 = alloca i32 1" [C:/Users/hdway/Documents/vivado/TER/PmodENC_Linux/hw_with_enc/hw_with_enc.runs/system_v_frmbuf_wr_0_0_synth_1/prj/sol/.autopilot/db/v_frmbuf_wr.cpp:712]   --->   Operation 46 'alloca' 'y_1' <Predicate = (VideoFormat_val_read == 28)> <Delay = 0.00>
ST_2 : Operation 47 [1/1] (0.00ns)   --->   "%p_lcssa109119 = alloca i32 1"   --->   Operation 47 'alloca' 'p_lcssa109119' <Predicate = (VideoFormat_val_read == 28)> <Delay = 0.00>
ST_2 : Operation 48 [1/1] (0.00ns)   --->   "%p_lcssa110122 = alloca i32 1"   --->   Operation 48 'alloca' 'p_lcssa110122' <Predicate = (VideoFormat_val_read == 28)> <Delay = 0.00>
ST_2 : Operation 49 [1/1] (0.00ns)   --->   "%zext_ln700 = zext i15 %widthInPix" [C:/Users/hdway/Documents/vivado/TER/PmodENC_Linux/hw_with_enc/hw_with_enc.runs/system_v_frmbuf_wr_0_0_synth_1/prj/sol/.autopilot/db/v_frmbuf_wr.cpp:700]   --->   Operation 49 'zext' 'zext_ln700' <Predicate = (VideoFormat_val_read == 28)> <Delay = 0.00>
ST_2 : Operation 50 [1/1] (1.94ns)   --->   "%add_ln700 = add i16 %zext_ln700, i16 7" [C:/Users/hdway/Documents/vivado/TER/PmodENC_Linux/hw_with_enc/hw_with_enc.runs/system_v_frmbuf_wr_0_0_synth_1/prj/sol/.autopilot/db/v_frmbuf_wr.cpp:700]   --->   Operation 50 'add' 'add_ln700' <Predicate = (VideoFormat_val_read == 28)> <Delay = 1.94> <CoreInst = "Adder">   --->   Core 1 'Adder' <Latency = 0> <II = 1> <Delay = 1.94> <FuncUnit> <Opcode : 'add' 'sub'> <InPorts = 2> <OutPorts = 1>
ST_2 : Operation 51 [1/1] (0.00ns)   --->   "%trunc_ln700_2 = partselect i13 @_ssdm_op_PartSelect.i13.i16.i32.i32, i16 %add_ln700, i32 3, i32 15" [C:/Users/hdway/Documents/vivado/TER/PmodENC_Linux/hw_with_enc/hw_with_enc.runs/system_v_frmbuf_wr_0_0_synth_1/prj/sol/.autopilot/db/v_frmbuf_wr.cpp:700]   --->   Operation 51 'partselect' 'trunc_ln700_2' <Predicate = (VideoFormat_val_read == 28)> <Delay = 0.00>
ST_2 : Operation 52 [1/1] (0.00ns)   --->   "%remainPix_2 = partselect i2 @_ssdm_op_PartSelect.i2.i15.i32.i32, i15 %widthInPix, i32 1, i32 2" [C:/Users/hdway/Documents/vivado/TER/PmodENC_Linux/hw_with_enc/hw_with_enc.runs/system_v_frmbuf_wr_0_0_synth_1/prj/sol/.autopilot/db/v_frmbuf_wr.cpp:701]   --->   Operation 52 'partselect' 'remainPix_2' <Predicate = (VideoFormat_val_read == 28)> <Delay = 0.00>
ST_2 : Operation 53 [1/1] (0.00ns)   --->   "%zext_ln702 = zext i2 %remainPix_2" [C:/Users/hdway/Documents/vivado/TER/PmodENC_Linux/hw_with_enc/hw_with_enc.runs/system_v_frmbuf_wr_0_0_synth_1/prj/sol/.autopilot/db/v_frmbuf_wr.cpp:702]   --->   Operation 53 'zext' 'zext_ln702' <Predicate = (VideoFormat_val_read == 28)> <Delay = 0.00>
ST_2 : Operation 54 [1/1] (1.56ns)   --->   "%icmp_ln704 = icmp_eq  i2 %remainPix_2, i2 0" [C:/Users/hdway/Documents/vivado/TER/PmodENC_Linux/hw_with_enc/hw_with_enc.runs/system_v_frmbuf_wr_0_0_synth_1/prj/sol/.autopilot/db/v_frmbuf_wr.cpp:704]   --->   Operation 54 'icmp' 'icmp_ln704' <Predicate = (VideoFormat_val_read == 28)> <Delay = 1.56> <CoreInst = "Cmp">   --->   Core 9 'Cmp' <Latency = 0> <II = 1> <Delay = 1.56> <FuncUnit> <Opcode : 'icmp'> <InPorts = 2> <OutPorts = 1>
ST_2 : Operation 55 [1/1] (0.98ns)   --->   "%remainPix_3 = select i1 %icmp_ln704, i3 4, i3 %zext_ln702" [C:/Users/hdway/Documents/vivado/TER/PmodENC_Linux/hw_with_enc/hw_with_enc.runs/system_v_frmbuf_wr_0_0_synth_1/prj/sol/.autopilot/db/v_frmbuf_wr.cpp:704]   --->   Operation 55 'select' 'remainPix_3' <Predicate = (VideoFormat_val_read == 28)> <Delay = 0.98> <CoreInst = "Sel">   --->   Core 73 'Sel' <Latency = 0> <II = 1> <Delay = 0.98> <FuncUnit> <Opcode : 'select'> <InPorts = 3> <OutPorts = 1>
ST_2 : Operation 56 [1/1] (1.67ns)   --->   "%sub122 = add i13 %trunc_ln700_2, i13 8191" [C:/Users/hdway/Documents/vivado/TER/PmodENC_Linux/hw_with_enc/hw_with_enc.runs/system_v_frmbuf_wr_0_0_synth_1/prj/sol/.autopilot/db/v_frmbuf_wr.cpp:700]   --->   Operation 56 'add' 'sub122' <Predicate = (VideoFormat_val_read == 28)> <Delay = 1.67> <CoreInst = "Adder">   --->   Core 1 'Adder' <Latency = 0> <II = 1> <Delay = 1.67> <FuncUnit> <Opcode : 'add' 'sub'> <InPorts = 2> <OutPorts = 1>
ST_2 : Operation 57 [1/1] (1.65ns)   --->   "%cmp125 = icmp_ne  i3 %remainPix_3, i3 0" [C:/Users/hdway/Documents/vivado/TER/PmodENC_Linux/hw_with_enc/hw_with_enc.runs/system_v_frmbuf_wr_0_0_synth_1/prj/sol/.autopilot/db/v_frmbuf_wr.cpp:704]   --->   Operation 57 'icmp' 'cmp125' <Predicate = (VideoFormat_val_read == 28)> <Delay = 1.65> <CoreInst = "Cmp">   --->   Core 9 'Cmp' <Latency = 0> <II = 1> <Delay = 1.65> <FuncUnit> <Opcode : 'icmp'> <InPorts = 2> <OutPorts = 1>
ST_2 : Operation 58 [1/1] (0.00ns)   --->   "%tmp_1 = partselect i2 @_ssdm_op_PartSelect.i2.i3.i32.i32, i3 %remainPix_3, i32 1, i32 2" [C:/Users/hdway/Documents/vivado/TER/PmodENC_Linux/hw_with_enc/hw_with_enc.runs/system_v_frmbuf_wr_0_0_synth_1/prj/sol/.autopilot/db/v_frmbuf_wr.cpp:704]   --->   Operation 58 'partselect' 'tmp_1' <Predicate = (VideoFormat_val_read == 28)> <Delay = 0.00>
ST_2 : Operation 59 [1/1] (1.56ns)   --->   "%icmp10 = icmp_ne  i2 %tmp_1, i2 0" [C:/Users/hdway/Documents/vivado/TER/PmodENC_Linux/hw_with_enc/hw_with_enc.runs/system_v_frmbuf_wr_0_0_synth_1/prj/sol/.autopilot/db/v_frmbuf_wr.cpp:704]   --->   Operation 59 'icmp' 'icmp10' <Predicate = (VideoFormat_val_read == 28)> <Delay = 1.56> <CoreInst = "Cmp">   --->   Core 9 'Cmp' <Latency = 0> <II = 1> <Delay = 1.56> <FuncUnit> <Opcode : 'icmp'> <InPorts = 2> <OutPorts = 1>
ST_2 : Operation 60 [1/1] (1.65ns)   --->   "%cmp125_2 = icmp_ugt  i3 %remainPix_3, i3 2" [C:/Users/hdway/Documents/vivado/TER/PmodENC_Linux/hw_with_enc/hw_with_enc.runs/system_v_frmbuf_wr_0_0_synth_1/prj/sol/.autopilot/db/v_frmbuf_wr.cpp:704]   --->   Operation 60 'icmp' 'cmp125_2' <Predicate = (VideoFormat_val_read == 28)> <Delay = 1.65> <CoreInst = "Cmp">   --->   Core 9 'Cmp' <Latency = 0> <II = 1> <Delay = 1.65> <FuncUnit> <Opcode : 'icmp'> <InPorts = 2> <OutPorts = 1>
ST_2 : Operation 61 [1/1] (1.58ns)   --->   "%store_ln712 = store i12 0, i12 %y_1" [C:/Users/hdway/Documents/vivado/TER/PmodENC_Linux/hw_with_enc/hw_with_enc.runs/system_v_frmbuf_wr_0_0_synth_1/prj/sol/.autopilot/db/v_frmbuf_wr.cpp:712]   --->   Operation 61 'store' 'store_ln712' <Predicate = (VideoFormat_val_read == 28)> <Delay = 1.58>
ST_2 : Operation 62 [1/1] (0.00ns)   --->   "%br_ln712 = br void %VITIS_LOOP_716_5" [C:/Users/hdway/Documents/vivado/TER/PmodENC_Linux/hw_with_enc/hw_with_enc.runs/system_v_frmbuf_wr_0_0_synth_1/prj/sol/.autopilot/db/v_frmbuf_wr.cpp:712]   --->   Operation 62 'br' 'br_ln712' <Predicate = (VideoFormat_val_read == 28)> <Delay = 0.00>
ST_2 : Operation 63 [1/1] (0.00ns)   --->   "%y = alloca i32 1" [C:/Users/hdway/Documents/vivado/TER/PmodENC_Linux/hw_with_enc/hw_with_enc.runs/system_v_frmbuf_wr_0_0_synth_1/prj/sol/.autopilot/db/v_frmbuf_wr.cpp:670]   --->   Operation 63 'alloca' 'y' <Predicate = (VideoFormat_val_read == 12)> <Delay = 0.00>
ST_2 : Operation 64 [1/1] (0.00ns)   --->   "%p_lcssa92101 = alloca i32 1"   --->   Operation 64 'alloca' 'p_lcssa92101' <Predicate = (VideoFormat_val_read == 12)> <Delay = 0.00>
ST_2 : Operation 65 [1/1] (0.00ns)   --->   "%p_lcssa93104 = alloca i32 1"   --->   Operation 65 'alloca' 'p_lcssa93104' <Predicate = (VideoFormat_val_read == 12)> <Delay = 0.00>
ST_2 : Operation 66 [1/1] (0.00ns)   --->   "%zext_ln658 = zext i15 %widthInPix" [C:/Users/hdway/Documents/vivado/TER/PmodENC_Linux/hw_with_enc/hw_with_enc.runs/system_v_frmbuf_wr_0_0_synth_1/prj/sol/.autopilot/db/v_frmbuf_wr.cpp:658]   --->   Operation 66 'zext' 'zext_ln658' <Predicate = (VideoFormat_val_read == 12)> <Delay = 0.00>
ST_2 : Operation 67 [1/1] (1.94ns)   --->   "%add_ln658 = add i16 %zext_ln658, i16 7" [C:/Users/hdway/Documents/vivado/TER/PmodENC_Linux/hw_with_enc/hw_with_enc.runs/system_v_frmbuf_wr_0_0_synth_1/prj/sol/.autopilot/db/v_frmbuf_wr.cpp:658]   --->   Operation 67 'add' 'add_ln658' <Predicate = (VideoFormat_val_read == 12)> <Delay = 1.94> <CoreInst = "Adder">   --->   Core 1 'Adder' <Latency = 0> <II = 1> <Delay = 1.94> <FuncUnit> <Opcode : 'add' 'sub'> <InPorts = 2> <OutPorts = 1>
ST_2 : Operation 68 [1/1] (0.00ns)   --->   "%trunc_ln658_2 = partselect i13 @_ssdm_op_PartSelect.i13.i16.i32.i32, i16 %add_ln658, i32 3, i32 15" [C:/Users/hdway/Documents/vivado/TER/PmodENC_Linux/hw_with_enc/hw_with_enc.runs/system_v_frmbuf_wr_0_0_synth_1/prj/sol/.autopilot/db/v_frmbuf_wr.cpp:658]   --->   Operation 68 'partselect' 'trunc_ln658_2' <Predicate = (VideoFormat_val_read == 12)> <Delay = 0.00>
ST_2 : Operation 69 [1/1] (0.00ns)   --->   "%remainPix = partselect i2 @_ssdm_op_PartSelect.i2.i15.i32.i32, i15 %widthInPix, i32 1, i32 2" [C:/Users/hdway/Documents/vivado/TER/PmodENC_Linux/hw_with_enc/hw_with_enc.runs/system_v_frmbuf_wr_0_0_synth_1/prj/sol/.autopilot/db/v_frmbuf_wr.cpp:659]   --->   Operation 69 'partselect' 'remainPix' <Predicate = (VideoFormat_val_read == 12)> <Delay = 0.00>
ST_2 : Operation 70 [1/1] (0.00ns)   --->   "%zext_ln660 = zext i2 %remainPix" [C:/Users/hdway/Documents/vivado/TER/PmodENC_Linux/hw_with_enc/hw_with_enc.runs/system_v_frmbuf_wr_0_0_synth_1/prj/sol/.autopilot/db/v_frmbuf_wr.cpp:660]   --->   Operation 70 'zext' 'zext_ln660' <Predicate = (VideoFormat_val_read == 12)> <Delay = 0.00>
ST_2 : Operation 71 [1/1] (1.56ns)   --->   "%icmp_ln662 = icmp_eq  i2 %remainPix, i2 0" [C:/Users/hdway/Documents/vivado/TER/PmodENC_Linux/hw_with_enc/hw_with_enc.runs/system_v_frmbuf_wr_0_0_synth_1/prj/sol/.autopilot/db/v_frmbuf_wr.cpp:662]   --->   Operation 71 'icmp' 'icmp_ln662' <Predicate = (VideoFormat_val_read == 12)> <Delay = 1.56> <CoreInst = "Cmp">   --->   Core 9 'Cmp' <Latency = 0> <II = 1> <Delay = 1.56> <FuncUnit> <Opcode : 'icmp'> <InPorts = 2> <OutPorts = 1>
ST_2 : Operation 72 [1/1] (0.98ns)   --->   "%remainPix_1 = select i1 %icmp_ln662, i3 4, i3 %zext_ln660" [C:/Users/hdway/Documents/vivado/TER/PmodENC_Linux/hw_with_enc/hw_with_enc.runs/system_v_frmbuf_wr_0_0_synth_1/prj/sol/.autopilot/db/v_frmbuf_wr.cpp:662]   --->   Operation 72 'select' 'remainPix_1' <Predicate = (VideoFormat_val_read == 12)> <Delay = 0.98> <CoreInst = "Sel">   --->   Core 73 'Sel' <Latency = 0> <II = 1> <Delay = 0.98> <FuncUnit> <Opcode : 'select'> <InPorts = 3> <OutPorts = 1>
ST_2 : Operation 73 [1/1] (1.67ns)   --->   "%sub44 = add i13 %trunc_ln658_2, i13 8191" [C:/Users/hdway/Documents/vivado/TER/PmodENC_Linux/hw_with_enc/hw_with_enc.runs/system_v_frmbuf_wr_0_0_synth_1/prj/sol/.autopilot/db/v_frmbuf_wr.cpp:658]   --->   Operation 73 'add' 'sub44' <Predicate = (VideoFormat_val_read == 12)> <Delay = 1.67> <CoreInst = "Adder">   --->   Core 1 'Adder' <Latency = 0> <II = 1> <Delay = 1.67> <FuncUnit> <Opcode : 'add' 'sub'> <InPorts = 2> <OutPorts = 1>
ST_2 : Operation 74 [1/1] (1.65ns)   --->   "%cmp47 = icmp_ne  i3 %remainPix_1, i3 0" [C:/Users/hdway/Documents/vivado/TER/PmodENC_Linux/hw_with_enc/hw_with_enc.runs/system_v_frmbuf_wr_0_0_synth_1/prj/sol/.autopilot/db/v_frmbuf_wr.cpp:662]   --->   Operation 74 'icmp' 'cmp47' <Predicate = (VideoFormat_val_read == 12)> <Delay = 1.65> <CoreInst = "Cmp">   --->   Core 9 'Cmp' <Latency = 0> <II = 1> <Delay = 1.65> <FuncUnit> <Opcode : 'icmp'> <InPorts = 2> <OutPorts = 1>
ST_2 : Operation 75 [1/1] (0.00ns)   --->   "%tmp = partselect i2 @_ssdm_op_PartSelect.i2.i3.i32.i32, i3 %remainPix_1, i32 1, i32 2" [C:/Users/hdway/Documents/vivado/TER/PmodENC_Linux/hw_with_enc/hw_with_enc.runs/system_v_frmbuf_wr_0_0_synth_1/prj/sol/.autopilot/db/v_frmbuf_wr.cpp:662]   --->   Operation 75 'partselect' 'tmp' <Predicate = (VideoFormat_val_read == 12)> <Delay = 0.00>
ST_2 : Operation 76 [1/1] (1.56ns)   --->   "%icmp = icmp_ne  i2 %tmp, i2 0" [C:/Users/hdway/Documents/vivado/TER/PmodENC_Linux/hw_with_enc/hw_with_enc.runs/system_v_frmbuf_wr_0_0_synth_1/prj/sol/.autopilot/db/v_frmbuf_wr.cpp:662]   --->   Operation 76 'icmp' 'icmp' <Predicate = (VideoFormat_val_read == 12)> <Delay = 1.56> <CoreInst = "Cmp">   --->   Core 9 'Cmp' <Latency = 0> <II = 1> <Delay = 1.56> <FuncUnit> <Opcode : 'icmp'> <InPorts = 2> <OutPorts = 1>
ST_2 : Operation 77 [1/1] (1.65ns)   --->   "%cmp47_2 = icmp_ugt  i3 %remainPix_1, i3 2" [C:/Users/hdway/Documents/vivado/TER/PmodENC_Linux/hw_with_enc/hw_with_enc.runs/system_v_frmbuf_wr_0_0_synth_1/prj/sol/.autopilot/db/v_frmbuf_wr.cpp:662]   --->   Operation 77 'icmp' 'cmp47_2' <Predicate = (VideoFormat_val_read == 12)> <Delay = 1.65> <CoreInst = "Cmp">   --->   Core 9 'Cmp' <Latency = 0> <II = 1> <Delay = 1.65> <FuncUnit> <Opcode : 'icmp'> <InPorts = 2> <OutPorts = 1>
ST_2 : Operation 78 [1/1] (1.58ns)   --->   "%store_ln670 = store i12 0, i12 %y" [C:/Users/hdway/Documents/vivado/TER/PmodENC_Linux/hw_with_enc/hw_with_enc.runs/system_v_frmbuf_wr_0_0_synth_1/prj/sol/.autopilot/db/v_frmbuf_wr.cpp:670]   --->   Operation 78 'store' 'store_ln670' <Predicate = (VideoFormat_val_read == 12)> <Delay = 1.58>
ST_2 : Operation 79 [1/1] (0.00ns)   --->   "%br_ln670 = br void %VITIS_LOOP_674_1" [C:/Users/hdway/Documents/vivado/TER/PmodENC_Linux/hw_with_enc/hw_with_enc.runs/system_v_frmbuf_wr_0_0_synth_1/prj/sol/.autopilot/db/v_frmbuf_wr.cpp:670]   --->   Operation 79 'br' 'br_ln670' <Predicate = (VideoFormat_val_read == 12)> <Delay = 0.00>

State 3 <SV = 2> <Delay = 3.13>
ST_3 : Operation 80 [1/1] (0.00ns)   --->   "%y_7 = load i12 %y_2" [C:/Users/hdway/Documents/vivado/TER/PmodENC_Linux/hw_with_enc/hw_with_enc.runs/system_v_frmbuf_wr_0_0_synth_1/prj/sol/.autopilot/db/v_frmbuf_wr.cpp:753]   --->   Operation 80 'load' 'y_7' <Predicate = (VideoFormat_val_read == 18) | (VideoFormat_val_read == 19)> <Delay = 0.00>
ST_3 : Operation 81 [1/1] (1.54ns)   --->   "%icmp_ln753 = icmp_eq  i12 %y_7, i12 %Height_val_read" [C:/Users/hdway/Documents/vivado/TER/PmodENC_Linux/hw_with_enc/hw_with_enc.runs/system_v_frmbuf_wr_0_0_synth_1/prj/sol/.autopilot/db/v_frmbuf_wr.cpp:753]   --->   Operation 81 'icmp' 'icmp_ln753' <Predicate = (VideoFormat_val_read == 18) | (VideoFormat_val_read == 19)> <Delay = 1.54> <CoreInst = "Cmp">   --->   Core 9 'Cmp' <Latency = 0> <II = 1> <Delay = 1.54> <FuncUnit> <Opcode : 'icmp'> <InPorts = 2> <OutPorts = 1>
ST_3 : Operation 82 [1/1] (1.54ns)   --->   "%y_8 = add i12 %y_7, i12 1" [C:/Users/hdway/Documents/vivado/TER/PmodENC_Linux/hw_with_enc/hw_with_enc.runs/system_v_frmbuf_wr_0_0_synth_1/prj/sol/.autopilot/db/v_frmbuf_wr.cpp:753]   --->   Operation 82 'add' 'y_8' <Predicate = (VideoFormat_val_read == 18) | (VideoFormat_val_read == 19)> <Delay = 1.54> <CoreInst = "Adder">   --->   Core 1 'Adder' <Latency = 0> <II = 1> <Delay = 1.54> <FuncUnit> <Opcode : 'add' 'sub'> <InPorts = 2> <OutPorts = 1>
ST_3 : Operation 83 [1/1] (0.00ns)   --->   "%br_ln753 = br i1 %icmp_ln753, void %VITIS_LOOP_757_8.split, void %if.end366.loopexit" [C:/Users/hdway/Documents/vivado/TER/PmodENC_Linux/hw_with_enc/hw_with_enc.runs/system_v_frmbuf_wr_0_0_synth_1/prj/sol/.autopilot/db/v_frmbuf_wr.cpp:753]   --->   Operation 83 'br' 'br_ln753' <Predicate = (VideoFormat_val_read == 18) | (VideoFormat_val_read == 19)> <Delay = 0.00>
ST_3 : Operation 84 [1/1] (0.00ns)   --->   "%p_lcssa127141_load = load i8 %p_lcssa127141"   --->   Operation 84 'load' 'p_lcssa127141_load' <Predicate = (VideoFormat_val_read == 18 & !icmp_ln753) | (VideoFormat_val_read == 19 & !icmp_ln753)> <Delay = 0.00>
ST_3 : Operation 85 [1/1] (0.00ns)   --->   "%p_lcssa128144_load = load i8 %p_lcssa128144"   --->   Operation 85 'load' 'p_lcssa128144_load' <Predicate = (VideoFormat_val_read == 18 & !icmp_ln753) | (VideoFormat_val_read == 19 & !icmp_ln753)> <Delay = 0.00>
ST_3 : Operation 86 [1/1] (0.00ns)   --->   "%trunc_ln753 = trunc i12 %y_7" [C:/Users/hdway/Documents/vivado/TER/PmodENC_Linux/hw_with_enc/hw_with_enc.runs/system_v_frmbuf_wr_0_0_synth_1/prj/sol/.autopilot/db/v_frmbuf_wr.cpp:753]   --->   Operation 86 'trunc' 'trunc_ln753' <Predicate = (VideoFormat_val_read == 18 & !icmp_ln753) | (VideoFormat_val_read == 19 & !icmp_ln753)> <Delay = 0.00>
ST_3 : Operation 87 [1/1] (0.00ns)   --->   "%empty_125 = wait i32 @_ssdm_op_Wait"   --->   Operation 87 'wait' 'empty_125' <Predicate = (VideoFormat_val_read == 18 & !icmp_ln753) | (VideoFormat_val_read == 19 & !icmp_ln753)> <Delay = 0.00>
ST_3 : Operation 88 [1/1] (1.58ns)   --->   "%store_ln753 = store i12 %y_8, i12 %y_2" [C:/Users/hdway/Documents/vivado/TER/PmodENC_Linux/hw_with_enc/hw_with_enc.runs/system_v_frmbuf_wr_0_0_synth_1/prj/sol/.autopilot/db/v_frmbuf_wr.cpp:753]   --->   Operation 88 'store' 'store_ln753' <Predicate = (VideoFormat_val_read == 18 & !icmp_ln753) | (VideoFormat_val_read == 19 & !icmp_ln753)> <Delay = 1.58>
ST_3 : Operation 89 [1/1] (0.00ns)   --->   "%br_ln0 = br void %if.end366"   --->   Operation 89 'br' 'br_ln0' <Predicate = (VideoFormat_val_read == 18 & icmp_ln753) | (VideoFormat_val_read == 19 & icmp_ln753)> <Delay = 0.00>
ST_3 : Operation 90 [1/1] (0.00ns)   --->   "%y_5 = load i12 %y_1" [C:/Users/hdway/Documents/vivado/TER/PmodENC_Linux/hw_with_enc/hw_with_enc.runs/system_v_frmbuf_wr_0_0_synth_1/prj/sol/.autopilot/db/v_frmbuf_wr.cpp:712]   --->   Operation 90 'load' 'y_5' <Predicate = (VideoFormat_val_read == 28)> <Delay = 0.00>
ST_3 : Operation 91 [1/1] (1.54ns)   --->   "%icmp_ln712 = icmp_eq  i12 %y_5, i12 %Height_val_read" [C:/Users/hdway/Documents/vivado/TER/PmodENC_Linux/hw_with_enc/hw_with_enc.runs/system_v_frmbuf_wr_0_0_synth_1/prj/sol/.autopilot/db/v_frmbuf_wr.cpp:712]   --->   Operation 91 'icmp' 'icmp_ln712' <Predicate = (VideoFormat_val_read == 28)> <Delay = 1.54> <CoreInst = "Cmp">   --->   Core 9 'Cmp' <Latency = 0> <II = 1> <Delay = 1.54> <FuncUnit> <Opcode : 'icmp'> <InPorts = 2> <OutPorts = 1>
ST_3 : Operation 92 [1/1] (1.54ns)   --->   "%y_6 = add i12 %y_5, i12 1" [C:/Users/hdway/Documents/vivado/TER/PmodENC_Linux/hw_with_enc/hw_with_enc.runs/system_v_frmbuf_wr_0_0_synth_1/prj/sol/.autopilot/db/v_frmbuf_wr.cpp:712]   --->   Operation 92 'add' 'y_6' <Predicate = (VideoFormat_val_read == 28)> <Delay = 1.54> <CoreInst = "Adder">   --->   Core 1 'Adder' <Latency = 0> <II = 1> <Delay = 1.54> <FuncUnit> <Opcode : 'add' 'sub'> <InPorts = 2> <OutPorts = 1>
ST_3 : Operation 93 [1/1] (0.00ns)   --->   "%br_ln712 = br i1 %icmp_ln712, void %VITIS_LOOP_716_5.split, void %if.end367.loopexit" [C:/Users/hdway/Documents/vivado/TER/PmodENC_Linux/hw_with_enc/hw_with_enc.runs/system_v_frmbuf_wr_0_0_synth_1/prj/sol/.autopilot/db/v_frmbuf_wr.cpp:712]   --->   Operation 93 'br' 'br_ln712' <Predicate = (VideoFormat_val_read == 28)> <Delay = 0.00>
ST_3 : Operation 94 [1/1] (0.00ns)   --->   "%p_lcssa109119_load = load i8 %p_lcssa109119"   --->   Operation 94 'load' 'p_lcssa109119_load' <Predicate = (VideoFormat_val_read == 28 & !icmp_ln712)> <Delay = 0.00>
ST_3 : Operation 95 [1/1] (0.00ns)   --->   "%p_lcssa110122_load = load i8 %p_lcssa110122"   --->   Operation 95 'load' 'p_lcssa110122_load' <Predicate = (VideoFormat_val_read == 28 & !icmp_ln712)> <Delay = 0.00>
ST_3 : Operation 96 [1/1] (0.00ns)   --->   "%empty_124 = wait i32 @_ssdm_op_Wait"   --->   Operation 96 'wait' 'empty_124' <Predicate = (VideoFormat_val_read == 28 & !icmp_ln712)> <Delay = 0.00>
ST_3 : Operation 97 [1/1] (1.58ns)   --->   "%store_ln712 = store i12 %y_6, i12 %y_1" [C:/Users/hdway/Documents/vivado/TER/PmodENC_Linux/hw_with_enc/hw_with_enc.runs/system_v_frmbuf_wr_0_0_synth_1/prj/sol/.autopilot/db/v_frmbuf_wr.cpp:712]   --->   Operation 97 'store' 'store_ln712' <Predicate = (VideoFormat_val_read == 28 & !icmp_ln712)> <Delay = 1.58>
ST_3 : Operation 98 [1/1] (0.00ns)   --->   "%br_ln0 = br void %if.end367"   --->   Operation 98 'br' 'br_ln0' <Predicate = (VideoFormat_val_read == 28 & icmp_ln712)> <Delay = 0.00>
ST_3 : Operation 99 [1/1] (0.00ns)   --->   "%y_3 = load i12 %y" [C:/Users/hdway/Documents/vivado/TER/PmodENC_Linux/hw_with_enc/hw_with_enc.runs/system_v_frmbuf_wr_0_0_synth_1/prj/sol/.autopilot/db/v_frmbuf_wr.cpp:670]   --->   Operation 99 'load' 'y_3' <Predicate = (VideoFormat_val_read == 12)> <Delay = 0.00>
ST_3 : Operation 100 [1/1] (1.54ns)   --->   "%icmp_ln670 = icmp_eq  i12 %y_3, i12 %Height_val_read" [C:/Users/hdway/Documents/vivado/TER/PmodENC_Linux/hw_with_enc/hw_with_enc.runs/system_v_frmbuf_wr_0_0_synth_1/prj/sol/.autopilot/db/v_frmbuf_wr.cpp:670]   --->   Operation 100 'icmp' 'icmp_ln670' <Predicate = (VideoFormat_val_read == 12)> <Delay = 1.54> <CoreInst = "Cmp">   --->   Core 9 'Cmp' <Latency = 0> <II = 1> <Delay = 1.54> <FuncUnit> <Opcode : 'icmp'> <InPorts = 2> <OutPorts = 1>
ST_3 : Operation 101 [1/1] (1.54ns)   --->   "%y_4 = add i12 %y_3, i12 1" [C:/Users/hdway/Documents/vivado/TER/PmodENC_Linux/hw_with_enc/hw_with_enc.runs/system_v_frmbuf_wr_0_0_synth_1/prj/sol/.autopilot/db/v_frmbuf_wr.cpp:670]   --->   Operation 101 'add' 'y_4' <Predicate = (VideoFormat_val_read == 12)> <Delay = 1.54> <CoreInst = "Adder">   --->   Core 1 'Adder' <Latency = 0> <II = 1> <Delay = 1.54> <FuncUnit> <Opcode : 'add' 'sub'> <InPorts = 2> <OutPorts = 1>
ST_3 : Operation 102 [1/1] (0.00ns)   --->   "%br_ln670 = br i1 %icmp_ln670, void %VITIS_LOOP_674_1.split, void %if.end368.loopexit" [C:/Users/hdway/Documents/vivado/TER/PmodENC_Linux/hw_with_enc/hw_with_enc.runs/system_v_frmbuf_wr_0_0_synth_1/prj/sol/.autopilot/db/v_frmbuf_wr.cpp:670]   --->   Operation 102 'br' 'br_ln670' <Predicate = (VideoFormat_val_read == 12)> <Delay = 0.00>
ST_3 : Operation 103 [1/1] (0.00ns)   --->   "%p_lcssa92101_load = load i8 %p_lcssa92101"   --->   Operation 103 'load' 'p_lcssa92101_load' <Predicate = (VideoFormat_val_read == 12 & !icmp_ln670)> <Delay = 0.00>
ST_3 : Operation 104 [1/1] (0.00ns)   --->   "%p_lcssa93104_load = load i8 %p_lcssa93104"   --->   Operation 104 'load' 'p_lcssa93104_load' <Predicate = (VideoFormat_val_read == 12 & !icmp_ln670)> <Delay = 0.00>
ST_3 : Operation 105 [1/1] (0.00ns)   --->   "%empty = wait i32 @_ssdm_op_Wait"   --->   Operation 105 'wait' 'empty' <Predicate = (VideoFormat_val_read == 12 & !icmp_ln670)> <Delay = 0.00>
ST_3 : Operation 106 [1/1] (1.58ns)   --->   "%store_ln670 = store i12 %y_4, i12 %y" [C:/Users/hdway/Documents/vivado/TER/PmodENC_Linux/hw_with_enc/hw_with_enc.runs/system_v_frmbuf_wr_0_0_synth_1/prj/sol/.autopilot/db/v_frmbuf_wr.cpp:670]   --->   Operation 106 'store' 'store_ln670' <Predicate = (VideoFormat_val_read == 12 & !icmp_ln670)> <Delay = 1.58>
ST_3 : Operation 107 [1/1] (0.00ns)   --->   "%br_ln0 = br void %if.end368"   --->   Operation 107 'br' 'br_ln0' <Predicate = (VideoFormat_val_read == 12 & icmp_ln670)> <Delay = 0.00>
ST_3 : Operation 108 [1/1] (0.00ns)   --->   "%br_ln0 = br void %if.end367"   --->   Operation 108 'br' 'br_ln0' <Predicate = (VideoFormat_val_read != 43 & VideoFormat_val_read != 42 & VideoFormat_val_read != 41 & VideoFormat_val_read != 11 & VideoFormat_val_read != 10 & VideoFormat_val_read != 27 & VideoFormat_val_read != 16 & VideoFormat_val_read != 15 & VideoFormat_val_read != 12 & VideoFormat_val_read != 28 & icmp_ln753) | (VideoFormat_val_read != 43 & VideoFormat_val_read != 42 & VideoFormat_val_read != 41 & VideoFormat_val_read != 11 & VideoFormat_val_read != 10 & VideoFormat_val_read != 27 & VideoFormat_val_read != 16 & VideoFormat_val_read != 15 & VideoFormat_val_read != 12 & VideoFormat_val_read != 28 & VideoFormat_val_read != 19 & VideoFormat_val_read != 18)> <Delay = 0.00>
ST_3 : Operation 109 [1/1] (0.00ns)   --->   "%br_ln0 = br void %if.end368"   --->   Operation 109 'br' 'br_ln0' <Predicate = (VideoFormat_val_read != 43 & VideoFormat_val_read != 42 & VideoFormat_val_read != 41 & VideoFormat_val_read != 11 & VideoFormat_val_read != 10 & VideoFormat_val_read != 27 & VideoFormat_val_read != 16 & VideoFormat_val_read != 15 & VideoFormat_val_read != 12 & VideoFormat_val_read != 28 & icmp_ln753) | (VideoFormat_val_read != 43 & VideoFormat_val_read != 42 & VideoFormat_val_read != 41 & VideoFormat_val_read != 11 & VideoFormat_val_read != 10 & VideoFormat_val_read != 27 & VideoFormat_val_read != 16 & VideoFormat_val_read != 15 & VideoFormat_val_read != 12 & VideoFormat_val_read != 28 & VideoFormat_val_read != 19 & VideoFormat_val_read != 18) | (VideoFormat_val_read == 28 & icmp_ln712)> <Delay = 0.00>
ST_3 : Operation 110 [1/1] (0.00ns)   --->   "%br_ln0 = br void %if.end369"   --->   Operation 110 'br' 'br_ln0' <Predicate = (VideoFormat_val_read != 43 & VideoFormat_val_read != 42 & VideoFormat_val_read != 41 & VideoFormat_val_read != 11 & VideoFormat_val_read != 10 & VideoFormat_val_read != 27 & VideoFormat_val_read != 16 & VideoFormat_val_read != 15 & VideoFormat_val_read != 12 & VideoFormat_val_read != 28 & icmp_ln753) | (VideoFormat_val_read != 43 & VideoFormat_val_read != 42 & VideoFormat_val_read != 41 & VideoFormat_val_read != 11 & VideoFormat_val_read != 10 & VideoFormat_val_read != 27 & VideoFormat_val_read != 16 & VideoFormat_val_read != 15 & VideoFormat_val_read != 12 & VideoFormat_val_read != 28 & VideoFormat_val_read != 19 & VideoFormat_val_read != 18) | (VideoFormat_val_read == 28 & icmp_ln712) | (VideoFormat_val_read == 12 & icmp_ln670)> <Delay = 0.00>
ST_3 : Operation 111 [1/1] (0.00ns)   --->   "%br_ln0 = br void %if.end370"   --->   Operation 111 'br' 'br_ln0' <Predicate = (VideoFormat_val_read != 43 & VideoFormat_val_read != 42 & VideoFormat_val_read != 41 & VideoFormat_val_read != 11 & VideoFormat_val_read != 10 & VideoFormat_val_read != 27 & VideoFormat_val_read != 12 & VideoFormat_val_read != 28 & icmp_ln753) | (VideoFormat_val_read != 43 & VideoFormat_val_read != 42 & VideoFormat_val_read != 41 & VideoFormat_val_read != 11 & VideoFormat_val_read != 10 & VideoFormat_val_read != 27 & VideoFormat_val_read != 12 & VideoFormat_val_read != 28 & VideoFormat_val_read != 19 & VideoFormat_val_read != 18) | (VideoFormat_val_read == 28 & icmp_ln712) | (VideoFormat_val_read == 12 & icmp_ln670) | (VideoFormat_val_read == 15) | (VideoFormat_val_read == 16)> <Delay = 0.00>
ST_3 : Operation 112 [1/1] (0.00ns)   --->   "%br_ln0 = br void %if.end371"   --->   Operation 112 'br' 'br_ln0' <Predicate = (VideoFormat_val_read != 43 & VideoFormat_val_read != 42 & VideoFormat_val_read != 41 & VideoFormat_val_read != 11 & VideoFormat_val_read != 10 & VideoFormat_val_read != 12 & VideoFormat_val_read != 28 & icmp_ln753) | (VideoFormat_val_read != 43 & VideoFormat_val_read != 42 & VideoFormat_val_read != 41 & VideoFormat_val_read != 11 & VideoFormat_val_read != 10 & VideoFormat_val_read != 12 & VideoFormat_val_read != 28 & VideoFormat_val_read != 19 & VideoFormat_val_read != 18) | (VideoFormat_val_read == 28 & icmp_ln712) | (VideoFormat_val_read == 12 & icmp_ln670) | (VideoFormat_val_read == 15) | (VideoFormat_val_read == 16) | (VideoFormat_val_read == 27)> <Delay = 0.00>
ST_3 : Operation 113 [1/1] (0.00ns)   --->   "%br_ln0 = br void %if.end372"   --->   Operation 113 'br' 'br_ln0' <Predicate = (VideoFormat_val_read != 43 & VideoFormat_val_read != 42 & VideoFormat_val_read != 41 & VideoFormat_val_read != 12 & VideoFormat_val_read != 28 & icmp_ln753) | (VideoFormat_val_read != 43 & VideoFormat_val_read != 42 & VideoFormat_val_read != 41 & VideoFormat_val_read != 12 & VideoFormat_val_read != 28 & VideoFormat_val_read != 19 & VideoFormat_val_read != 18) | (VideoFormat_val_read == 28 & icmp_ln712) | (VideoFormat_val_read == 12 & icmp_ln670) | (VideoFormat_val_read == 15) | (VideoFormat_val_read == 16) | (VideoFormat_val_read == 27) | (VideoFormat_val_read == 10) | (VideoFormat_val_read == 11)> <Delay = 0.00>
ST_3 : Operation 114 [1/1] (0.00ns)   --->   "%br_ln0 = br void %if.end373"   --->   Operation 114 'br' 'br_ln0' <Predicate = (VideoFormat_val_read != 43 & VideoFormat_val_read != 42 & VideoFormat_val_read != 12 & VideoFormat_val_read != 28 & icmp_ln753) | (VideoFormat_val_read != 43 & VideoFormat_val_read != 42 & VideoFormat_val_read != 12 & VideoFormat_val_read != 28 & VideoFormat_val_read != 19 & VideoFormat_val_read != 18) | (VideoFormat_val_read == 28 & icmp_ln712) | (VideoFormat_val_read == 12 & icmp_ln670) | (VideoFormat_val_read == 15) | (VideoFormat_val_read == 16) | (VideoFormat_val_read == 27) | (VideoFormat_val_read == 10) | (VideoFormat_val_read == 11) | (VideoFormat_val_read == 41)> <Delay = 0.00>
ST_3 : Operation 115 [1/1] (0.00ns)   --->   "%br_ln0 = br void %if.end374"   --->   Operation 115 'br' 'br_ln0' <Predicate = (VideoFormat_val_read != 43 & VideoFormat_val_read != 12 & VideoFormat_val_read != 28 & icmp_ln753) | (VideoFormat_val_read != 43 & VideoFormat_val_read != 12 & VideoFormat_val_read != 28 & VideoFormat_val_read != 19 & VideoFormat_val_read != 18) | (VideoFormat_val_read == 28 & icmp_ln712) | (VideoFormat_val_read == 12 & icmp_ln670) | (VideoFormat_val_read == 15) | (VideoFormat_val_read == 16) | (VideoFormat_val_read == 27) | (VideoFormat_val_read == 10) | (VideoFormat_val_read == 11) | (VideoFormat_val_read == 41) | (VideoFormat_val_read == 42)> <Delay = 0.00>
ST_3 : Operation 116 [1/1] (0.00ns)   --->   "%ret_ln1255 = ret" [C:/Users/hdway/Documents/vivado/TER/PmodENC_Linux/hw_with_enc/hw_with_enc.runs/system_v_frmbuf_wr_0_0_synth_1/prj/sol/.autopilot/db/v_frmbuf_wr.cpp:1255]   --->   Operation 116 'ret' 'ret_ln1255' <Predicate = (VideoFormat_val_read != 12 & VideoFormat_val_read != 28 & icmp_ln753) | (VideoFormat_val_read != 12 & VideoFormat_val_read != 28 & VideoFormat_val_read != 19 & VideoFormat_val_read != 18) | (VideoFormat_val_read == 28 & icmp_ln712) | (VideoFormat_val_read == 12 & icmp_ln670) | (VideoFormat_val_read == 15) | (VideoFormat_val_read == 16) | (VideoFormat_val_read == 27) | (VideoFormat_val_read == 10) | (VideoFormat_val_read == 11) | (VideoFormat_val_read == 41) | (VideoFormat_val_read == 42) | (VideoFormat_val_read == 43)> <Delay = 0.00>

State 4 <SV = 3> <Delay = 3.26>
ST_4 : Operation 117 [2/2] (3.26ns)   --->   "%call_ln741 = call void @MultiPixStream2Bytes_Pipeline_VITIS_LOOP_757_8, i8 %p_lcssa128144_load, i8 %p_lcssa127141_load, i13 %trunc_ln741_2, i64 %bytePlanes_plane1, i64 %bytePlanes_plane0, i6 %VideoFormat_val_read, i1 %trunc_ln753, i1 %icmp_ln745, i1 %cmp216_6, i1 %cmp216_5, i1 %cmp216_4, i1 %icmp16, i1 %cmp216_2, i1 %icmp13, i13 %sub213, i1 %cmp216, i24 %img, i8 %p_lcssa128144, i8 %p_lcssa127141" [C:/Users/hdway/Documents/vivado/TER/PmodENC_Linux/hw_with_enc/hw_with_enc.runs/system_v_frmbuf_wr_0_0_synth_1/prj/sol/.autopilot/db/v_frmbuf_wr.cpp:741]   --->   Operation 117 'call' 'call_ln741' <Predicate = true> <Delay = 3.26> <CoreType = "Generic">   --->   Core 0 '' <Latency = 0> <II = 1> <Delay = 1.00> <Generic> <Opcode : >

State 5 <SV = 4> <Delay = 0.00>
ST_5 : Operation 118 [1/1] (0.00ns)   --->   "%speclooptripcount_ln755 = speclooptripcount void @_ssdm_op_SpecLoopTripCount, i64 0, i64 4320, i64 2160" [C:/Users/hdway/Documents/vivado/TER/PmodENC_Linux/hw_with_enc/hw_with_enc.runs/system_v_frmbuf_wr_0_0_synth_1/prj/sol/.autopilot/db/v_frmbuf_wr.cpp:755]   --->   Operation 118 'speclooptripcount' 'speclooptripcount_ln755' <Predicate = true> <Delay = 0.00>
ST_5 : Operation 119 [1/1] (0.00ns)   --->   "%specloopname_ln753 = specloopname void @_ssdm_op_SpecLoopName, void @empty_16" [C:/Users/hdway/Documents/vivado/TER/PmodENC_Linux/hw_with_enc/hw_with_enc.runs/system_v_frmbuf_wr_0_0_synth_1/prj/sol/.autopilot/db/v_frmbuf_wr.cpp:753]   --->   Operation 119 'specloopname' 'specloopname_ln753' <Predicate = true> <Delay = 0.00>
ST_5 : Operation 120 [1/2] (0.00ns)   --->   "%call_ln741 = call void @MultiPixStream2Bytes_Pipeline_VITIS_LOOP_757_8, i8 %p_lcssa128144_load, i8 %p_lcssa127141_load, i13 %trunc_ln741_2, i64 %bytePlanes_plane1, i64 %bytePlanes_plane0, i6 %VideoFormat_val_read, i1 %trunc_ln753, i1 %icmp_ln745, i1 %cmp216_6, i1 %cmp216_5, i1 %cmp216_4, i1 %icmp16, i1 %cmp216_2, i1 %icmp13, i13 %sub213, i1 %cmp216, i24 %img, i8 %p_lcssa128144, i8 %p_lcssa127141" [C:/Users/hdway/Documents/vivado/TER/PmodENC_Linux/hw_with_enc/hw_with_enc.runs/system_v_frmbuf_wr_0_0_synth_1/prj/sol/.autopilot/db/v_frmbuf_wr.cpp:741]   --->   Operation 120 'call' 'call_ln741' <Predicate = true> <Delay = 0.00> <CoreType = "Generic">   --->   Core 0 '' <Latency = 0> <II = 1> <Delay = 1.00> <Generic> <Opcode : >
ST_5 : Operation 121 [1/1] (0.00ns)   --->   "%br_ln753 = br void %VITIS_LOOP_757_8" [C:/Users/hdway/Documents/vivado/TER/PmodENC_Linux/hw_with_enc/hw_with_enc.runs/system_v_frmbuf_wr_0_0_synth_1/prj/sol/.autopilot/db/v_frmbuf_wr.cpp:753]   --->   Operation 121 'br' 'br_ln753' <Predicate = true> <Delay = 0.00>

State 6 <SV = 3> <Delay = 3.26>
ST_6 : Operation 122 [2/2] (3.26ns)   --->   "%call_ln700 = call void @MultiPixStream2Bytes_Pipeline_VITIS_LOOP_716_5, i8 %p_lcssa110122_load, i8 %p_lcssa109119_load, i13 %trunc_ln700_2, i64 %bytePlanes_plane0, i1 %icmp_ln704, i1 %cmp125_2, i1 %icmp10, i13 %sub122, i1 %cmp125, i24 %img, i8 %p_lcssa110122, i8 %p_lcssa109119" [C:/Users/hdway/Documents/vivado/TER/PmodENC_Linux/hw_with_enc/hw_with_enc.runs/system_v_frmbuf_wr_0_0_synth_1/prj/sol/.autopilot/db/v_frmbuf_wr.cpp:700]   --->   Operation 122 'call' 'call_ln700' <Predicate = true> <Delay = 3.26> <CoreType = "Generic">   --->   Core 0 '' <Latency = 0> <II = 1> <Delay = 1.00> <Generic> <Opcode : >

State 7 <SV = 4> <Delay = 0.00>
ST_7 : Operation 123 [1/1] (0.00ns)   --->   "%speclooptripcount_ln714 = speclooptripcount void @_ssdm_op_SpecLoopTripCount, i64 0, i64 4320, i64 2160" [C:/Users/hdway/Documents/vivado/TER/PmodENC_Linux/hw_with_enc/hw_with_enc.runs/system_v_frmbuf_wr_0_0_synth_1/prj/sol/.autopilot/db/v_frmbuf_wr.cpp:714]   --->   Operation 123 'speclooptripcount' 'speclooptripcount_ln714' <Predicate = true> <Delay = 0.00>
ST_7 : Operation 124 [1/1] (0.00ns)   --->   "%specloopname_ln712 = specloopname void @_ssdm_op_SpecLoopName, void @empty_14" [C:/Users/hdway/Documents/vivado/TER/PmodENC_Linux/hw_with_enc/hw_with_enc.runs/system_v_frmbuf_wr_0_0_synth_1/prj/sol/.autopilot/db/v_frmbuf_wr.cpp:712]   --->   Operation 124 'specloopname' 'specloopname_ln712' <Predicate = true> <Delay = 0.00>
ST_7 : Operation 125 [1/2] (0.00ns)   --->   "%call_ln700 = call void @MultiPixStream2Bytes_Pipeline_VITIS_LOOP_716_5, i8 %p_lcssa110122_load, i8 %p_lcssa109119_load, i13 %trunc_ln700_2, i64 %bytePlanes_plane0, i1 %icmp_ln704, i1 %cmp125_2, i1 %icmp10, i13 %sub122, i1 %cmp125, i24 %img, i8 %p_lcssa110122, i8 %p_lcssa109119" [C:/Users/hdway/Documents/vivado/TER/PmodENC_Linux/hw_with_enc/hw_with_enc.runs/system_v_frmbuf_wr_0_0_synth_1/prj/sol/.autopilot/db/v_frmbuf_wr.cpp:700]   --->   Operation 125 'call' 'call_ln700' <Predicate = true> <Delay = 0.00> <CoreType = "Generic">   --->   Core 0 '' <Latency = 0> <II = 1> <Delay = 1.00> <Generic> <Opcode : >
ST_7 : Operation 126 [1/1] (0.00ns)   --->   "%br_ln712 = br void %VITIS_LOOP_716_5" [C:/Users/hdway/Documents/vivado/TER/PmodENC_Linux/hw_with_enc/hw_with_enc.runs/system_v_frmbuf_wr_0_0_synth_1/prj/sol/.autopilot/db/v_frmbuf_wr.cpp:712]   --->   Operation 126 'br' 'br_ln712' <Predicate = true> <Delay = 0.00>

State 8 <SV = 3> <Delay = 3.26>
ST_8 : Operation 127 [2/2] (3.26ns)   --->   "%call_ln658 = call void @MultiPixStream2Bytes_Pipeline_VITIS_LOOP_674_1, i8 %p_lcssa93104_load, i8 %p_lcssa92101_load, i13 %trunc_ln658_2, i64 %bytePlanes_plane0, i1 %icmp_ln662, i1 %cmp47_2, i1 %icmp, i13 %sub44, i1 %cmp47, i24 %img, i8 %p_lcssa93104, i8 %p_lcssa92101" [C:/Users/hdway/Documents/vivado/TER/PmodENC_Linux/hw_with_enc/hw_with_enc.runs/system_v_frmbuf_wr_0_0_synth_1/prj/sol/.autopilot/db/v_frmbuf_wr.cpp:658]   --->   Operation 127 'call' 'call_ln658' <Predicate = true> <Delay = 3.26> <CoreType = "Generic">   --->   Core 0 '' <Latency = 0> <II = 1> <Delay = 1.00> <Generic> <Opcode : >

State 9 <SV = 4> <Delay = 0.00>
ST_9 : Operation 128 [1/1] (0.00ns)   --->   "%speclooptripcount_ln672 = speclooptripcount void @_ssdm_op_SpecLoopTripCount, i64 0, i64 4320, i64 2160" [C:/Users/hdway/Documents/vivado/TER/PmodENC_Linux/hw_with_enc/hw_with_enc.runs/system_v_frmbuf_wr_0_0_synth_1/prj/sol/.autopilot/db/v_frmbuf_wr.cpp:672]   --->   Operation 128 'speclooptripcount' 'speclooptripcount_ln672' <Predicate = true> <Delay = 0.00>
ST_9 : Operation 129 [1/1] (0.00ns)   --->   "%specloopname_ln670 = specloopname void @_ssdm_op_SpecLoopName, void @empty_12" [C:/Users/hdway/Documents/vivado/TER/PmodENC_Linux/hw_with_enc/hw_with_enc.runs/system_v_frmbuf_wr_0_0_synth_1/prj/sol/.autopilot/db/v_frmbuf_wr.cpp:670]   --->   Operation 129 'specloopname' 'specloopname_ln670' <Predicate = true> <Delay = 0.00>
ST_9 : Operation 130 [1/2] (0.00ns)   --->   "%call_ln658 = call void @MultiPixStream2Bytes_Pipeline_VITIS_LOOP_674_1, i8 %p_lcssa93104_load, i8 %p_lcssa92101_load, i13 %trunc_ln658_2, i64 %bytePlanes_plane0, i1 %icmp_ln662, i1 %cmp47_2, i1 %icmp, i13 %sub44, i1 %cmp47, i24 %img, i8 %p_lcssa93104, i8 %p_lcssa92101" [C:/Users/hdway/Documents/vivado/TER/PmodENC_Linux/hw_with_enc/hw_with_enc.runs/system_v_frmbuf_wr_0_0_synth_1/prj/sol/.autopilot/db/v_frmbuf_wr.cpp:658]   --->   Operation 130 'call' 'call_ln658' <Predicate = true> <Delay = 0.00> <CoreType = "Generic">   --->   Core 0 '' <Latency = 0> <II = 1> <Delay = 1.00> <Generic> <Opcode : >
ST_9 : Operation 131 [1/1] (0.00ns)   --->   "%br_ln670 = br void %VITIS_LOOP_674_1" [C:/Users/hdway/Documents/vivado/TER/PmodENC_Linux/hw_with_enc/hw_with_enc.runs/system_v_frmbuf_wr_0_0_synth_1/prj/sol/.autopilot/db/v_frmbuf_wr.cpp:670]   --->   Operation 131 'br' 'br_ln670' <Predicate = true> <Delay = 0.00>


============================================================
+ Verbose Summary: Timing violations
============================================================
Target clock period: 10.000ns, clock uncertainty: 2.700ns.

 <State 1>: 7.268ns
The critical path consists of the following:
	fifo read operation ('widthInPix') on port 'WidthInBytes_val' [11]  (3.634 ns)
	fifo write operation ('write_ln0') on port 'WidthInBytes_val2_c' [13]  (3.634 ns)

 <State 2>: 4.409ns
The critical path consists of the following:
	'icmp' operation 1 bit ('icmp_ln745', C:/Users/hdway/Documents/vivado/TER/PmodENC_Linux/hw_with_enc/hw_with_enc.runs/system_v_frmbuf_wr_0_0_synth_1/prj/sol/.autopilot/db/v_frmbuf_wr.cpp:745) [31]  (1.650 ns)
	'select' operation 4 bit ('remainPix', C:/Users/hdway/Documents/vivado/TER/PmodENC_Linux/hw_with_enc/hw_with_enc.runs/system_v_frmbuf_wr_0_0_synth_1/prj/sol/.autopilot/db/v_frmbuf_wr.cpp:745) [32]  (1.024 ns)
	'icmp' operation 1 bit ('cmp216', C:/Users/hdway/Documents/vivado/TER/PmodENC_Linux/hw_with_enc/hw_with_enc.runs/system_v_frmbuf_wr_0_0_synth_1/prj/sol/.autopilot/db/v_frmbuf_wr.cpp:745) [34]  (1.735 ns)

 <State 3>: 3.135ns
The critical path consists of the following:
	'load' operation 12 bit ('y', C:/Users/hdway/Documents/vivado/TER/PmodENC_Linux/hw_with_enc/hw_with_enc.runs/system_v_frmbuf_wr_0_0_synth_1/prj/sol/.autopilot/db/v_frmbuf_wr.cpp:670) on local variable 'y', C:/Users/hdway/Documents/vivado/TER/PmodENC_Linux/hw_with_enc/hw_with_enc.runs/system_v_frmbuf_wr_0_0_synth_1/prj/sol/.autopilot/db/v_frmbuf_wr.cpp:670 [115]  (0.000 ns)
	'icmp' operation 1 bit ('icmp_ln670', C:/Users/hdway/Documents/vivado/TER/PmodENC_Linux/hw_with_enc/hw_with_enc.runs/system_v_frmbuf_wr_0_0_synth_1/prj/sol/.autopilot/db/v_frmbuf_wr.cpp:670) [116]  (1.547 ns)
	'store' operation 0 bit ('store_ln670', C:/Users/hdway/Documents/vivado/TER/PmodENC_Linux/hw_with_enc/hw_with_enc.runs/system_v_frmbuf_wr_0_0_synth_1/prj/sol/.autopilot/db/v_frmbuf_wr.cpp:670) of variable 'y', C:/Users/hdway/Documents/vivado/TER/PmodENC_Linux/hw_with_enc/hw_with_enc.runs/system_v_frmbuf_wr_0_0_synth_1/prj/sol/.autopilot/db/v_frmbuf_wr.cpp:670 on local variable 'y', C:/Users/hdway/Documents/vivado/TER/PmodENC_Linux/hw_with_enc/hw_with_enc.runs/system_v_frmbuf_wr_0_0_synth_1/prj/sol/.autopilot/db/v_frmbuf_wr.cpp:670 [126]  (1.588 ns)

 <State 4>: 3.268ns
The critical path consists of the following:
	'call' operation 0 bit ('call_ln741', C:/Users/hdway/Documents/vivado/TER/PmodENC_Linux/hw_with_enc/hw_with_enc.runs/system_v_frmbuf_wr_0_0_synth_1/prj/sol/.autopilot/db/v_frmbuf_wr.cpp:741) to 'MultiPixStream2Bytes_Pipeline_VITIS_LOOP_757_8' [57]  (3.268 ns)

 <State 5>: 0.000ns
The critical path consists of the following:

 <State 6>: 3.268ns
The critical path consists of the following:
	'call' operation 0 bit ('call_ln700', C:/Users/hdway/Documents/vivado/TER/PmodENC_Linux/hw_with_enc/hw_with_enc.runs/system_v_frmbuf_wr_0_0_synth_1/prj/sol/.autopilot/db/v_frmbuf_wr.cpp:700) to 'MultiPixStream2Bytes_Pipeline_VITIS_LOOP_716_5' [91]  (3.268 ns)

 <State 7>: 0.000ns
The critical path consists of the following:

 <State 8>: 3.268ns
The critical path consists of the following:
	'call' operation 0 bit ('call_ln658', C:/Users/hdway/Documents/vivado/TER/PmodENC_Linux/hw_with_enc/hw_with_enc.runs/system_v_frmbuf_wr_0_0_synth_1/prj/sol/.autopilot/db/v_frmbuf_wr.cpp:658) to 'MultiPixStream2Bytes_Pipeline_VITIS_LOOP_674_1' [125]  (3.268 ns)

 <State 9>: 0.000ns
The critical path consists of the following:


============================================================
+ Verbose Summary: Binding
============================================================
N/A
* FSMD analyzer results:
  - Output states:
 - Input state : 
  - Chain level:
	State 1
	State 2
	State 3
	State 4
	State 5
	State 6
	State 7
	State 8
	State 9


============================================================
+ Verbose Summary: Datapath Resource usage 
============================================================
N/A
