
*** Running vivado
    with args -log system_axis_subset_converter_in_0.vds -m64 -product Vivado -mode batch -messageDb vivado.pb -notrace -source system_axis_subset_converter_in_0.tcl


****** Vivado v2023.1 (64-bit)
  **** SW Build 3865809 on Sun May  7 15:04:56 MDT 2023
  **** IP Build 3864474 on Sun May  7 20:36:21 MDT 2023
  **** SharedData Build 3865790 on Sun May 07 13:33:03 MDT 2023
    ** Copyright 1986-2022 Xilinx, Inc. All Rights Reserved.
    ** Copyright 2022-2023 Advanced Micro Devices, Inc. All Rights Reserved.

Sourcing tcl script '/nfs/xilinx/Vivado/2023.1/scripts/Vivado_init.tcl'
source system_axis_subset_converter_in_0.tcl -notrace
create_project: Time (s): cpu = 00:00:11 ; elapsed = 00:00:24 . Memory (MB): peak = 1528.656 ; gain = 50.023 ; free physical = 5704 ; free virtual = 17792
INFO: [IP_Flow 19-234] Refreshing IP repositories
INFO: [IP_Flow 19-1700] Loaded user IP repository '/nfs/home/m1info3/Documents/TER_FPGA/Zybo-Z7/hw/repo'.
INFO: [IP_Flow 19-2313] Loaded Vivado IP repository '/nfs/xilinx/Vivado/2023.1/data/ip'.
INFO: [IP_Flow 19-6924] IPCACHE: Running cache check for IP inst: system_axis_subset_converter_in_0
Command: synth_design -top system_axis_subset_converter_in_0 -part xc7z020clg400-1 -incremental_mode off -mode out_of_context
Starting synth_design
Attempting to get a license for feature 'Synthesis' and/or device 'xc7z020'
INFO: [Common 17-349] Got license for feature 'Synthesis' and/or device 'xc7z020'
INFO: [Device 21-403] Loading part xc7z020clg400-1
INFO: [Synth 8-7079] Multithreading enabled for synth_design using a maximum of 4 processes.
INFO: [Synth 8-7078] Launching helper process for spawning children vivado processes
INFO: [Synth 8-7075] Helper process launched with PID 125780
---------------------------------------------------------------------------------
Starting RTL Elaboration : Time (s): cpu = 00:00:06 ; elapsed = 00:00:08 . Memory (MB): peak = 2296.938 ; gain = 378.645 ; free physical = 157 ; free virtual = 11376
---------------------------------------------------------------------------------
INFO: [Synth 8-6157] synthesizing module 'system_axis_subset_converter_in_0' [/nfs/home/m1info3/Documents/TER_FPGA/Zybo-Z7/hw/proj/hw.gen/sources_1/bd/system/ip/system_axis_subset_converter_in_0/synth/system_axis_subset_converter_in_0.v:53]
INFO: [Synth 8-6157] synthesizing module 'top_system_axis_subset_converter_in_0' [/nfs/home/m1info3/Documents/TER_FPGA/Zybo-Z7/hw/proj/hw.gen/sources_1/bd/system/ip/system_axis_subset_converter_in_0/hdl/top_system_axis_subset_converter_in_0.v:60]
INFO: [Synth 8-6157] synthesizing module 'axis_subset_converter_v1_1_28_core' [/nfs/home/m1info3/Documents/TER_FPGA/Zybo-Z7/hw/proj/hw.gen/sources_1/bd/system/ipshared/d78a/hdl/axis_subset_converter_v1_1_vl_rfs.v:62]
INFO: [Synth 8-6155] done synthesizing module 'axis_subset_converter_v1_1_28_core' (0#1) [/nfs/home/m1info3/Documents/TER_FPGA/Zybo-Z7/hw/proj/hw.gen/sources_1/bd/system/ipshared/d78a/hdl/axis_subset_converter_v1_1_vl_rfs.v:62]
INFO: [Synth 8-6157] synthesizing module 'tdata_system_axis_subset_converter_in_0' [/nfs/home/m1info3/Documents/TER_FPGA/Zybo-Z7/hw/proj/hw.gen/sources_1/bd/system/ip/system_axis_subset_converter_in_0/hdl/tdata_system_axis_subset_converter_in_0.v:48]
INFO: [Synth 8-6155] done synthesizing module 'tdata_system_axis_subset_converter_in_0' (0#1) [/nfs/home/m1info3/Documents/TER_FPGA/Zybo-Z7/hw/proj/hw.gen/sources_1/bd/system/ip/system_axis_subset_converter_in_0/hdl/tdata_system_axis_subset_converter_in_0.v:48]
INFO: [Synth 8-6157] synthesizing module 'tuser_system_axis_subset_converter_in_0' [/nfs/home/m1info3/Documents/TER_FPGA/Zybo-Z7/hw/proj/hw.gen/sources_1/bd/system/ip/system_axis_subset_converter_in_0/hdl/tuser_system_axis_subset_converter_in_0.v:48]
INFO: [Synth 8-6155] done synthesizing module 'tuser_system_axis_subset_converter_in_0' (0#1) [/nfs/home/m1info3/Documents/TER_FPGA/Zybo-Z7/hw/proj/hw.gen/sources_1/bd/system/ip/system_axis_subset_converter_in_0/hdl/tuser_system_axis_subset_converter_in_0.v:48]
INFO: [Synth 8-6157] synthesizing module 'tid_system_axis_subset_converter_in_0' [/nfs/home/m1info3/Documents/TER_FPGA/Zybo-Z7/hw/proj/hw.gen/sources_1/bd/system/ip/system_axis_subset_converter_in_0/hdl/tid_system_axis_subset_converter_in_0.v:48]
INFO: [Synth 8-6155] done synthesizing module 'tid_system_axis_subset_converter_in_0' (0#1) [/nfs/home/m1info3/Documents/TER_FPGA/Zybo-Z7/hw/proj/hw.gen/sources_1/bd/system/ip/system_axis_subset_converter_in_0/hdl/tid_system_axis_subset_converter_in_0.v:48]
INFO: [Synth 8-6157] synthesizing module 'tdest_system_axis_subset_converter_in_0' [/nfs/home/m1info3/Documents/TER_FPGA/Zybo-Z7/hw/proj/hw.gen/sources_1/bd/system/ip/system_axis_subset_converter_in_0/hdl/tdest_system_axis_subset_converter_in_0.v:48]
INFO: [Synth 8-6155] done synthesizing module 'tdest_system_axis_subset_converter_in_0' (0#1) [/nfs/home/m1info3/Documents/TER_FPGA/Zybo-Z7/hw/proj/hw.gen/sources_1/bd/system/ip/system_axis_subset_converter_in_0/hdl/tdest_system_axis_subset_converter_in_0.v:48]
INFO: [Synth 8-6157] synthesizing module 'tstrb_system_axis_subset_converter_in_0' [/nfs/home/m1info3/Documents/TER_FPGA/Zybo-Z7/hw/proj/hw.gen/sources_1/bd/system/ip/system_axis_subset_converter_in_0/hdl/tstrb_system_axis_subset_converter_in_0.v:48]
INFO: [Synth 8-6155] done synthesizing module 'tstrb_system_axis_subset_converter_in_0' (0#1) [/nfs/home/m1info3/Documents/TER_FPGA/Zybo-Z7/hw/proj/hw.gen/sources_1/bd/system/ip/system_axis_subset_converter_in_0/hdl/tstrb_system_axis_subset_converter_in_0.v:48]
INFO: [Synth 8-6157] synthesizing module 'tkeep_system_axis_subset_converter_in_0' [/nfs/home/m1info3/Documents/TER_FPGA/Zybo-Z7/hw/proj/hw.gen/sources_1/bd/system/ip/system_axis_subset_converter_in_0/hdl/tkeep_system_axis_subset_converter_in_0.v:48]
INFO: [Synth 8-6155] done synthesizing module 'tkeep_system_axis_subset_converter_in_0' (0#1) [/nfs/home/m1info3/Documents/TER_FPGA/Zybo-Z7/hw/proj/hw.gen/sources_1/bd/system/ip/system_axis_subset_converter_in_0/hdl/tkeep_system_axis_subset_converter_in_0.v:48]
INFO: [Synth 8-6157] synthesizing module 'tlast_system_axis_subset_converter_in_0' [/nfs/home/m1info3/Documents/TER_FPGA/Zybo-Z7/hw/proj/hw.gen/sources_1/bd/system/ip/system_axis_subset_converter_in_0/hdl/tlast_system_axis_subset_converter_in_0.v:48]
INFO: [Synth 8-6155] done synthesizing module 'tlast_system_axis_subset_converter_in_0' (0#1) [/nfs/home/m1info3/Documents/TER_FPGA/Zybo-Z7/hw/proj/hw.gen/sources_1/bd/system/ip/system_axis_subset_converter_in_0/hdl/tlast_system_axis_subset_converter_in_0.v:48]
INFO: [Synth 8-6155] done synthesizing module 'top_system_axis_subset_converter_in_0' (0#1) [/nfs/home/m1info3/Documents/TER_FPGA/Zybo-Z7/hw/proj/hw.gen/sources_1/bd/system/ip/system_axis_subset_converter_in_0/hdl/top_system_axis_subset_converter_in_0.v:60]
INFO: [Synth 8-6155] done synthesizing module 'system_axis_subset_converter_in_0' (0#1) [/nfs/home/m1info3/Documents/TER_FPGA/Zybo-Z7/hw/proj/hw.gen/sources_1/bd/system/ip/system_axis_subset_converter_in_0/synth/system_axis_subset_converter_in_0.v:53]
WARNING: [Synth 8-7129] Port tid[0] in module tlast_system_axis_subset_converter_in_0 is either unconnected or has no load
WARNING: [Synth 8-7129] Port tdata[23] in module tlast_system_axis_subset_converter_in_0 is either unconnected or has no load
WARNING: [Synth 8-7129] Port tdata[22] in module tlast_system_axis_subset_converter_in_0 is either unconnected or has no load
WARNING: [Synth 8-7129] Port tdata[21] in module tlast_system_axis_subset_converter_in_0 is either unconnected or has no load
WARNING: [Synth 8-7129] Port tdata[20] in module tlast_system_axis_subset_converter_in_0 is either unconnected or has no load
WARNING: [Synth 8-7129] Port tdata[19] in module tlast_system_axis_subset_converter_in_0 is either unconnected or has no load
WARNING: [Synth 8-7129] Port tdata[18] in module tlast_system_axis_subset_converter_in_0 is either unconnected or has no load
WARNING: [Synth 8-7129] Port tdata[17] in module tlast_system_axis_subset_converter_in_0 is either unconnected or has no load
WARNING: [Synth 8-7129] Port tdata[16] in module tlast_system_axis_subset_converter_in_0 is either unconnected or has no load
WARNING: [Synth 8-7129] Port tdata[15] in module tlast_system_axis_subset_converter_in_0 is either unconnected or has no load
WARNING: [Synth 8-7129] Port tdata[14] in module tlast_system_axis_subset_converter_in_0 is either unconnected or has no load
WARNING: [Synth 8-7129] Port tdata[13] in module tlast_system_axis_subset_converter_in_0 is either unconnected or has no load
WARNING: [Synth 8-7129] Port tdata[12] in module tlast_system_axis_subset_converter_in_0 is either unconnected or has no load
WARNING: [Synth 8-7129] Port tdata[11] in module tlast_system_axis_subset_converter_in_0 is either unconnected or has no load
WARNING: [Synth 8-7129] Port tdata[10] in module tlast_system_axis_subset_converter_in_0 is either unconnected or has no load
WARNING: [Synth 8-7129] Port tdata[9] in module tlast_system_axis_subset_converter_in_0 is either unconnected or has no load
WARNING: [Synth 8-7129] Port tdata[8] in module tlast_system_axis_subset_converter_in_0 is either unconnected or has no load
WARNING: [Synth 8-7129] Port tdata[7] in module tlast_system_axis_subset_converter_in_0 is either unconnected or has no load
WARNING: [Synth 8-7129] Port tdata[6] in module tlast_system_axis_subset_converter_in_0 is either unconnected or has no load
WARNING: [Synth 8-7129] Port tdata[5] in module tlast_system_axis_subset_converter_in_0 is either unconnected or has no load
WARNING: [Synth 8-7129] Port tdata[4] in module tlast_system_axis_subset_converter_in_0 is either unconnected or has no load
WARNING: [Synth 8-7129] Port tdata[3] in module tlast_system_axis_subset_converter_in_0 is either unconnected or has no load
WARNING: [Synth 8-7129] Port tdata[2] in module tlast_system_axis_subset_converter_in_0 is either unconnected or has no load
WARNING: [Synth 8-7129] Port tdata[1] in module tlast_system_axis_subset_converter_in_0 is either unconnected or has no load
WARNING: [Synth 8-7129] Port tdata[0] in module tlast_system_axis_subset_converter_in_0 is either unconnected or has no load
WARNING: [Synth 8-7129] Port tuser[0] in module tlast_system_axis_subset_converter_in_0 is either unconnected or has no load
WARNING: [Synth 8-7129] Port tdest[0] in module tlast_system_axis_subset_converter_in_0 is either unconnected or has no load
WARNING: [Synth 8-7129] Port tkeep[2] in module tlast_system_axis_subset_converter_in_0 is either unconnected or has no load
WARNING: [Synth 8-7129] Port tkeep[1] in module tlast_system_axis_subset_converter_in_0 is either unconnected or has no load
WARNING: [Synth 8-7129] Port tkeep[0] in module tlast_system_axis_subset_converter_in_0 is either unconnected or has no load
WARNING: [Synth 8-7129] Port tstrb[2] in module tlast_system_axis_subset_converter_in_0 is either unconnected or has no load
WARNING: [Synth 8-7129] Port tstrb[1] in module tlast_system_axis_subset_converter_in_0 is either unconnected or has no load
WARNING: [Synth 8-7129] Port tstrb[0] in module tlast_system_axis_subset_converter_in_0 is either unconnected or has no load
WARNING: [Synth 8-7129] Port tdata[23] in module tkeep_system_axis_subset_converter_in_0 is either unconnected or has no load
WARNING: [Synth 8-7129] Port tdata[22] in module tkeep_system_axis_subset_converter_in_0 is either unconnected or has no load
WARNING: [Synth 8-7129] Port tdata[21] in module tkeep_system_axis_subset_converter_in_0 is either unconnected or has no load
WARNING: [Synth 8-7129] Port tdata[20] in module tkeep_system_axis_subset_converter_in_0 is either unconnected or has no load
WARNING: [Synth 8-7129] Port tdata[19] in module tkeep_system_axis_subset_converter_in_0 is either unconnected or has no load
WARNING: [Synth 8-7129] Port tdata[18] in module tkeep_system_axis_subset_converter_in_0 is either unconnected or has no load
WARNING: [Synth 8-7129] Port tdata[17] in module tkeep_system_axis_subset_converter_in_0 is either unconnected or has no load
WARNING: [Synth 8-7129] Port tdata[16] in module tkeep_system_axis_subset_converter_in_0 is either unconnected or has no load
WARNING: [Synth 8-7129] Port tdata[15] in module tkeep_system_axis_subset_converter_in_0 is either unconnected or has no load
WARNING: [Synth 8-7129] Port tdata[14] in module tkeep_system_axis_subset_converter_in_0 is either unconnected or has no load
WARNING: [Synth 8-7129] Port tdata[13] in module tkeep_system_axis_subset_converter_in_0 is either unconnected or has no load
WARNING: [Synth 8-7129] Port tdata[12] in module tkeep_system_axis_subset_converter_in_0 is either unconnected or has no load
WARNING: [Synth 8-7129] Port tdata[11] in module tkeep_system_axis_subset_converter_in_0 is either unconnected or has no load
WARNING: [Synth 8-7129] Port tdata[10] in module tkeep_system_axis_subset_converter_in_0 is either unconnected or has no load
WARNING: [Synth 8-7129] Port tdata[9] in module tkeep_system_axis_subset_converter_in_0 is either unconnected or has no load
WARNING: [Synth 8-7129] Port tdata[8] in module tkeep_system_axis_subset_converter_in_0 is either unconnected or has no load
WARNING: [Synth 8-7129] Port tdata[7] in module tkeep_system_axis_subset_converter_in_0 is either unconnected or has no load
WARNING: [Synth 8-7129] Port tdata[6] in module tkeep_system_axis_subset_converter_in_0 is either unconnected or has no load
WARNING: [Synth 8-7129] Port tdata[5] in module tkeep_system_axis_subset_converter_in_0 is either unconnected or has no load
WARNING: [Synth 8-7129] Port tdata[4] in module tkeep_system_axis_subset_converter_in_0 is either unconnected or has no load
WARNING: [Synth 8-7129] Port tdata[3] in module tkeep_system_axis_subset_converter_in_0 is either unconnected or has no load
WARNING: [Synth 8-7129] Port tdata[2] in module tkeep_system_axis_subset_converter_in_0 is either unconnected or has no load
WARNING: [Synth 8-7129] Port tdata[1] in module tkeep_system_axis_subset_converter_in_0 is either unconnected or has no load
WARNING: [Synth 8-7129] Port tdata[0] in module tkeep_system_axis_subset_converter_in_0 is either unconnected or has no load
WARNING: [Synth 8-7129] Port tuser[0] in module tkeep_system_axis_subset_converter_in_0 is either unconnected or has no load
WARNING: [Synth 8-7129] Port tid[0] in module tkeep_system_axis_subset_converter_in_0 is either unconnected or has no load
WARNING: [Synth 8-7129] Port tdest[0] in module tkeep_system_axis_subset_converter_in_0 is either unconnected or has no load
WARNING: [Synth 8-7129] Port tkeep[2] in module tkeep_system_axis_subset_converter_in_0 is either unconnected or has no load
WARNING: [Synth 8-7129] Port tkeep[1] in module tkeep_system_axis_subset_converter_in_0 is either unconnected or has no load
WARNING: [Synth 8-7129] Port tkeep[0] in module tkeep_system_axis_subset_converter_in_0 is either unconnected or has no load
WARNING: [Synth 8-7129] Port tstrb[2] in module tkeep_system_axis_subset_converter_in_0 is either unconnected or has no load
WARNING: [Synth 8-7129] Port tstrb[1] in module tkeep_system_axis_subset_converter_in_0 is either unconnected or has no load
WARNING: [Synth 8-7129] Port tstrb[0] in module tkeep_system_axis_subset_converter_in_0 is either unconnected or has no load
WARNING: [Synth 8-7129] Port tlast in module tkeep_system_axis_subset_converter_in_0 is either unconnected or has no load
WARNING: [Synth 8-7129] Port tdata[23] in module tstrb_system_axis_subset_converter_in_0 is either unconnected or has no load
WARNING: [Synth 8-7129] Port tdata[22] in module tstrb_system_axis_subset_converter_in_0 is either unconnected or has no load
WARNING: [Synth 8-7129] Port tdata[21] in module tstrb_system_axis_subset_converter_in_0 is either unconnected or has no load
WARNING: [Synth 8-7129] Port tdata[20] in module tstrb_system_axis_subset_converter_in_0 is either unconnected or has no load
WARNING: [Synth 8-7129] Port tdata[19] in module tstrb_system_axis_subset_converter_in_0 is either unconnected or has no load
WARNING: [Synth 8-7129] Port tdata[18] in module tstrb_system_axis_subset_converter_in_0 is either unconnected or has no load
WARNING: [Synth 8-7129] Port tdata[17] in module tstrb_system_axis_subset_converter_in_0 is either unconnected or has no load
WARNING: [Synth 8-7129] Port tdata[16] in module tstrb_system_axis_subset_converter_in_0 is either unconnected or has no load
WARNING: [Synth 8-7129] Port tdata[15] in module tstrb_system_axis_subset_converter_in_0 is either unconnected or has no load
WARNING: [Synth 8-7129] Port tdata[14] in module tstrb_system_axis_subset_converter_in_0 is either unconnected or has no load
WARNING: [Synth 8-7129] Port tdata[13] in module tstrb_system_axis_subset_converter_in_0 is either unconnected or has no load
WARNING: [Synth 8-7129] Port tdata[12] in module tstrb_system_axis_subset_converter_in_0 is either unconnected or has no load
WARNING: [Synth 8-7129] Port tdata[11] in module tstrb_system_axis_subset_converter_in_0 is either unconnected or has no load
WARNING: [Synth 8-7129] Port tdata[10] in module tstrb_system_axis_subset_converter_in_0 is either unconnected or has no load
WARNING: [Synth 8-7129] Port tdata[9] in module tstrb_system_axis_subset_converter_in_0 is either unconnected or has no load
WARNING: [Synth 8-7129] Port tdata[8] in module tstrb_system_axis_subset_converter_in_0 is either unconnected or has no load
WARNING: [Synth 8-7129] Port tdata[7] in module tstrb_system_axis_subset_converter_in_0 is either unconnected or has no load
WARNING: [Synth 8-7129] Port tdata[6] in module tstrb_system_axis_subset_converter_in_0 is either unconnected or has no load
WARNING: [Synth 8-7129] Port tdata[5] in module tstrb_system_axis_subset_converter_in_0 is either unconnected or has no load
WARNING: [Synth 8-7129] Port tdata[4] in module tstrb_system_axis_subset_converter_in_0 is either unconnected or has no load
WARNING: [Synth 8-7129] Port tdata[3] in module tstrb_system_axis_subset_converter_in_0 is either unconnected or has no load
WARNING: [Synth 8-7129] Port tdata[2] in module tstrb_system_axis_subset_converter_in_0 is either unconnected or has no load
WARNING: [Synth 8-7129] Port tdata[1] in module tstrb_system_axis_subset_converter_in_0 is either unconnected or has no load
WARNING: [Synth 8-7129] Port tdata[0] in module tstrb_system_axis_subset_converter_in_0 is either unconnected or has no load
WARNING: [Synth 8-7129] Port tuser[0] in module tstrb_system_axis_subset_converter_in_0 is either unconnected or has no load
WARNING: [Synth 8-7129] Port tid[0] in module tstrb_system_axis_subset_converter_in_0 is either unconnected or has no load
WARNING: [Synth 8-7129] Port tdest[0] in module tstrb_system_axis_subset_converter_in_0 is either unconnected or has no load
WARNING: [Synth 8-7129] Port tkeep[2] in module tstrb_system_axis_subset_converter_in_0 is either unconnected or has no load
WARNING: [Synth 8-7129] Port tkeep[1] in module tstrb_system_axis_subset_converter_in_0 is either unconnected or has no load
WARNING: [Synth 8-7129] Port tkeep[0] in module tstrb_system_axis_subset_converter_in_0 is either unconnected or has no load
WARNING: [Synth 8-7129] Port tstrb[2] in module tstrb_system_axis_subset_converter_in_0 is either unconnected or has no load
WARNING: [Synth 8-7129] Port tstrb[1] in module tstrb_system_axis_subset_converter_in_0 is either unconnected or has no load
WARNING: [Synth 8-7129] Port tstrb[0] in module tstrb_system_axis_subset_converter_in_0 is either unconnected or has no load
INFO: [Common 17-14] Message 'Synth 8-7129' appears 100 times and further instances of the messages will be disabled. Use the Tcl command set_msg_config to change the current settings.
---------------------------------------------------------------------------------
Finished RTL Elaboration : Time (s): cpu = 00:00:08 ; elapsed = 00:00:10 . Memory (MB): peak = 2367.844 ; gain = 449.551 ; free physical = 183 ; free virtual = 11149
---------------------------------------------------------------------------------
---------------------------------------------------------------------------------
Start Handling Custom Attributes
---------------------------------------------------------------------------------
---------------------------------------------------------------------------------
Finished Handling Custom Attributes : Time (s): cpu = 00:00:08 ; elapsed = 00:00:10 . Memory (MB): peak = 2382.688 ; gain = 464.395 ; free physical = 169 ; free virtual = 11134
---------------------------------------------------------------------------------
---------------------------------------------------------------------------------
Finished RTL Optimization Phase 1 : Time (s): cpu = 00:00:08 ; elapsed = 00:00:10 . Memory (MB): peak = 2382.688 ; gain = 464.395 ; free physical = 170 ; free virtual = 11135
---------------------------------------------------------------------------------
Netlist sorting complete. Time (s): cpu = 00:00:00 ; elapsed = 00:00:00 . Memory (MB): peak = 2382.688 ; gain = 0.000 ; free physical = 208 ; free virtual = 11122
INFO: [Project 1-570] Preparing netlist for logic optimization

Processing XDC Constraints
Initializing timing engine
Parsing XDC File [/nfs/home/m1info3/Documents/TER_FPGA/Zybo-Z7/hw/proj/hw.gen/sources_1/bd/system/ip/system_axis_subset_converter_in_0/system_axis_subset_converter_in_0_ooc.xdc] for cell 'inst'
Finished Parsing XDC File [/nfs/home/m1info3/Documents/TER_FPGA/Zybo-Z7/hw/proj/hw.gen/sources_1/bd/system/ip/system_axis_subset_converter_in_0/system_axis_subset_converter_in_0_ooc.xdc] for cell 'inst'
Parsing XDC File [/nfs/home/m1info3/Documents/TER_FPGA/Zybo-Z7/hw/proj/hw.runs/system_axis_subset_converter_in_0_synth_1/dont_touch.xdc]
Finished Parsing XDC File [/nfs/home/m1info3/Documents/TER_FPGA/Zybo-Z7/hw/proj/hw.runs/system_axis_subset_converter_in_0_synth_1/dont_touch.xdc]
Completed Processing XDC Constraints

Netlist sorting complete. Time (s): cpu = 00:00:00 ; elapsed = 00:00:00 . Memory (MB): peak = 2455.625 ; gain = 0.000 ; free physical = 228 ; free virtual = 10616
INFO: [Project 1-111] Unisim Transformation Summary:
No Unisim elements were transformed.

Constraint Validation Runtime : Time (s): cpu = 00:00:00.02 ; elapsed = 00:00:00.02 . Memory (MB): peak = 2455.625 ; gain = 0.000 ; free physical = 234 ; free virtual = 10612
INFO: [Designutils 20-5008] Incremental synthesis strategy off
---------------------------------------------------------------------------------
Finished Constraint Validation : Time (s): cpu = 00:00:16 ; elapsed = 00:00:21 . Memory (MB): peak = 2455.625 ; gain = 537.332 ; free physical = 511 ; free virtual = 9464
---------------------------------------------------------------------------------
---------------------------------------------------------------------------------
Start Loading Part and Timing Information
---------------------------------------------------------------------------------
Loading part: xc7z020clg400-1
---------------------------------------------------------------------------------
Finished Loading Part and Timing Information : Time (s): cpu = 00:00:16 ; elapsed = 00:00:21 . Memory (MB): peak = 2455.625 ; gain = 537.332 ; free physical = 510 ; free virtual = 9464
---------------------------------------------------------------------------------
---------------------------------------------------------------------------------
Start Applying 'set_property' XDC Constraints
---------------------------------------------------------------------------------
Applied set_property KEEP_HIERARCHY = SOFT for inst. (constraint file  /nfs/home/m1info3/Documents/TER_FPGA/Zybo-Z7/hw/proj/hw.runs/system_axis_subset_converter_in_0_synth_1/dont_touch.xdc, line 9).
---------------------------------------------------------------------------------
Finished applying 'set_property' XDC Constraints : Time (s): cpu = 00:00:16 ; elapsed = 00:00:22 . Memory (MB): peak = 2455.625 ; gain = 537.332 ; free physical = 563 ; free virtual = 9517
---------------------------------------------------------------------------------
---------------------------------------------------------------------------------
Finished RTL Optimization Phase 2 : Time (s): cpu = 00:00:16 ; elapsed = 00:00:22 . Memory (MB): peak = 2455.625 ; gain = 537.332 ; free physical = 523 ; free virtual = 9481
---------------------------------------------------------------------------------
---------------------------------------------------------------------------------
Start RTL Component Statistics 
---------------------------------------------------------------------------------
Detailed RTL Component Info : 
---------------------------------------------------------------------------------
Finished RTL Component Statistics 
---------------------------------------------------------------------------------
---------------------------------------------------------------------------------
Start Part Resource Summary
---------------------------------------------------------------------------------
Part Resources:
DSPs: 220 (col length:60)
BRAMs: 280 (col length: RAMB18 60 RAMB36 30)
---------------------------------------------------------------------------------
Finished Part Resource Summary
---------------------------------------------------------------------------------
---------------------------------------------------------------------------------
Start Cross Boundary and Area Optimization
---------------------------------------------------------------------------------
WARNING: [Synth 8-7080] Parallel synthesis criteria is not met
---------------------------------------------------------------------------------
Finished Cross Boundary and Area Optimization : Time (s): cpu = 00:00:17 ; elapsed = 00:00:23 . Memory (MB): peak = 2455.625 ; gain = 537.332 ; free physical = 459 ; free virtual = 9433
---------------------------------------------------------------------------------
---------------------------------------------------------------------------------
Start Applying XDC Timing Constraints
---------------------------------------------------------------------------------
---------------------------------------------------------------------------------
Finished Applying XDC Timing Constraints : Time (s): cpu = 00:00:23 ; elapsed = 00:00:29 . Memory (MB): peak = 2455.625 ; gain = 537.332 ; free physical = 325 ; free virtual = 9139
---------------------------------------------------------------------------------
---------------------------------------------------------------------------------
Start Timing Optimization
---------------------------------------------------------------------------------
---------------------------------------------------------------------------------
Finished Timing Optimization : Time (s): cpu = 00:00:23 ; elapsed = 00:00:29 . Memory (MB): peak = 2455.625 ; gain = 537.332 ; free physical = 320 ; free virtual = 9135
---------------------------------------------------------------------------------
---------------------------------------------------------------------------------
Start Technology Mapping
---------------------------------------------------------------------------------
---------------------------------------------------------------------------------
Finished Technology Mapping : Time (s): cpu = 00:00:23 ; elapsed = 00:00:29 . Memory (MB): peak = 2455.625 ; gain = 537.332 ; free physical = 317 ; free virtual = 9132
---------------------------------------------------------------------------------
---------------------------------------------------------------------------------
Start IO Insertion
---------------------------------------------------------------------------------
---------------------------------------------------------------------------------
Start Flattening Before IO Insertion
---------------------------------------------------------------------------------
---------------------------------------------------------------------------------
Finished Flattening Before IO Insertion
---------------------------------------------------------------------------------
---------------------------------------------------------------------------------
Start Final Netlist Cleanup
---------------------------------------------------------------------------------
---------------------------------------------------------------------------------
Finished Final Netlist Cleanup
---------------------------------------------------------------------------------
---------------------------------------------------------------------------------
Finished IO Insertion : Time (s): cpu = 00:00:28 ; elapsed = 00:00:34 . Memory (MB): peak = 2455.625 ; gain = 537.332 ; free physical = 680 ; free virtual = 9310
---------------------------------------------------------------------------------
---------------------------------------------------------------------------------
Start Renaming Generated Instances
---------------------------------------------------------------------------------
---------------------------------------------------------------------------------
Finished Renaming Generated Instances : Time (s): cpu = 00:00:28 ; elapsed = 00:00:34 . Memory (MB): peak = 2455.625 ; gain = 537.332 ; free physical = 680 ; free virtual = 9310
---------------------------------------------------------------------------------
---------------------------------------------------------------------------------
Start Rebuilding User Hierarchy
---------------------------------------------------------------------------------
---------------------------------------------------------------------------------
Finished Rebuilding User Hierarchy : Time (s): cpu = 00:00:28 ; elapsed = 00:00:34 . Memory (MB): peak = 2455.625 ; gain = 537.332 ; free physical = 679 ; free virtual = 9310
---------------------------------------------------------------------------------
---------------------------------------------------------------------------------
Start Renaming Generated Ports
---------------------------------------------------------------------------------
---------------------------------------------------------------------------------
Finished Renaming Generated Ports : Time (s): cpu = 00:00:28 ; elapsed = 00:00:34 . Memory (MB): peak = 2455.625 ; gain = 537.332 ; free physical = 679 ; free virtual = 9310
---------------------------------------------------------------------------------
---------------------------------------------------------------------------------
Start Handling Custom Attributes
---------------------------------------------------------------------------------
---------------------------------------------------------------------------------
Finished Handling Custom Attributes : Time (s): cpu = 00:00:28 ; elapsed = 00:00:34 . Memory (MB): peak = 2455.625 ; gain = 537.332 ; free physical = 679 ; free virtual = 9310
---------------------------------------------------------------------------------
---------------------------------------------------------------------------------
Start Renaming Generated Nets
---------------------------------------------------------------------------------
---------------------------------------------------------------------------------
Finished Renaming Generated Nets : Time (s): cpu = 00:00:28 ; elapsed = 00:00:34 . Memory (MB): peak = 2455.625 ; gain = 537.332 ; free physical = 679 ; free virtual = 9309
---------------------------------------------------------------------------------
---------------------------------------------------------------------------------
Start Writing Synthesis Report
---------------------------------------------------------------------------------

Report BlackBoxes: 
+-+--------------+----------+
| |BlackBox name |Instances |
+-+--------------+----------+
+-+--------------+----------+

Report Cell Usage: 
+-+-----+------+
| |Cell |Count |
+-+-----+------+
+-+-----+------+
---------------------------------------------------------------------------------
Finished Writing Synthesis Report : Time (s): cpu = 00:00:28 ; elapsed = 00:00:34 . Memory (MB): peak = 2455.625 ; gain = 537.332 ; free physical = 678 ; free virtual = 9309
---------------------------------------------------------------------------------
Synthesis finished with 0 errors, 0 critical warnings and 12 warnings.
Synthesis Optimization Runtime : Time (s): cpu = 00:00:26 ; elapsed = 00:00:31 . Memory (MB): peak = 2455.625 ; gain = 464.395 ; free physical = 669 ; free virtual = 9307
Synthesis Optimization Complete : Time (s): cpu = 00:00:28 ; elapsed = 00:00:34 . Memory (MB): peak = 2455.625 ; gain = 537.332 ; free physical = 666 ; free virtual = 9303
INFO: [Project 1-571] Translating synthesized netlist
Netlist sorting complete. Time (s): cpu = 00:00:00 ; elapsed = 00:00:00 . Memory (MB): peak = 2455.625 ; gain = 0.000 ; free physical = 640 ; free virtual = 9279
INFO: [Project 1-570] Preparing netlist for logic optimization
INFO: [Opt 31-138] Pushed 0 inverter(s) to 0 load pin(s).
Netlist sorting complete. Time (s): cpu = 00:00:00 ; elapsed = 00:00:00 . Memory (MB): peak = 2455.625 ; gain = 0.000 ; free physical = 834 ; free virtual = 9504
INFO: [Project 1-111] Unisim Transformation Summary:
No Unisim elements were transformed.

Synth Design complete | Checksum: 1742c648
INFO: [Common 17-83] Releasing license: Synthesis
38 Infos, 101 Warnings, 0 Critical Warnings and 0 Errors encountered.
synth_design completed successfully
synth_design: Time (s): cpu = 00:00:38 ; elapsed = 00:00:45 . Memory (MB): peak = 2455.625 ; gain = 880.344 ; free physical = 841 ; free virtual = 9520
INFO: [Common 17-2834] synth_design peak Physical Memory [PSS] (MB): overall = 1572.689; main = 1286.168; forked = 286.521
INFO: [Common 17-2834] synth_design peak Virtual Memory [VSS] (MB): overall = 4013.547; main = 2423.613; forked = 1589.934
INFO: [Common 17-1381] The checkpoint '/nfs/home/m1info3/Documents/TER_FPGA/Zybo-Z7/hw/proj/hw.runs/system_axis_subset_converter_in_0_synth_1/system_axis_subset_converter_in_0.dcp' has been generated.
INFO: [Coretcl 2-1648] Added synthesis output to IP cache for IP system_axis_subset_converter_in_0, cache-ID = 04c3dac730027a19
INFO: [Common 17-1381] The checkpoint '/nfs/home/m1info3/Documents/TER_FPGA/Zybo-Z7/hw/proj/hw.runs/system_axis_subset_converter_in_0_synth_1/system_axis_subset_converter_in_0.dcp' has been generated.
INFO: [runtcl-4] Executing : report_utilization -file system_axis_subset_converter_in_0_utilization_synth.rpt -pb system_axis_subset_converter_in_0_utilization_synth.pb
INFO: [Common 17-206] Exiting Vivado at Wed May 15 18:41:25 2024...
