

================================================================
== Vitis HLS Report for 'AXIvideo2MultiPixStream'
================================================================
* Date:           Wed Jun 19 16:40:56 2024

* Version:        2023.2.2 (Build 4101106 on Feb  9 2024)
* Project:        prj
* Solution:       sol (Vivado IP Flow Target)
* Product family: zynq
* Target device:  xc7z020-clg400-1


================================================================
== Performance Estimates
================================================================
+ Timing: 
    * Summary: 
    +--------+----------+----------+------------+
    |  Clock |  Target  | Estimated| Uncertainty|
    +--------+----------+----------+------------+
    |ap_clk  |  10.00 ns|  5.701 ns|     2.70 ns|
    +--------+----------+----------+------------+

+ Latency: 
    * Summary: 
    +---------+---------+-----------+-----------+-----+---------+---------+
    |  Latency (cycles) |   Latency (absolute)  |    Interval   | Pipeline|
    |   min   |   max   |    min    |    max    | min |   max   |   Type  |
    +---------+---------+-----------+-----------+-----+---------+---------+
    |        6|  8316006|  60.000 ns|  83.160 ms|    6|  8316006|       no|
    +---------+---------+-----------+-----------+-----+---------+---------+

    + Detail: 
        * Instance: 
        +-----------------------------------------------------------------+------------------------------------------------------+---------+---------+-----------+-----------+-----+------+---------+
        |                                                                 |                                                      |  Latency (cycles) |   Latency (absolute)  |  Interval  | Pipeline|
        |                             Instance                            |                        Module                        |   min   |   max   |    min    |    max    | min |  max |   Type  |
        +-----------------------------------------------------------------+------------------------------------------------------+---------+---------+-----------+-----------+-----+------+---------+
        |grp_AXIvideo2MultiPixStream_Pipeline_loop_wait_for_start_fu_142  |AXIvideo2MultiPixStream_Pipeline_loop_wait_for_start  |        2|        2|  20.000 ns|  20.000 ns|    2|     2|       no|
        |grp_AXIvideo2MultiPixStream_Pipeline_loop_width_fu_162           |AXIvideo2MultiPixStream_Pipeline_loop_width           |        2|     3842|  20.000 ns|  38.420 us|    2|  3842|       no|
        |grp_AXIvideo2MultiPixStream_Pipeline_loop_wait_for_eol_fu_191    |AXIvideo2MultiPixStream_Pipeline_loop_wait_for_eol    |        2|        2|  20.000 ns|  20.000 ns|    2|     2|       no|
        |grp_reg_unsigned_short_s_fu_225                                  |reg_unsigned_short_s                                  |        1|        1|  10.000 ns|  10.000 ns|    1|     1|      yes|
        |grp_reg_unsigned_short_s_fu_230                                  |reg_unsigned_short_s                                  |        1|        1|  10.000 ns|  10.000 ns|    1|     1|      yes|
        +-----------------------------------------------------------------+------------------------------------------------------+---------+---------+-----------+-----------+-----+------+---------+

        * Loop: 
        +---------------+---------+---------+-----------+-----------+-----------+----------+----------+
        |               |  Latency (cycles) | Iteration |  Initiation Interval  |   Trip   |          |
        |   Loop Name   |   min   |   max   |  Latency  |  achieved |   target  |   Count  | Pipelined|
        +---------------+---------+---------+-----------+-----------+-----------+----------+----------+
        |- loop_height  |        0|  8316000|  10 ~ 3850|          -|          -|  0 ~ 2160|        no|
        +---------------+---------+---------+-----------+-----------+-----------+----------+----------+



================================================================
== Utilization Estimates
================================================================
* Summary: 
+-----------------+---------+-----+--------+-------+-----+
|       Name      | BRAM_18K| DSP |   FF   |  LUT  | URAM|
+-----------------+---------+-----+--------+-------+-----+
|DSP              |        -|    -|       -|      -|    -|
|Expression       |        -|    -|       0|     55|    -|
|FIFO             |        -|    -|       -|      -|    -|
|Instance         |        -|    -|     100|    288|    -|
|Memory           |        -|    -|       -|      -|    -|
|Multiplexer      |        -|    -|       -|    133|    -|
|Register         |        -|    -|      82|      -|    -|
+-----------------+---------+-----+--------+-------+-----+
|Total            |        0|    0|     182|    476|    0|
+-----------------+---------+-----+--------+-------+-----+
|Available        |      280|  220|  106400|  53200|    0|
+-----------------+---------+-----+--------+-------+-----+
|Utilization (%)  |        0|    0|      ~0|     ~0|    0|
+-----------------+---------+-----+--------+-------+-----+

+ Detail: 
    * Instance: 
    +-----------------------------------------------------------------+------------------------------------------------------+---------+----+----+-----+-----+
    |                             Instance                            |                        Module                        | BRAM_18K| DSP| FF | LUT | URAM|
    +-----------------------------------------------------------------+------------------------------------------------------+---------+----+----+-----+-----+
    |grp_AXIvideo2MultiPixStream_Pipeline_loop_wait_for_eol_fu_191    |AXIvideo2MultiPixStream_Pipeline_loop_wait_for_eol    |        0|   0|   4|   52|    0|
    |grp_AXIvideo2MultiPixStream_Pipeline_loop_wait_for_start_fu_142  |AXIvideo2MultiPixStream_Pipeline_loop_wait_for_start  |        0|   0|   4|   38|    0|
    |grp_AXIvideo2MultiPixStream_Pipeline_loop_width_fu_162           |AXIvideo2MultiPixStream_Pipeline_loop_width           |        0|   0|  42|  170|    0|
    |grp_reg_unsigned_short_s_fu_225                                  |reg_unsigned_short_s                                  |        0|   0|  25|   14|    0|
    |grp_reg_unsigned_short_s_fu_230                                  |reg_unsigned_short_s                                  |        0|   0|  25|   14|    0|
    +-----------------------------------------------------------------+------------------------------------------------------+---------+----+----+-----+-----+
    |Total                                                            |                                                      |        0|   0| 100|  288|    0|
    +-----------------------------------------------------------------+------------------------------------------------------+---------+----+----+-----+-----+

    * DSP: 
    N/A

    * Memory: 
    N/A

    * FIFO: 
    N/A

    * Expression: 
    +------------------------+----------+----+---+----+------------+------------+
    |      Variable Name     | Operation| DSP| FF| LUT| Bitwidth P0| Bitwidth P1|
    +------------------------+----------+----+---+----+------------+------------+
    |i_2_fu_258_p2           |         +|   0|  0|  12|          12|           1|
    |and_ln306_fu_268_p2     |       and|   0|  0|   2|           1|           1|
    |cmp10399_fu_238_p2      |      icmp|   0|  0|  12|          12|           1|
    |cond_fu_214_p2          |      icmp|   0|  0|  11|           3|           1|
    |icmp_ln253_fu_253_p2    |      icmp|   0|  0|  12|          12|          12|
    |ap_block_state1         |        or|   0|  0|   2|           1|           1|
    |select_ln306_fu_286_p3  |    select|   0|  0|   2|           1|           1|
    |xor_ln306_fu_244_p2     |       xor|   0|  0|   2|           1|           2|
    +------------------------+----------+----+---+----+------------+------------+
    |Total                   |          |   0|  0|  55|          43|          20|
    +------------------------+----------+----+---+----+------------+------------+

    * Multiplexer: 
    +---------------------+----+-----------+-----+-----------+
    |         Name        | LUT| Input Size| Bits| Total Bits|
    +---------------------+----+-----------+-----+-----------+
    |ap_NS_fsm            |  59|         11|    1|         11|
    |ap_done              |   9|          2|    1|          2|
    |axi_data_2_fu_78     |   9|          2|   24|         48|
    |axi_last_2_reg_132   |   9|          2|    1|          2|
    |i_fu_82              |   9|          2|   12|         24|
    |img_write            |   9|          2|    1|          2|
    |s_axis_video_TREADY  |  20|          4|    1|          4|
    |sof_reg_120          |   9|          2|    1|          2|
    +---------------------+----+-----------+-----+-----------+
    |Total                | 133|         27|   42|         95|
    +---------------------+----+-----------+-----+-----------+

    * Register: 
    +------------------------------------------------------------------------------+----+----+-----+-----------+
    |                                     Name                                     | FF | LUT| Bits| Const Bits|
    +------------------------------------------------------------------------------+----+----+-----+-----------+
    |and_ln306_reg_379                                                             |   1|   0|    1|          0|
    |ap_CS_fsm                                                                     |  10|   0|   10|          0|
    |ap_done_reg                                                                   |   1|   0|    1|          0|
    |axi_data_2_fu_78                                                              |  24|   0|   24|          0|
    |axi_last_2_reg_132                                                            |   1|   0|    1|          0|
    |axi_last_4_loc_fu_86                                                          |   1|   0|    1|          0|
    |cmp10399_reg_363                                                              |   1|   0|    1|          0|
    |cols_reg_355                                                                  |  12|   0|   12|          0|
    |cond_reg_345                                                                  |   1|   0|    1|          0|
    |grp_AXIvideo2MultiPixStream_Pipeline_loop_wait_for_eol_fu_191_ap_start_reg    |   1|   0|    1|          0|
    |grp_AXIvideo2MultiPixStream_Pipeline_loop_wait_for_start_fu_142_ap_start_reg  |   1|   0|    1|          0|
    |grp_AXIvideo2MultiPixStream_Pipeline_loop_width_fu_162_ap_start_reg           |   1|   0|    1|          0|
    |i_fu_82                                                                       |  12|   0|   12|          0|
    |rows_reg_350                                                                  |  12|   0|   12|          0|
    |select_ln306_reg_390                                                          |   1|   0|    1|          0|
    |sof_reg_120                                                                   |   1|   0|    1|          0|
    |xor_ln306_reg_368                                                             |   1|   0|    1|          0|
    +------------------------------------------------------------------------------+----+----+-----+-----------+
    |Total                                                                         |  82|   0|   82|          0|
    +------------------------------------------------------------------------------+----+----+-----+-----------+



================================================================
== Interface
================================================================
* Summary: 
+---------------------+-----+-----+------------+-------------------------+--------------+
|      RTL Ports      | Dir | Bits|  Protocol  |      Source Object      |    C Type    |
+---------------------+-----+-----+------------+-------------------------+--------------+
|ap_clk               |   in|    1|  ap_ctrl_hs|  AXIvideo2MultiPixStream|  return value|
|ap_rst               |   in|    1|  ap_ctrl_hs|  AXIvideo2MultiPixStream|  return value|
|ap_start             |   in|    1|  ap_ctrl_hs|  AXIvideo2MultiPixStream|  return value|
|ap_done              |  out|    1|  ap_ctrl_hs|  AXIvideo2MultiPixStream|  return value|
|ap_continue          |   in|    1|  ap_ctrl_hs|  AXIvideo2MultiPixStream|  return value|
|ap_idle              |  out|    1|  ap_ctrl_hs|  AXIvideo2MultiPixStream|  return value|
|ap_ready             |  out|    1|  ap_ctrl_hs|  AXIvideo2MultiPixStream|  return value|
|s_axis_video_TDATA   |   in|   24|        axis|    s_axis_video_V_data_V|       pointer|
|s_axis_video_TVALID  |   in|    1|        axis|    s_axis_video_V_dest_V|       pointer|
|s_axis_video_TREADY  |  out|    1|        axis|    s_axis_video_V_dest_V|       pointer|
|s_axis_video_TDEST   |   in|    1|        axis|    s_axis_video_V_dest_V|       pointer|
|s_axis_video_TKEEP   |   in|    3|        axis|    s_axis_video_V_keep_V|       pointer|
|s_axis_video_TSTRB   |   in|    3|        axis|    s_axis_video_V_strb_V|       pointer|
|s_axis_video_TUSER   |   in|    1|        axis|    s_axis_video_V_user_V|       pointer|
|s_axis_video_TLAST   |   in|    1|        axis|    s_axis_video_V_last_V|       pointer|
|s_axis_video_TID     |   in|    1|        axis|      s_axis_video_V_id_V|       pointer|
|img_din              |  out|   24|     ap_fifo|                      img|       pointer|
|img_num_data_valid   |   in|    3|     ap_fifo|                      img|       pointer|
|img_fifo_cap         |   in|    3|     ap_fifo|                      img|       pointer|
|img_full_n           |   in|    1|     ap_fifo|                      img|       pointer|
|img_write            |  out|    1|     ap_fifo|                      img|       pointer|
|Height_val           |   in|   12|   ap_stable|               Height_val|        scalar|
|WidthIn_val          |   in|   12|   ap_stable|              WidthIn_val|        scalar|
|colorFormat_val      |   in|    3|     ap_none|          colorFormat_val|        scalar|
+---------------------+-----+-----+------------+-------------------------+--------------+

