

================================================================
== Vitis HLS Report for 'MultiPixStream2Bytes_Pipeline_VITIS_LOOP_586_8'
================================================================
* Date:           Wed May 15 18:46:05 2024

* Version:        2023.1 (Build 3854077 on May  4 2023)
* Project:        prj
* Solution:       sol (Vivado IP Flow Target)
* Product family: zynq
* Target device:  xc7z020-clg400-1


================================================================
== Performance Estimates
================================================================
+ Timing: 
    * Summary: 
    +--------+----------+----------+------------+
    |  Clock |  Target  | Estimated| Uncertainty|
    +--------+----------+----------+------------+
    |ap_clk  |  10.00 ns|  3.650 ns|     2.70 ns|
    +--------+----------+----------+------------+

+ Latency: 
    * Summary: 
    +---------+---------+-----------+----------+-----+-------+---------+
    |  Latency (cycles) |  Latency (absolute)  |   Interval  | Pipeline|
    |   min   |   max   |    min    |    max   | min |  max  |   Type  |
    +---------+---------+-----------+----------+-----+-------+---------+
    |        2|    65539|  20.000 ns|  0.655 ms|    2|  65539|       no|
    +---------+---------+-----------+----------+-----+-------+---------+

    + Detail: 
        * Instance: 
        N/A

        * Loop: 
        +--------------------+---------+---------+----------+-----------+-----------+----------+----------+
        |                    |  Latency (cycles) | Iteration|  Initiation Interval  |   Trip   |          |
        |      Loop Name     |   min   |   max   |  Latency |  achieved |   target  |   Count  | Pipelined|
        +--------------------+---------+---------+----------+-----------+-----------+----------+----------+
        |- VITIS_LOOP_586_8  |        0|    65537|        10|          8|          8|  0 ~ 8192|       yes|
        +--------------------+---------+---------+----------+-----------+-----------+----------+----------+



================================================================
== Utilization Estimates
================================================================
* Summary: 
+-----------------+---------+-----+--------+-------+-----+
|       Name      | BRAM_18K| DSP |   FF   |  LUT  | URAM|
+-----------------+---------+-----+--------+-------+-----+
|DSP              |        -|    -|       -|      -|    -|
|Expression       |        -|    -|       0|    139|    -|
|FIFO             |        -|    -|       -|      -|    -|
|Instance         |        -|    -|       -|      -|    -|
|Memory           |        -|    -|       -|      -|    -|
|Multiplexer      |        -|    -|       -|    266|    -|
|Register         |        -|    -|     259|      -|    -|
+-----------------+---------+-----+--------+-------+-----+
|Total            |        0|    0|     259|    405|    0|
+-----------------+---------+-----+--------+-------+-----+
|Available        |      280|  220|  106400|  53200|    0|
+-----------------+---------+-----+--------+-------+-----+
|Utilization (%)  |        0|    0|      ~0|     ~0|    0|
+-----------------+---------+-----+--------+-------+-----+

+ Detail: 
    * Instance: 
    N/A

    * DSP: 
    N/A

    * Memory: 
    N/A

    * FIFO: 
    N/A

    * Expression: 
    +-----------------------------------+----------+----+---+----+------------+------------+
    |           Variable Name           | Operation| DSP| FF| LUT| Bitwidth P0| Bitwidth P1|
    +-----------------------------------+----------+----+---+----+------------+------------+
    |x_2_fu_368_p2                      |         +|   0|  0|  14|          13|           1|
    |and_ln605_fu_390_p2                |       and|   0|  0|   2|           1|           1|
    |ap_block_pp0_stage0_11001          |       and|   0|  0|   2|           1|           1|
    |ap_block_pp0_stage2_11001          |       and|   0|  0|   2|           1|           1|
    |ap_block_pp0_stage3_11001          |       and|   0|  0|   2|           1|           1|
    |ap_block_pp0_stage4_11001          |       and|   0|  0|   2|           1|           1|
    |ap_block_pp0_stage5_11001          |       and|   0|  0|   2|           1|           1|
    |ap_block_pp0_stage6_11001          |       and|   0|  0|   2|           1|           1|
    |ap_block_pp0_stage7_11001          |       and|   0|  0|   2|           1|           1|
    |ap_block_state2_pp0_stage1_iter0   |       and|   0|  0|   2|           1|           1|
    |ap_block_state3_pp0_stage2_iter0   |       and|   0|  0|   2|           1|           1|
    |ap_block_state4_pp0_stage3_iter0   |       and|   0|  0|   2|           1|           1|
    |ap_block_state5_pp0_stage4_iter0   |       and|   0|  0|   2|           1|           1|
    |ap_block_state6_pp0_stage5_iter0   |       and|   0|  0|   2|           1|           1|
    |ap_block_state7_pp0_stage6_iter0   |       and|   0|  0|   2|           1|           1|
    |ap_block_state8_pp0_stage7_iter0   |       and|   0|  0|   2|           1|           1|
    |ap_block_state9_pp0_stage0_iter1   |       and|   0|  0|   2|           1|           1|
    |ap_condition_310                   |       and|   0|  0|   2|           1|           1|
    |ap_condition_670                   |       and|   0|  0|   2|           1|           1|
    |ap_condition_674                   |       and|   0|  0|   2|           1|           1|
    |ap_condition_678                   |       and|   0|  0|   2|           1|           1|
    |ap_condition_682                   |       and|   0|  0|   2|           1|           1|
    |ap_condition_685                   |       and|   0|  0|   2|           1|           1|
    |ap_condition_689                   |       and|   0|  0|   2|           1|           1|
    |ap_predicate_op100_read_state9     |       and|   0|  0|   2|           1|           1|
    |ap_predicate_op52_read_state3      |       and|   0|  0|   2|           1|           1|
    |ap_predicate_op60_read_state4      |       and|   0|  0|   2|           1|           1|
    |ap_predicate_op68_read_state5      |       and|   0|  0|   2|           1|           1|
    |ap_predicate_op79_read_state6      |       and|   0|  0|   2|           1|           1|
    |ap_predicate_op86_read_state7      |       and|   0|  0|   2|           1|           1|
    |ap_predicate_op93_read_state8      |       and|   0|  0|   2|           1|           1|
    |cmp210_fu_378_p2                   |      icmp|   0|  0|  17|          14|          14|
    |icmp_ln586_fu_362_p2               |      icmp|   0|  0|  14|          13|          13|
    |icmp_ln605_fu_384_p2               |      icmp|   0|  0|  14|           6|           5|
    |ap_block_pp0_stage1_01001          |        or|   0|  0|   2|           1|           1|
    |ap_block_state10_pp0_stage1_iter1  |        or|   0|  0|   2|           1|           1|
    |or_ln590_1_fu_413_p2               |        or|   0|  0|   2|           1|           1|
    |or_ln590_2_fu_421_p2               |        or|   0|  0|   2|           1|           1|
    |or_ln590_3_fu_429_p2               |        or|   0|  0|   2|           1|           1|
    |or_ln590_4_fu_433_p2               |        or|   0|  0|   2|           1|           1|
    |or_ln590_5_fu_437_p2               |        or|   0|  0|   2|           1|           1|
    |or_ln590_6_fu_441_p2               |        or|   0|  0|   2|           1|           1|
    |or_ln590_fu_405_p2                 |        or|   0|  0|   2|           1|           1|
    |ap_enable_pp0                      |       xor|   0|  0|   2|           1|           2|
    +-----------------------------------+----------+----+---+----+------------+------------+
    |Total                              |          |   0|  0| 139|          86|          74|
    +-----------------------------------+----------+----+---+----+------------+------------+

    * Multiplexer: 
    +------------------------------------------+----+-----------+-----+-----------+
    |                   Name                   | LUT| Input Size| Bits| Total Bits|
    +------------------------------------------+----+-----------+-----+-----------+
    |ap_NS_fsm                                 |  48|          9|    1|          9|
    |ap_done_int                               |   9|          2|    1|          2|
    |ap_enable_reg_pp0_iter0                   |   9|          2|    1|          2|
    |ap_enable_reg_pp0_iter0_reg               |   9|          2|    1|          2|
    |ap_enable_reg_pp0_iter1                   |   9|          2|    1|          2|
    |ap_phi_reg_pp0_iter0_in_pix_UV_2_reg_196  |   9|          2|    8|         16|
    |ap_phi_reg_pp0_iter0_in_pix_UV_3_reg_218  |   9|          2|    8|         16|
    |ap_phi_reg_pp0_iter0_in_pix_UV_4_reg_240  |   9|          2|    8|         16|
    |ap_phi_reg_pp0_iter0_in_pix_UV_5_reg_262  |   9|          2|    8|         16|
    |ap_phi_reg_pp0_iter0_in_pix_Y_1_reg_186   |   9|          2|    8|         16|
    |ap_phi_reg_pp0_iter0_in_pix_Y_2_reg_207   |   9|          2|    8|         16|
    |ap_phi_reg_pp0_iter0_in_pix_Y_3_reg_229   |   9|          2|    8|         16|
    |ap_phi_reg_pp0_iter0_in_pix_Y_4_reg_251   |   9|          2|    8|         16|
    |ap_phi_reg_pp0_iter0_in_pix_Y_5_reg_273   |   9|          2|    8|         16|
    |ap_phi_reg_pp0_iter1_in_pix_UV_6_reg_284  |  14|          3|    8|         24|
    |ap_phi_reg_pp0_iter1_in_pix_UV_7_reg_306  |  14|          3|    8|         24|
    |ap_phi_reg_pp0_iter1_in_pix_Y_6_reg_295   |  14|          3|    8|         24|
    |ap_phi_reg_pp0_iter1_in_pix_Y_7_reg_316   |  14|          3|    8|         24|
    |ap_sig_allocacmp_x_1                      |   9|          2|   13|         26|
    |bytePlanes_plane0_blk_n                   |   9|          2|    1|          2|
    |bytePlanes_plane1_blk_n                   |   9|          2|    1|          2|
    |img_blk_n                                 |   9|          2|    1|          2|
    |x_fu_86                                   |   9|          2|   13|         26|
    +------------------------------------------+----+-----------+-----+-----------+
    |Total                                     | 266|         57|  138|        315|
    +------------------------------------------+----+-----------+-----+-----------+

    * Register: 
    +------------------------------------------+----+----+-----+-----------+
    |                   Name                   | FF | LUT| Bits| Const Bits|
    +------------------------------------------+----+----+-----+-----------+
    |and_ln605_reg_558                         |   1|   0|    1|          0|
    |and_ln605_reg_558_pp0_iter1_reg           |   1|   0|    1|          0|
    |ap_CS_fsm                                 |   8|   0|    8|          0|
    |ap_done_reg                               |   1|   0|    1|          0|
    |ap_enable_reg_pp0_iter0_reg               |   1|   0|    1|          0|
    |ap_enable_reg_pp0_iter1                   |   1|   0|    1|          0|
    |ap_phi_reg_pp0_iter0_in_pix_UV_1_reg_176  |   8|   0|    8|          0|
    |ap_phi_reg_pp0_iter0_in_pix_UV_2_reg_196  |   8|   0|    8|          0|
    |ap_phi_reg_pp0_iter0_in_pix_UV_3_reg_218  |   8|   0|    8|          0|
    |ap_phi_reg_pp0_iter0_in_pix_UV_4_reg_240  |   8|   0|    8|          0|
    |ap_phi_reg_pp0_iter0_in_pix_UV_5_reg_262  |   8|   0|    8|          0|
    |ap_phi_reg_pp0_iter0_in_pix_Y_1_reg_186   |   8|   0|    8|          0|
    |ap_phi_reg_pp0_iter0_in_pix_Y_2_reg_207   |   8|   0|    8|          0|
    |ap_phi_reg_pp0_iter0_in_pix_Y_3_reg_229   |   8|   0|    8|          0|
    |ap_phi_reg_pp0_iter0_in_pix_Y_4_reg_251   |   8|   0|    8|          0|
    |ap_phi_reg_pp0_iter0_in_pix_Y_5_reg_273   |   8|   0|    8|          0|
    |ap_phi_reg_pp0_iter1_in_pix_UV_6_reg_284  |   8|   0|    8|          0|
    |ap_phi_reg_pp0_iter1_in_pix_UV_7_reg_306  |   8|   0|    8|          0|
    |ap_phi_reg_pp0_iter1_in_pix_Y_6_reg_295   |   8|   0|    8|          0|
    |ap_phi_reg_pp0_iter1_in_pix_Y_7_reg_316   |   8|   0|    8|          0|
    |cmp210_reg_547                            |   1|   0|    1|          0|
    |icmp_ln586_reg_543                        |   1|   0|    1|          0|
    |in_pix_UV_1_reg_176                       |   8|   0|    8|          0|
    |in_pix_UV_2_reg_196                       |   8|   0|    8|          0|
    |in_pix_UV_3_reg_218                       |   8|   0|    8|          0|
    |in_pix_UV_4_reg_240                       |   8|   0|    8|          0|
    |in_pix_UV_5_reg_262                       |   8|   0|    8|          0|
    |in_pix_UV_6_reg_284                       |   8|   0|    8|          0|
    |in_pix_UV_reg_568                         |   8|   0|    8|          0|
    |in_pix_Y_1_reg_186                        |   8|   0|    8|          0|
    |in_pix_Y_2_reg_207                        |   8|   0|    8|          0|
    |in_pix_Y_3_reg_229                        |   8|   0|    8|          0|
    |in_pix_Y_4_reg_251                        |   8|   0|    8|          0|
    |in_pix_Y_5_reg_273                        |   8|   0|    8|          0|
    |in_pix_Y_6_reg_295                        |   8|   0|    8|          0|
    |in_pix_Y_reg_562                          |   8|   0|    8|          0|
    |or_ln590_1_reg_583                        |   1|   0|    1|          0|
    |or_ln590_2_reg_592                        |   1|   0|    1|          0|
    |or_ln590_3_reg_601                        |   1|   0|    1|          0|
    |or_ln590_4_reg_605                        |   1|   0|    1|          0|
    |or_ln590_5_reg_609                        |   1|   0|    1|          0|
    |or_ln590_6_reg_613                        |   1|   0|    1|          0|
    |or_ln590_reg_574                          |   1|   0|    1|          0|
    |x_fu_86                                   |  13|   0|   13|          0|
    +------------------------------------------+----+----+-----+-----------+
    |Total                                     | 259|   0|  259|          0|
    +------------------------------------------+----+----+-----+-----------+



================================================================
== Interface
================================================================
* Summary: 
+----------------------------------+-----+-----+------------+------------------------------------------------+--------------+
|             RTL Ports            | Dir | Bits|  Protocol  |                  Source Object                 |    C Type    |
+----------------------------------+-----+-----+------------+------------------------------------------------+--------------+
|ap_clk                            |   in|    1|  ap_ctrl_hs|  MultiPixStream2Bytes_Pipeline_VITIS_LOOP_586_8|  return value|
|ap_rst                            |   in|    1|  ap_ctrl_hs|  MultiPixStream2Bytes_Pipeline_VITIS_LOOP_586_8|  return value|
|ap_start                          |   in|    1|  ap_ctrl_hs|  MultiPixStream2Bytes_Pipeline_VITIS_LOOP_586_8|  return value|
|ap_done                           |  out|    1|  ap_ctrl_hs|  MultiPixStream2Bytes_Pipeline_VITIS_LOOP_586_8|  return value|
|ap_idle                           |  out|    1|  ap_ctrl_hs|  MultiPixStream2Bytes_Pipeline_VITIS_LOOP_586_8|  return value|
|ap_ready                          |  out|    1|  ap_ctrl_hs|  MultiPixStream2Bytes_Pipeline_VITIS_LOOP_586_8|  return value|
|img_dout                          |   in|   24|     ap_fifo|                                             img|       pointer|
|img_num_data_valid                |   in|    2|     ap_fifo|                                             img|       pointer|
|img_fifo_cap                      |   in|    2|     ap_fifo|                                             img|       pointer|
|img_empty_n                       |   in|    1|     ap_fifo|                                             img|       pointer|
|img_read                          |  out|    1|     ap_fifo|                                             img|       pointer|
|bytePlanes_plane0_din             |  out|   64|     ap_fifo|                               bytePlanes_plane0|       pointer|
|bytePlanes_plane0_num_data_valid  |   in|   11|     ap_fifo|                               bytePlanes_plane0|       pointer|
|bytePlanes_plane0_fifo_cap        |   in|   11|     ap_fifo|                               bytePlanes_plane0|       pointer|
|bytePlanes_plane0_full_n          |   in|    1|     ap_fifo|                               bytePlanes_plane0|       pointer|
|bytePlanes_plane0_write           |  out|    1|     ap_fifo|                               bytePlanes_plane0|       pointer|
|bytePlanes_plane1_din             |  out|   64|     ap_fifo|                               bytePlanes_plane1|       pointer|
|bytePlanes_plane1_num_data_valid  |   in|   11|     ap_fifo|                               bytePlanes_plane1|       pointer|
|bytePlanes_plane1_fifo_cap        |   in|   11|     ap_fifo|                               bytePlanes_plane1|       pointer|
|bytePlanes_plane1_full_n          |   in|    1|     ap_fifo|                               bytePlanes_plane1|       pointer|
|bytePlanes_plane1_write           |  out|    1|     ap_fifo|                               bytePlanes_plane1|       pointer|
|trunc_ln571_1                     |   in|   13|     ap_none|                                   trunc_ln571_1|        scalar|
|VideoFormat_load                  |   in|    6|     ap_none|                                VideoFormat_load|        scalar|
|trunc_ln                          |   in|    1|     ap_none|                                        trunc_ln|        scalar|
|icmp_ln576                        |   in|    1|     ap_none|                                      icmp_ln576|        scalar|
|cmp212_6                          |   in|    1|     ap_none|                                        cmp212_6|        scalar|
|cmp212_5                          |   in|    1|     ap_none|                                        cmp212_5|        scalar|
|cmp212_4                          |   in|    1|     ap_none|                                        cmp212_4|        scalar|
|cmp212_3                          |   in|    1|     ap_none|                                        cmp212_3|        scalar|
|cmp212_2                          |   in|    1|     ap_none|                                        cmp212_2|        scalar|
|sub209_cast62                     |   in|   13|     ap_none|                                   sub209_cast62|        scalar|
|cmp212_1                          |   in|    1|     ap_none|                                        cmp212_1|        scalar|
+----------------------------------+-----+-----+------------+------------------------------------------------+--------------+

