

================================================================
== Vitis HLS Report for 'MultiPixStream2Bytes_Pipeline_VITIS_LOOP_549_5'
================================================================
* Date:           Wed May 15 18:46:06 2024

* Version:        2023.1 (Build 3854077 on May  4 2023)
* Project:        prj
* Solution:       sol (Vivado IP Flow Target)
* Product family: zynq
* Target device:  xc7z020-clg400-1


================================================================
== Performance Estimates
================================================================
+ Timing: 
    * Summary: 
    +--------+----------+----------+------------+
    |  Clock |  Target  | Estimated| Uncertainty|
    +--------+----------+----------+------------+
    |ap_clk  |  10.00 ns|  3.650 ns|     2.70 ns|
    +--------+----------+----------+------------+

+ Latency: 
    * Summary: 
    +---------+---------+-----------+----------+-----+-------+---------+
    |  Latency (cycles) |  Latency (absolute)  |   Interval  | Pipeline|
    |   min   |   max   |    min    |    max   | min |  max  |   Type  |
    +---------+---------+-----------+----------+-----+-------+---------+
    |        2|    32771|  20.000 ns|  0.328 ms|    2|  32771|       no|
    +---------+---------+-----------+----------+-----+-------+---------+

    + Detail: 
        * Instance: 
        N/A

        * Loop: 
        +--------------------+---------+---------+----------+-----------+-----------+----------+----------+
        |                    |  Latency (cycles) | Iteration|  Initiation Interval  |   Trip   |          |
        |      Loop Name     |   min   |   max   |  Latency |  achieved |   target  |   Count  | Pipelined|
        +--------------------+---------+---------+----------+-----------+-----------+----------+----------+
        |- VITIS_LOOP_549_5  |        0|    32769|         6|          4|          4|  0 ~ 8192|       yes|
        +--------------------+---------+---------+----------+-----------+-----------+----------+----------+



================================================================
== Utilization Estimates
================================================================
* Summary: 
+-----------------+---------+-----+--------+-------+-----+
|       Name      | BRAM_18K| DSP |   FF   |  LUT  | URAM|
+-----------------+---------+-----+--------+-------+-----+
|DSP              |        -|    -|       -|      -|    -|
|Expression       |        -|    -|       0|     81|    -|
|FIFO             |        -|    -|       -|      -|    -|
|Instance         |        -|    -|       -|      -|    -|
|Memory           |        -|    -|       -|      -|    -|
|Multiplexer      |        -|    -|       -|    162|    -|
|Register         |        -|    -|     121|      -|    -|
+-----------------+---------+-----+--------+-------+-----+
|Total            |        0|    0|     121|    243|    0|
+-----------------+---------+-----+--------+-------+-----+
|Available        |      280|  220|  106400|  53200|    0|
+-----------------+---------+-----+--------+-------+-----+
|Utilization (%)  |        0|    0|      ~0|     ~0|    0|
+-----------------+---------+-----+--------+-------+-----+

+ Detail: 
    * Instance: 
    N/A

    * DSP: 
    N/A

    * Memory: 
    N/A

    * FIFO: 
    N/A

    * Expression: 
    +----------------------------------+----------+----+---+----+------------+------------+
    |           Variable Name          | Operation| DSP| FF| LUT| Bitwidth P0| Bitwidth P1|
    +----------------------------------+----------+----+---+----+------------+------------+
    |x_3_fu_207_p2                     |         +|   0|  0|  14|          13|           1|
    |ap_block_pp0_stage0_11001         |       and|   0|  0|   2|           1|           1|
    |ap_block_pp0_stage2_11001         |       and|   0|  0|   2|           1|           1|
    |ap_block_pp0_stage3_11001         |       and|   0|  0|   2|           1|           1|
    |ap_block_state2_pp0_stage1_iter0  |       and|   0|  0|   2|           1|           1|
    |ap_block_state3_pp0_stage2_iter0  |       and|   0|  0|   2|           1|           1|
    |ap_block_state4_pp0_stage3_iter0  |       and|   0|  0|   2|           1|           1|
    |ap_block_state5_pp0_stage0_iter1  |       and|   0|  0|   2|           1|           1|
    |ap_condition_211                  |       and|   0|  0|   2|           1|           1|
    |ap_condition_384                  |       and|   0|  0|   2|           1|           1|
    |ap_condition_387                  |       and|   0|  0|   2|           1|           1|
    |ap_predicate_op38_read_state3     |       and|   0|  0|   2|           1|           1|
    |ap_predicate_op45_read_state4     |       and|   0|  0|   2|           1|           1|
    |ap_predicate_op52_read_state5     |       and|   0|  0|   2|           1|           1|
    |cmp119_fu_217_p2                  |      icmp|   0|  0|  17|          14|          14|
    |icmp_ln549_fu_201_p2              |      icmp|   0|  0|  14|          13|          13|
    |ap_block_pp0_stage1_01001         |        or|   0|  0|   2|           1|           1|
    |or_ln554_1_fu_236_p2              |        or|   0|  0|   2|           1|           1|
    |or_ln554_2_fu_240_p2              |        or|   0|  0|   2|           1|           1|
    |or_ln554_fu_232_p2                |        or|   0|  0|   2|           1|           1|
    |ap_enable_pp0                     |       xor|   0|  0|   2|           1|           2|
    +----------------------------------+----------+----+---+----+------------+------------+
    |Total                             |          |   0|  0|  81|          58|          47|
    +----------------------------------+----------+----+---+----+------------+------------+

    * Multiplexer: 
    +----------------------------------------+----+-----------+-----+-----------+
    |                  Name                  | LUT| Input Size| Bits| Total Bits|
    +----------------------------------------+----+-----------+-----+-----------+
    |ap_NS_fsm                               |  25|          5|    1|          5|
    |ap_done_int                             |   9|          2|    1|          2|
    |ap_enable_reg_pp0_iter0                 |   9|          2|    1|          2|
    |ap_enable_reg_pp0_iter0_reg             |   9|          2|    1|          2|
    |ap_enable_reg_pp0_iter1                 |   9|          2|    1|          2|
    |ap_phi_reg_pp0_iter0_empty_136_reg_127  |   9|          2|    8|         16|
    |ap_phi_reg_pp0_iter1_empty_132_reg_169  |  14|          3|    8|         24|
    |ap_phi_reg_pp0_iter1_empty_133_reg_137  |  14|          3|    8|         24|
    |ap_phi_reg_pp0_iter1_empty_134_reg_148  |  14|          3|    8|         24|
    |ap_phi_reg_pp0_iter1_empty_reg_159      |  14|          3|    8|         24|
    |ap_sig_allocacmp_x                      |   9|          2|   13|         26|
    |bytePlanes_plane0_blk_n                 |   9|          2|    1|          2|
    |img_blk_n                               |   9|          2|    1|          2|
    |x_1_fu_70                               |   9|          2|   13|         26|
    +----------------------------------------+----+-----------+-----+-----------+
    |Total                                   | 162|         35|   73|        181|
    +----------------------------------------+----+-----------+-----+-----------+

    * Register: 
    +----------------------------------------+----+----+-----+-----------+
    |                  Name                  | FF | LUT| Bits| Const Bits|
    +----------------------------------------+----+----+-----+-----------+
    |ap_CS_fsm                               |   4|   0|    4|          0|
    |ap_done_reg                             |   1|   0|    1|          0|
    |ap_enable_reg_pp0_iter0_reg             |   1|   0|    1|          0|
    |ap_enable_reg_pp0_iter1                 |   1|   0|    1|          0|
    |ap_phi_reg_pp0_iter0_empty_135_reg_117  |   8|   0|    8|          0|
    |ap_phi_reg_pp0_iter0_empty_136_reg_127  |   8|   0|    8|          0|
    |ap_phi_reg_pp0_iter1_empty_132_reg_169  |   8|   0|    8|          0|
    |ap_phi_reg_pp0_iter1_empty_133_reg_137  |   8|   0|    8|          0|
    |ap_phi_reg_pp0_iter1_empty_134_reg_148  |   8|   0|    8|          0|
    |ap_phi_reg_pp0_iter1_empty_reg_159      |   8|   0|    8|          0|
    |cmp119_reg_301                          |   1|   0|    1|          0|
    |empty_133_reg_137                       |   8|   0|    8|          0|
    |empty_134_reg_148                       |   8|   0|    8|          0|
    |empty_135_reg_117                       |   8|   0|    8|          0|
    |empty_136_reg_127                       |   8|   0|    8|          0|
    |icmp_ln549_reg_297                      |   1|   0|    1|          0|
    |or_ln554_1_reg_324                      |   1|   0|    1|          0|
    |or_ln554_2_reg_328                      |   1|   0|    1|          0|
    |or_ln554_reg_320                        |   1|   0|    1|          0|
    |trunc_ln555_1_reg_314                   |   8|   0|    8|          0|
    |trunc_ln555_reg_308                     |   8|   0|    8|          0|
    |x_1_fu_70                               |  13|   0|   13|          0|
    +----------------------------------------+----+----+-----+-----------+
    |Total                                   | 121|   0|  121|          0|
    +----------------------------------------+----+----+-----+-----------+



================================================================
== Interface
================================================================
* Summary: 
+----------------------------------+-----+-----+------------+------------------------------------------------+--------------+
|             RTL Ports            | Dir | Bits|  Protocol  |                  Source Object                 |    C Type    |
+----------------------------------+-----+-----+------------+------------------------------------------------+--------------+
|ap_clk                            |   in|    1|  ap_ctrl_hs|  MultiPixStream2Bytes_Pipeline_VITIS_LOOP_549_5|  return value|
|ap_rst                            |   in|    1|  ap_ctrl_hs|  MultiPixStream2Bytes_Pipeline_VITIS_LOOP_549_5|  return value|
|ap_start                          |   in|    1|  ap_ctrl_hs|  MultiPixStream2Bytes_Pipeline_VITIS_LOOP_549_5|  return value|
|ap_done                           |  out|    1|  ap_ctrl_hs|  MultiPixStream2Bytes_Pipeline_VITIS_LOOP_549_5|  return value|
|ap_idle                           |  out|    1|  ap_ctrl_hs|  MultiPixStream2Bytes_Pipeline_VITIS_LOOP_549_5|  return value|
|ap_ready                          |  out|    1|  ap_ctrl_hs|  MultiPixStream2Bytes_Pipeline_VITIS_LOOP_549_5|  return value|
|img_dout                          |   in|   24|     ap_fifo|                                             img|       pointer|
|img_num_data_valid                |   in|    2|     ap_fifo|                                             img|       pointer|
|img_fifo_cap                      |   in|    2|     ap_fifo|                                             img|       pointer|
|img_empty_n                       |   in|    1|     ap_fifo|                                             img|       pointer|
|img_read                          |  out|    1|     ap_fifo|                                             img|       pointer|
|bytePlanes_plane0_din             |  out|   64|     ap_fifo|                               bytePlanes_plane0|       pointer|
|bytePlanes_plane0_num_data_valid  |   in|   11|     ap_fifo|                               bytePlanes_plane0|       pointer|
|bytePlanes_plane0_fifo_cap        |   in|   11|     ap_fifo|                               bytePlanes_plane0|       pointer|
|bytePlanes_plane0_full_n          |   in|    1|     ap_fifo|                               bytePlanes_plane0|       pointer|
|bytePlanes_plane0_write           |  out|    1|     ap_fifo|                               bytePlanes_plane0|       pointer|
|trunc_ln534_1                     |   in|   13|     ap_none|                                   trunc_ln534_1|        scalar|
|icmp_ln539                        |   in|    1|     ap_none|                                      icmp_ln539|        scalar|
|cmp121_2                          |   in|    1|     ap_none|                                        cmp121_2|        scalar|
|sub118_cast59                     |   in|   13|     ap_none|                                   sub118_cast59|        scalar|
|cmp121_1                          |   in|    1|     ap_none|                                        cmp121_1|        scalar|
+----------------------------------+-----+-----+------------+------------------------------------------------+--------------+

