
*** Running vivado
    with args -log system_rst_ps7_0_100M_0.vds -m64 -product Vivado -mode batch -messageDb vivado.pb -notrace -source system_rst_ps7_0_100M_0.tcl


Commande ECHO d‚sactiv‚e.
Commande ECHO d‚sactiv‚e.

****** Vivado v2023.2.2 (64-bit)
  **** SW Build 4081461 on Thu Dec 14 12:24:51 MST 2023
  **** IP Build 4126054 on Fri Feb  9 11:39:09 MST 2024
  **** SharedData Build 4115275 on Tue Jan 30 00:40:57 MST 2024
    ** Copyright 1986-2022 Xilinx, Inc. All Rights Reserved.
    ** Copyright 2022-2023 Advanced Micro Devices, Inc. All Rights Reserved.

source system_rst_ps7_0_100M_0.tcl -notrace
create_project: Time (s): cpu = 00:00:21 ; elapsed = 00:00:26 . Memory (MB): peak = 476.434 ; gain = 180.129
INFO: [IP_Flow 19-234] Refreshing IP repositories
INFO: [IP_Flow 19-1700] Loaded user IP repository 'c:/Users/hdway/Documents/vivado/TER/Zybo-Z7/hw/repo'.
INFO: [IP_Flow 19-1700] Loaded user IP repository 'c:/Users/hdway/Documents/vivado/TER/PetaENC_IP'.
INFO: [IP_Flow 19-1700] Loaded user IP repository 'c:/Users/hdway/Documents/vivado/vivado-library'.
INFO: [IP_Flow 19-2313] Loaded Vivado IP repository 'C:/Xilinx/Vivado/2023.2/data/ip'.
WARNING: [IP_Flow 19-1663] Duplicate IP found for 'digilentinc.com:IP:AXI_DPTI:1.1'. The one found in IP location 'c:/Users/hdway/Documents/vivado/TER/Zybo-Z7/hw/repo/vivado-library/ip/AXI_DPTI_1.0' will take precedence over the same IP in location c:/Users/hdway/Documents/vivado/vivado-library/ip/AXI_DPTI_1.0
WARNING: [IP_Flow 19-1663] Duplicate IP found for 'digilentinc.com:ip:axi_dynclk:1.2'. The one found in IP location 'c:/Users/hdway/Documents/vivado/TER/Zybo-Z7/hw/repo/vivado-library/ip/axi_dynclk' will take precedence over the same IP in location c:/Users/hdway/Documents/vivado/vivado-library/ip/axi_dynclk
WARNING: [IP_Flow 19-1663] Duplicate IP found for 'digilentinc.com:user:axi_i2s_adi:1.2'. The one found in IP location 'c:/Users/hdway/Documents/vivado/TER/Zybo-Z7/hw/repo/vivado-library/ip/axi_i2s_adi_1.2' will take precedence over the same IP in location c:/Users/hdway/Documents/vivado/vivado-library/ip/axi_i2s_adi_1.2
WARNING: [IP_Flow 19-1663] Duplicate IP found for 'digilentinc.com:IP:axi_ps2:1.0'. The one found in IP location 'c:/Users/hdway/Documents/vivado/TER/Zybo-Z7/hw/repo/vivado-library/ip/axi_ps2_1.0' will take precedence over the same IP in location c:/Users/hdway/Documents/vivado/vivado-library/ip/axi_ps2_1.0
WARNING: [IP_Flow 19-1663] Duplicate IP found for 'digilentinc.com:ip:clock_forwarder:1.1'. The one found in IP location 'c:/Users/hdway/Documents/vivado/TER/Zybo-Z7/hw/repo/vivado-library/ip/clock_forwarder' will take precedence over the same IP in location c:/Users/hdway/Documents/vivado/vivado-library/ip/clock_forwarder
WARNING: [IP_Flow 19-1663] Duplicate IP found for 'digilentinc.com:ip:dvi2rgb:2.0'. The one found in IP location 'c:/Users/hdway/Documents/vivado/TER/Zybo-Z7/hw/repo/vivado-library/ip/dvi2rgb' will take precedence over the same IP in location c:/Users/hdway/Documents/vivado/vivado-library/ip/dvi2rgb
WARNING: [IP_Flow 19-1663] Duplicate IP found for 'digilentinc.com:IP:hls_contrast_stretch:1.0'. The one found in IP location 'c:/Users/hdway/Documents/vivado/TER/Zybo-Z7/hw/repo/vivado-library/ip/hls_contrast_stretch_1_0' will take precedence over the same IP in location c:/Users/hdway/Documents/vivado/vivado-library/ip/hls_contrast_stretch_1_0
WARNING: [IP_Flow 19-1663] Duplicate IP found for 'digilentinc.com:IP:hls_gamma_correction:1.0'. The one found in IP location 'c:/Users/hdway/Documents/vivado/TER/Zybo-Z7/hw/repo/vivado-library/ip/hls_gamma_correction_1_0' will take precedence over the same IP in location c:/Users/hdway/Documents/vivado/vivado-library/ip/hls_gamma_correction_1_0
WARNING: [IP_Flow 19-1663] Duplicate IP found for 'digilentinc.com:IP:hls_saturation_enhance:1.0'. The one found in IP location 'c:/Users/hdway/Documents/vivado/TER/Zybo-Z7/hw/repo/vivado-library/ip/hls_saturation_enhance_1_0' will take precedence over the same IP in location c:/Users/hdway/Documents/vivado/vivado-library/ip/hls_saturation_enhance_1_0
WARNING: [IP_Flow 19-1663] Duplicate IP found for 'digilentinc.com:ip:MIPI_CSI_2_RX:1.2'. The one found in IP location 'c:/Users/hdway/Documents/vivado/TER/Zybo-Z7/hw/repo/vivado-library/ip/MIPI_CSI_2_RX' will take precedence over the same IP in location c:/Users/hdway/Documents/vivado/vivado-library/ip/MIPI_CSI_2_RX
WARNING: [IP_Flow 19-1663] Duplicate IP found for 'digilentinc.com:ip:MIPI_D_PHY_RX:1.3'. The one found in IP location 'c:/Users/hdway/Documents/vivado/TER/Zybo-Z7/hw/repo/vivado-library/ip/MIPI_D_PHY_RX' will take precedence over the same IP in location c:/Users/hdway/Documents/vivado/vivado-library/ip/MIPI_D_PHY_RX
WARNING: [IP_Flow 19-1663] Duplicate IP found for 'digilentinc.com:IP:MotorFeedback:1.0'. The one found in IP location 'c:/Users/hdway/Documents/vivado/TER/Zybo-Z7/hw/repo/vivado-library/ip/MotorFeedback_1.0' will take precedence over the same IP in location c:/Users/hdway/Documents/vivado/vivado-library/ip/MotorFeedback_1.0
WARNING: [IP_Flow 19-1663] Duplicate IP found for 'digilentinc.com:IP:PmodACL2:1.0'. The one found in IP location 'c:/Users/hdway/Documents/vivado/TER/Zybo-Z7/hw/repo/vivado-library/ip/Pmods/PmodACL2_v1_0' will take precedence over the same IP in location c:/Users/hdway/Documents/vivado/vivado-library/ip/Pmods/PmodACL2_v1_0
WARNING: [IP_Flow 19-1663] Duplicate IP found for 'digilentinc.com:IP:PmodACL:1.0'. The one found in IP location 'c:/Users/hdway/Documents/vivado/TER/Zybo-Z7/hw/repo/vivado-library/ip/Pmods/PmodACL_v1_0' will take precedence over the same IP in location c:/Users/hdway/Documents/vivado/vivado-library/ip/Pmods/PmodACL_v1_0
WARNING: [IP_Flow 19-1663] Duplicate IP found for 'digilentinc.com:IP:PmodAD1:1.0'. The one found in IP location 'c:/Users/hdway/Documents/vivado/TER/Zybo-Z7/hw/repo/vivado-library/ip/Pmods/PmodAD1_v1_0' will take precedence over the same IP in location c:/Users/hdway/Documents/vivado/vivado-library/ip/Pmods/PmodAD1_v1_0
WARNING: [IP_Flow 19-1663] Duplicate IP found for 'digilentinc.com:IP:PmodAD2:1.0'. The one found in IP location 'c:/Users/hdway/Documents/vivado/TER/Zybo-Z7/hw/repo/vivado-library/ip/Pmods/PmodAD2_v1_0' will take precedence over the same IP in location c:/Users/hdway/Documents/vivado/vivado-library/ip/Pmods/PmodAD2_v1_0
WARNING: [IP_Flow 19-1663] Duplicate IP found for 'digilentinc.com:IP:PmodAD5:1.0'. The one found in IP location 'c:/Users/hdway/Documents/vivado/TER/Zybo-Z7/hw/repo/vivado-library/ip/Pmods/PmodAD5_v1_0' will take precedence over the same IP in location c:/Users/hdway/Documents/vivado/vivado-library/ip/Pmods/PmodAD5_v1_0
WARNING: [IP_Flow 19-1663] Duplicate IP found for 'digilentinc.com:IP:PmodALS:1.0'. The one found in IP location 'c:/Users/hdway/Documents/vivado/TER/Zybo-Z7/hw/repo/vivado-library/ip/Pmods/PmodALS_v1_0' will take precedence over the same IP in location c:/Users/hdway/Documents/vivado/vivado-library/ip/Pmods/PmodALS_v1_0
WARNING: [IP_Flow 19-1663] Duplicate IP found for 'digilentinc.com:IP:PmodAMP2:1.0'. The one found in IP location 'c:/Users/hdway/Documents/vivado/TER/Zybo-Z7/hw/repo/vivado-library/ip/Pmods/PmodAMP2_v1_0' will take precedence over the same IP in location c:/Users/hdway/Documents/vivado/vivado-library/ip/Pmods/PmodAMP2_v1_0
WARNING: [IP_Flow 19-1663] Duplicate IP found for 'digilentinc.com:IP:PmodAQS:1.0'. The one found in IP location 'c:/Users/hdway/Documents/vivado/TER/Zybo-Z7/hw/repo/vivado-library/ip/Pmods/PmodAQS_v1_0' will take precedence over the same IP in location c:/Users/hdway/Documents/vivado/vivado-library/ip/Pmods/PmodAQS_v1_0
WARNING: [IP_Flow 19-1663] Duplicate IP found for 'digilentinc.com:IP:PmodBLE:1.0'. The one found in IP location 'c:/Users/hdway/Documents/vivado/TER/Zybo-Z7/hw/repo/vivado-library/ip/Pmods/PmodBLE_v1_0' will take precedence over the same IP in location c:/Users/hdway/Documents/vivado/vivado-library/ip/Pmods/PmodBLE_v1_0
WARNING: [IP_Flow 19-1663] Duplicate IP found for 'digilentinc.com:IP:PmodBT2:1.0'. The one found in IP location 'c:/Users/hdway/Documents/vivado/TER/Zybo-Z7/hw/repo/vivado-library/ip/Pmods/PmodBT2_v1_0' will take precedence over the same IP in location c:/Users/hdway/Documents/vivado/vivado-library/ip/Pmods/PmodBT2_v1_0
WARNING: [IP_Flow 19-1663] Duplicate IP found for 'digilentinc.com:IP:PmodCAN:1.0'. The one found in IP location 'c:/Users/hdway/Documents/vivado/TER/Zybo-Z7/hw/repo/vivado-library/ip/Pmods/PmodCAN_v1_0' will take precedence over the same IP in location c:/Users/hdway/Documents/vivado/vivado-library/ip/Pmods/PmodCAN_v1_0
WARNING: [IP_Flow 19-1663] Duplicate IP found for 'digilentinc.com:IP:PmodCLS:1.0'. The one found in IP location 'c:/Users/hdway/Documents/vivado/TER/Zybo-Z7/hw/repo/vivado-library/ip/Pmods/PmodCLS_v1_0' will take precedence over the same IP in location c:/Users/hdway/Documents/vivado/vivado-library/ip/Pmods/PmodCLS_v1_0
WARNING: [IP_Flow 19-1663] Duplicate IP found for 'digilentinc.com:IP:PmodCMPS2:1.0'. The one found in IP location 'c:/Users/hdway/Documents/vivado/TER/Zybo-Z7/hw/repo/vivado-library/ip/Pmods/PmodCMPS2_v1_0' will take precedence over the same IP in location c:/Users/hdway/Documents/vivado/vivado-library/ip/Pmods/PmodCMPS2_v1_0
WARNING: [IP_Flow 19-1663] Duplicate IP found for 'digilentinc.com:IP:PmodCOLOR:1.0'. The one found in IP location 'c:/Users/hdway/Documents/vivado/TER/Zybo-Z7/hw/repo/vivado-library/ip/Pmods/PmodCOLOR_v1_0' will take precedence over the same IP in location c:/Users/hdway/Documents/vivado/vivado-library/ip/Pmods/PmodCOLOR_v1_0
WARNING: [IP_Flow 19-1663] Duplicate IP found for 'digilentinc.com:IP:PmodDA1:1.0'. The one found in IP location 'c:/Users/hdway/Documents/vivado/TER/Zybo-Z7/hw/repo/vivado-library/ip/Pmods/PmodDA1_v1_0' will take precedence over the same IP in location c:/Users/hdway/Documents/vivado/vivado-library/ip/Pmods/PmodDA1_v1_0
WARNING: [IP_Flow 19-1663] Duplicate IP found for 'digilentinc.com:IP:PmodDHB1:1.0'. The one found in IP location 'c:/Users/hdway/Documents/vivado/TER/Zybo-Z7/hw/repo/vivado-library/ip/Pmods/PmodDHB1_v1_0' will take precedence over the same IP in location c:/Users/hdway/Documents/vivado/vivado-library/ip/Pmods/PmodDHB1_v1_0
WARNING: [IP_Flow 19-1663] Duplicate IP found for 'digilentinc.com:IP:PmodDPG1:1.0'. The one found in IP location 'c:/Users/hdway/Documents/vivado/TER/Zybo-Z7/hw/repo/vivado-library/ip/Pmods/PmodDPG1_v1_0' will take precedence over the same IP in location c:/Users/hdway/Documents/vivado/vivado-library/ip/Pmods/PmodDPG1_v1_0
WARNING: [IP_Flow 19-1663] Duplicate IP found for 'digilentinc.com:IP:PmodENC:1.0'. The one found in IP location 'c:/Users/hdway/Documents/vivado/TER/Zybo-Z7/hw/repo/vivado-library/ip/Pmods/PmodENC_v1_0' will take precedence over the same IP in location c:/Users/hdway/Documents/vivado/vivado-library/ip/Pmods/PmodENC_v1_0
WARNING: [IP_Flow 19-1663] Duplicate IP found for 'digilentinc.com:user:PmodESP32:1.0'. The one found in IP location 'c:/Users/hdway/Documents/vivado/TER/Zybo-Z7/hw/repo/vivado-library/ip/Pmods/PmodESP32_v1_0' will take precedence over the same IP in location c:/Users/hdway/Documents/vivado/vivado-library/ip/Pmods/PmodESP32_v1_0
WARNING: [IP_Flow 19-1663] Duplicate IP found for 'digilentinc.com:IP:PmodGPIO:1.0'. The one found in IP location 'c:/Users/hdway/Documents/vivado/TER/Zybo-Z7/hw/repo/vivado-library/ip/Pmods/PmodGPIO_v1_0' will take precedence over the same IP in location c:/Users/hdway/Documents/vivado/vivado-library/ip/Pmods/PmodGPIO_v1_0
WARNING: [IP_Flow 19-1663] Duplicate IP found for 'digilentinc.com:IP:PmodGPS:1.1'. The one found in IP location 'c:/Users/hdway/Documents/vivado/TER/Zybo-Z7/hw/repo/vivado-library/ip/Pmods/PmodGPS_v1_1' will take precedence over the same IP in location c:/Users/hdway/Documents/vivado/vivado-library/ip/Pmods/PmodGPS_v1_1
WARNING: [IP_Flow 19-1663] Duplicate IP found for 'digilentinc.com:IP:PmodGYRO:1.0'. The one found in IP location 'c:/Users/hdway/Documents/vivado/TER/Zybo-Z7/hw/repo/vivado-library/ip/Pmods/PmodGYRO_v1_0' will take precedence over the same IP in location c:/Users/hdway/Documents/vivado/vivado-library/ip/Pmods/PmodGYRO_v1_0
WARNING: [IP_Flow 19-1663] Duplicate IP found for 'digilentinc.com:IP:PmodHYGRO:1.0'. The one found in IP location 'c:/Users/hdway/Documents/vivado/TER/Zybo-Z7/hw/repo/vivado-library/ip/Pmods/PmodHYGRO_v1_0' will take precedence over the same IP in location c:/Users/hdway/Documents/vivado/vivado-library/ip/Pmods/PmodHYGRO_v1_0
WARNING: [IP_Flow 19-1663] Duplicate IP found for 'digilentinc.com:IP:PmodJSTK2:1.0'. The one found in IP location 'c:/Users/hdway/Documents/vivado/TER/Zybo-Z7/hw/repo/vivado-library/ip/Pmods/PmodJSTK2_v1_0' will take precedence over the same IP in location c:/Users/hdway/Documents/vivado/vivado-library/ip/Pmods/PmodJSTK2_v1_0
WARNING: [IP_Flow 19-1663] Duplicate IP found for 'digilentinc.com:IP:PmodJSTK:1.0'. The one found in IP location 'c:/Users/hdway/Documents/vivado/TER/Zybo-Z7/hw/repo/vivado-library/ip/Pmods/PmodJSTK_v1_0' will take precedence over the same IP in location c:/Users/hdway/Documents/vivado/vivado-library/ip/Pmods/PmodJSTK_v1_0
WARNING: [IP_Flow 19-1663] Duplicate IP found for 'digilentinc.com:IP:PmodKYPD:1.0'. The one found in IP location 'c:/Users/hdway/Documents/vivado/TER/Zybo-Z7/hw/repo/vivado-library/ip/Pmods/PmodKYPD_v1_0' will take precedence over the same IP in location c:/Users/hdway/Documents/vivado/vivado-library/ip/Pmods/PmodKYPD_v1_0
WARNING: [IP_Flow 19-1663] Duplicate IP found for 'digilentinc.com:IP:PmodMAXSONAR:1.0'. The one found in IP location 'c:/Users/hdway/Documents/vivado/TER/Zybo-Z7/hw/repo/vivado-library/ip/Pmods/PmodMAXSONAR_v1_0' will take precedence over the same IP in location c:/Users/hdway/Documents/vivado/vivado-library/ip/Pmods/PmodMAXSONAR_v1_0
WARNING: [IP_Flow 19-1663] Duplicate IP found for 'digilentinc.com:IP:PmodMTDS:1.0'. The one found in IP location 'c:/Users/hdway/Documents/vivado/TER/Zybo-Z7/hw/repo/vivado-library/ip/Pmods/PmodMTDS_v1_0' will take precedence over the same IP in location c:/Users/hdway/Documents/vivado/vivado-library/ip/Pmods/PmodMTDS_v1_0
WARNING: [IP_Flow 19-1663] Duplicate IP found for 'digilentinc.com:IP:PmodNAV:1.0'. The one found in IP location 'c:/Users/hdway/Documents/vivado/TER/Zybo-Z7/hw/repo/vivado-library/ip/Pmods/PmodNAV_v1_0' will take precedence over the same IP in location c:/Users/hdway/Documents/vivado/vivado-library/ip/Pmods/PmodNAV_v1_0
WARNING: [IP_Flow 19-1663] Duplicate IP found for 'digilentinc.com:IP:PmodOLEDrgb:1.0'. The one found in IP location 'c:/Users/hdway/Documents/vivado/TER/Zybo-Z7/hw/repo/vivado-library/ip/Pmods/pmodOLEDrgb_v1_0' will take precedence over the same IP in location c:/Users/hdway/Documents/vivado/vivado-library/ip/Pmods/pmodOLEDrgb_v1_0
WARNING: [IP_Flow 19-1663] Duplicate IP found for 'digilentinc.com:IP:PmodOLED:1.0'. The one found in IP location 'c:/Users/hdway/Documents/vivado/TER/Zybo-Z7/hw/repo/vivado-library/ip/Pmods/PmodOLED_v1_0' will take precedence over the same IP in location c:/Users/hdway/Documents/vivado/vivado-library/ip/Pmods/PmodOLED_v1_0
WARNING: [IP_Flow 19-1663] Duplicate IP found for 'digilentinc.com:IP:PmodPIR:1.0'. The one found in IP location 'c:/Users/hdway/Documents/vivado/TER/Zybo-Z7/hw/repo/vivado-library/ip/Pmods/PmodPIR_v1_0' will take precedence over the same IP in location c:/Users/hdway/Documents/vivado/vivado-library/ip/Pmods/PmodPIR_v1_0
WARNING: [IP_Flow 19-1663] Duplicate IP found for 'digilentinc.com:IP:PmodR2R:1.0'. The one found in IP location 'c:/Users/hdway/Documents/vivado/TER/Zybo-Z7/hw/repo/vivado-library/ip/Pmods/PmodR2R_v1_0' will take precedence over the same IP in location c:/Users/hdway/Documents/vivado/vivado-library/ip/Pmods/PmodR2R_v1_0
WARNING: [IP_Flow 19-1663] Duplicate IP found for 'digilentinc.com:IP:PmodRTCC:1.0'. The one found in IP location 'c:/Users/hdway/Documents/vivado/TER/Zybo-Z7/hw/repo/vivado-library/ip/Pmods/PmodRTCC_v1_0' will take precedence over the same IP in location c:/Users/hdway/Documents/vivado/vivado-library/ip/Pmods/PmodRTCC_v1_0
WARNING: [IP_Flow 19-1663] Duplicate IP found for 'digilentinc.com:IP:PmodSD:1.0'. The one found in IP location 'c:/Users/hdway/Documents/vivado/TER/Zybo-Z7/hw/repo/vivado-library/ip/Pmods/PmodSD_v1_0' will take precedence over the same IP in location c:/Users/hdway/Documents/vivado/vivado-library/ip/Pmods/PmodSD_v1_0
WARNING: [IP_Flow 19-1663] Duplicate IP found for 'digilentinc.com:IP:PmodSF3:1.0'. The one found in IP location 'c:/Users/hdway/Documents/vivado/TER/Zybo-Z7/hw/repo/vivado-library/ip/Pmods/PmodSF3_v1_0' will take precedence over the same IP in location c:/Users/hdway/Documents/vivado/vivado-library/ip/Pmods/PmodSF3_v1_0
WARNING: [IP_Flow 19-1663] Duplicate IP found for 'digilentinc.com:IP:PmodTC1:1.0'. The one found in IP location 'c:/Users/hdway/Documents/vivado/TER/Zybo-Z7/hw/repo/vivado-library/ip/Pmods/PmodTC1_v1_0' will take precedence over the same IP in location c:/Users/hdway/Documents/vivado/vivado-library/ip/Pmods/PmodTC1_v1_0
WARNING: [IP_Flow 19-1663] Duplicate IP found for 'digilentinc.com:IP:PmodTMP3:1.0'. The one found in IP location 'c:/Users/hdway/Documents/vivado/TER/Zybo-Z7/hw/repo/vivado-library/ip/Pmods/PmodTMP3_v1_0' will take precedence over the same IP in location c:/Users/hdway/Documents/vivado/vivado-library/ip/Pmods/PmodTMP3_v1_0
WARNING: [IP_Flow 19-1663] Duplicate IP found for 'digilentinc.com:IP:PmodWIFI:1.0'. The one found in IP location 'c:/Users/hdway/Documents/vivado/TER/Zybo-Z7/hw/repo/vivado-library/ip/Pmods/PmodWIFI_v1_0' will take precedence over the same IP in location c:/Users/hdway/Documents/vivado/vivado-library/ip/Pmods/PmodWIFI_v1_0
WARNING: [IP_Flow 19-1663] Duplicate IP found for 'digilentinc.com:ip:pmod_bridge:1.0'. The one found in IP location 'c:/Users/hdway/Documents/vivado/TER/Zybo-Z7/hw/repo/vivado-library/ip/Pmods/Pmod_Bridge_v1_0' will take precedence over the same IP in location c:/Users/hdway/Documents/vivado/vivado-library/ip/Pmods/Pmod_Bridge_v1_0
WARNING: [IP_Flow 19-1663] Duplicate IP found for 'digilentinc.com:ip:pmod_bridge:1.1'. The one found in IP location 'c:/Users/hdway/Documents/vivado/TER/Zybo-Z7/hw/repo/vivado-library/ip/Pmods/Pmod_Bridge_v1_1' will take precedence over the same IP in location c:/Users/hdway/Documents/vivado/vivado-library/ip/Pmods/Pmod_Bridge_v1_1
WARNING: [IP_Flow 19-1663] Duplicate IP found for 'digilentinc.com:IP:PWM:1.0'. The one found in IP location 'c:/Users/hdway/Documents/vivado/TER/Zybo-Z7/hw/repo/vivado-library/ip/PWM_1.0' will take precedence over the same IP in location c:/Users/hdway/Documents/vivado/vivado-library/ip/PWM_1.0
WARNING: [IP_Flow 19-1663] Duplicate IP found for 'digilentinc.com:IP:PWM:2.0'. The one found in IP location 'c:/Users/hdway/Documents/vivado/TER/Zybo-Z7/hw/repo/vivado-library/ip/PWM_2.0' will take precedence over the same IP in location c:/Users/hdway/Documents/vivado/vivado-library/ip/PWM_2.0
WARNING: [IP_Flow 19-1663] Duplicate IP found for 'digilentinc.com:IP:PWM_Analyzer:1.0'. The one found in IP location 'c:/Users/hdway/Documents/vivado/TER/Zybo-Z7/hw/repo/vivado-library/ip/PWM_Analyzer_1.0' will take precedence over the same IP in location c:/Users/hdway/Documents/vivado/vivado-library/ip/PWM_Analyzer_1.0
WARNING: [IP_Flow 19-1663] Duplicate IP found for 'digilentinc.com:ip:rgb2dpvid:1.0'. The one found in IP location 'c:/Users/hdway/Documents/vivado/TER/Zybo-Z7/hw/repo/vivado-library/ip/rgb2dpvid_v1_0' will take precedence over the same IP in location c:/Users/hdway/Documents/vivado/vivado-library/ip/rgb2dpvid_v1_0
WARNING: [IP_Flow 19-1663] Duplicate IP found for 'digilentinc.com:ip:rgb2dvi:1.4'. The one found in IP location 'c:/Users/hdway/Documents/vivado/TER/Zybo-Z7/hw/repo/vivado-library/ip/rgb2dvi' will take precedence over the same IP in location c:/Users/hdway/Documents/vivado/vivado-library/ip/rgb2dvi
WARNING: [IP_Flow 19-1663] Duplicate IP found for 'digilentinc.com:ip:rgb2vga:1.0'. The one found in IP location 'c:/Users/hdway/Documents/vivado/TER/Zybo-Z7/hw/repo/vivado-library/ip/rgb2vga_v1_0' will take precedence over the same IP in location c:/Users/hdway/Documents/vivado/vivado-library/ip/rgb2vga_v1_0
WARNING: [IP_Flow 19-1663] Duplicate IP found for 'digilentinc.com:ip:Sync:1.0'. The one found in IP location 'c:/Users/hdway/Documents/vivado/TER/Zybo-Z7/hw/repo/vivado-library/ip/Sync_v1_0' will take precedence over the same IP in location c:/Users/hdway/Documents/vivado/vivado-library/ip/Sync_v1_0
WARNING: [IP_Flow 19-1663] Duplicate IP found for 'digilentinc.com:ip:usb2device:1.0'. The one found in IP location 'c:/Users/hdway/Documents/vivado/TER/Zybo-Z7/hw/repo/vivado-library/ip/usb2device_v1_0' will take precedence over the same IP in location c:/Users/hdway/Documents/vivado/vivado-library/ip/usb2device_v1_0
WARNING: [IP_Flow 19-1663] Duplicate IP found for 'digilentinc.com:video:video_scaler:1.0'. The one found in IP location 'c:/Users/hdway/Documents/vivado/TER/Zybo-Z7/hw/repo/vivado-library/ip/video_scaler' will take precedence over the same IP in location c:/Users/hdway/Documents/vivado/vivado-library/ip/video_scaler
WARNING: [IP_Flow 19-4830] Duplicate Interface found for 'digilentinc.com:interface:pmod:1.0'. The one found in location 'c:/Users/hdway/Documents/vivado/TER/Zybo-Z7/hw/repo/vivado-library/if/pmod_v1_0/pmod.xml' will take precedence over the same Interface in location 'c:/Users/hdway/Documents/vivado/vivado-library/if/pmod_v1_0/pmod.xml'
WARNING: [IP_Flow 19-4830] Duplicate Interface found for 'digilentinc.com:interface:tmds:1.0'. The one found in location 'c:/Users/hdway/Documents/vivado/TER/Zybo-Z7/hw/repo/vivado-library/if/tmds_v1_0/tmds.xml' will take precedence over the same Interface in location 'c:/Users/hdway/Documents/vivado/vivado-library/if/tmds_v1_0/tmds.xml'
update_ip_catalog: Time (s): cpu = 00:00:05 ; elapsed = 00:00:10 . Memory (MB): peak = 485.441 ; gain = 9.008
WARNING: [IP_Flow 19-4995] The host OS only allows 260 characters in a normal path. The IP cache path is more than 80 characters. If you experience issues with IP caching, please consider changing the IP cache to a location with a shorter path. Alternately consider using the OS subst command to map part of the path to a drive letter. 
Current IP cache path is c:/Users/hdway/Documents/vivado/TER/PmodENC_Linux/hw_with_enc/hw_with_enc.cache/ip 
INFO: [IP_Flow 19-6924] IPCACHE: Running cache check for IP inst: system_rst_ps7_0_100M_0
INFO: [IP_Flow 19-6922] IPCACHE: Exporting cached entry f9fc205f57b03570 to dir: C:/Users/hdway/Documents/vivado/TER/PmodENC_Linux/hw_with_enc/hw_with_enc.runs/system_rst_ps7_0_100M_0_synth_1
INFO: [IP_Flow 19-6928] IPCACHE: copied cached file c:/Users/hdway/Documents/vivado/TER/PmodENC_Linux/hw_with_enc/hw_with_enc.cache/ip/2023.2.2/f/9/f9fc205f57b03570/system_proc_sys_reset_0_0.dcp to C:/Users/hdway/Documents/vivado/TER/PmodENC_Linux/hw_with_enc/hw_with_enc.runs/system_rst_ps7_0_100M_0_synth_1/system_rst_ps7_0_100M_0.dcp.
INFO: [IP_Flow 19-6928] IPCACHE: copied cached file c:/Users/hdway/Documents/vivado/TER/PmodENC_Linux/hw_with_enc/hw_with_enc.cache/ip/2023.2.2/f/9/f9fc205f57b03570/system_proc_sys_reset_0_0_sim_netlist.v to C:/Users/hdway/Documents/vivado/TER/PmodENC_Linux/hw_with_enc/hw_with_enc.runs/system_rst_ps7_0_100M_0_synth_1/system_rst_ps7_0_100M_0_sim_netlist.v.
INFO: [IP_Flow 19-6928] IPCACHE: copied cached file c:/Users/hdway/Documents/vivado/TER/PmodENC_Linux/hw_with_enc/hw_with_enc.cache/ip/2023.2.2/f/9/f9fc205f57b03570/system_proc_sys_reset_0_0_sim_netlist.vhdl to C:/Users/hdway/Documents/vivado/TER/PmodENC_Linux/hw_with_enc/hw_with_enc.runs/system_rst_ps7_0_100M_0_synth_1/system_rst_ps7_0_100M_0_sim_netlist.vhdl.
INFO: [IP_Flow 19-6928] IPCACHE: copied cached file c:/Users/hdway/Documents/vivado/TER/PmodENC_Linux/hw_with_enc/hw_with_enc.cache/ip/2023.2.2/f/9/f9fc205f57b03570/system_proc_sys_reset_0_0_stub.v to C:/Users/hdway/Documents/vivado/TER/PmodENC_Linux/hw_with_enc/hw_with_enc.runs/system_rst_ps7_0_100M_0_synth_1/system_rst_ps7_0_100M_0_stub.v.
INFO: [IP_Flow 19-6928] IPCACHE: copied cached file c:/Users/hdway/Documents/vivado/TER/PmodENC_Linux/hw_with_enc/hw_with_enc.cache/ip/2023.2.2/f/9/f9fc205f57b03570/system_proc_sys_reset_0_0_stub.vhdl to C:/Users/hdway/Documents/vivado/TER/PmodENC_Linux/hw_with_enc/hw_with_enc.runs/system_rst_ps7_0_100M_0_synth_1/system_rst_ps7_0_100M_0_stub.vhdl.
INFO: [IP_Flow 19-4838] Using cached IP synthesis design for IP system_rst_ps7_0_100M_0, cache-ID = f9fc205f57b03570.
INFO: [Common 17-206] Exiting Vivado at Wed Jun 19 16:37:33 2024...
