
*** Running vivado
    with args -log system_util_ds_buf_fclk1_0.vds -m64 -product Vivado -mode batch -messageDb vivado.pb -notrace -source system_util_ds_buf_fclk1_0.tcl


Commande ECHO d‚sactiv‚e.
Commande ECHO d‚sactiv‚e.

****** Vivado v2023.2.2 (64-bit)
  **** SW Build 4081461 on Thu Dec 14 12:24:51 MST 2023
  **** IP Build 4126054 on Fri Feb  9 11:39:09 MST 2024
  **** SharedData Build 4115275 on Tue Jan 30 00:40:57 MST 2024
    ** Copyright 1986-2022 Xilinx, Inc. All Rights Reserved.
    ** Copyright 2022-2023 Advanced Micro Devices, Inc. All Rights Reserved.

source system_util_ds_buf_fclk1_0.tcl -notrace
create_project: Time (s): cpu = 00:00:21 ; elapsed = 00:00:27 . Memory (MB): peak = 474.602 ; gain = 179.254
INFO: [IP_Flow 19-234] Refreshing IP repositories
INFO: [IP_Flow 19-1700] Loaded user IP repository 'c:/Users/hdway/Documents/vivado/TER/Zybo-Z7/hw/repo'.
INFO: [IP_Flow 19-1700] Loaded user IP repository 'c:/Users/hdway/Documents/vivado/TER/PetaENC_IP'.
INFO: [IP_Flow 19-1700] Loaded user IP repository 'c:/Users/hdway/Documents/vivado/vivado-library'.
INFO: [IP_Flow 19-2313] Loaded Vivado IP repository 'C:/Xilinx/Vivado/2023.2/data/ip'.
WARNING: [IP_Flow 19-1663] Duplicate IP found for 'digilentinc.com:IP:AXI_DPTI:1.1'. The one found in IP location 'c:/Users/hdway/Documents/vivado/TER/Zybo-Z7/hw/repo/vivado-library/ip/AXI_DPTI_1.0' will take precedence over the same IP in location c:/Users/hdway/Documents/vivado/vivado-library/ip/AXI_DPTI_1.0
WARNING: [IP_Flow 19-1663] Duplicate IP found for 'digilentinc.com:ip:axi_dynclk:1.2'. The one found in IP location 'c:/Users/hdway/Documents/vivado/TER/Zybo-Z7/hw/repo/vivado-library/ip/axi_dynclk' will take precedence over the same IP in location c:/Users/hdway/Documents/vivado/vivado-library/ip/axi_dynclk
WARNING: [IP_Flow 19-1663] Duplicate IP found for 'digilentinc.com:user:axi_i2s_adi:1.2'. The one found in IP location 'c:/Users/hdway/Documents/vivado/TER/Zybo-Z7/hw/repo/vivado-library/ip/axi_i2s_adi_1.2' will take precedence over the same IP in location c:/Users/hdway/Documents/vivado/vivado-library/ip/axi_i2s_adi_1.2
WARNING: [IP_Flow 19-1663] Duplicate IP found for 'digilentinc.com:IP:axi_ps2:1.0'. The one found in IP location 'c:/Users/hdway/Documents/vivado/TER/Zybo-Z7/hw/repo/vivado-library/ip/axi_ps2_1.0' will take precedence over the same IP in location c:/Users/hdway/Documents/vivado/vivado-library/ip/axi_ps2_1.0
WARNING: [IP_Flow 19-1663] Duplicate IP found for 'digilentinc.com:ip:clock_forwarder:1.1'. The one found in IP location 'c:/Users/hdway/Documents/vivado/TER/Zybo-Z7/hw/repo/vivado-library/ip/clock_forwarder' will take precedence over the same IP in location c:/Users/hdway/Documents/vivado/vivado-library/ip/clock_forwarder
WARNING: [IP_Flow 19-1663] Duplicate IP found for 'digilentinc.com:ip:dvi2rgb:2.0'. The one found in IP location 'c:/Users/hdway/Documents/vivado/TER/Zybo-Z7/hw/repo/vivado-library/ip/dvi2rgb' will take precedence over the same IP in location c:/Users/hdway/Documents/vivado/vivado-library/ip/dvi2rgb
WARNING: [IP_Flow 19-1663] Duplicate IP found for 'digilentinc.com:IP:hls_contrast_stretch:1.0'. The one found in IP location 'c:/Users/hdway/Documents/vivado/TER/Zybo-Z7/hw/repo/vivado-library/ip/hls_contrast_stretch_1_0' will take precedence over the same IP in location c:/Users/hdway/Documents/vivado/vivado-library/ip/hls_contrast_stretch_1_0
WARNING: [IP_Flow 19-1663] Duplicate IP found for 'digilentinc.com:IP:hls_gamma_correction:1.0'. The one found in IP location 'c:/Users/hdway/Documents/vivado/TER/Zybo-Z7/hw/repo/vivado-library/ip/hls_gamma_correction_1_0' will take precedence over the same IP in location c:/Users/hdway/Documents/vivado/vivado-library/ip/hls_gamma_correction_1_0
WARNING: [IP_Flow 19-1663] Duplicate IP found for 'digilentinc.com:IP:hls_saturation_enhance:1.0'. The one found in IP location 'c:/Users/hdway/Documents/vivado/TER/Zybo-Z7/hw/repo/vivado-library/ip/hls_saturation_enhance_1_0' will take precedence over the same IP in location c:/Users/hdway/Documents/vivado/vivado-library/ip/hls_saturation_enhance_1_0
WARNING: [IP_Flow 19-1663] Duplicate IP found for 'digilentinc.com:ip:MIPI_CSI_2_RX:1.2'. The one found in IP location 'c:/Users/hdway/Documents/vivado/TER/Zybo-Z7/hw/repo/vivado-library/ip/MIPI_CSI_2_RX' will take precedence over the same IP in location c:/Users/hdway/Documents/vivado/vivado-library/ip/MIPI_CSI_2_RX
WARNING: [IP_Flow 19-1663] Duplicate IP found for 'digilentinc.com:ip:MIPI_D_PHY_RX:1.3'. The one found in IP location 'c:/Users/hdway/Documents/vivado/TER/Zybo-Z7/hw/repo/vivado-library/ip/MIPI_D_PHY_RX' will take precedence over the same IP in location c:/Users/hdway/Documents/vivado/vivado-library/ip/MIPI_D_PHY_RX
WARNING: [IP_Flow 19-1663] Duplicate IP found for 'digilentinc.com:IP:MotorFeedback:1.0'. The one found in IP location 'c:/Users/hdway/Documents/vivado/TER/Zybo-Z7/hw/repo/vivado-library/ip/MotorFeedback_1.0' will take precedence over the same IP in location c:/Users/hdway/Documents/vivado/vivado-library/ip/MotorFeedback_1.0
WARNING: [IP_Flow 19-1663] Duplicate IP found for 'digilentinc.com:IP:PmodACL2:1.0'. The one found in IP location 'c:/Users/hdway/Documents/vivado/TER/Zybo-Z7/hw/repo/vivado-library/ip/Pmods/PmodACL2_v1_0' will take precedence over the same IP in location c:/Users/hdway/Documents/vivado/vivado-library/ip/Pmods/PmodACL2_v1_0
WARNING: [IP_Flow 19-1663] Duplicate IP found for 'digilentinc.com:IP:PmodACL:1.0'. The one found in IP location 'c:/Users/hdway/Documents/vivado/TER/Zybo-Z7/hw/repo/vivado-library/ip/Pmods/PmodACL_v1_0' will take precedence over the same IP in location c:/Users/hdway/Documents/vivado/vivado-library/ip/Pmods/PmodACL_v1_0
WARNING: [IP_Flow 19-1663] Duplicate IP found for 'digilentinc.com:IP:PmodAD1:1.0'. The one found in IP location 'c:/Users/hdway/Documents/vivado/TER/Zybo-Z7/hw/repo/vivado-library/ip/Pmods/PmodAD1_v1_0' will take precedence over the same IP in location c:/Users/hdway/Documents/vivado/vivado-library/ip/Pmods/PmodAD1_v1_0
WARNING: [IP_Flow 19-1663] Duplicate IP found for 'digilentinc.com:IP:PmodAD2:1.0'. The one found in IP location 'c:/Users/hdway/Documents/vivado/TER/Zybo-Z7/hw/repo/vivado-library/ip/Pmods/PmodAD2_v1_0' will take precedence over the same IP in location c:/Users/hdway/Documents/vivado/vivado-library/ip/Pmods/PmodAD2_v1_0
WARNING: [IP_Flow 19-1663] Duplicate IP found for 'digilentinc.com:IP:PmodAD5:1.0'. The one found in IP location 'c:/Users/hdway/Documents/vivado/TER/Zybo-Z7/hw/repo/vivado-library/ip/Pmods/PmodAD5_v1_0' will take precedence over the same IP in location c:/Users/hdway/Documents/vivado/vivado-library/ip/Pmods/PmodAD5_v1_0
WARNING: [IP_Flow 19-1663] Duplicate IP found for 'digilentinc.com:IP:PmodALS:1.0'. The one found in IP location 'c:/Users/hdway/Documents/vivado/TER/Zybo-Z7/hw/repo/vivado-library/ip/Pmods/PmodALS_v1_0' will take precedence over the same IP in location c:/Users/hdway/Documents/vivado/vivado-library/ip/Pmods/PmodALS_v1_0
WARNING: [IP_Flow 19-1663] Duplicate IP found for 'digilentinc.com:IP:PmodAMP2:1.0'. The one found in IP location 'c:/Users/hdway/Documents/vivado/TER/Zybo-Z7/hw/repo/vivado-library/ip/Pmods/PmodAMP2_v1_0' will take precedence over the same IP in location c:/Users/hdway/Documents/vivado/vivado-library/ip/Pmods/PmodAMP2_v1_0
WARNING: [IP_Flow 19-1663] Duplicate IP found for 'digilentinc.com:IP:PmodAQS:1.0'. The one found in IP location 'c:/Users/hdway/Documents/vivado/TER/Zybo-Z7/hw/repo/vivado-library/ip/Pmods/PmodAQS_v1_0' will take precedence over the same IP in location c:/Users/hdway/Documents/vivado/vivado-library/ip/Pmods/PmodAQS_v1_0
WARNING: [IP_Flow 19-1663] Duplicate IP found for 'digilentinc.com:IP:PmodBLE:1.0'. The one found in IP location 'c:/Users/hdway/Documents/vivado/TER/Zybo-Z7/hw/repo/vivado-library/ip/Pmods/PmodBLE_v1_0' will take precedence over the same IP in location c:/Users/hdway/Documents/vivado/vivado-library/ip/Pmods/PmodBLE_v1_0
WARNING: [IP_Flow 19-1663] Duplicate IP found for 'digilentinc.com:IP:PmodBT2:1.0'. The one found in IP location 'c:/Users/hdway/Documents/vivado/TER/Zybo-Z7/hw/repo/vivado-library/ip/Pmods/PmodBT2_v1_0' will take precedence over the same IP in location c:/Users/hdway/Documents/vivado/vivado-library/ip/Pmods/PmodBT2_v1_0
WARNING: [IP_Flow 19-1663] Duplicate IP found for 'digilentinc.com:IP:PmodCAN:1.0'. The one found in IP location 'c:/Users/hdway/Documents/vivado/TER/Zybo-Z7/hw/repo/vivado-library/ip/Pmods/PmodCAN_v1_0' will take precedence over the same IP in location c:/Users/hdway/Documents/vivado/vivado-library/ip/Pmods/PmodCAN_v1_0
WARNING: [IP_Flow 19-1663] Duplicate IP found for 'digilentinc.com:IP:PmodCLS:1.0'. The one found in IP location 'c:/Users/hdway/Documents/vivado/TER/Zybo-Z7/hw/repo/vivado-library/ip/Pmods/PmodCLS_v1_0' will take precedence over the same IP in location c:/Users/hdway/Documents/vivado/vivado-library/ip/Pmods/PmodCLS_v1_0
WARNING: [IP_Flow 19-1663] Duplicate IP found for 'digilentinc.com:IP:PmodCMPS2:1.0'. The one found in IP location 'c:/Users/hdway/Documents/vivado/TER/Zybo-Z7/hw/repo/vivado-library/ip/Pmods/PmodCMPS2_v1_0' will take precedence over the same IP in location c:/Users/hdway/Documents/vivado/vivado-library/ip/Pmods/PmodCMPS2_v1_0
WARNING: [IP_Flow 19-1663] Duplicate IP found for 'digilentinc.com:IP:PmodCOLOR:1.0'. The one found in IP location 'c:/Users/hdway/Documents/vivado/TER/Zybo-Z7/hw/repo/vivado-library/ip/Pmods/PmodCOLOR_v1_0' will take precedence over the same IP in location c:/Users/hdway/Documents/vivado/vivado-library/ip/Pmods/PmodCOLOR_v1_0
WARNING: [IP_Flow 19-1663] Duplicate IP found for 'digilentinc.com:IP:PmodDA1:1.0'. The one found in IP location 'c:/Users/hdway/Documents/vivado/TER/Zybo-Z7/hw/repo/vivado-library/ip/Pmods/PmodDA1_v1_0' will take precedence over the same IP in location c:/Users/hdway/Documents/vivado/vivado-library/ip/Pmods/PmodDA1_v1_0
WARNING: [IP_Flow 19-1663] Duplicate IP found for 'digilentinc.com:IP:PmodDHB1:1.0'. The one found in IP location 'c:/Users/hdway/Documents/vivado/TER/Zybo-Z7/hw/repo/vivado-library/ip/Pmods/PmodDHB1_v1_0' will take precedence over the same IP in location c:/Users/hdway/Documents/vivado/vivado-library/ip/Pmods/PmodDHB1_v1_0
WARNING: [IP_Flow 19-1663] Duplicate IP found for 'digilentinc.com:IP:PmodDPG1:1.0'. The one found in IP location 'c:/Users/hdway/Documents/vivado/TER/Zybo-Z7/hw/repo/vivado-library/ip/Pmods/PmodDPG1_v1_0' will take precedence over the same IP in location c:/Users/hdway/Documents/vivado/vivado-library/ip/Pmods/PmodDPG1_v1_0
WARNING: [IP_Flow 19-1663] Duplicate IP found for 'digilentinc.com:IP:PmodENC:1.0'. The one found in IP location 'c:/Users/hdway/Documents/vivado/TER/Zybo-Z7/hw/repo/vivado-library/ip/Pmods/PmodENC_v1_0' will take precedence over the same IP in location c:/Users/hdway/Documents/vivado/vivado-library/ip/Pmods/PmodENC_v1_0
WARNING: [IP_Flow 19-1663] Duplicate IP found for 'digilentinc.com:user:PmodESP32:1.0'. The one found in IP location 'c:/Users/hdway/Documents/vivado/TER/Zybo-Z7/hw/repo/vivado-library/ip/Pmods/PmodESP32_v1_0' will take precedence over the same IP in location c:/Users/hdway/Documents/vivado/vivado-library/ip/Pmods/PmodESP32_v1_0
WARNING: [IP_Flow 19-1663] Duplicate IP found for 'digilentinc.com:IP:PmodGPIO:1.0'. The one found in IP location 'c:/Users/hdway/Documents/vivado/TER/Zybo-Z7/hw/repo/vivado-library/ip/Pmods/PmodGPIO_v1_0' will take precedence over the same IP in location c:/Users/hdway/Documents/vivado/vivado-library/ip/Pmods/PmodGPIO_v1_0
WARNING: [IP_Flow 19-1663] Duplicate IP found for 'digilentinc.com:IP:PmodGPS:1.1'. The one found in IP location 'c:/Users/hdway/Documents/vivado/TER/Zybo-Z7/hw/repo/vivado-library/ip/Pmods/PmodGPS_v1_1' will take precedence over the same IP in location c:/Users/hdway/Documents/vivado/vivado-library/ip/Pmods/PmodGPS_v1_1
WARNING: [IP_Flow 19-1663] Duplicate IP found for 'digilentinc.com:IP:PmodGYRO:1.0'. The one found in IP location 'c:/Users/hdway/Documents/vivado/TER/Zybo-Z7/hw/repo/vivado-library/ip/Pmods/PmodGYRO_v1_0' will take precedence over the same IP in location c:/Users/hdway/Documents/vivado/vivado-library/ip/Pmods/PmodGYRO_v1_0
WARNING: [IP_Flow 19-1663] Duplicate IP found for 'digilentinc.com:IP:PmodHYGRO:1.0'. The one found in IP location 'c:/Users/hdway/Documents/vivado/TER/Zybo-Z7/hw/repo/vivado-library/ip/Pmods/PmodHYGRO_v1_0' will take precedence over the same IP in location c:/Users/hdway/Documents/vivado/vivado-library/ip/Pmods/PmodHYGRO_v1_0
WARNING: [IP_Flow 19-1663] Duplicate IP found for 'digilentinc.com:IP:PmodJSTK2:1.0'. The one found in IP location 'c:/Users/hdway/Documents/vivado/TER/Zybo-Z7/hw/repo/vivado-library/ip/Pmods/PmodJSTK2_v1_0' will take precedence over the same IP in location c:/Users/hdway/Documents/vivado/vivado-library/ip/Pmods/PmodJSTK2_v1_0
WARNING: [IP_Flow 19-1663] Duplicate IP found for 'digilentinc.com:IP:PmodJSTK:1.0'. The one found in IP location 'c:/Users/hdway/Documents/vivado/TER/Zybo-Z7/hw/repo/vivado-library/ip/Pmods/PmodJSTK_v1_0' will take precedence over the same IP in location c:/Users/hdway/Documents/vivado/vivado-library/ip/Pmods/PmodJSTK_v1_0
WARNING: [IP_Flow 19-1663] Duplicate IP found for 'digilentinc.com:IP:PmodKYPD:1.0'. The one found in IP location 'c:/Users/hdway/Documents/vivado/TER/Zybo-Z7/hw/repo/vivado-library/ip/Pmods/PmodKYPD_v1_0' will take precedence over the same IP in location c:/Users/hdway/Documents/vivado/vivado-library/ip/Pmods/PmodKYPD_v1_0
WARNING: [IP_Flow 19-1663] Duplicate IP found for 'digilentinc.com:IP:PmodMAXSONAR:1.0'. The one found in IP location 'c:/Users/hdway/Documents/vivado/TER/Zybo-Z7/hw/repo/vivado-library/ip/Pmods/PmodMAXSONAR_v1_0' will take precedence over the same IP in location c:/Users/hdway/Documents/vivado/vivado-library/ip/Pmods/PmodMAXSONAR_v1_0
WARNING: [IP_Flow 19-1663] Duplicate IP found for 'digilentinc.com:IP:PmodMTDS:1.0'. The one found in IP location 'c:/Users/hdway/Documents/vivado/TER/Zybo-Z7/hw/repo/vivado-library/ip/Pmods/PmodMTDS_v1_0' will take precedence over the same IP in location c:/Users/hdway/Documents/vivado/vivado-library/ip/Pmods/PmodMTDS_v1_0
WARNING: [IP_Flow 19-1663] Duplicate IP found for 'digilentinc.com:IP:PmodNAV:1.0'. The one found in IP location 'c:/Users/hdway/Documents/vivado/TER/Zybo-Z7/hw/repo/vivado-library/ip/Pmods/PmodNAV_v1_0' will take precedence over the same IP in location c:/Users/hdway/Documents/vivado/vivado-library/ip/Pmods/PmodNAV_v1_0
WARNING: [IP_Flow 19-1663] Duplicate IP found for 'digilentinc.com:IP:PmodOLEDrgb:1.0'. The one found in IP location 'c:/Users/hdway/Documents/vivado/TER/Zybo-Z7/hw/repo/vivado-library/ip/Pmods/pmodOLEDrgb_v1_0' will take precedence over the same IP in location c:/Users/hdway/Documents/vivado/vivado-library/ip/Pmods/pmodOLEDrgb_v1_0
WARNING: [IP_Flow 19-1663] Duplicate IP found for 'digilentinc.com:IP:PmodOLED:1.0'. The one found in IP location 'c:/Users/hdway/Documents/vivado/TER/Zybo-Z7/hw/repo/vivado-library/ip/Pmods/PmodOLED_v1_0' will take precedence over the same IP in location c:/Users/hdway/Documents/vivado/vivado-library/ip/Pmods/PmodOLED_v1_0
WARNING: [IP_Flow 19-1663] Duplicate IP found for 'digilentinc.com:IP:PmodPIR:1.0'. The one found in IP location 'c:/Users/hdway/Documents/vivado/TER/Zybo-Z7/hw/repo/vivado-library/ip/Pmods/PmodPIR_v1_0' will take precedence over the same IP in location c:/Users/hdway/Documents/vivado/vivado-library/ip/Pmods/PmodPIR_v1_0
WARNING: [IP_Flow 19-1663] Duplicate IP found for 'digilentinc.com:IP:PmodR2R:1.0'. The one found in IP location 'c:/Users/hdway/Documents/vivado/TER/Zybo-Z7/hw/repo/vivado-library/ip/Pmods/PmodR2R_v1_0' will take precedence over the same IP in location c:/Users/hdway/Documents/vivado/vivado-library/ip/Pmods/PmodR2R_v1_0
WARNING: [IP_Flow 19-1663] Duplicate IP found for 'digilentinc.com:IP:PmodRTCC:1.0'. The one found in IP location 'c:/Users/hdway/Documents/vivado/TER/Zybo-Z7/hw/repo/vivado-library/ip/Pmods/PmodRTCC_v1_0' will take precedence over the same IP in location c:/Users/hdway/Documents/vivado/vivado-library/ip/Pmods/PmodRTCC_v1_0
WARNING: [IP_Flow 19-1663] Duplicate IP found for 'digilentinc.com:IP:PmodSD:1.0'. The one found in IP location 'c:/Users/hdway/Documents/vivado/TER/Zybo-Z7/hw/repo/vivado-library/ip/Pmods/PmodSD_v1_0' will take precedence over the same IP in location c:/Users/hdway/Documents/vivado/vivado-library/ip/Pmods/PmodSD_v1_0
WARNING: [IP_Flow 19-1663] Duplicate IP found for 'digilentinc.com:IP:PmodSF3:1.0'. The one found in IP location 'c:/Users/hdway/Documents/vivado/TER/Zybo-Z7/hw/repo/vivado-library/ip/Pmods/PmodSF3_v1_0' will take precedence over the same IP in location c:/Users/hdway/Documents/vivado/vivado-library/ip/Pmods/PmodSF3_v1_0
WARNING: [IP_Flow 19-1663] Duplicate IP found for 'digilentinc.com:IP:PmodTC1:1.0'. The one found in IP location 'c:/Users/hdway/Documents/vivado/TER/Zybo-Z7/hw/repo/vivado-library/ip/Pmods/PmodTC1_v1_0' will take precedence over the same IP in location c:/Users/hdway/Documents/vivado/vivado-library/ip/Pmods/PmodTC1_v1_0
WARNING: [IP_Flow 19-1663] Duplicate IP found for 'digilentinc.com:IP:PmodTMP3:1.0'. The one found in IP location 'c:/Users/hdway/Documents/vivado/TER/Zybo-Z7/hw/repo/vivado-library/ip/Pmods/PmodTMP3_v1_0' will take precedence over the same IP in location c:/Users/hdway/Documents/vivado/vivado-library/ip/Pmods/PmodTMP3_v1_0
WARNING: [IP_Flow 19-1663] Duplicate IP found for 'digilentinc.com:IP:PmodWIFI:1.0'. The one found in IP location 'c:/Users/hdway/Documents/vivado/TER/Zybo-Z7/hw/repo/vivado-library/ip/Pmods/PmodWIFI_v1_0' will take precedence over the same IP in location c:/Users/hdway/Documents/vivado/vivado-library/ip/Pmods/PmodWIFI_v1_0
WARNING: [IP_Flow 19-1663] Duplicate IP found for 'digilentinc.com:ip:pmod_bridge:1.0'. The one found in IP location 'c:/Users/hdway/Documents/vivado/TER/Zybo-Z7/hw/repo/vivado-library/ip/Pmods/Pmod_Bridge_v1_0' will take precedence over the same IP in location c:/Users/hdway/Documents/vivado/vivado-library/ip/Pmods/Pmod_Bridge_v1_0
WARNING: [IP_Flow 19-1663] Duplicate IP found for 'digilentinc.com:ip:pmod_bridge:1.1'. The one found in IP location 'c:/Users/hdway/Documents/vivado/TER/Zybo-Z7/hw/repo/vivado-library/ip/Pmods/Pmod_Bridge_v1_1' will take precedence over the same IP in location c:/Users/hdway/Documents/vivado/vivado-library/ip/Pmods/Pmod_Bridge_v1_1
WARNING: [IP_Flow 19-1663] Duplicate IP found for 'digilentinc.com:IP:PWM:1.0'. The one found in IP location 'c:/Users/hdway/Documents/vivado/TER/Zybo-Z7/hw/repo/vivado-library/ip/PWM_1.0' will take precedence over the same IP in location c:/Users/hdway/Documents/vivado/vivado-library/ip/PWM_1.0
WARNING: [IP_Flow 19-1663] Duplicate IP found for 'digilentinc.com:IP:PWM:2.0'. The one found in IP location 'c:/Users/hdway/Documents/vivado/TER/Zybo-Z7/hw/repo/vivado-library/ip/PWM_2.0' will take precedence over the same IP in location c:/Users/hdway/Documents/vivado/vivado-library/ip/PWM_2.0
WARNING: [IP_Flow 19-1663] Duplicate IP found for 'digilentinc.com:IP:PWM_Analyzer:1.0'. The one found in IP location 'c:/Users/hdway/Documents/vivado/TER/Zybo-Z7/hw/repo/vivado-library/ip/PWM_Analyzer_1.0' will take precedence over the same IP in location c:/Users/hdway/Documents/vivado/vivado-library/ip/PWM_Analyzer_1.0
WARNING: [IP_Flow 19-1663] Duplicate IP found for 'digilentinc.com:ip:rgb2dpvid:1.0'. The one found in IP location 'c:/Users/hdway/Documents/vivado/TER/Zybo-Z7/hw/repo/vivado-library/ip/rgb2dpvid_v1_0' will take precedence over the same IP in location c:/Users/hdway/Documents/vivado/vivado-library/ip/rgb2dpvid_v1_0
WARNING: [IP_Flow 19-1663] Duplicate IP found for 'digilentinc.com:ip:rgb2dvi:1.4'. The one found in IP location 'c:/Users/hdway/Documents/vivado/TER/Zybo-Z7/hw/repo/vivado-library/ip/rgb2dvi' will take precedence over the same IP in location c:/Users/hdway/Documents/vivado/vivado-library/ip/rgb2dvi
WARNING: [IP_Flow 19-1663] Duplicate IP found for 'digilentinc.com:ip:rgb2vga:1.0'. The one found in IP location 'c:/Users/hdway/Documents/vivado/TER/Zybo-Z7/hw/repo/vivado-library/ip/rgb2vga_v1_0' will take precedence over the same IP in location c:/Users/hdway/Documents/vivado/vivado-library/ip/rgb2vga_v1_0
WARNING: [IP_Flow 19-1663] Duplicate IP found for 'digilentinc.com:ip:Sync:1.0'. The one found in IP location 'c:/Users/hdway/Documents/vivado/TER/Zybo-Z7/hw/repo/vivado-library/ip/Sync_v1_0' will take precedence over the same IP in location c:/Users/hdway/Documents/vivado/vivado-library/ip/Sync_v1_0
WARNING: [IP_Flow 19-1663] Duplicate IP found for 'digilentinc.com:ip:usb2device:1.0'. The one found in IP location 'c:/Users/hdway/Documents/vivado/TER/Zybo-Z7/hw/repo/vivado-library/ip/usb2device_v1_0' will take precedence over the same IP in location c:/Users/hdway/Documents/vivado/vivado-library/ip/usb2device_v1_0
WARNING: [IP_Flow 19-1663] Duplicate IP found for 'digilentinc.com:video:video_scaler:1.0'. The one found in IP location 'c:/Users/hdway/Documents/vivado/TER/Zybo-Z7/hw/repo/vivado-library/ip/video_scaler' will take precedence over the same IP in location c:/Users/hdway/Documents/vivado/vivado-library/ip/video_scaler
WARNING: [IP_Flow 19-4830] Duplicate Interface found for 'digilentinc.com:interface:pmod:1.0'. The one found in location 'c:/Users/hdway/Documents/vivado/TER/Zybo-Z7/hw/repo/vivado-library/if/pmod_v1_0/pmod.xml' will take precedence over the same Interface in location 'c:/Users/hdway/Documents/vivado/vivado-library/if/pmod_v1_0/pmod.xml'
WARNING: [IP_Flow 19-4830] Duplicate Interface found for 'digilentinc.com:interface:tmds:1.0'. The one found in location 'c:/Users/hdway/Documents/vivado/TER/Zybo-Z7/hw/repo/vivado-library/if/tmds_v1_0/tmds.xml' will take precedence over the same Interface in location 'c:/Users/hdway/Documents/vivado/vivado-library/if/tmds_v1_0/tmds.xml'
update_ip_catalog: Time (s): cpu = 00:00:05 ; elapsed = 00:00:10 . Memory (MB): peak = 486.168 ; gain = 11.566
WARNING: [IP_Flow 19-4995] The host OS only allows 260 characters in a normal path. The IP cache path is more than 80 characters. If you experience issues with IP caching, please consider changing the IP cache to a location with a shorter path. Alternately consider using the OS subst command to map part of the path to a drive letter. 
Current IP cache path is c:/Users/hdway/Documents/vivado/TER/PmodENC_Linux/hw_with_enc/hw_with_enc.cache/ip 
INFO: [IP_Flow 19-6924] IPCACHE: Running cache check for IP inst: system_util_ds_buf_fclk1_0
Command: synth_design -top system_util_ds_buf_fclk1_0 -part xc7z020clg400-1 -incremental_mode off -mode out_of_context
Starting synth_design
Attempting to get a license for feature 'Synthesis' and/or device 'xc7z020'
INFO: [Common 17-349] Got license for feature 'Synthesis' and/or device 'xc7z020'
INFO: [Device 21-403] Loading part xc7z020clg400-1
INFO: [Synth 8-7079] Multithreading enabled for synth_design using a maximum of 2 processes.
INFO: [Synth 8-7078] Launching helper process for spawning children vivado processes
INFO: [Synth 8-7075] Helper process launched with PID 13236
---------------------------------------------------------------------------------
Starting RTL Elaboration : Time (s): cpu = 00:00:18 ; elapsed = 00:00:19 . Memory (MB): peak = 1373.355 ; gain = 439.289
---------------------------------------------------------------------------------
INFO: [Synth 8-638] synthesizing module 'system_util_ds_buf_fclk1_0' [c:/Users/hdway/Documents/vivado/TER/PmodENC_Linux/hw_with_enc/hw_with_enc.gen/sources_1/bd/system/ip/system_util_ds_buf_fclk1_0/synth/system_util_ds_buf_fclk1_0.vhd:63]
	Parameter C_BUF_TYPE bound to: BUFG - type: string 
	Parameter C_SIZE bound to: 1 - type: integer 
	Parameter C_BUFGCE_DIV bound to: 1 - type: integer 
	Parameter C_BUFG_GT_SYNC bound to: 0 - type: integer 
	Parameter C_SIM_DEVICE bound to: VERSAL_AI_CORE_ES1 - type: string 
	Parameter C_OBUFDS_GTE5_ADV bound to: 2'b00 
	Parameter C_REFCLK_ICNTL_TX bound to: 5'b00000 
INFO: [Synth 8-3491] module 'util_ds_buf' declared at 'c:/Users/hdway/Documents/vivado/TER/PmodENC_Linux/hw_with_enc/hw_with_enc.gen/sources_1/bd/system/ip/system_util_ds_buf_fclk1_0/util_ds_buf.vhd:73' bound to instance 'U0' of component 'util_ds_buf' [c:/Users/hdway/Documents/vivado/TER/PmodENC_Linux/hw_with_enc/hw_with_enc.gen/sources_1/bd/system/ip/system_util_ds_buf_fclk1_0/synth/system_util_ds_buf_fclk1_0.vhd:199]
INFO: [Synth 8-638] synthesizing module 'util_ds_buf' [c:/Users/hdway/Documents/vivado/TER/PmodENC_Linux/hw_with_enc/hw_with_enc.gen/sources_1/bd/system/ip/system_util_ds_buf_fclk1_0/util_ds_buf.vhd:252]
INFO: [Synth 8-113] binding component instance 'BUFG_U' to cell 'BUFG' [c:/Users/hdway/Documents/vivado/TER/PmodENC_Linux/hw_with_enc/hw_with_enc.gen/sources_1/bd/system/ip/system_util_ds_buf_fclk1_0/util_ds_buf.vhd:441]
INFO: [Synth 8-256] done synthesizing module 'util_ds_buf' (0#1) [c:/Users/hdway/Documents/vivado/TER/PmodENC_Linux/hw_with_enc/hw_with_enc.gen/sources_1/bd/system/ip/system_util_ds_buf_fclk1_0/util_ds_buf.vhd:252]
INFO: [Synth 8-256] done synthesizing module 'system_util_ds_buf_fclk1_0' (0#1) [c:/Users/hdway/Documents/vivado/TER/PmodENC_Linux/hw_with_enc/hw_with_enc.gen/sources_1/bd/system/ip/system_util_ds_buf_fclk1_0/synth/system_util_ds_buf_fclk1_0.vhd:63]
WARNING: [Synth 8-3848] Net IBUF_OUT in module/entity util_ds_buf does not have driver. [c:/Users/hdway/Documents/vivado/TER/PmodENC_Linux/hw_with_enc/hw_with_enc.gen/sources_1/bd/system/ip/system_util_ds_buf_fclk1_0/util_ds_buf.vhd:89]
WARNING: [Synth 8-3848] Net IBUF_DS_ODIV2 in module/entity util_ds_buf does not have driver. [c:/Users/hdway/Documents/vivado/TER/PmodENC_Linux/hw_with_enc/hw_with_enc.gen/sources_1/bd/system/ip/system_util_ds_buf_fclk1_0/util_ds_buf.vhd:90]
WARNING: [Synth 8-3848] Net OBUF_DS_P in module/entity util_ds_buf does not have driver. [c:/Users/hdway/Documents/vivado/TER/PmodENC_Linux/hw_with_enc/hw_with_enc.gen/sources_1/bd/system/ip/system_util_ds_buf_fclk1_0/util_ds_buf.vhd:95]
WARNING: [Synth 8-3848] Net OBUF_DS_N in module/entity util_ds_buf does not have driver. [c:/Users/hdway/Documents/vivado/TER/PmodENC_Linux/hw_with_enc/hw_with_enc.gen/sources_1/bd/system/ip/system_util_ds_buf_fclk1_0/util_ds_buf.vhd:96]
WARNING: [Synth 8-3848] Net IOBUF_IO_O in module/entity util_ds_buf does not have driver. [c:/Users/hdway/Documents/vivado/TER/PmodENC_Linux/hw_with_enc/hw_with_enc.gen/sources_1/bd/system/ip/system_util_ds_buf_fclk1_0/util_ds_buf.vhd:103]
WARNING: [Synth 8-3848] Net BUFGCE_O in module/entity util_ds_buf does not have driver. [c:/Users/hdway/Documents/vivado/TER/PmodENC_Linux/hw_with_enc/hw_with_enc.gen/sources_1/bd/system/ip/system_util_ds_buf_fclk1_0/util_ds_buf.vhd:115]
WARNING: [Synth 8-3848] Net BUFH_O in module/entity util_ds_buf does not have driver. [c:/Users/hdway/Documents/vivado/TER/PmodENC_Linux/hw_with_enc/hw_with_enc.gen/sources_1/bd/system/ip/system_util_ds_buf_fclk1_0/util_ds_buf.vhd:120]
WARNING: [Synth 8-3848] Net BUFHCE_O in module/entity util_ds_buf does not have driver. [c:/Users/hdway/Documents/vivado/TER/PmodENC_Linux/hw_with_enc/hw_with_enc.gen/sources_1/bd/system/ip/system_util_ds_buf_fclk1_0/util_ds_buf.vhd:125]
WARNING: [Synth 8-3848] Net BUFG_FABRIC_O in module/entity util_ds_buf does not have driver. [c:/Users/hdway/Documents/vivado/TER/PmodENC_Linux/hw_with_enc/hw_with_enc.gen/sources_1/bd/system/ip/system_util_ds_buf_fclk1_0/util_ds_buf.vhd:129]
WARNING: [Synth 8-3848] Net OBUFDS_GTE5_O in module/entity util_ds_buf does not have driver. [c:/Users/hdway/Documents/vivado/TER/PmodENC_Linux/hw_with_enc/hw_with_enc.gen/sources_1/bd/system/ip/system_util_ds_buf_fclk1_0/util_ds_buf.vhd:134]
WARNING: [Synth 8-3848] Net OBUFDS_GTE5_OB in module/entity util_ds_buf does not have driver. [c:/Users/hdway/Documents/vivado/TER/PmodENC_Linux/hw_with_enc/hw_with_enc.gen/sources_1/bd/system/ip/system_util_ds_buf_fclk1_0/util_ds_buf.vhd:135]
WARNING: [Synth 8-3848] Net OBUFDS_GTE5_ADV_O in module/entity util_ds_buf does not have driver. [c:/Users/hdway/Documents/vivado/TER/PmodENC_Linux/hw_with_enc/hw_with_enc.gen/sources_1/bd/system/ip/system_util_ds_buf_fclk1_0/util_ds_buf.vhd:140]
WARNING: [Synth 8-3848] Net OBUFDS_GTE5_ADV_OB in module/entity util_ds_buf does not have driver. [c:/Users/hdway/Documents/vivado/TER/PmodENC_Linux/hw_with_enc/hw_with_enc.gen/sources_1/bd/system/ip/system_util_ds_buf_fclk1_0/util_ds_buf.vhd:141]
WARNING: [Synth 8-3848] Net OBUFDS_GTE3_O in module/entity util_ds_buf does not have driver. [c:/Users/hdway/Documents/vivado/TER/PmodENC_Linux/hw_with_enc/hw_with_enc.gen/sources_1/bd/system/ip/system_util_ds_buf_fclk1_0/util_ds_buf.vhd:147]
WARNING: [Synth 8-3848] Net OBUFDS_GTE3_OB in module/entity util_ds_buf does not have driver. [c:/Users/hdway/Documents/vivado/TER/PmodENC_Linux/hw_with_enc/hw_with_enc.gen/sources_1/bd/system/ip/system_util_ds_buf_fclk1_0/util_ds_buf.vhd:148]
WARNING: [Synth 8-3848] Net OBUFDS_GTE3_ADV_O in module/entity util_ds_buf does not have driver. [c:/Users/hdway/Documents/vivado/TER/PmodENC_Linux/hw_with_enc/hw_with_enc.gen/sources_1/bd/system/ip/system_util_ds_buf_fclk1_0/util_ds_buf.vhd:153]
WARNING: [Synth 8-3848] Net OBUFDS_GTE3_ADV_OB in module/entity util_ds_buf does not have driver. [c:/Users/hdway/Documents/vivado/TER/PmodENC_Linux/hw_with_enc/hw_with_enc.gen/sources_1/bd/system/ip/system_util_ds_buf_fclk1_0/util_ds_buf.vhd:154]
WARNING: [Synth 8-3848] Net OBUFDS_GTE4_O in module/entity util_ds_buf does not have driver. [c:/Users/hdway/Documents/vivado/TER/PmodENC_Linux/hw_with_enc/hw_with_enc.gen/sources_1/bd/system/ip/system_util_ds_buf_fclk1_0/util_ds_buf.vhd:160]
WARNING: [Synth 8-3848] Net OBUFDS_GTE4_OB in module/entity util_ds_buf does not have driver. [c:/Users/hdway/Documents/vivado/TER/PmodENC_Linux/hw_with_enc/hw_with_enc.gen/sources_1/bd/system/ip/system_util_ds_buf_fclk1_0/util_ds_buf.vhd:161]
WARNING: [Synth 8-3848] Net OBUFDS_GTE4_ADV_O in module/entity util_ds_buf does not have driver. [c:/Users/hdway/Documents/vivado/TER/PmodENC_Linux/hw_with_enc/hw_with_enc.gen/sources_1/bd/system/ip/system_util_ds_buf_fclk1_0/util_ds_buf.vhd:166]
WARNING: [Synth 8-3848] Net OBUFDS_GTE4_ADV_OB in module/entity util_ds_buf does not have driver. [c:/Users/hdway/Documents/vivado/TER/PmodENC_Linux/hw_with_enc/hw_with_enc.gen/sources_1/bd/system/ip/system_util_ds_buf_fclk1_0/util_ds_buf.vhd:167]
WARNING: [Synth 8-3848] Net IBUFDS_GTM_O in module/entity util_ds_buf does not have driver. [c:/Users/hdway/Documents/vivado/TER/PmodENC_Linux/hw_with_enc/hw_with_enc.gen/sources_1/bd/system/ip/system_util_ds_buf_fclk1_0/util_ds_buf.vhd:171]
WARNING: [Synth 8-3848] Net IBUFDS_GTM_ODIV2 in module/entity util_ds_buf does not have driver. [c:/Users/hdway/Documents/vivado/TER/PmodENC_Linux/hw_with_enc/hw_with_enc.gen/sources_1/bd/system/ip/system_util_ds_buf_fclk1_0/util_ds_buf.vhd:172]
WARNING: [Synth 8-3848] Net OBUFDS_GTM_O in module/entity util_ds_buf does not have driver. [c:/Users/hdway/Documents/vivado/TER/PmodENC_Linux/hw_with_enc/hw_with_enc.gen/sources_1/bd/system/ip/system_util_ds_buf_fclk1_0/util_ds_buf.vhd:178]
WARNING: [Synth 8-3848] Net OBUFDS_GTM_OB in module/entity util_ds_buf does not have driver. [c:/Users/hdway/Documents/vivado/TER/PmodENC_Linux/hw_with_enc/hw_with_enc.gen/sources_1/bd/system/ip/system_util_ds_buf_fclk1_0/util_ds_buf.vhd:179]
WARNING: [Synth 8-3848] Net OBUFDS_GTM_ADV_O in module/entity util_ds_buf does not have driver. [c:/Users/hdway/Documents/vivado/TER/PmodENC_Linux/hw_with_enc/hw_with_enc.gen/sources_1/bd/system/ip/system_util_ds_buf_fclk1_0/util_ds_buf.vhd:186]
WARNING: [Synth 8-3848] Net OBUFDS_GTM_ADV_OB in module/entity util_ds_buf does not have driver. [c:/Users/hdway/Documents/vivado/TER/PmodENC_Linux/hw_with_enc/hw_with_enc.gen/sources_1/bd/system/ip/system_util_ds_buf_fclk1_0/util_ds_buf.vhd:187]
WARNING: [Synth 8-3848] Net IBUFDS_GTME5_O in module/entity util_ds_buf does not have driver. [c:/Users/hdway/Documents/vivado/TER/PmodENC_Linux/hw_with_enc/hw_with_enc.gen/sources_1/bd/system/ip/system_util_ds_buf_fclk1_0/util_ds_buf.vhd:190]
WARNING: [Synth 8-3848] Net IBUFDS_GTME5_ODIV2 in module/entity util_ds_buf does not have driver. [c:/Users/hdway/Documents/vivado/TER/PmodENC_Linux/hw_with_enc/hw_with_enc.gen/sources_1/bd/system/ip/system_util_ds_buf_fclk1_0/util_ds_buf.vhd:191]
WARNING: [Synth 8-3848] Net OBUFDS_GTME5_O in module/entity util_ds_buf does not have driver. [c:/Users/hdway/Documents/vivado/TER/PmodENC_Linux/hw_with_enc/hw_with_enc.gen/sources_1/bd/system/ip/system_util_ds_buf_fclk1_0/util_ds_buf.vhd:199]
WARNING: [Synth 8-3848] Net OBUFDS_GTME5_OB in module/entity util_ds_buf does not have driver. [c:/Users/hdway/Documents/vivado/TER/PmodENC_Linux/hw_with_enc/hw_with_enc.gen/sources_1/bd/system/ip/system_util_ds_buf_fclk1_0/util_ds_buf.vhd:200]
WARNING: [Synth 8-3848] Net OBUFDS_GTME5_ADV_O in module/entity util_ds_buf does not have driver. [c:/Users/hdway/Documents/vivado/TER/PmodENC_Linux/hw_with_enc/hw_with_enc.gen/sources_1/bd/system/ip/system_util_ds_buf_fclk1_0/util_ds_buf.vhd:206]
WARNING: [Synth 8-3848] Net OBUFDS_GTME5_ADV_OB in module/entity util_ds_buf does not have driver. [c:/Users/hdway/Documents/vivado/TER/PmodENC_Linux/hw_with_enc/hw_with_enc.gen/sources_1/bd/system/ip/system_util_ds_buf_fclk1_0/util_ds_buf.vhd:207]
WARNING: [Synth 8-3848] Net BUFG_GT_O in module/entity util_ds_buf does not have driver. [c:/Users/hdway/Documents/vivado/TER/PmodENC_Linux/hw_with_enc/hw_with_enc.gen/sources_1/bd/system/ip/system_util_ds_buf_fclk1_0/util_ds_buf.vhd:217]
WARNING: [Synth 8-3848] Net BUFG_PS_O in module/entity util_ds_buf does not have driver. [c:/Users/hdway/Documents/vivado/TER/PmodENC_Linux/hw_with_enc/hw_with_enc.gen/sources_1/bd/system/ip/system_util_ds_buf_fclk1_0/util_ds_buf.vhd:221]
WARNING: [Synth 8-3848] Net MBUFG_GT_O1 in module/entity util_ds_buf does not have driver. [c:/Users/hdway/Documents/vivado/TER/PmodENC_Linux/hw_with_enc/hw_with_enc.gen/sources_1/bd/system/ip/system_util_ds_buf_fclk1_0/util_ds_buf.vhd:233]
WARNING: [Synth 8-3848] Net MBUFG_GT_O2 in module/entity util_ds_buf does not have driver. [c:/Users/hdway/Documents/vivado/TER/PmodENC_Linux/hw_with_enc/hw_with_enc.gen/sources_1/bd/system/ip/system_util_ds_buf_fclk1_0/util_ds_buf.vhd:234]
WARNING: [Synth 8-3848] Net MBUFG_GT_O3 in module/entity util_ds_buf does not have driver. [c:/Users/hdway/Documents/vivado/TER/PmodENC_Linux/hw_with_enc/hw_with_enc.gen/sources_1/bd/system/ip/system_util_ds_buf_fclk1_0/util_ds_buf.vhd:235]
WARNING: [Synth 8-3848] Net MBUFG_GT_O4 in module/entity util_ds_buf does not have driver. [c:/Users/hdway/Documents/vivado/TER/PmodENC_Linux/hw_with_enc/hw_with_enc.gen/sources_1/bd/system/ip/system_util_ds_buf_fclk1_0/util_ds_buf.vhd:236]
WARNING: [Synth 8-3848] Net MBUFG_PS_O1 in module/entity util_ds_buf does not have driver. [c:/Users/hdway/Documents/vivado/TER/PmodENC_Linux/hw_with_enc/hw_with_enc.gen/sources_1/bd/system/ip/system_util_ds_buf_fclk1_0/util_ds_buf.vhd:241]
WARNING: [Synth 8-3848] Net MBUFG_PS_O2 in module/entity util_ds_buf does not have driver. [c:/Users/hdway/Documents/vivado/TER/PmodENC_Linux/hw_with_enc/hw_with_enc.gen/sources_1/bd/system/ip/system_util_ds_buf_fclk1_0/util_ds_buf.vhd:242]
WARNING: [Synth 8-3848] Net MBUFG_PS_O3 in module/entity util_ds_buf does not have driver. [c:/Users/hdway/Documents/vivado/TER/PmodENC_Linux/hw_with_enc/hw_with_enc.gen/sources_1/bd/system/ip/system_util_ds_buf_fclk1_0/util_ds_buf.vhd:243]
WARNING: [Synth 8-3848] Net MBUFG_PS_O4 in module/entity util_ds_buf does not have driver. [c:/Users/hdway/Documents/vivado/TER/PmodENC_Linux/hw_with_enc/hw_with_enc.gen/sources_1/bd/system/ip/system_util_ds_buf_fclk1_0/util_ds_buf.vhd:244]
WARNING: [Synth 8-7129] Port IBUF_OUT[0] in module util_ds_buf is either unconnected or has no load
WARNING: [Synth 8-7129] Port IBUF_DS_ODIV2[0] in module util_ds_buf is either unconnected or has no load
WARNING: [Synth 8-7129] Port OBUF_DS_P[0] in module util_ds_buf is either unconnected or has no load
WARNING: [Synth 8-7129] Port OBUF_DS_N[0] in module util_ds_buf is either unconnected or has no load
WARNING: [Synth 8-7129] Port IOBUF_IO_O[0] in module util_ds_buf is either unconnected or has no load
WARNING: [Synth 8-7129] Port BUFGCE_O[0] in module util_ds_buf is either unconnected or has no load
WARNING: [Synth 8-7129] Port BUFH_O[0] in module util_ds_buf is either unconnected or has no load
WARNING: [Synth 8-7129] Port BUFHCE_O[0] in module util_ds_buf is either unconnected or has no load
WARNING: [Synth 8-7129] Port BUFG_FABRIC_O[0] in module util_ds_buf is either unconnected or has no load
WARNING: [Synth 8-7129] Port OBUFDS_GTE5_O[0] in module util_ds_buf is either unconnected or has no load
WARNING: [Synth 8-7129] Port OBUFDS_GTE5_OB[0] in module util_ds_buf is either unconnected or has no load
WARNING: [Synth 8-7129] Port OBUFDS_GTE5_ADV_O[0] in module util_ds_buf is either unconnected or has no load
WARNING: [Synth 8-7129] Port OBUFDS_GTE5_ADV_OB[0] in module util_ds_buf is either unconnected or has no load
WARNING: [Synth 8-7129] Port OBUFDS_GTE3_O[0] in module util_ds_buf is either unconnected or has no load
WARNING: [Synth 8-7129] Port OBUFDS_GTE3_OB[0] in module util_ds_buf is either unconnected or has no load
WARNING: [Synth 8-7129] Port OBUFDS_GTE3_ADV_O[0] in module util_ds_buf is either unconnected or has no load
WARNING: [Synth 8-7129] Port OBUFDS_GTE3_ADV_OB[0] in module util_ds_buf is either unconnected or has no load
WARNING: [Synth 8-7129] Port OBUFDS_GTE4_O[0] in module util_ds_buf is either unconnected or has no load
WARNING: [Synth 8-7129] Port OBUFDS_GTE4_OB[0] in module util_ds_buf is either unconnected or has no load
WARNING: [Synth 8-7129] Port OBUFDS_GTE4_ADV_O[0] in module util_ds_buf is either unconnected or has no load
WARNING: [Synth 8-7129] Port OBUFDS_GTE4_ADV_OB[0] in module util_ds_buf is either unconnected or has no load
WARNING: [Synth 8-7129] Port IBUFDS_GTM_O[0] in module util_ds_buf is either unconnected or has no load
WARNING: [Synth 8-7129] Port IBUFDS_GTM_ODIV2[0] in module util_ds_buf is either unconnected or has no load
WARNING: [Synth 8-7129] Port OBUFDS_GTM_O[0] in module util_ds_buf is either unconnected or has no load
WARNING: [Synth 8-7129] Port OBUFDS_GTM_OB[0] in module util_ds_buf is either unconnected or has no load
WARNING: [Synth 8-7129] Port OBUFDS_GTM_ADV_O[0] in module util_ds_buf is either unconnected or has no load
WARNING: [Synth 8-7129] Port OBUFDS_GTM_ADV_OB[0] in module util_ds_buf is either unconnected or has no load
WARNING: [Synth 8-7129] Port IBUFDS_GTME5_O[0] in module util_ds_buf is either unconnected or has no load
WARNING: [Synth 8-7129] Port IBUFDS_GTME5_ODIV2[0] in module util_ds_buf is either unconnected or has no load
WARNING: [Synth 8-7129] Port OBUFDS_GTME5_O[0] in module util_ds_buf is either unconnected or has no load
WARNING: [Synth 8-7129] Port OBUFDS_GTME5_OB[0] in module util_ds_buf is either unconnected or has no load
WARNING: [Synth 8-7129] Port OBUFDS_GTME5_ADV_O[0] in module util_ds_buf is either unconnected or has no load
WARNING: [Synth 8-7129] Port OBUFDS_GTME5_ADV_OB[0] in module util_ds_buf is either unconnected or has no load
WARNING: [Synth 8-7129] Port BUFG_GT_O[0] in module util_ds_buf is either unconnected or has no load
WARNING: [Synth 8-7129] Port BUFG_PS_O[0] in module util_ds_buf is either unconnected or has no load
WARNING: [Synth 8-7129] Port MBUFG_GT_O1[0] in module util_ds_buf is either unconnected or has no load
WARNING: [Synth 8-7129] Port MBUFG_GT_O2[0] in module util_ds_buf is either unconnected or has no load
WARNING: [Synth 8-7129] Port MBUFG_GT_O3[0] in module util_ds_buf is either unconnected or has no load
WARNING: [Synth 8-7129] Port MBUFG_GT_O4[0] in module util_ds_buf is either unconnected or has no load
WARNING: [Synth 8-7129] Port MBUFG_PS_O1[0] in module util_ds_buf is either unconnected or has no load
WARNING: [Synth 8-7129] Port MBUFG_PS_O2[0] in module util_ds_buf is either unconnected or has no load
WARNING: [Synth 8-7129] Port MBUFG_PS_O3[0] in module util_ds_buf is either unconnected or has no load
WARNING: [Synth 8-7129] Port MBUFG_PS_O4[0] in module util_ds_buf is either unconnected or has no load
WARNING: [Synth 8-7129] Port IOBUF_DS_P[0] in module util_ds_buf is either unconnected or has no load
WARNING: [Synth 8-7129] Port IOBUF_DS_N[0] in module util_ds_buf is either unconnected or has no load
WARNING: [Synth 8-7129] Port IOBUF_IO_IO[0] in module util_ds_buf is either unconnected or has no load
WARNING: [Synth 8-7129] Port IBUF_DS_P[0] in module util_ds_buf is either unconnected or has no load
WARNING: [Synth 8-7129] Port IBUF_DS_N[0] in module util_ds_buf is either unconnected or has no load
WARNING: [Synth 8-7129] Port IBUF_DS_CEB[0] in module util_ds_buf is either unconnected or has no load
WARNING: [Synth 8-7129] Port OBUF_IN[0] in module util_ds_buf is either unconnected or has no load
WARNING: [Synth 8-7129] Port IOBUF_IO_T[0] in module util_ds_buf is either unconnected or has no load
WARNING: [Synth 8-7129] Port IOBUF_IO_I[0] in module util_ds_buf is either unconnected or has no load
WARNING: [Synth 8-7129] Port BUFGCE_I[0] in module util_ds_buf is either unconnected or has no load
WARNING: [Synth 8-7129] Port BUFGCE_CE[0] in module util_ds_buf is either unconnected or has no load
WARNING: [Synth 8-7129] Port BUFGCE_CLR[0] in module util_ds_buf is either unconnected or has no load
WARNING: [Synth 8-7129] Port BUFH_I[0] in module util_ds_buf is either unconnected or has no load
WARNING: [Synth 8-7129] Port BUFHCE_I[0] in module util_ds_buf is either unconnected or has no load
WARNING: [Synth 8-7129] Port BUFHCE_CE[0] in module util_ds_buf is either unconnected or has no load
WARNING: [Synth 8-7129] Port BUFG_FABRIC_I[0] in module util_ds_buf is either unconnected or has no load
WARNING: [Synth 8-7129] Port OBUFDS_GTE5_CEB[0] in module util_ds_buf is either unconnected or has no load
WARNING: [Synth 8-7129] Port OBUFDS_GTE5_I[0] in module util_ds_buf is either unconnected or has no load
WARNING: [Synth 8-7129] Port OBUFDS_GTE5_ADV_CEB[0] in module util_ds_buf is either unconnected or has no load
WARNING: [Synth 8-7129] Port OBUFDS_GTE5_ADV_I[3] in module util_ds_buf is either unconnected or has no load
WARNING: [Synth 8-7129] Port OBUFDS_GTE5_ADV_I[2] in module util_ds_buf is either unconnected or has no load
WARNING: [Synth 8-7129] Port OBUFDS_GTE5_ADV_I[1] in module util_ds_buf is either unconnected or has no load
WARNING: [Synth 8-7129] Port OBUFDS_GTE5_ADV_I[0] in module util_ds_buf is either unconnected or has no load
WARNING: [Synth 8-7129] Port OBUFDS_GTE5_ADV_RXRECCLKSEL[1] in module util_ds_buf is either unconnected or has no load
WARNING: [Synth 8-7129] Port OBUFDS_GTE5_ADV_RXRECCLKSEL[0] in module util_ds_buf is either unconnected or has no load
WARNING: [Synth 8-7129] Port OBUFDS_GTE3_CEB[0] in module util_ds_buf is either unconnected or has no load
WARNING: [Synth 8-7129] Port OBUFDS_GTE3_I[0] in module util_ds_buf is either unconnected or has no load
WARNING: [Synth 8-7129] Port OBUFDS_GTE3_ADV_CEB[0] in module util_ds_buf is either unconnected or has no load
WARNING: [Synth 8-7129] Port OBUFDS_GTE3_ADV_I[3] in module util_ds_buf is either unconnected or has no load
WARNING: [Synth 8-7129] Port OBUFDS_GTE3_ADV_I[2] in module util_ds_buf is either unconnected or has no load
WARNING: [Synth 8-7129] Port OBUFDS_GTE3_ADV_I[1] in module util_ds_buf is either unconnected or has no load
WARNING: [Synth 8-7129] Port OBUFDS_GTE3_ADV_I[0] in module util_ds_buf is either unconnected or has no load
WARNING: [Synth 8-7129] Port RXRECCLK_SEL_GTE3_ADV[1] in module util_ds_buf is either unconnected or has no load
WARNING: [Synth 8-7129] Port RXRECCLK_SEL_GTE3_ADV[0] in module util_ds_buf is either unconnected or has no load
WARNING: [Synth 8-7129] Port OBUFDS_GTE4_CEB[0] in module util_ds_buf is either unconnected or has no load
WARNING: [Synth 8-7129] Port OBUFDS_GTE4_I[0] in module util_ds_buf is either unconnected or has no load
WARNING: [Synth 8-7129] Port OBUFDS_GTE4_ADV_CEB[0] in module util_ds_buf is either unconnected or has no load
WARNING: [Synth 8-7129] Port OBUFDS_GTE4_ADV_I[3] in module util_ds_buf is either unconnected or has no load
WARNING: [Synth 8-7129] Port OBUFDS_GTE4_ADV_I[2] in module util_ds_buf is either unconnected or has no load
WARNING: [Synth 8-7129] Port OBUFDS_GTE4_ADV_I[1] in module util_ds_buf is either unconnected or has no load
WARNING: [Synth 8-7129] Port OBUFDS_GTE4_ADV_I[0] in module util_ds_buf is either unconnected or has no load
WARNING: [Synth 8-7129] Port RXRECCLK_SEL_GTE4_ADV[1] in module util_ds_buf is either unconnected or has no load
WARNING: [Synth 8-7129] Port RXRECCLK_SEL_GTE4_ADV[0] in module util_ds_buf is either unconnected or has no load
WARNING: [Synth 8-7129] Port IBUFDS_GTM_CEB[0] in module util_ds_buf is either unconnected or has no load
WARNING: [Synth 8-7129] Port IBUFDS_GTM_I[0] in module util_ds_buf is either unconnected or has no load
WARNING: [Synth 8-7129] Port IBUFDS_GTM_IB[0] in module util_ds_buf is either unconnected or has no load
WARNING: [Synth 8-7129] Port OBUFDS_GTM_CEB[0] in module util_ds_buf is either unconnected or has no load
WARNING: [Synth 8-7129] Port OBUFDS_GTM_I[0] in module util_ds_buf is either unconnected or has no load
WARNING: [Synth 8-7129] Port OBUFDS_GTM_ADV_CEB[0] in module util_ds_buf is either unconnected or has no load
WARNING: [Synth 8-7129] Port OBUFDS_GTM_ADV_I[3] in module util_ds_buf is either unconnected or has no load
WARNING: [Synth 8-7129] Port OBUFDS_GTM_ADV_I[2] in module util_ds_buf is either unconnected or has no load
WARNING: [Synth 8-7129] Port OBUFDS_GTM_ADV_I[1] in module util_ds_buf is either unconnected or has no load
WARNING: [Synth 8-7129] Port OBUFDS_GTM_ADV_I[0] in module util_ds_buf is either unconnected or has no load
WARNING: [Synth 8-7129] Port IBUFDS_GTME5_CEB[0] in module util_ds_buf is either unconnected or has no load
WARNING: [Synth 8-7129] Port IBUFDS_GTME5_I[0] in module util_ds_buf is either unconnected or has no load
WARNING: [Synth 8-7129] Port IBUFDS_GTME5_IB[0] in module util_ds_buf is either unconnected or has no load
WARNING: [Synth 8-7129] Port OBUFDS_GTME5_CEB[0] in module util_ds_buf is either unconnected or has no load
INFO: [Common 17-14] Message 'Synth 8-7129' appears 100 times and further instances of the messages will be disabled. Use the Tcl command set_msg_config to change the current settings.
---------------------------------------------------------------------------------
Finished RTL Elaboration : Time (s): cpu = 00:00:24 ; elapsed = 00:00:26 . Memory (MB): peak = 1487.258 ; gain = 553.191
---------------------------------------------------------------------------------
---------------------------------------------------------------------------------
Start Handling Custom Attributes
---------------------------------------------------------------------------------
---------------------------------------------------------------------------------
Finished Handling Custom Attributes : Time (s): cpu = 00:00:24 ; elapsed = 00:00:27 . Memory (MB): peak = 1487.258 ; gain = 553.191
---------------------------------------------------------------------------------
---------------------------------------------------------------------------------
Finished RTL Optimization Phase 1 : Time (s): cpu = 00:00:24 ; elapsed = 00:00:27 . Memory (MB): peak = 1487.258 ; gain = 553.191
---------------------------------------------------------------------------------
Netlist sorting complete. Time (s): cpu = 00:00:00 ; elapsed = 00:00:00.003 . Memory (MB): peak = 1487.258 ; gain = 0.000
INFO: [Project 1-570] Preparing netlist for logic optimization

Processing XDC Constraints
Initializing timing engine
WARNING: [Designutils 20-1758] instance U0 wraps a black box. Constraint reading is skipped for elaborated designs in this case. Skipping constraint file 'c:/Users/hdway/Documents/vivado/TER/PmodENC_Linux/hw_with_enc/hw_with_enc.gen/sources_1/bd/system/ip/system_util_ds_buf_fclk1_0/system_util_ds_buf_fclk1_0_ooc.xdc'.
WARNING: [Designutils 20-1758] instance U0 wraps a black box. Constraint reading is skipped for elaborated designs in this case. Skipping constraint file 'c:/Users/hdway/Documents/vivado/TER/PmodENC_Linux/hw_with_enc/hw_with_enc.gen/sources_1/bd/system/ip/system_util_ds_buf_fclk1_0/system_util_ds_buf_fclk1_0_board.xdc'.
Parsing XDC File [C:/Users/hdway/Documents/vivado/TER/PmodENC_Linux/hw_with_enc/hw_with_enc.runs/system_util_ds_buf_fclk1_0_synth_1/dont_touch.xdc]
Finished Parsing XDC File [C:/Users/hdway/Documents/vivado/TER/PmodENC_Linux/hw_with_enc/hw_with_enc.runs/system_util_ds_buf_fclk1_0_synth_1/dont_touch.xdc]
Completed Processing XDC Constraints

Netlist sorting complete. Time (s): cpu = 00:00:00 ; elapsed = 00:00:00 . Memory (MB): peak = 1503.473 ; gain = 0.000
INFO: [Project 1-111] Unisim Transformation Summary:
No Unisim elements were transformed.

Le chemin d'accŠs sp‚cifi‚ est introuvable.
Constraint Validation Runtime : Time (s): cpu = 00:00:00 ; elapsed = 00:00:00.055 . Memory (MB): peak = 1503.500 ; gain = 0.027
INFO: [Designutils 20-5008] Incremental synthesis strategy off
---------------------------------------------------------------------------------
Finished Constraint Validation : Time (s): cpu = 00:00:50 ; elapsed = 00:01:04 . Memory (MB): peak = 1503.500 ; gain = 569.434
---------------------------------------------------------------------------------
---------------------------------------------------------------------------------
Start Loading Part and Timing Information
---------------------------------------------------------------------------------
Loading part: xc7z020clg400-1
---------------------------------------------------------------------------------
Finished Loading Part and Timing Information : Time (s): cpu = 00:00:50 ; elapsed = 00:01:04 . Memory (MB): peak = 1503.500 ; gain = 569.434
---------------------------------------------------------------------------------
---------------------------------------------------------------------------------
Start Applying 'set_property' XDC Constraints
---------------------------------------------------------------------------------
Applied set_property KEEP_HIERARCHY = SOFT for U0. (constraint file  C:/Users/hdway/Documents/vivado/TER/PmodENC_Linux/hw_with_enc/hw_with_enc.runs/system_util_ds_buf_fclk1_0_synth_1/dont_touch.xdc, line 9).
---------------------------------------------------------------------------------
Finished applying 'set_property' XDC Constraints : Time (s): cpu = 00:00:50 ; elapsed = 00:01:04 . Memory (MB): peak = 1503.500 ; gain = 569.434
---------------------------------------------------------------------------------
---------------------------------------------------------------------------------
Finished RTL Optimization Phase 2 : Time (s): cpu = 00:00:51 ; elapsed = 00:01:05 . Memory (MB): peak = 1503.500 ; gain = 569.434
---------------------------------------------------------------------------------
---------------------------------------------------------------------------------
Start RTL Component Statistics 
---------------------------------------------------------------------------------
Detailed RTL Component Info : 
---------------------------------------------------------------------------------
Finished RTL Component Statistics 
---------------------------------------------------------------------------------
---------------------------------------------------------------------------------
Start Part Resource Summary
---------------------------------------------------------------------------------
Part Resources:
DSPs: 220 (col length:60)
BRAMs: 280 (col length: RAMB18 60 RAMB36 30)
---------------------------------------------------------------------------------
Finished Part Resource Summary
---------------------------------------------------------------------------------
---------------------------------------------------------------------------------
Start Cross Boundary and Area Optimization
---------------------------------------------------------------------------------
WARNING: [Synth 8-7080] Parallel synthesis criteria is not met
---------------------------------------------------------------------------------
Finished Cross Boundary and Area Optimization : Time (s): cpu = 00:00:57 ; elapsed = 00:01:12 . Memory (MB): peak = 1503.500 ; gain = 569.434
---------------------------------------------------------------------------------
---------------------------------------------------------------------------------
Start Applying XDC Timing Constraints
---------------------------------------------------------------------------------
---------------------------------------------------------------------------------
Finished Applying XDC Timing Constraints : Time (s): cpu = 00:01:17 ; elapsed = 00:01:33 . Memory (MB): peak = 1503.500 ; gain = 569.434
---------------------------------------------------------------------------------
---------------------------------------------------------------------------------
Start Timing Optimization
---------------------------------------------------------------------------------
---------------------------------------------------------------------------------
Finished Timing Optimization : Time (s): cpu = 00:01:17 ; elapsed = 00:01:33 . Memory (MB): peak = 1503.500 ; gain = 569.434
---------------------------------------------------------------------------------
---------------------------------------------------------------------------------
Start Technology Mapping
---------------------------------------------------------------------------------
---------------------------------------------------------------------------------
Finished Technology Mapping : Time (s): cpu = 00:01:17 ; elapsed = 00:01:33 . Memory (MB): peak = 1503.500 ; gain = 569.434
---------------------------------------------------------------------------------
---------------------------------------------------------------------------------
Start IO Insertion
---------------------------------------------------------------------------------
---------------------------------------------------------------------------------
Start Flattening Before IO Insertion
---------------------------------------------------------------------------------
---------------------------------------------------------------------------------
Finished Flattening Before IO Insertion
---------------------------------------------------------------------------------
---------------------------------------------------------------------------------
Start Final Netlist Cleanup
---------------------------------------------------------------------------------
---------------------------------------------------------------------------------
Finished Final Netlist Cleanup
---------------------------------------------------------------------------------
---------------------------------------------------------------------------------
Finished IO Insertion : Time (s): cpu = 00:01:34 ; elapsed = 00:01:53 . Memory (MB): peak = 1503.500 ; gain = 569.434
---------------------------------------------------------------------------------
---------------------------------------------------------------------------------
Start Renaming Generated Instances
---------------------------------------------------------------------------------
---------------------------------------------------------------------------------
Finished Renaming Generated Instances : Time (s): cpu = 00:01:34 ; elapsed = 00:01:53 . Memory (MB): peak = 1503.500 ; gain = 569.434
---------------------------------------------------------------------------------
---------------------------------------------------------------------------------
Start Rebuilding User Hierarchy
---------------------------------------------------------------------------------
---------------------------------------------------------------------------------
Finished Rebuilding User Hierarchy : Time (s): cpu = 00:01:34 ; elapsed = 00:01:53 . Memory (MB): peak = 1503.500 ; gain = 569.434
---------------------------------------------------------------------------------
---------------------------------------------------------------------------------
Start Renaming Generated Ports
---------------------------------------------------------------------------------
---------------------------------------------------------------------------------
Finished Renaming Generated Ports : Time (s): cpu = 00:01:34 ; elapsed = 00:01:53 . Memory (MB): peak = 1503.500 ; gain = 569.434
---------------------------------------------------------------------------------
---------------------------------------------------------------------------------
Start Handling Custom Attributes
---------------------------------------------------------------------------------
---------------------------------------------------------------------------------
Finished Handling Custom Attributes : Time (s): cpu = 00:01:34 ; elapsed = 00:01:53 . Memory (MB): peak = 1503.500 ; gain = 569.434
---------------------------------------------------------------------------------
---------------------------------------------------------------------------------
Start Renaming Generated Nets
---------------------------------------------------------------------------------
---------------------------------------------------------------------------------
Finished Renaming Generated Nets : Time (s): cpu = 00:01:34 ; elapsed = 00:01:53 . Memory (MB): peak = 1503.500 ; gain = 569.434
---------------------------------------------------------------------------------
---------------------------------------------------------------------------------
Start Writing Synthesis Report
---------------------------------------------------------------------------------

Report BlackBoxes: 
+-+--------------+----------+
| |BlackBox name |Instances |
+-+--------------+----------+
+-+--------------+----------+

Report Cell Usage: 
+------+-----+------+
|      |Cell |Count |
+------+-----+------+
|1     |BUFG |     1|
+------+-----+------+
---------------------------------------------------------------------------------
Finished Writing Synthesis Report : Time (s): cpu = 00:01:34 ; elapsed = 00:01:53 . Memory (MB): peak = 1503.500 ; gain = 569.434
---------------------------------------------------------------------------------
Synthesis finished with 0 errors, 0 critical warnings and 129 warnings.
Synthesis Optimization Runtime : Time (s): cpu = 00:01:05 ; elapsed = 00:01:45 . Memory (MB): peak = 1503.500 ; gain = 553.191
Synthesis Optimization Complete : Time (s): cpu = 00:01:35 ; elapsed = 00:01:53 . Memory (MB): peak = 1503.500 ; gain = 569.434
INFO: [Project 1-571] Translating synthesized netlist
Netlist sorting complete. Time (s): cpu = 00:00:00 ; elapsed = 00:00:00.003 . Memory (MB): peak = 1503.500 ; gain = 0.000
INFO: [Project 1-570] Preparing netlist for logic optimization
INFO: [Opt 31-138] Pushed 0 inverter(s) to 0 load pin(s).
Netlist sorting complete. Time (s): cpu = 00:00:00 ; elapsed = 00:00:00 . Memory (MB): peak = 1503.500 ; gain = 0.000
INFO: [Project 1-111] Unisim Transformation Summary:
No Unisim elements were transformed.

Le chemin d'accŠs sp‚cifi‚ est introuvable.
Synth Design complete | Checksum: 6c06ed87
INFO: [Common 17-83] Releasing license: Synthesis
26 Infos, 211 Warnings, 0 Critical Warnings and 0 Errors encountered.
synth_design completed successfully
synth_design: Time (s): cpu = 00:01:50 ; elapsed = 00:02:12 . Memory (MB): peak = 1503.500 ; gain = 990.848
INFO: [Common 17-1381] The checkpoint 'C:/Users/hdway/Documents/vivado/TER/PmodENC_Linux/hw_with_enc/hw_with_enc.runs/system_util_ds_buf_fclk1_0_synth_1/system_util_ds_buf_fclk1_0.dcp' has been generated.
INFO: [Coretcl 2-1648] Added synthesis output to IP cache for IP system_util_ds_buf_fclk1_0, cache-ID = 4319d1f0e29d4a6f
INFO: [Common 17-1381] The checkpoint 'C:/Users/hdway/Documents/vivado/TER/PmodENC_Linux/hw_with_enc/hw_with_enc.runs/system_util_ds_buf_fclk1_0_synth_1/system_util_ds_buf_fclk1_0.dcp' has been generated.
INFO: [runtcl-4] Executing : report_utilization -file system_util_ds_buf_fclk1_0_utilization_synth.rpt -pb system_util_ds_buf_fclk1_0_utilization_synth.pb
INFO: [Common 17-206] Exiting Vivado at Wed Jun 19 16:39:55 2024...
