
*** Running vivado
    with args -log system_clk_wiz_0_0.vds -m64 -product Vivado -mode batch -messageDb vivado.pb -notrace -source system_clk_wiz_0_0.tcl


Commande ECHO d‚sactiv‚e.
Commande ECHO d‚sactiv‚e.

****** Vivado v2023.2.2 (64-bit)
  **** SW Build 4081461 on Thu Dec 14 12:24:51 MST 2023
  **** IP Build 4126054 on Fri Feb  9 11:39:09 MST 2024
  **** SharedData Build 4115275 on Tue Jan 30 00:40:57 MST 2024
    ** Copyright 1986-2022 Xilinx, Inc. All Rights Reserved.
    ** Copyright 2022-2023 Advanced Micro Devices, Inc. All Rights Reserved.

source system_clk_wiz_0_0.tcl -notrace
create_project: Time (s): cpu = 00:00:21 ; elapsed = 00:00:30 . Memory (MB): peak = 476.691 ; gain = 181.816
INFO: [IP_Flow 19-234] Refreshing IP repositories
INFO: [IP_Flow 19-1700] Loaded user IP repository 'c:/Users/hdway/Documents/vivado/TER/Zybo-Z7/hw/repo'.
INFO: [IP_Flow 19-1700] Loaded user IP repository 'c:/Users/hdway/Documents/vivado/TER/PetaENC_IP'.
INFO: [IP_Flow 19-1700] Loaded user IP repository 'c:/Users/hdway/Documents/vivado/vivado-library'.
INFO: [IP_Flow 19-2313] Loaded Vivado IP repository 'C:/Xilinx/Vivado/2023.2/data/ip'.
WARNING: [IP_Flow 19-1663] Duplicate IP found for 'digilentinc.com:IP:AXI_DPTI:1.1'. The one found in IP location 'c:/Users/hdway/Documents/vivado/TER/Zybo-Z7/hw/repo/vivado-library/ip/AXI_DPTI_1.0' will take precedence over the same IP in location c:/Users/hdway/Documents/vivado/vivado-library/ip/AXI_DPTI_1.0
WARNING: [IP_Flow 19-1663] Duplicate IP found for 'digilentinc.com:ip:axi_dynclk:1.2'. The one found in IP location 'c:/Users/hdway/Documents/vivado/TER/Zybo-Z7/hw/repo/vivado-library/ip/axi_dynclk' will take precedence over the same IP in location c:/Users/hdway/Documents/vivado/vivado-library/ip/axi_dynclk
WARNING: [IP_Flow 19-1663] Duplicate IP found for 'digilentinc.com:user:axi_i2s_adi:1.2'. The one found in IP location 'c:/Users/hdway/Documents/vivado/TER/Zybo-Z7/hw/repo/vivado-library/ip/axi_i2s_adi_1.2' will take precedence over the same IP in location c:/Users/hdway/Documents/vivado/vivado-library/ip/axi_i2s_adi_1.2
WARNING: [IP_Flow 19-1663] Duplicate IP found for 'digilentinc.com:IP:axi_ps2:1.0'. The one found in IP location 'c:/Users/hdway/Documents/vivado/TER/Zybo-Z7/hw/repo/vivado-library/ip/axi_ps2_1.0' will take precedence over the same IP in location c:/Users/hdway/Documents/vivado/vivado-library/ip/axi_ps2_1.0
WARNING: [IP_Flow 19-1663] Duplicate IP found for 'digilentinc.com:ip:clock_forwarder:1.1'. The one found in IP location 'c:/Users/hdway/Documents/vivado/TER/Zybo-Z7/hw/repo/vivado-library/ip/clock_forwarder' will take precedence over the same IP in location c:/Users/hdway/Documents/vivado/vivado-library/ip/clock_forwarder
WARNING: [IP_Flow 19-1663] Duplicate IP found for 'digilentinc.com:ip:dvi2rgb:2.0'. The one found in IP location 'c:/Users/hdway/Documents/vivado/TER/Zybo-Z7/hw/repo/vivado-library/ip/dvi2rgb' will take precedence over the same IP in location c:/Users/hdway/Documents/vivado/vivado-library/ip/dvi2rgb
WARNING: [IP_Flow 19-1663] Duplicate IP found for 'digilentinc.com:IP:hls_contrast_stretch:1.0'. The one found in IP location 'c:/Users/hdway/Documents/vivado/TER/Zybo-Z7/hw/repo/vivado-library/ip/hls_contrast_stretch_1_0' will take precedence over the same IP in location c:/Users/hdway/Documents/vivado/vivado-library/ip/hls_contrast_stretch_1_0
WARNING: [IP_Flow 19-1663] Duplicate IP found for 'digilentinc.com:IP:hls_gamma_correction:1.0'. The one found in IP location 'c:/Users/hdway/Documents/vivado/TER/Zybo-Z7/hw/repo/vivado-library/ip/hls_gamma_correction_1_0' will take precedence over the same IP in location c:/Users/hdway/Documents/vivado/vivado-library/ip/hls_gamma_correction_1_0
WARNING: [IP_Flow 19-1663] Duplicate IP found for 'digilentinc.com:IP:hls_saturation_enhance:1.0'. The one found in IP location 'c:/Users/hdway/Documents/vivado/TER/Zybo-Z7/hw/repo/vivado-library/ip/hls_saturation_enhance_1_0' will take precedence over the same IP in location c:/Users/hdway/Documents/vivado/vivado-library/ip/hls_saturation_enhance_1_0
WARNING: [IP_Flow 19-1663] Duplicate IP found for 'digilentinc.com:ip:MIPI_CSI_2_RX:1.2'. The one found in IP location 'c:/Users/hdway/Documents/vivado/TER/Zybo-Z7/hw/repo/vivado-library/ip/MIPI_CSI_2_RX' will take precedence over the same IP in location c:/Users/hdway/Documents/vivado/vivado-library/ip/MIPI_CSI_2_RX
WARNING: [IP_Flow 19-1663] Duplicate IP found for 'digilentinc.com:ip:MIPI_D_PHY_RX:1.3'. The one found in IP location 'c:/Users/hdway/Documents/vivado/TER/Zybo-Z7/hw/repo/vivado-library/ip/MIPI_D_PHY_RX' will take precedence over the same IP in location c:/Users/hdway/Documents/vivado/vivado-library/ip/MIPI_D_PHY_RX
WARNING: [IP_Flow 19-1663] Duplicate IP found for 'digilentinc.com:IP:MotorFeedback:1.0'. The one found in IP location 'c:/Users/hdway/Documents/vivado/TER/Zybo-Z7/hw/repo/vivado-library/ip/MotorFeedback_1.0' will take precedence over the same IP in location c:/Users/hdway/Documents/vivado/vivado-library/ip/MotorFeedback_1.0
WARNING: [IP_Flow 19-1663] Duplicate IP found for 'digilentinc.com:IP:PmodACL2:1.0'. The one found in IP location 'c:/Users/hdway/Documents/vivado/TER/Zybo-Z7/hw/repo/vivado-library/ip/Pmods/PmodACL2_v1_0' will take precedence over the same IP in location c:/Users/hdway/Documents/vivado/vivado-library/ip/Pmods/PmodACL2_v1_0
WARNING: [IP_Flow 19-1663] Duplicate IP found for 'digilentinc.com:IP:PmodACL:1.0'. The one found in IP location 'c:/Users/hdway/Documents/vivado/TER/Zybo-Z7/hw/repo/vivado-library/ip/Pmods/PmodACL_v1_0' will take precedence over the same IP in location c:/Users/hdway/Documents/vivado/vivado-library/ip/Pmods/PmodACL_v1_0
WARNING: [IP_Flow 19-1663] Duplicate IP found for 'digilentinc.com:IP:PmodAD1:1.0'. The one found in IP location 'c:/Users/hdway/Documents/vivado/TER/Zybo-Z7/hw/repo/vivado-library/ip/Pmods/PmodAD1_v1_0' will take precedence over the same IP in location c:/Users/hdway/Documents/vivado/vivado-library/ip/Pmods/PmodAD1_v1_0
WARNING: [IP_Flow 19-1663] Duplicate IP found for 'digilentinc.com:IP:PmodAD2:1.0'. The one found in IP location 'c:/Users/hdway/Documents/vivado/TER/Zybo-Z7/hw/repo/vivado-library/ip/Pmods/PmodAD2_v1_0' will take precedence over the same IP in location c:/Users/hdway/Documents/vivado/vivado-library/ip/Pmods/PmodAD2_v1_0
WARNING: [IP_Flow 19-1663] Duplicate IP found for 'digilentinc.com:IP:PmodAD5:1.0'. The one found in IP location 'c:/Users/hdway/Documents/vivado/TER/Zybo-Z7/hw/repo/vivado-library/ip/Pmods/PmodAD5_v1_0' will take precedence over the same IP in location c:/Users/hdway/Documents/vivado/vivado-library/ip/Pmods/PmodAD5_v1_0
WARNING: [IP_Flow 19-1663] Duplicate IP found for 'digilentinc.com:IP:PmodALS:1.0'. The one found in IP location 'c:/Users/hdway/Documents/vivado/TER/Zybo-Z7/hw/repo/vivado-library/ip/Pmods/PmodALS_v1_0' will take precedence over the same IP in location c:/Users/hdway/Documents/vivado/vivado-library/ip/Pmods/PmodALS_v1_0
WARNING: [IP_Flow 19-1663] Duplicate IP found for 'digilentinc.com:IP:PmodAMP2:1.0'. The one found in IP location 'c:/Users/hdway/Documents/vivado/TER/Zybo-Z7/hw/repo/vivado-library/ip/Pmods/PmodAMP2_v1_0' will take precedence over the same IP in location c:/Users/hdway/Documents/vivado/vivado-library/ip/Pmods/PmodAMP2_v1_0
WARNING: [IP_Flow 19-1663] Duplicate IP found for 'digilentinc.com:IP:PmodAQS:1.0'. The one found in IP location 'c:/Users/hdway/Documents/vivado/TER/Zybo-Z7/hw/repo/vivado-library/ip/Pmods/PmodAQS_v1_0' will take precedence over the same IP in location c:/Users/hdway/Documents/vivado/vivado-library/ip/Pmods/PmodAQS_v1_0
WARNING: [IP_Flow 19-1663] Duplicate IP found for 'digilentinc.com:IP:PmodBLE:1.0'. The one found in IP location 'c:/Users/hdway/Documents/vivado/TER/Zybo-Z7/hw/repo/vivado-library/ip/Pmods/PmodBLE_v1_0' will take precedence over the same IP in location c:/Users/hdway/Documents/vivado/vivado-library/ip/Pmods/PmodBLE_v1_0
WARNING: [IP_Flow 19-1663] Duplicate IP found for 'digilentinc.com:IP:PmodBT2:1.0'. The one found in IP location 'c:/Users/hdway/Documents/vivado/TER/Zybo-Z7/hw/repo/vivado-library/ip/Pmods/PmodBT2_v1_0' will take precedence over the same IP in location c:/Users/hdway/Documents/vivado/vivado-library/ip/Pmods/PmodBT2_v1_0
WARNING: [IP_Flow 19-1663] Duplicate IP found for 'digilentinc.com:IP:PmodCAN:1.0'. The one found in IP location 'c:/Users/hdway/Documents/vivado/TER/Zybo-Z7/hw/repo/vivado-library/ip/Pmods/PmodCAN_v1_0' will take precedence over the same IP in location c:/Users/hdway/Documents/vivado/vivado-library/ip/Pmods/PmodCAN_v1_0
WARNING: [IP_Flow 19-1663] Duplicate IP found for 'digilentinc.com:IP:PmodCLS:1.0'. The one found in IP location 'c:/Users/hdway/Documents/vivado/TER/Zybo-Z7/hw/repo/vivado-library/ip/Pmods/PmodCLS_v1_0' will take precedence over the same IP in location c:/Users/hdway/Documents/vivado/vivado-library/ip/Pmods/PmodCLS_v1_0
WARNING: [IP_Flow 19-1663] Duplicate IP found for 'digilentinc.com:IP:PmodCMPS2:1.0'. The one found in IP location 'c:/Users/hdway/Documents/vivado/TER/Zybo-Z7/hw/repo/vivado-library/ip/Pmods/PmodCMPS2_v1_0' will take precedence over the same IP in location c:/Users/hdway/Documents/vivado/vivado-library/ip/Pmods/PmodCMPS2_v1_0
WARNING: [IP_Flow 19-1663] Duplicate IP found for 'digilentinc.com:IP:PmodCOLOR:1.0'. The one found in IP location 'c:/Users/hdway/Documents/vivado/TER/Zybo-Z7/hw/repo/vivado-library/ip/Pmods/PmodCOLOR_v1_0' will take precedence over the same IP in location c:/Users/hdway/Documents/vivado/vivado-library/ip/Pmods/PmodCOLOR_v1_0
WARNING: [IP_Flow 19-1663] Duplicate IP found for 'digilentinc.com:IP:PmodDA1:1.0'. The one found in IP location 'c:/Users/hdway/Documents/vivado/TER/Zybo-Z7/hw/repo/vivado-library/ip/Pmods/PmodDA1_v1_0' will take precedence over the same IP in location c:/Users/hdway/Documents/vivado/vivado-library/ip/Pmods/PmodDA1_v1_0
WARNING: [IP_Flow 19-1663] Duplicate IP found for 'digilentinc.com:IP:PmodDHB1:1.0'. The one found in IP location 'c:/Users/hdway/Documents/vivado/TER/Zybo-Z7/hw/repo/vivado-library/ip/Pmods/PmodDHB1_v1_0' will take precedence over the same IP in location c:/Users/hdway/Documents/vivado/vivado-library/ip/Pmods/PmodDHB1_v1_0
WARNING: [IP_Flow 19-1663] Duplicate IP found for 'digilentinc.com:IP:PmodDPG1:1.0'. The one found in IP location 'c:/Users/hdway/Documents/vivado/TER/Zybo-Z7/hw/repo/vivado-library/ip/Pmods/PmodDPG1_v1_0' will take precedence over the same IP in location c:/Users/hdway/Documents/vivado/vivado-library/ip/Pmods/PmodDPG1_v1_0
WARNING: [IP_Flow 19-1663] Duplicate IP found for 'digilentinc.com:IP:PmodENC:1.0'. The one found in IP location 'c:/Users/hdway/Documents/vivado/TER/Zybo-Z7/hw/repo/vivado-library/ip/Pmods/PmodENC_v1_0' will take precedence over the same IP in location c:/Users/hdway/Documents/vivado/vivado-library/ip/Pmods/PmodENC_v1_0
WARNING: [IP_Flow 19-1663] Duplicate IP found for 'digilentinc.com:user:PmodESP32:1.0'. The one found in IP location 'c:/Users/hdway/Documents/vivado/TER/Zybo-Z7/hw/repo/vivado-library/ip/Pmods/PmodESP32_v1_0' will take precedence over the same IP in location c:/Users/hdway/Documents/vivado/vivado-library/ip/Pmods/PmodESP32_v1_0
WARNING: [IP_Flow 19-1663] Duplicate IP found for 'digilentinc.com:IP:PmodGPIO:1.0'. The one found in IP location 'c:/Users/hdway/Documents/vivado/TER/Zybo-Z7/hw/repo/vivado-library/ip/Pmods/PmodGPIO_v1_0' will take precedence over the same IP in location c:/Users/hdway/Documents/vivado/vivado-library/ip/Pmods/PmodGPIO_v1_0
WARNING: [IP_Flow 19-1663] Duplicate IP found for 'digilentinc.com:IP:PmodGPS:1.1'. The one found in IP location 'c:/Users/hdway/Documents/vivado/TER/Zybo-Z7/hw/repo/vivado-library/ip/Pmods/PmodGPS_v1_1' will take precedence over the same IP in location c:/Users/hdway/Documents/vivado/vivado-library/ip/Pmods/PmodGPS_v1_1
WARNING: [IP_Flow 19-1663] Duplicate IP found for 'digilentinc.com:IP:PmodGYRO:1.0'. The one found in IP location 'c:/Users/hdway/Documents/vivado/TER/Zybo-Z7/hw/repo/vivado-library/ip/Pmods/PmodGYRO_v1_0' will take precedence over the same IP in location c:/Users/hdway/Documents/vivado/vivado-library/ip/Pmods/PmodGYRO_v1_0
WARNING: [IP_Flow 19-1663] Duplicate IP found for 'digilentinc.com:IP:PmodHYGRO:1.0'. The one found in IP location 'c:/Users/hdway/Documents/vivado/TER/Zybo-Z7/hw/repo/vivado-library/ip/Pmods/PmodHYGRO_v1_0' will take precedence over the same IP in location c:/Users/hdway/Documents/vivado/vivado-library/ip/Pmods/PmodHYGRO_v1_0
WARNING: [IP_Flow 19-1663] Duplicate IP found for 'digilentinc.com:IP:PmodJSTK2:1.0'. The one found in IP location 'c:/Users/hdway/Documents/vivado/TER/Zybo-Z7/hw/repo/vivado-library/ip/Pmods/PmodJSTK2_v1_0' will take precedence over the same IP in location c:/Users/hdway/Documents/vivado/vivado-library/ip/Pmods/PmodJSTK2_v1_0
WARNING: [IP_Flow 19-1663] Duplicate IP found for 'digilentinc.com:IP:PmodJSTK:1.0'. The one found in IP location 'c:/Users/hdway/Documents/vivado/TER/Zybo-Z7/hw/repo/vivado-library/ip/Pmods/PmodJSTK_v1_0' will take precedence over the same IP in location c:/Users/hdway/Documents/vivado/vivado-library/ip/Pmods/PmodJSTK_v1_0
WARNING: [IP_Flow 19-1663] Duplicate IP found for 'digilentinc.com:IP:PmodKYPD:1.0'. The one found in IP location 'c:/Users/hdway/Documents/vivado/TER/Zybo-Z7/hw/repo/vivado-library/ip/Pmods/PmodKYPD_v1_0' will take precedence over the same IP in location c:/Users/hdway/Documents/vivado/vivado-library/ip/Pmods/PmodKYPD_v1_0
WARNING: [IP_Flow 19-1663] Duplicate IP found for 'digilentinc.com:IP:PmodMAXSONAR:1.0'. The one found in IP location 'c:/Users/hdway/Documents/vivado/TER/Zybo-Z7/hw/repo/vivado-library/ip/Pmods/PmodMAXSONAR_v1_0' will take precedence over the same IP in location c:/Users/hdway/Documents/vivado/vivado-library/ip/Pmods/PmodMAXSONAR_v1_0
WARNING: [IP_Flow 19-1663] Duplicate IP found for 'digilentinc.com:IP:PmodMTDS:1.0'. The one found in IP location 'c:/Users/hdway/Documents/vivado/TER/Zybo-Z7/hw/repo/vivado-library/ip/Pmods/PmodMTDS_v1_0' will take precedence over the same IP in location c:/Users/hdway/Documents/vivado/vivado-library/ip/Pmods/PmodMTDS_v1_0
WARNING: [IP_Flow 19-1663] Duplicate IP found for 'digilentinc.com:IP:PmodNAV:1.0'. The one found in IP location 'c:/Users/hdway/Documents/vivado/TER/Zybo-Z7/hw/repo/vivado-library/ip/Pmods/PmodNAV_v1_0' will take precedence over the same IP in location c:/Users/hdway/Documents/vivado/vivado-library/ip/Pmods/PmodNAV_v1_0
WARNING: [IP_Flow 19-1663] Duplicate IP found for 'digilentinc.com:IP:PmodOLEDrgb:1.0'. The one found in IP location 'c:/Users/hdway/Documents/vivado/TER/Zybo-Z7/hw/repo/vivado-library/ip/Pmods/pmodOLEDrgb_v1_0' will take precedence over the same IP in location c:/Users/hdway/Documents/vivado/vivado-library/ip/Pmods/pmodOLEDrgb_v1_0
WARNING: [IP_Flow 19-1663] Duplicate IP found for 'digilentinc.com:IP:PmodOLED:1.0'. The one found in IP location 'c:/Users/hdway/Documents/vivado/TER/Zybo-Z7/hw/repo/vivado-library/ip/Pmods/PmodOLED_v1_0' will take precedence over the same IP in location c:/Users/hdway/Documents/vivado/vivado-library/ip/Pmods/PmodOLED_v1_0
WARNING: [IP_Flow 19-1663] Duplicate IP found for 'digilentinc.com:IP:PmodPIR:1.0'. The one found in IP location 'c:/Users/hdway/Documents/vivado/TER/Zybo-Z7/hw/repo/vivado-library/ip/Pmods/PmodPIR_v1_0' will take precedence over the same IP in location c:/Users/hdway/Documents/vivado/vivado-library/ip/Pmods/PmodPIR_v1_0
WARNING: [IP_Flow 19-1663] Duplicate IP found for 'digilentinc.com:IP:PmodR2R:1.0'. The one found in IP location 'c:/Users/hdway/Documents/vivado/TER/Zybo-Z7/hw/repo/vivado-library/ip/Pmods/PmodR2R_v1_0' will take precedence over the same IP in location c:/Users/hdway/Documents/vivado/vivado-library/ip/Pmods/PmodR2R_v1_0
WARNING: [IP_Flow 19-1663] Duplicate IP found for 'digilentinc.com:IP:PmodRTCC:1.0'. The one found in IP location 'c:/Users/hdway/Documents/vivado/TER/Zybo-Z7/hw/repo/vivado-library/ip/Pmods/PmodRTCC_v1_0' will take precedence over the same IP in location c:/Users/hdway/Documents/vivado/vivado-library/ip/Pmods/PmodRTCC_v1_0
WARNING: [IP_Flow 19-1663] Duplicate IP found for 'digilentinc.com:IP:PmodSD:1.0'. The one found in IP location 'c:/Users/hdway/Documents/vivado/TER/Zybo-Z7/hw/repo/vivado-library/ip/Pmods/PmodSD_v1_0' will take precedence over the same IP in location c:/Users/hdway/Documents/vivado/vivado-library/ip/Pmods/PmodSD_v1_0
WARNING: [IP_Flow 19-1663] Duplicate IP found for 'digilentinc.com:IP:PmodSF3:1.0'. The one found in IP location 'c:/Users/hdway/Documents/vivado/TER/Zybo-Z7/hw/repo/vivado-library/ip/Pmods/PmodSF3_v1_0' will take precedence over the same IP in location c:/Users/hdway/Documents/vivado/vivado-library/ip/Pmods/PmodSF3_v1_0
WARNING: [IP_Flow 19-1663] Duplicate IP found for 'digilentinc.com:IP:PmodTC1:1.0'. The one found in IP location 'c:/Users/hdway/Documents/vivado/TER/Zybo-Z7/hw/repo/vivado-library/ip/Pmods/PmodTC1_v1_0' will take precedence over the same IP in location c:/Users/hdway/Documents/vivado/vivado-library/ip/Pmods/PmodTC1_v1_0
WARNING: [IP_Flow 19-1663] Duplicate IP found for 'digilentinc.com:IP:PmodTMP3:1.0'. The one found in IP location 'c:/Users/hdway/Documents/vivado/TER/Zybo-Z7/hw/repo/vivado-library/ip/Pmods/PmodTMP3_v1_0' will take precedence over the same IP in location c:/Users/hdway/Documents/vivado/vivado-library/ip/Pmods/PmodTMP3_v1_0
WARNING: [IP_Flow 19-1663] Duplicate IP found for 'digilentinc.com:IP:PmodWIFI:1.0'. The one found in IP location 'c:/Users/hdway/Documents/vivado/TER/Zybo-Z7/hw/repo/vivado-library/ip/Pmods/PmodWIFI_v1_0' will take precedence over the same IP in location c:/Users/hdway/Documents/vivado/vivado-library/ip/Pmods/PmodWIFI_v1_0
WARNING: [IP_Flow 19-1663] Duplicate IP found for 'digilentinc.com:ip:pmod_bridge:1.0'. The one found in IP location 'c:/Users/hdway/Documents/vivado/TER/Zybo-Z7/hw/repo/vivado-library/ip/Pmods/Pmod_Bridge_v1_0' will take precedence over the same IP in location c:/Users/hdway/Documents/vivado/vivado-library/ip/Pmods/Pmod_Bridge_v1_0
WARNING: [IP_Flow 19-1663] Duplicate IP found for 'digilentinc.com:ip:pmod_bridge:1.1'. The one found in IP location 'c:/Users/hdway/Documents/vivado/TER/Zybo-Z7/hw/repo/vivado-library/ip/Pmods/Pmod_Bridge_v1_1' will take precedence over the same IP in location c:/Users/hdway/Documents/vivado/vivado-library/ip/Pmods/Pmod_Bridge_v1_1
WARNING: [IP_Flow 19-1663] Duplicate IP found for 'digilentinc.com:IP:PWM:1.0'. The one found in IP location 'c:/Users/hdway/Documents/vivado/TER/Zybo-Z7/hw/repo/vivado-library/ip/PWM_1.0' will take precedence over the same IP in location c:/Users/hdway/Documents/vivado/vivado-library/ip/PWM_1.0
WARNING: [IP_Flow 19-1663] Duplicate IP found for 'digilentinc.com:IP:PWM:2.0'. The one found in IP location 'c:/Users/hdway/Documents/vivado/TER/Zybo-Z7/hw/repo/vivado-library/ip/PWM_2.0' will take precedence over the same IP in location c:/Users/hdway/Documents/vivado/vivado-library/ip/PWM_2.0
WARNING: [IP_Flow 19-1663] Duplicate IP found for 'digilentinc.com:IP:PWM_Analyzer:1.0'. The one found in IP location 'c:/Users/hdway/Documents/vivado/TER/Zybo-Z7/hw/repo/vivado-library/ip/PWM_Analyzer_1.0' will take precedence over the same IP in location c:/Users/hdway/Documents/vivado/vivado-library/ip/PWM_Analyzer_1.0
WARNING: [IP_Flow 19-1663] Duplicate IP found for 'digilentinc.com:ip:rgb2dpvid:1.0'. The one found in IP location 'c:/Users/hdway/Documents/vivado/TER/Zybo-Z7/hw/repo/vivado-library/ip/rgb2dpvid_v1_0' will take precedence over the same IP in location c:/Users/hdway/Documents/vivado/vivado-library/ip/rgb2dpvid_v1_0
WARNING: [IP_Flow 19-1663] Duplicate IP found for 'digilentinc.com:ip:rgb2dvi:1.4'. The one found in IP location 'c:/Users/hdway/Documents/vivado/TER/Zybo-Z7/hw/repo/vivado-library/ip/rgb2dvi' will take precedence over the same IP in location c:/Users/hdway/Documents/vivado/vivado-library/ip/rgb2dvi
WARNING: [IP_Flow 19-1663] Duplicate IP found for 'digilentinc.com:ip:rgb2vga:1.0'. The one found in IP location 'c:/Users/hdway/Documents/vivado/TER/Zybo-Z7/hw/repo/vivado-library/ip/rgb2vga_v1_0' will take precedence over the same IP in location c:/Users/hdway/Documents/vivado/vivado-library/ip/rgb2vga_v1_0
WARNING: [IP_Flow 19-1663] Duplicate IP found for 'digilentinc.com:ip:Sync:1.0'. The one found in IP location 'c:/Users/hdway/Documents/vivado/TER/Zybo-Z7/hw/repo/vivado-library/ip/Sync_v1_0' will take precedence over the same IP in location c:/Users/hdway/Documents/vivado/vivado-library/ip/Sync_v1_0
WARNING: [IP_Flow 19-1663] Duplicate IP found for 'digilentinc.com:ip:usb2device:1.0'. The one found in IP location 'c:/Users/hdway/Documents/vivado/TER/Zybo-Z7/hw/repo/vivado-library/ip/usb2device_v1_0' will take precedence over the same IP in location c:/Users/hdway/Documents/vivado/vivado-library/ip/usb2device_v1_0
WARNING: [IP_Flow 19-1663] Duplicate IP found for 'digilentinc.com:video:video_scaler:1.0'. The one found in IP location 'c:/Users/hdway/Documents/vivado/TER/Zybo-Z7/hw/repo/vivado-library/ip/video_scaler' will take precedence over the same IP in location c:/Users/hdway/Documents/vivado/vivado-library/ip/video_scaler
WARNING: [IP_Flow 19-4830] Duplicate Interface found for 'digilentinc.com:interface:pmod:1.0'. The one found in location 'c:/Users/hdway/Documents/vivado/TER/Zybo-Z7/hw/repo/vivado-library/if/pmod_v1_0/pmod.xml' will take precedence over the same Interface in location 'c:/Users/hdway/Documents/vivado/vivado-library/if/pmod_v1_0/pmod.xml'
WARNING: [IP_Flow 19-4830] Duplicate Interface found for 'digilentinc.com:interface:tmds:1.0'. The one found in location 'c:/Users/hdway/Documents/vivado/TER/Zybo-Z7/hw/repo/vivado-library/if/tmds_v1_0/tmds.xml' will take precedence over the same Interface in location 'c:/Users/hdway/Documents/vivado/vivado-library/if/tmds_v1_0/tmds.xml'
update_ip_catalog: Time (s): cpu = 00:00:05 ; elapsed = 00:00:10 . Memory (MB): peak = 486.156 ; gain = 9.465
WARNING: [IP_Flow 19-4995] The host OS only allows 260 characters in a normal path. The IP cache path is more than 80 characters. If you experience issues with IP caching, please consider changing the IP cache to a location with a shorter path. Alternately consider using the OS subst command to map part of the path to a drive letter. 
Current IP cache path is c:/Users/hdway/Documents/vivado/TER/PmodENC_Linux/hw_with_enc/hw_with_enc.cache/ip 
INFO: [IP_Flow 19-6924] IPCACHE: Running cache check for IP inst: system_clk_wiz_0_0
Command: synth_design -top system_clk_wiz_0_0 -part xc7z020clg400-1 -incremental_mode off -mode out_of_context
Starting synth_design
Attempting to get a license for feature 'Synthesis' and/or device 'xc7z020'
INFO: [Common 17-349] Got license for feature 'Synthesis' and/or device 'xc7z020'
INFO: [Device 21-403] Loading part xc7z020clg400-1
INFO: [Synth 8-7079] Multithreading enabled for synth_design using a maximum of 2 processes.
INFO: [Synth 8-7078] Launching helper process for spawning children vivado processes
INFO: [Synth 8-7075] Helper process launched with PID 17856
---------------------------------------------------------------------------------
Starting RTL Elaboration : Time (s): cpu = 00:00:17 ; elapsed = 00:00:20 . Memory (MB): peak = 1372.430 ; gain = 437.027
---------------------------------------------------------------------------------
INFO: [Synth 8-6157] synthesizing module 'system_clk_wiz_0_0' [c:/Users/hdway/Documents/vivado/TER/PmodENC_Linux/hw_with_enc/hw_with_enc.gen/sources_1/bd/system/ip/system_clk_wiz_0_0/system_clk_wiz_0_0.v:66]
INFO: [Synth 8-6157] synthesizing module 'system_clk_wiz_0_0_clk_wiz' [c:/Users/hdway/Documents/vivado/TER/PmodENC_Linux/hw_with_enc/hw_with_enc.gen/sources_1/bd/system/ip/system_clk_wiz_0_0/system_clk_wiz_0_0_clk_wiz.v:66]
INFO: [Synth 8-6157] synthesizing module 'IBUF' [C:/Xilinx/Vivado/2023.2/scripts/rt/data/unisim_comp.v:73631]
INFO: [Synth 8-6155] done synthesizing module 'IBUF' (0#1) [C:/Xilinx/Vivado/2023.2/scripts/rt/data/unisim_comp.v:73631]
INFO: [Synth 8-6157] synthesizing module 'PLLE2_ADV' [C:/Xilinx/Vivado/2023.2/scripts/rt/data/unisim_comp.v:111351]
	Parameter BANDWIDTH bound to: OPTIMIZED - type: string 
	Parameter CLKFBOUT_MULT bound to: 48 - type: integer 
	Parameter CLKFBOUT_PHASE bound to: 0.000000 - type: double 
	Parameter CLKIN1_PERIOD bound to: 8.000000 - type: double 
	Parameter CLKOUT0_DIVIDE bound to: 100 - type: integer 
	Parameter CLKOUT0_DUTY_CYCLE bound to: 0.500000 - type: double 
	Parameter CLKOUT0_PHASE bound to: 0.000000 - type: double 
	Parameter CLKOUT1_DIVIDE bound to: 6 - type: integer 
	Parameter CLKOUT1_DUTY_CYCLE bound to: 0.500000 - type: double 
	Parameter CLKOUT1_PHASE bound to: 0.000000 - type: double 
	Parameter COMPENSATION bound to: ZHOLD - type: string 
	Parameter DIVCLK_DIVIDE bound to: 5 - type: integer 
	Parameter STARTUP_WAIT bound to: FALSE - type: string 
INFO: [Synth 8-6155] done synthesizing module 'PLLE2_ADV' (0#1) [C:/Xilinx/Vivado/2023.2/scripts/rt/data/unisim_comp.v:111351]
INFO: [Synth 8-6157] synthesizing module 'BUFG' [C:/Xilinx/Vivado/2023.2/scripts/rt/data/unisim_comp.v:1951]
INFO: [Synth 8-6155] done synthesizing module 'BUFG' (0#1) [C:/Xilinx/Vivado/2023.2/scripts/rt/data/unisim_comp.v:1951]
INFO: [Synth 8-6155] done synthesizing module 'system_clk_wiz_0_0_clk_wiz' (0#1) [c:/Users/hdway/Documents/vivado/TER/PmodENC_Linux/hw_with_enc/hw_with_enc.gen/sources_1/bd/system/ip/system_clk_wiz_0_0/system_clk_wiz_0_0_clk_wiz.v:66]
INFO: [Synth 8-6155] done synthesizing module 'system_clk_wiz_0_0' (0#1) [c:/Users/hdway/Documents/vivado/TER/PmodENC_Linux/hw_with_enc/hw_with_enc.gen/sources_1/bd/system/ip/system_clk_wiz_0_0/system_clk_wiz_0_0.v:66]
---------------------------------------------------------------------------------
Finished RTL Elaboration : Time (s): cpu = 00:00:23 ; elapsed = 00:00:27 . Memory (MB): peak = 1485.594 ; gain = 550.191
---------------------------------------------------------------------------------
---------------------------------------------------------------------------------
Start Handling Custom Attributes
---------------------------------------------------------------------------------
---------------------------------------------------------------------------------
Finished Handling Custom Attributes : Time (s): cpu = 00:00:23 ; elapsed = 00:00:27 . Memory (MB): peak = 1485.594 ; gain = 550.191
---------------------------------------------------------------------------------
---------------------------------------------------------------------------------
Finished RTL Optimization Phase 1 : Time (s): cpu = 00:00:23 ; elapsed = 00:00:27 . Memory (MB): peak = 1485.594 ; gain = 550.191
---------------------------------------------------------------------------------
Netlist sorting complete. Time (s): cpu = 00:00:00 ; elapsed = 00:00:00 . Memory (MB): peak = 1485.594 ; gain = 0.000
INFO: [Netlist 29-17] Analyzing 1 Unisim elements for replacement
INFO: [Netlist 29-28] Unisim Transformation completed in 0 CPU seconds
INFO: [Project 1-570] Preparing netlist for logic optimization

Processing XDC Constraints
Initializing timing engine
Parsing XDC File [c:/Users/hdway/Documents/vivado/TER/PmodENC_Linux/hw_with_enc/hw_with_enc.gen/sources_1/bd/system/ip/system_clk_wiz_0_0/system_clk_wiz_0_0_ooc.xdc] for cell 'inst'
Finished Parsing XDC File [c:/Users/hdway/Documents/vivado/TER/PmodENC_Linux/hw_with_enc/hw_with_enc.gen/sources_1/bd/system/ip/system_clk_wiz_0_0/system_clk_wiz_0_0_ooc.xdc] for cell 'inst'
Parsing XDC File [c:/Users/hdway/Documents/vivado/TER/PmodENC_Linux/hw_with_enc/hw_with_enc.gen/sources_1/bd/system/ip/system_clk_wiz_0_0/system_clk_wiz_0_0_board.xdc] for cell 'inst'
Finished Parsing XDC File [c:/Users/hdway/Documents/vivado/TER/PmodENC_Linux/hw_with_enc/hw_with_enc.gen/sources_1/bd/system/ip/system_clk_wiz_0_0/system_clk_wiz_0_0_board.xdc] for cell 'inst'
Parsing XDC File [c:/Users/hdway/Documents/vivado/TER/PmodENC_Linux/hw_with_enc/hw_with_enc.gen/sources_1/bd/system/ip/system_clk_wiz_0_0/system_clk_wiz_0_0.xdc] for cell 'inst'
Finished Parsing XDC File [c:/Users/hdway/Documents/vivado/TER/PmodENC_Linux/hw_with_enc/hw_with_enc.gen/sources_1/bd/system/ip/system_clk_wiz_0_0/system_clk_wiz_0_0.xdc] for cell 'inst'
INFO: [Project 1-236] Implementation specific constraints were found while reading constraint file [c:/Users/hdway/Documents/vivado/TER/PmodENC_Linux/hw_with_enc/hw_with_enc.gen/sources_1/bd/system/ip/system_clk_wiz_0_0/system_clk_wiz_0_0.xdc]. These constraints will be ignored for synthesis but will be used in implementation. Impacted constraints are listed in the file [.Xil/system_clk_wiz_0_0_propImpl.xdc].
Resolution: To avoid this warning, move constraints listed in [.Xil/system_clk_wiz_0_0_propImpl.xdc] to another XDC file and exclude this new file from synthesis with the used_in_synthesis property (File Properties dialog in GUI) and re-run elaboration/synthesis.
INFO: [Timing 38-2] Deriving generated clocks
Parsing XDC File [C:/Users/hdway/Documents/vivado/TER/PmodENC_Linux/hw_with_enc/hw_with_enc.runs/system_clk_wiz_0_0_synth_1/dont_touch.xdc]
Finished Parsing XDC File [C:/Users/hdway/Documents/vivado/TER/PmodENC_Linux/hw_with_enc/hw_with_enc.runs/system_clk_wiz_0_0_synth_1/dont_touch.xdc]
Completed Processing XDC Constraints

Netlist sorting complete. Time (s): cpu = 00:00:00 ; elapsed = 00:00:00 . Memory (MB): peak = 1493.867 ; gain = 0.000
INFO: [Project 1-111] Unisim Transformation Summary:
No Unisim elements were transformed.

Le chemin d'accŠs sp‚cifi‚ est introuvable.
Constraint Validation Runtime : Time (s): cpu = 00:00:00 ; elapsed = 00:00:00.059 . Memory (MB): peak = 1493.867 ; gain = 0.000
INFO: [Designutils 20-5008] Incremental synthesis strategy off
---------------------------------------------------------------------------------
Finished Constraint Validation : Time (s): cpu = 00:00:50 ; elapsed = 00:00:59 . Memory (MB): peak = 1493.867 ; gain = 558.465
---------------------------------------------------------------------------------
---------------------------------------------------------------------------------
Start Loading Part and Timing Information
---------------------------------------------------------------------------------
Loading part: xc7z020clg400-1
---------------------------------------------------------------------------------
Finished Loading Part and Timing Information : Time (s): cpu = 00:00:50 ; elapsed = 00:00:59 . Memory (MB): peak = 1493.867 ; gain = 558.465
---------------------------------------------------------------------------------
---------------------------------------------------------------------------------
Start Applying 'set_property' XDC Constraints
---------------------------------------------------------------------------------
Applied set_property KEEP_HIERARCHY = SOFT for inst. (constraint file  C:/Users/hdway/Documents/vivado/TER/PmodENC_Linux/hw_with_enc/hw_with_enc.runs/system_clk_wiz_0_0_synth_1/dont_touch.xdc, line 9).
Applied set_property KEEP = true for clk_in1. (constraint file  auto generated constraint).
---------------------------------------------------------------------------------
Finished applying 'set_property' XDC Constraints : Time (s): cpu = 00:00:50 ; elapsed = 00:00:59 . Memory (MB): peak = 1493.867 ; gain = 558.465
---------------------------------------------------------------------------------
---------------------------------------------------------------------------------
Finished RTL Optimization Phase 2 : Time (s): cpu = 00:00:50 ; elapsed = 00:01:00 . Memory (MB): peak = 1493.867 ; gain = 558.465
---------------------------------------------------------------------------------
---------------------------------------------------------------------------------
Start RTL Component Statistics 
---------------------------------------------------------------------------------
Detailed RTL Component Info : 
---------------------------------------------------------------------------------
Finished RTL Component Statistics 
---------------------------------------------------------------------------------
---------------------------------------------------------------------------------
Start Part Resource Summary
---------------------------------------------------------------------------------
Part Resources:
DSPs: 220 (col length:60)
BRAMs: 280 (col length: RAMB18 60 RAMB36 30)
---------------------------------------------------------------------------------
Finished Part Resource Summary
---------------------------------------------------------------------------------
---------------------------------------------------------------------------------
Start Cross Boundary and Area Optimization
---------------------------------------------------------------------------------
WARNING: [Synth 8-7080] Parallel synthesis criteria is not met
---------------------------------------------------------------------------------
Finished Cross Boundary and Area Optimization : Time (s): cpu = 00:00:57 ; elapsed = 00:01:07 . Memory (MB): peak = 1493.867 ; gain = 558.465
---------------------------------------------------------------------------------
---------------------------------------------------------------------------------
Start Applying XDC Timing Constraints
---------------------------------------------------------------------------------
---------------------------------------------------------------------------------
Finished Applying XDC Timing Constraints : Time (s): cpu = 00:01:16 ; elapsed = 00:01:27 . Memory (MB): peak = 1493.867 ; gain = 558.465
---------------------------------------------------------------------------------
---------------------------------------------------------------------------------
Start Timing Optimization
---------------------------------------------------------------------------------
---------------------------------------------------------------------------------
Finished Timing Optimization : Time (s): cpu = 00:01:16 ; elapsed = 00:01:27 . Memory (MB): peak = 1493.867 ; gain = 558.465
---------------------------------------------------------------------------------
---------------------------------------------------------------------------------
Start Technology Mapping
---------------------------------------------------------------------------------
---------------------------------------------------------------------------------
Finished Technology Mapping : Time (s): cpu = 00:01:16 ; elapsed = 00:01:27 . Memory (MB): peak = 1493.867 ; gain = 558.465
---------------------------------------------------------------------------------
---------------------------------------------------------------------------------
Start IO Insertion
---------------------------------------------------------------------------------
---------------------------------------------------------------------------------
Start Flattening Before IO Insertion
---------------------------------------------------------------------------------
---------------------------------------------------------------------------------
Finished Flattening Before IO Insertion
---------------------------------------------------------------------------------
---------------------------------------------------------------------------------
Start Final Netlist Cleanup
---------------------------------------------------------------------------------
---------------------------------------------------------------------------------
Finished Final Netlist Cleanup
---------------------------------------------------------------------------------
---------------------------------------------------------------------------------
Finished IO Insertion : Time (s): cpu = 00:01:35 ; elapsed = 00:01:48 . Memory (MB): peak = 1493.867 ; gain = 558.465
---------------------------------------------------------------------------------
---------------------------------------------------------------------------------
Start Renaming Generated Instances
---------------------------------------------------------------------------------
---------------------------------------------------------------------------------
Finished Renaming Generated Instances : Time (s): cpu = 00:01:35 ; elapsed = 00:01:48 . Memory (MB): peak = 1493.867 ; gain = 558.465
---------------------------------------------------------------------------------
---------------------------------------------------------------------------------
Start Rebuilding User Hierarchy
---------------------------------------------------------------------------------
---------------------------------------------------------------------------------
Finished Rebuilding User Hierarchy : Time (s): cpu = 00:01:35 ; elapsed = 00:01:48 . Memory (MB): peak = 1493.867 ; gain = 558.465
---------------------------------------------------------------------------------
---------------------------------------------------------------------------------
Start Renaming Generated Ports
---------------------------------------------------------------------------------
---------------------------------------------------------------------------------
Finished Renaming Generated Ports : Time (s): cpu = 00:01:35 ; elapsed = 00:01:48 . Memory (MB): peak = 1493.867 ; gain = 558.465
---------------------------------------------------------------------------------
---------------------------------------------------------------------------------
Start Handling Custom Attributes
---------------------------------------------------------------------------------
---------------------------------------------------------------------------------
Finished Handling Custom Attributes : Time (s): cpu = 00:01:35 ; elapsed = 00:01:48 . Memory (MB): peak = 1493.867 ; gain = 558.465
---------------------------------------------------------------------------------
---------------------------------------------------------------------------------
Start Renaming Generated Nets
---------------------------------------------------------------------------------
---------------------------------------------------------------------------------
Finished Renaming Generated Nets : Time (s): cpu = 00:01:35 ; elapsed = 00:01:48 . Memory (MB): peak = 1493.867 ; gain = 558.465
---------------------------------------------------------------------------------
---------------------------------------------------------------------------------
Start Writing Synthesis Report
---------------------------------------------------------------------------------

Report BlackBoxes: 
+-+--------------+----------+
| |BlackBox name |Instances |
+-+--------------+----------+
+-+--------------+----------+

Report Cell Usage: 
+------+----------+------+
|      |Cell      |Count |
+------+----------+------+
|1     |BUFG      |     3|
|2     |PLLE2_ADV |     1|
|3     |IBUF      |     1|
+------+----------+------+
---------------------------------------------------------------------------------
Finished Writing Synthesis Report : Time (s): cpu = 00:01:35 ; elapsed = 00:01:48 . Memory (MB): peak = 1493.867 ; gain = 558.465
---------------------------------------------------------------------------------
Synthesis finished with 0 errors, 0 critical warnings and 1 warnings.
Synthesis Optimization Runtime : Time (s): cpu = 00:01:05 ; elapsed = 00:01:39 . Memory (MB): peak = 1493.867 ; gain = 550.191
Synthesis Optimization Complete : Time (s): cpu = 00:01:35 ; elapsed = 00:01:48 . Memory (MB): peak = 1493.867 ; gain = 558.465
INFO: [Project 1-571] Translating synthesized netlist
Netlist sorting complete. Time (s): cpu = 00:00:00 ; elapsed = 00:00:00 . Memory (MB): peak = 1493.867 ; gain = 0.000
INFO: [Netlist 29-17] Analyzing 1 Unisim elements for replacement
INFO: [Netlist 29-28] Unisim Transformation completed in 0 CPU seconds
INFO: [Project 1-570] Preparing netlist for logic optimization
INFO: [Opt 31-138] Pushed 0 inverter(s) to 0 load pin(s).
Netlist sorting complete. Time (s): cpu = 00:00:00 ; elapsed = 00:00:00 . Memory (MB): peak = 1505.363 ; gain = 0.000
INFO: [Project 1-111] Unisim Transformation Summary:
No Unisim elements were transformed.

Le chemin d'accŠs sp‚cifi‚ est introuvable.
Synth Design complete | Checksum: 63868cc4
INFO: [Common 17-83] Releasing license: Synthesis
35 Infos, 66 Warnings, 0 Critical Warnings and 0 Errors encountered.
synth_design completed successfully
synth_design: Time (s): cpu = 00:01:49 ; elapsed = 00:02:09 . Memory (MB): peak = 1505.363 ; gain = 991.094
Write ShapeDB Complete: Time (s): cpu = 00:00:00 ; elapsed = 00:00:00.002 . Memory (MB): peak = 1505.363 ; gain = 0.000
INFO: [Common 17-1381] The checkpoint 'C:/Users/hdway/Documents/vivado/TER/PmodENC_Linux/hw_with_enc/hw_with_enc.runs/system_clk_wiz_0_0_synth_1/system_clk_wiz_0_0.dcp' has been generated.
write_checkpoint: Time (s): cpu = 00:00:00 ; elapsed = 00:00:46 . Memory (MB): peak = 1505.363 ; gain = 0.000
INFO: [Coretcl 2-1648] Added synthesis output to IP cache for IP system_clk_wiz_0_0, cache-ID = cd509270ad23d543
Write ShapeDB Complete: Time (s): cpu = 00:00:00 ; elapsed = 00:00:00.001 . Memory (MB): peak = 1505.363 ; gain = 0.000
INFO: [Common 17-1381] The checkpoint 'C:/Users/hdway/Documents/vivado/TER/PmodENC_Linux/hw_with_enc/hw_with_enc.runs/system_clk_wiz_0_0_synth_1/system_clk_wiz_0_0.dcp' has been generated.
INFO: [runtcl-4] Executing : report_utilization -file system_clk_wiz_0_0_utilization_synth.rpt -pb system_clk_wiz_0_0_utilization_synth.pb
INFO: [Common 17-206] Exiting Vivado at Wed Jun 19 16:34:00 2024...
