Copyright 1986-2022 Xilinx, Inc. All Rights Reserved. Copyright 2022-2023 Advanced Micro Devices, Inc. All Rights Reserved.
---------------------------------------------------------------------------------------------------------------------------------------------
| Tool Version : Vivado v.2023.1 (lin64) Build 3865809 Sun May  7 15:04:56 MDT 2023
| Date         : Tue Jun 11 12:20:31 2024
| Host         : secil10.siame.univ-tlse3.fr running 64-bit Fedora Linux 38 (Thirty Eight)
| Command      : upgrade_ip
| Device       : xc7z020clg400-1
---------------------------------------------------------------------------------------------------------------------------------------------

Upgrade Log for IP 'system_PetaENC_0_0'

1. Summary
----------

SUCCESS in the update of system_PetaENC_0_0 (user.org:user:PetaENC:1.0 (Rev. 1)) to current project options.






Copyright 1986-2022 Xilinx, Inc. All Rights Reserved. Copyright 2022-2023 Advanced Micro Devices, Inc. All Rights Reserved.
---------------------------------------------------------------------------------------------------------------------------------------------
| Tool Version : Vivado v.2023.1 (lin64) Build 3865809 Sun May  7 15:04:56 MDT 2023
| Date         : Mon Jun 10 18:07:23 2024
| Host         : secil10.siame.univ-tlse3.fr running 64-bit Fedora Linux 38 (Thirty Eight)
| Command      : upgrade_ip
| Device       : xc7z020clg400-1
---------------------------------------------------------------------------------------------------------------------------------------------

Upgrade Log for IP 'system_PetaENC_0_0'

1. Summary
----------

SUCCESS in the update of system_PetaENC_0_0 (user.org:user:PetaENC:1.0 (Rev. 1)) to current project options.






Copyright 1986-2022 Xilinx, Inc. All Rights Reserved. Copyright 2022-2023 Advanced Micro Devices, Inc. All Rights Reserved.
---------------------------------------------------------------------------------------------------------------------------------------------
| Tool Version : Vivado v.2023.1 (lin64) Build 3865809 Sun May  7 15:04:56 MDT 2023
| Date         : Fri Jun  7 12:35:35 2024
| Host         : secil10.siame.univ-tlse3.fr running 64-bit Fedora Linux 38 (Thirty Eight)
| Command      : upgrade_ip
| Device       : xc7z020clg400-1
---------------------------------------------------------------------------------------------------------------------------------------------

Upgrade Log for IP 'system_PetaENC_0_0'

1. Summary
----------

SUCCESS in the update of system_PetaENC_0_0 (user.org:user:PetaENC:1.0 (Rev. 1)) to current project options.

