
*** Running vivado
    with args -log system_axi_i2s_adi_1_0.vds -m64 -product Vivado -mode batch -messageDb vivado.pb -notrace -source system_axi_i2s_adi_1_0.tcl


Commande ECHO d‚sactiv‚e.
Commande ECHO d‚sactiv‚e.

****** Vivado v2023.2.2 (64-bit)
  **** SW Build 4081461 on Thu Dec 14 12:24:51 MST 2023
  **** IP Build 4126054 on Fri Feb  9 11:39:09 MST 2024
  **** SharedData Build 4115275 on Tue Jan 30 00:40:57 MST 2024
    ** Copyright 1986-2022 Xilinx, Inc. All Rights Reserved.
    ** Copyright 2022-2023 Advanced Micro Devices, Inc. All Rights Reserved.

source system_axi_i2s_adi_1_0.tcl -notrace
create_project: Time (s): cpu = 00:00:22 ; elapsed = 00:00:26 . Memory (MB): peak = 476.531 ; gain = 179.203
INFO: [IP_Flow 19-234] Refreshing IP repositories
INFO: [IP_Flow 19-1700] Loaded user IP repository 'c:/Users/hdway/Documents/vivado/TER/Zybo-Z7/hw/repo'.
INFO: [IP_Flow 19-1700] Loaded user IP repository 'c:/Users/hdway/Documents/vivado/TER/PetaENC_IP'.
INFO: [IP_Flow 19-1700] Loaded user IP repository 'c:/Users/hdway/Documents/vivado/vivado-library'.
INFO: [IP_Flow 19-2313] Loaded Vivado IP repository 'C:/Xilinx/Vivado/2023.2/data/ip'.
WARNING: [IP_Flow 19-1663] Duplicate IP found for 'digilentinc.com:IP:AXI_DPTI:1.1'. The one found in IP location 'c:/Users/hdway/Documents/vivado/TER/Zybo-Z7/hw/repo/vivado-library/ip/AXI_DPTI_1.0' will take precedence over the same IP in location c:/Users/hdway/Documents/vivado/vivado-library/ip/AXI_DPTI_1.0
WARNING: [IP_Flow 19-1663] Duplicate IP found for 'digilentinc.com:ip:axi_dynclk:1.2'. The one found in IP location 'c:/Users/hdway/Documents/vivado/TER/Zybo-Z7/hw/repo/vivado-library/ip/axi_dynclk' will take precedence over the same IP in location c:/Users/hdway/Documents/vivado/vivado-library/ip/axi_dynclk
WARNING: [IP_Flow 19-1663] Duplicate IP found for 'digilentinc.com:user:axi_i2s_adi:1.2'. The one found in IP location 'c:/Users/hdway/Documents/vivado/TER/Zybo-Z7/hw/repo/vivado-library/ip/axi_i2s_adi_1.2' will take precedence over the same IP in location c:/Users/hdway/Documents/vivado/vivado-library/ip/axi_i2s_adi_1.2
WARNING: [IP_Flow 19-1663] Duplicate IP found for 'digilentinc.com:IP:axi_ps2:1.0'. The one found in IP location 'c:/Users/hdway/Documents/vivado/TER/Zybo-Z7/hw/repo/vivado-library/ip/axi_ps2_1.0' will take precedence over the same IP in location c:/Users/hdway/Documents/vivado/vivado-library/ip/axi_ps2_1.0
WARNING: [IP_Flow 19-1663] Duplicate IP found for 'digilentinc.com:ip:clock_forwarder:1.1'. The one found in IP location 'c:/Users/hdway/Documents/vivado/TER/Zybo-Z7/hw/repo/vivado-library/ip/clock_forwarder' will take precedence over the same IP in location c:/Users/hdway/Documents/vivado/vivado-library/ip/clock_forwarder
WARNING: [IP_Flow 19-1663] Duplicate IP found for 'digilentinc.com:ip:dvi2rgb:2.0'. The one found in IP location 'c:/Users/hdway/Documents/vivado/TER/Zybo-Z7/hw/repo/vivado-library/ip/dvi2rgb' will take precedence over the same IP in location c:/Users/hdway/Documents/vivado/vivado-library/ip/dvi2rgb
WARNING: [IP_Flow 19-1663] Duplicate IP found for 'digilentinc.com:IP:hls_contrast_stretch:1.0'. The one found in IP location 'c:/Users/hdway/Documents/vivado/TER/Zybo-Z7/hw/repo/vivado-library/ip/hls_contrast_stretch_1_0' will take precedence over the same IP in location c:/Users/hdway/Documents/vivado/vivado-library/ip/hls_contrast_stretch_1_0
WARNING: [IP_Flow 19-1663] Duplicate IP found for 'digilentinc.com:IP:hls_gamma_correction:1.0'. The one found in IP location 'c:/Users/hdway/Documents/vivado/TER/Zybo-Z7/hw/repo/vivado-library/ip/hls_gamma_correction_1_0' will take precedence over the same IP in location c:/Users/hdway/Documents/vivado/vivado-library/ip/hls_gamma_correction_1_0
WARNING: [IP_Flow 19-1663] Duplicate IP found for 'digilentinc.com:IP:hls_saturation_enhance:1.0'. The one found in IP location 'c:/Users/hdway/Documents/vivado/TER/Zybo-Z7/hw/repo/vivado-library/ip/hls_saturation_enhance_1_0' will take precedence over the same IP in location c:/Users/hdway/Documents/vivado/vivado-library/ip/hls_saturation_enhance_1_0
WARNING: [IP_Flow 19-1663] Duplicate IP found for 'digilentinc.com:ip:MIPI_CSI_2_RX:1.2'. The one found in IP location 'c:/Users/hdway/Documents/vivado/TER/Zybo-Z7/hw/repo/vivado-library/ip/MIPI_CSI_2_RX' will take precedence over the same IP in location c:/Users/hdway/Documents/vivado/vivado-library/ip/MIPI_CSI_2_RX
WARNING: [IP_Flow 19-1663] Duplicate IP found for 'digilentinc.com:ip:MIPI_D_PHY_RX:1.3'. The one found in IP location 'c:/Users/hdway/Documents/vivado/TER/Zybo-Z7/hw/repo/vivado-library/ip/MIPI_D_PHY_RX' will take precedence over the same IP in location c:/Users/hdway/Documents/vivado/vivado-library/ip/MIPI_D_PHY_RX
WARNING: [IP_Flow 19-1663] Duplicate IP found for 'digilentinc.com:IP:MotorFeedback:1.0'. The one found in IP location 'c:/Users/hdway/Documents/vivado/TER/Zybo-Z7/hw/repo/vivado-library/ip/MotorFeedback_1.0' will take precedence over the same IP in location c:/Users/hdway/Documents/vivado/vivado-library/ip/MotorFeedback_1.0
WARNING: [IP_Flow 19-1663] Duplicate IP found for 'digilentinc.com:IP:PmodACL2:1.0'. The one found in IP location 'c:/Users/hdway/Documents/vivado/TER/Zybo-Z7/hw/repo/vivado-library/ip/Pmods/PmodACL2_v1_0' will take precedence over the same IP in location c:/Users/hdway/Documents/vivado/vivado-library/ip/Pmods/PmodACL2_v1_0
WARNING: [IP_Flow 19-1663] Duplicate IP found for 'digilentinc.com:IP:PmodACL:1.0'. The one found in IP location 'c:/Users/hdway/Documents/vivado/TER/Zybo-Z7/hw/repo/vivado-library/ip/Pmods/PmodACL_v1_0' will take precedence over the same IP in location c:/Users/hdway/Documents/vivado/vivado-library/ip/Pmods/PmodACL_v1_0
WARNING: [IP_Flow 19-1663] Duplicate IP found for 'digilentinc.com:IP:PmodAD1:1.0'. The one found in IP location 'c:/Users/hdway/Documents/vivado/TER/Zybo-Z7/hw/repo/vivado-library/ip/Pmods/PmodAD1_v1_0' will take precedence over the same IP in location c:/Users/hdway/Documents/vivado/vivado-library/ip/Pmods/PmodAD1_v1_0
WARNING: [IP_Flow 19-1663] Duplicate IP found for 'digilentinc.com:IP:PmodAD2:1.0'. The one found in IP location 'c:/Users/hdway/Documents/vivado/TER/Zybo-Z7/hw/repo/vivado-library/ip/Pmods/PmodAD2_v1_0' will take precedence over the same IP in location c:/Users/hdway/Documents/vivado/vivado-library/ip/Pmods/PmodAD2_v1_0
WARNING: [IP_Flow 19-1663] Duplicate IP found for 'digilentinc.com:IP:PmodAD5:1.0'. The one found in IP location 'c:/Users/hdway/Documents/vivado/TER/Zybo-Z7/hw/repo/vivado-library/ip/Pmods/PmodAD5_v1_0' will take precedence over the same IP in location c:/Users/hdway/Documents/vivado/vivado-library/ip/Pmods/PmodAD5_v1_0
WARNING: [IP_Flow 19-1663] Duplicate IP found for 'digilentinc.com:IP:PmodALS:1.0'. The one found in IP location 'c:/Users/hdway/Documents/vivado/TER/Zybo-Z7/hw/repo/vivado-library/ip/Pmods/PmodALS_v1_0' will take precedence over the same IP in location c:/Users/hdway/Documents/vivado/vivado-library/ip/Pmods/PmodALS_v1_0
WARNING: [IP_Flow 19-1663] Duplicate IP found for 'digilentinc.com:IP:PmodAMP2:1.0'. The one found in IP location 'c:/Users/hdway/Documents/vivado/TER/Zybo-Z7/hw/repo/vivado-library/ip/Pmods/PmodAMP2_v1_0' will take precedence over the same IP in location c:/Users/hdway/Documents/vivado/vivado-library/ip/Pmods/PmodAMP2_v1_0
WARNING: [IP_Flow 19-1663] Duplicate IP found for 'digilentinc.com:IP:PmodAQS:1.0'. The one found in IP location 'c:/Users/hdway/Documents/vivado/TER/Zybo-Z7/hw/repo/vivado-library/ip/Pmods/PmodAQS_v1_0' will take precedence over the same IP in location c:/Users/hdway/Documents/vivado/vivado-library/ip/Pmods/PmodAQS_v1_0
WARNING: [IP_Flow 19-1663] Duplicate IP found for 'digilentinc.com:IP:PmodBLE:1.0'. The one found in IP location 'c:/Users/hdway/Documents/vivado/TER/Zybo-Z7/hw/repo/vivado-library/ip/Pmods/PmodBLE_v1_0' will take precedence over the same IP in location c:/Users/hdway/Documents/vivado/vivado-library/ip/Pmods/PmodBLE_v1_0
WARNING: [IP_Flow 19-1663] Duplicate IP found for 'digilentinc.com:IP:PmodBT2:1.0'. The one found in IP location 'c:/Users/hdway/Documents/vivado/TER/Zybo-Z7/hw/repo/vivado-library/ip/Pmods/PmodBT2_v1_0' will take precedence over the same IP in location c:/Users/hdway/Documents/vivado/vivado-library/ip/Pmods/PmodBT2_v1_0
WARNING: [IP_Flow 19-1663] Duplicate IP found for 'digilentinc.com:IP:PmodCAN:1.0'. The one found in IP location 'c:/Users/hdway/Documents/vivado/TER/Zybo-Z7/hw/repo/vivado-library/ip/Pmods/PmodCAN_v1_0' will take precedence over the same IP in location c:/Users/hdway/Documents/vivado/vivado-library/ip/Pmods/PmodCAN_v1_0
WARNING: [IP_Flow 19-1663] Duplicate IP found for 'digilentinc.com:IP:PmodCLS:1.0'. The one found in IP location 'c:/Users/hdway/Documents/vivado/TER/Zybo-Z7/hw/repo/vivado-library/ip/Pmods/PmodCLS_v1_0' will take precedence over the same IP in location c:/Users/hdway/Documents/vivado/vivado-library/ip/Pmods/PmodCLS_v1_0
WARNING: [IP_Flow 19-1663] Duplicate IP found for 'digilentinc.com:IP:PmodCMPS2:1.0'. The one found in IP location 'c:/Users/hdway/Documents/vivado/TER/Zybo-Z7/hw/repo/vivado-library/ip/Pmods/PmodCMPS2_v1_0' will take precedence over the same IP in location c:/Users/hdway/Documents/vivado/vivado-library/ip/Pmods/PmodCMPS2_v1_0
WARNING: [IP_Flow 19-1663] Duplicate IP found for 'digilentinc.com:IP:PmodCOLOR:1.0'. The one found in IP location 'c:/Users/hdway/Documents/vivado/TER/Zybo-Z7/hw/repo/vivado-library/ip/Pmods/PmodCOLOR_v1_0' will take precedence over the same IP in location c:/Users/hdway/Documents/vivado/vivado-library/ip/Pmods/PmodCOLOR_v1_0
WARNING: [IP_Flow 19-1663] Duplicate IP found for 'digilentinc.com:IP:PmodDA1:1.0'. The one found in IP location 'c:/Users/hdway/Documents/vivado/TER/Zybo-Z7/hw/repo/vivado-library/ip/Pmods/PmodDA1_v1_0' will take precedence over the same IP in location c:/Users/hdway/Documents/vivado/vivado-library/ip/Pmods/PmodDA1_v1_0
WARNING: [IP_Flow 19-1663] Duplicate IP found for 'digilentinc.com:IP:PmodDHB1:1.0'. The one found in IP location 'c:/Users/hdway/Documents/vivado/TER/Zybo-Z7/hw/repo/vivado-library/ip/Pmods/PmodDHB1_v1_0' will take precedence over the same IP in location c:/Users/hdway/Documents/vivado/vivado-library/ip/Pmods/PmodDHB1_v1_0
WARNING: [IP_Flow 19-1663] Duplicate IP found for 'digilentinc.com:IP:PmodDPG1:1.0'. The one found in IP location 'c:/Users/hdway/Documents/vivado/TER/Zybo-Z7/hw/repo/vivado-library/ip/Pmods/PmodDPG1_v1_0' will take precedence over the same IP in location c:/Users/hdway/Documents/vivado/vivado-library/ip/Pmods/PmodDPG1_v1_0
WARNING: [IP_Flow 19-1663] Duplicate IP found for 'digilentinc.com:IP:PmodENC:1.0'. The one found in IP location 'c:/Users/hdway/Documents/vivado/TER/Zybo-Z7/hw/repo/vivado-library/ip/Pmods/PmodENC_v1_0' will take precedence over the same IP in location c:/Users/hdway/Documents/vivado/vivado-library/ip/Pmods/PmodENC_v1_0
WARNING: [IP_Flow 19-1663] Duplicate IP found for 'digilentinc.com:user:PmodESP32:1.0'. The one found in IP location 'c:/Users/hdway/Documents/vivado/TER/Zybo-Z7/hw/repo/vivado-library/ip/Pmods/PmodESP32_v1_0' will take precedence over the same IP in location c:/Users/hdway/Documents/vivado/vivado-library/ip/Pmods/PmodESP32_v1_0
WARNING: [IP_Flow 19-1663] Duplicate IP found for 'digilentinc.com:IP:PmodGPIO:1.0'. The one found in IP location 'c:/Users/hdway/Documents/vivado/TER/Zybo-Z7/hw/repo/vivado-library/ip/Pmods/PmodGPIO_v1_0' will take precedence over the same IP in location c:/Users/hdway/Documents/vivado/vivado-library/ip/Pmods/PmodGPIO_v1_0
WARNING: [IP_Flow 19-1663] Duplicate IP found for 'digilentinc.com:IP:PmodGPS:1.1'. The one found in IP location 'c:/Users/hdway/Documents/vivado/TER/Zybo-Z7/hw/repo/vivado-library/ip/Pmods/PmodGPS_v1_1' will take precedence over the same IP in location c:/Users/hdway/Documents/vivado/vivado-library/ip/Pmods/PmodGPS_v1_1
WARNING: [IP_Flow 19-1663] Duplicate IP found for 'digilentinc.com:IP:PmodGYRO:1.0'. The one found in IP location 'c:/Users/hdway/Documents/vivado/TER/Zybo-Z7/hw/repo/vivado-library/ip/Pmods/PmodGYRO_v1_0' will take precedence over the same IP in location c:/Users/hdway/Documents/vivado/vivado-library/ip/Pmods/PmodGYRO_v1_0
WARNING: [IP_Flow 19-1663] Duplicate IP found for 'digilentinc.com:IP:PmodHYGRO:1.0'. The one found in IP location 'c:/Users/hdway/Documents/vivado/TER/Zybo-Z7/hw/repo/vivado-library/ip/Pmods/PmodHYGRO_v1_0' will take precedence over the same IP in location c:/Users/hdway/Documents/vivado/vivado-library/ip/Pmods/PmodHYGRO_v1_0
WARNING: [IP_Flow 19-1663] Duplicate IP found for 'digilentinc.com:IP:PmodJSTK2:1.0'. The one found in IP location 'c:/Users/hdway/Documents/vivado/TER/Zybo-Z7/hw/repo/vivado-library/ip/Pmods/PmodJSTK2_v1_0' will take precedence over the same IP in location c:/Users/hdway/Documents/vivado/vivado-library/ip/Pmods/PmodJSTK2_v1_0
WARNING: [IP_Flow 19-1663] Duplicate IP found for 'digilentinc.com:IP:PmodJSTK:1.0'. The one found in IP location 'c:/Users/hdway/Documents/vivado/TER/Zybo-Z7/hw/repo/vivado-library/ip/Pmods/PmodJSTK_v1_0' will take precedence over the same IP in location c:/Users/hdway/Documents/vivado/vivado-library/ip/Pmods/PmodJSTK_v1_0
WARNING: [IP_Flow 19-1663] Duplicate IP found for 'digilentinc.com:IP:PmodKYPD:1.0'. The one found in IP location 'c:/Users/hdway/Documents/vivado/TER/Zybo-Z7/hw/repo/vivado-library/ip/Pmods/PmodKYPD_v1_0' will take precedence over the same IP in location c:/Users/hdway/Documents/vivado/vivado-library/ip/Pmods/PmodKYPD_v1_0
WARNING: [IP_Flow 19-1663] Duplicate IP found for 'digilentinc.com:IP:PmodMAXSONAR:1.0'. The one found in IP location 'c:/Users/hdway/Documents/vivado/TER/Zybo-Z7/hw/repo/vivado-library/ip/Pmods/PmodMAXSONAR_v1_0' will take precedence over the same IP in location c:/Users/hdway/Documents/vivado/vivado-library/ip/Pmods/PmodMAXSONAR_v1_0
WARNING: [IP_Flow 19-1663] Duplicate IP found for 'digilentinc.com:IP:PmodMTDS:1.0'. The one found in IP location 'c:/Users/hdway/Documents/vivado/TER/Zybo-Z7/hw/repo/vivado-library/ip/Pmods/PmodMTDS_v1_0' will take precedence over the same IP in location c:/Users/hdway/Documents/vivado/vivado-library/ip/Pmods/PmodMTDS_v1_0
WARNING: [IP_Flow 19-1663] Duplicate IP found for 'digilentinc.com:IP:PmodNAV:1.0'. The one found in IP location 'c:/Users/hdway/Documents/vivado/TER/Zybo-Z7/hw/repo/vivado-library/ip/Pmods/PmodNAV_v1_0' will take precedence over the same IP in location c:/Users/hdway/Documents/vivado/vivado-library/ip/Pmods/PmodNAV_v1_0
WARNING: [IP_Flow 19-1663] Duplicate IP found for 'digilentinc.com:IP:PmodOLEDrgb:1.0'. The one found in IP location 'c:/Users/hdway/Documents/vivado/TER/Zybo-Z7/hw/repo/vivado-library/ip/Pmods/pmodOLEDrgb_v1_0' will take precedence over the same IP in location c:/Users/hdway/Documents/vivado/vivado-library/ip/Pmods/pmodOLEDrgb_v1_0
WARNING: [IP_Flow 19-1663] Duplicate IP found for 'digilentinc.com:IP:PmodOLED:1.0'. The one found in IP location 'c:/Users/hdway/Documents/vivado/TER/Zybo-Z7/hw/repo/vivado-library/ip/Pmods/PmodOLED_v1_0' will take precedence over the same IP in location c:/Users/hdway/Documents/vivado/vivado-library/ip/Pmods/PmodOLED_v1_0
WARNING: [IP_Flow 19-1663] Duplicate IP found for 'digilentinc.com:IP:PmodPIR:1.0'. The one found in IP location 'c:/Users/hdway/Documents/vivado/TER/Zybo-Z7/hw/repo/vivado-library/ip/Pmods/PmodPIR_v1_0' will take precedence over the same IP in location c:/Users/hdway/Documents/vivado/vivado-library/ip/Pmods/PmodPIR_v1_0
WARNING: [IP_Flow 19-1663] Duplicate IP found for 'digilentinc.com:IP:PmodR2R:1.0'. The one found in IP location 'c:/Users/hdway/Documents/vivado/TER/Zybo-Z7/hw/repo/vivado-library/ip/Pmods/PmodR2R_v1_0' will take precedence over the same IP in location c:/Users/hdway/Documents/vivado/vivado-library/ip/Pmods/PmodR2R_v1_0
WARNING: [IP_Flow 19-1663] Duplicate IP found for 'digilentinc.com:IP:PmodRTCC:1.0'. The one found in IP location 'c:/Users/hdway/Documents/vivado/TER/Zybo-Z7/hw/repo/vivado-library/ip/Pmods/PmodRTCC_v1_0' will take precedence over the same IP in location c:/Users/hdway/Documents/vivado/vivado-library/ip/Pmods/PmodRTCC_v1_0
WARNING: [IP_Flow 19-1663] Duplicate IP found for 'digilentinc.com:IP:PmodSD:1.0'. The one found in IP location 'c:/Users/hdway/Documents/vivado/TER/Zybo-Z7/hw/repo/vivado-library/ip/Pmods/PmodSD_v1_0' will take precedence over the same IP in location c:/Users/hdway/Documents/vivado/vivado-library/ip/Pmods/PmodSD_v1_0
WARNING: [IP_Flow 19-1663] Duplicate IP found for 'digilentinc.com:IP:PmodSF3:1.0'. The one found in IP location 'c:/Users/hdway/Documents/vivado/TER/Zybo-Z7/hw/repo/vivado-library/ip/Pmods/PmodSF3_v1_0' will take precedence over the same IP in location c:/Users/hdway/Documents/vivado/vivado-library/ip/Pmods/PmodSF3_v1_0
WARNING: [IP_Flow 19-1663] Duplicate IP found for 'digilentinc.com:IP:PmodTC1:1.0'. The one found in IP location 'c:/Users/hdway/Documents/vivado/TER/Zybo-Z7/hw/repo/vivado-library/ip/Pmods/PmodTC1_v1_0' will take precedence over the same IP in location c:/Users/hdway/Documents/vivado/vivado-library/ip/Pmods/PmodTC1_v1_0
WARNING: [IP_Flow 19-1663] Duplicate IP found for 'digilentinc.com:IP:PmodTMP3:1.0'. The one found in IP location 'c:/Users/hdway/Documents/vivado/TER/Zybo-Z7/hw/repo/vivado-library/ip/Pmods/PmodTMP3_v1_0' will take precedence over the same IP in location c:/Users/hdway/Documents/vivado/vivado-library/ip/Pmods/PmodTMP3_v1_0
WARNING: [IP_Flow 19-1663] Duplicate IP found for 'digilentinc.com:IP:PmodWIFI:1.0'. The one found in IP location 'c:/Users/hdway/Documents/vivado/TER/Zybo-Z7/hw/repo/vivado-library/ip/Pmods/PmodWIFI_v1_0' will take precedence over the same IP in location c:/Users/hdway/Documents/vivado/vivado-library/ip/Pmods/PmodWIFI_v1_0
WARNING: [IP_Flow 19-1663] Duplicate IP found for 'digilentinc.com:ip:pmod_bridge:1.0'. The one found in IP location 'c:/Users/hdway/Documents/vivado/TER/Zybo-Z7/hw/repo/vivado-library/ip/Pmods/Pmod_Bridge_v1_0' will take precedence over the same IP in location c:/Users/hdway/Documents/vivado/vivado-library/ip/Pmods/Pmod_Bridge_v1_0
WARNING: [IP_Flow 19-1663] Duplicate IP found for 'digilentinc.com:ip:pmod_bridge:1.1'. The one found in IP location 'c:/Users/hdway/Documents/vivado/TER/Zybo-Z7/hw/repo/vivado-library/ip/Pmods/Pmod_Bridge_v1_1' will take precedence over the same IP in location c:/Users/hdway/Documents/vivado/vivado-library/ip/Pmods/Pmod_Bridge_v1_1
WARNING: [IP_Flow 19-1663] Duplicate IP found for 'digilentinc.com:IP:PWM:1.0'. The one found in IP location 'c:/Users/hdway/Documents/vivado/TER/Zybo-Z7/hw/repo/vivado-library/ip/PWM_1.0' will take precedence over the same IP in location c:/Users/hdway/Documents/vivado/vivado-library/ip/PWM_1.0
WARNING: [IP_Flow 19-1663] Duplicate IP found for 'digilentinc.com:IP:PWM:2.0'. The one found in IP location 'c:/Users/hdway/Documents/vivado/TER/Zybo-Z7/hw/repo/vivado-library/ip/PWM_2.0' will take precedence over the same IP in location c:/Users/hdway/Documents/vivado/vivado-library/ip/PWM_2.0
WARNING: [IP_Flow 19-1663] Duplicate IP found for 'digilentinc.com:IP:PWM_Analyzer:1.0'. The one found in IP location 'c:/Users/hdway/Documents/vivado/TER/Zybo-Z7/hw/repo/vivado-library/ip/PWM_Analyzer_1.0' will take precedence over the same IP in location c:/Users/hdway/Documents/vivado/vivado-library/ip/PWM_Analyzer_1.0
WARNING: [IP_Flow 19-1663] Duplicate IP found for 'digilentinc.com:ip:rgb2dpvid:1.0'. The one found in IP location 'c:/Users/hdway/Documents/vivado/TER/Zybo-Z7/hw/repo/vivado-library/ip/rgb2dpvid_v1_0' will take precedence over the same IP in location c:/Users/hdway/Documents/vivado/vivado-library/ip/rgb2dpvid_v1_0
WARNING: [IP_Flow 19-1663] Duplicate IP found for 'digilentinc.com:ip:rgb2dvi:1.4'. The one found in IP location 'c:/Users/hdway/Documents/vivado/TER/Zybo-Z7/hw/repo/vivado-library/ip/rgb2dvi' will take precedence over the same IP in location c:/Users/hdway/Documents/vivado/vivado-library/ip/rgb2dvi
WARNING: [IP_Flow 19-1663] Duplicate IP found for 'digilentinc.com:ip:rgb2vga:1.0'. The one found in IP location 'c:/Users/hdway/Documents/vivado/TER/Zybo-Z7/hw/repo/vivado-library/ip/rgb2vga_v1_0' will take precedence over the same IP in location c:/Users/hdway/Documents/vivado/vivado-library/ip/rgb2vga_v1_0
WARNING: [IP_Flow 19-1663] Duplicate IP found for 'digilentinc.com:ip:Sync:1.0'. The one found in IP location 'c:/Users/hdway/Documents/vivado/TER/Zybo-Z7/hw/repo/vivado-library/ip/Sync_v1_0' will take precedence over the same IP in location c:/Users/hdway/Documents/vivado/vivado-library/ip/Sync_v1_0
WARNING: [IP_Flow 19-1663] Duplicate IP found for 'digilentinc.com:ip:usb2device:1.0'. The one found in IP location 'c:/Users/hdway/Documents/vivado/TER/Zybo-Z7/hw/repo/vivado-library/ip/usb2device_v1_0' will take precedence over the same IP in location c:/Users/hdway/Documents/vivado/vivado-library/ip/usb2device_v1_0
WARNING: [IP_Flow 19-1663] Duplicate IP found for 'digilentinc.com:video:video_scaler:1.0'. The one found in IP location 'c:/Users/hdway/Documents/vivado/TER/Zybo-Z7/hw/repo/vivado-library/ip/video_scaler' will take precedence over the same IP in location c:/Users/hdway/Documents/vivado/vivado-library/ip/video_scaler
WARNING: [IP_Flow 19-4830] Duplicate Interface found for 'digilentinc.com:interface:pmod:1.0'. The one found in location 'c:/Users/hdway/Documents/vivado/TER/Zybo-Z7/hw/repo/vivado-library/if/pmod_v1_0/pmod.xml' will take precedence over the same Interface in location 'c:/Users/hdway/Documents/vivado/vivado-library/if/pmod_v1_0/pmod.xml'
WARNING: [IP_Flow 19-4830] Duplicate Interface found for 'digilentinc.com:interface:tmds:1.0'. The one found in location 'c:/Users/hdway/Documents/vivado/TER/Zybo-Z7/hw/repo/vivado-library/if/tmds_v1_0/tmds.xml' will take precedence over the same Interface in location 'c:/Users/hdway/Documents/vivado/vivado-library/if/tmds_v1_0/tmds.xml'
update_ip_catalog: Time (s): cpu = 00:00:05 ; elapsed = 00:00:12 . Memory (MB): peak = 485.586 ; gain = 9.055
WARNING: [IP_Flow 19-4995] The host OS only allows 260 characters in a normal path. The IP cache path is more than 80 characters. If you experience issues with IP caching, please consider changing the IP cache to a location with a shorter path. Alternately consider using the OS subst command to map part of the path to a drive letter. 
Current IP cache path is c:/Users/hdway/Documents/vivado/TER/PmodENC_Linux/hw_with_enc/hw_with_enc.cache/ip 
INFO: [IP_Flow 19-6924] IPCACHE: Running cache check for IP inst: system_axi_i2s_adi_1_0
Command: synth_design -top system_axi_i2s_adi_1_0 -part xc7z020clg400-1 -incremental_mode off -mode out_of_context
Starting synth_design
Attempting to get a license for feature 'Synthesis' and/or device 'xc7z020'
INFO: [Common 17-349] Got license for feature 'Synthesis' and/or device 'xc7z020'
INFO: [Device 21-403] Loading part xc7z020clg400-1
INFO: [Synth 8-7079] Multithreading enabled for synth_design using a maximum of 2 processes.
INFO: [Synth 8-7078] Launching helper process for spawning children vivado processes
INFO: [Synth 8-7075] Helper process launched with PID 16784
---------------------------------------------------------------------------------
Starting RTL Elaboration : Time (s): cpu = 00:00:18 ; elapsed = 00:00:22 . Memory (MB): peak = 1371.438 ; gain = 438.945
---------------------------------------------------------------------------------
INFO: [Synth 8-638] synthesizing module 'system_axi_i2s_adi_1_0' [c:/Users/hdway/Documents/vivado/TER/PmodENC_Linux/hw_with_enc/hw_with_enc.gen/sources_1/bd/system/ip/system_axi_i2s_adi_1_0/synth/system_axi_i2s_adi_1_0.vhd:109]
	Parameter C_S00_AXI_DATA_WIDTH bound to: 32 - type: integer 
	Parameter C_S00_AXI_ADDR_WIDTH bound to: 6 - type: integer 
	Parameter C_SLOT_WIDTH bound to: 24 - type: integer 
	Parameter C_LRCLK_POL bound to: 0 - type: integer 
	Parameter C_BCLK_POL bound to: 0 - type: integer 
	Parameter C_DMA_TYPE bound to: 1 - type: integer 
	Parameter C_NUM_CH bound to: 1 - type: integer 
	Parameter C_HAS_TX bound to: 1 - type: integer 
	Parameter C_HAS_RX bound to: 1 - type: integer 
INFO: [Synth 8-3491] module 'axi_i2s_adi_v1_2' declared at 'c:/Users/hdway/Documents/vivado/TER/PmodENC_Linux/hw_with_enc/hw_with_enc.gen/sources_1/bd/system/ipshared/596e/hdl/axi_i2s_adi_v1_2.vhd:17' bound to instance 'U0' of component 'axi_i2s_adi_v1_2' [c:/Users/hdway/Documents/vivado/TER/PmodENC_Linux/hw_with_enc/hw_with_enc.gen/sources_1/bd/system/ip/system_axi_i2s_adi_1_0/synth/system_axi_i2s_adi_1_0.vhd:241]
INFO: [Synth 8-638] synthesizing module 'axi_i2s_adi_v1_2' [c:/Users/hdway/Documents/vivado/TER/PmodENC_Linux/hw_with_enc/hw_with_enc.gen/sources_1/bd/system/ipshared/596e/hdl/axi_i2s_adi_v1_2.vhd:110]
	Parameter C_S_AXI_DATA_WIDTH bound to: 32 - type: integer 
	Parameter C_S_AXI_ADDR_WIDTH bound to: 6 - type: integer 
INFO: [Synth 8-3491] module 'axi_i2s_adi_S_AXI' declared at 'c:/Users/hdway/Documents/vivado/TER/PmodENC_Linux/hw_with_enc/hw_with_enc.gen/sources_1/bd/system/ipshared/596e/hdl/axi_i2s_adi_S_AXI.vhd:54' bound to instance 'axi_i2s_adi_S_AXI_inst' of component 'axi_i2s_adi_S_AXI' [c:/Users/hdway/Documents/vivado/TER/PmodENC_Linux/hw_with_enc/hw_with_enc.gen/sources_1/bd/system/ipshared/596e/hdl/axi_i2s_adi_v1_2.vhd:209]
INFO: [Synth 8-638] synthesizing module 'axi_i2s_adi_S_AXI' [c:/Users/hdway/Documents/vivado/TER/PmodENC_Linux/hw_with_enc/hw_with_enc.gen/sources_1/bd/system/ipshared/596e/hdl/axi_i2s_adi_S_AXI.vhd:140]
INFO: [Synth 8-256] done synthesizing module 'axi_i2s_adi_S_AXI' (0#1) [c:/Users/hdway/Documents/vivado/TER/PmodENC_Linux/hw_with_enc/hw_with_enc.gen/sources_1/bd/system/ipshared/596e/hdl/axi_i2s_adi_S_AXI.vhd:140]
INFO: [Synth 8-638] synthesizing module 'pl330_dma_fifo' [c:/Users/hdway/Documents/vivado/TER/PmodENC_Linux/hw_with_enc/hw_with_enc.gen/sources_1/bd/system/ipshared/596e/hdl/adi_common/pl330_dma_fifo.vhd:46]
INFO: [Synth 8-638] synthesizing module 'dma_fifo' [c:/Users/hdway/Documents/vivado/TER/PmodENC_Linux/hw_with_enc/hw_with_enc.gen/sources_1/bd/system/ipshared/596e/hdl/adi_common/dma_fifo.vhd:27]
INFO: [Synth 8-256] done synthesizing module 'dma_fifo' (0#1) [c:/Users/hdway/Documents/vivado/TER/PmodENC_Linux/hw_with_enc/hw_with_enc.gen/sources_1/bd/system/ipshared/596e/hdl/adi_common/dma_fifo.vhd:27]
INFO: [Synth 8-256] done synthesizing module 'pl330_dma_fifo' (0#1) [c:/Users/hdway/Documents/vivado/TER/PmodENC_Linux/hw_with_enc/hw_with_enc.gen/sources_1/bd/system/ipshared/596e/hdl/adi_common/pl330_dma_fifo.vhd:46]
INFO: [Synth 8-638] synthesizing module 'pl330_dma_fifo__parameterized0' [c:/Users/hdway/Documents/vivado/TER/PmodENC_Linux/hw_with_enc/hw_with_enc.gen/sources_1/bd/system/ipshared/596e/hdl/adi_common/pl330_dma_fifo.vhd:46]
INFO: [Synth 8-256] done synthesizing module 'pl330_dma_fifo__parameterized0' (0#1) [c:/Users/hdway/Documents/vivado/TER/PmodENC_Linux/hw_with_enc/hw_with_enc.gen/sources_1/bd/system/ipshared/596e/hdl/adi_common/pl330_dma_fifo.vhd:46]
INFO: [Synth 8-638] synthesizing module 'i2s_controller' [c:/Users/hdway/Documents/vivado/TER/PmodENC_Linux/hw_with_enc/hw_with_enc.gen/sources_1/bd/system/ipshared/596e/hdl/i2s_controller.vhd:83]
INFO: [Synth 8-638] synthesizing module 'fifo_synchronizer' [c:/Users/hdway/Documents/vivado/TER/PmodENC_Linux/hw_with_enc/hw_with_enc.gen/sources_1/bd/system/ipshared/596e/hdl/fifo_synchronizer.vhd:61]
INFO: [Synth 8-256] done synthesizing module 'fifo_synchronizer' (0#1) [c:/Users/hdway/Documents/vivado/TER/PmodENC_Linux/hw_with_enc/hw_with_enc.gen/sources_1/bd/system/ipshared/596e/hdl/fifo_synchronizer.vhd:61]
INFO: [Synth 8-638] synthesizing module 'i2s_clkgen' [c:/Users/hdway/Documents/vivado/TER/PmodENC_Linux/hw_with_enc/hw_with_enc.gen/sources_1/bd/system/ipshared/596e/hdl/i2s_clkgen.vhd:61]
INFO: [Synth 8-256] done synthesizing module 'i2s_clkgen' (0#1) [c:/Users/hdway/Documents/vivado/TER/PmodENC_Linux/hw_with_enc/hw_with_enc.gen/sources_1/bd/system/ipshared/596e/hdl/i2s_clkgen.vhd:61]
INFO: [Synth 8-638] synthesizing module 'i2s_tx' [c:/Users/hdway/Documents/vivado/TER/PmodENC_Linux/hw_with_enc/hw_with_enc.gen/sources_1/bd/system/ipshared/596e/hdl/i2s_tx.vhd:63]
INFO: [Synth 8-256] done synthesizing module 'i2s_tx' (0#1) [c:/Users/hdway/Documents/vivado/TER/PmodENC_Linux/hw_with_enc/hw_with_enc.gen/sources_1/bd/system/ipshared/596e/hdl/i2s_tx.vhd:63]
INFO: [Synth 8-638] synthesizing module 'i2s_rx' [c:/Users/hdway/Documents/vivado/TER/PmodENC_Linux/hw_with_enc/hw_with_enc.gen/sources_1/bd/system/ipshared/596e/hdl/i2s_rx.vhd:64]
INFO: [Synth 8-256] done synthesizing module 'i2s_rx' (0#1) [c:/Users/hdway/Documents/vivado/TER/PmodENC_Linux/hw_with_enc/hw_with_enc.gen/sources_1/bd/system/ipshared/596e/hdl/i2s_rx.vhd:64]
INFO: [Synth 8-256] done synthesizing module 'i2s_controller' (0#1) [c:/Users/hdway/Documents/vivado/TER/PmodENC_Linux/hw_with_enc/hw_with_enc.gen/sources_1/bd/system/ipshared/596e/hdl/i2s_controller.vhd:83]
WARNING: [Synth 8-614] signal 'I2S_CONTROL_REG' is read in the process but is not in the sensitivity list [c:/Users/hdway/Documents/vivado/TER/PmodENC_Linux/hw_with_enc/hw_with_enc.gen/sources_1/bd/system/ipshared/596e/hdl/axi_i2s_adi_v1_2.vhd:430]
WARNING: [Synth 8-614] signal 'I2S_CLK_CONTROL_REG' is read in the process but is not in the sensitivity list [c:/Users/hdway/Documents/vivado/TER/PmodENC_Linux/hw_with_enc/hw_with_enc.gen/sources_1/bd/system/ipshared/596e/hdl/axi_i2s_adi_v1_2.vhd:430]
WARNING: [Synth 8-614] signal 'PERIOD_LEN_REG' is read in the process but is not in the sensitivity list [c:/Users/hdway/Documents/vivado/TER/PmodENC_Linux/hw_with_enc/hw_with_enc.gen/sources_1/bd/system/ipshared/596e/hdl/axi_i2s_adi_v1_2.vhd:430]
WARNING: [Synth 8-614] signal 'rx_fifo_full' is read in the process but is not in the sensitivity list [c:/Users/hdway/Documents/vivado/TER/PmodENC_Linux/hw_with_enc/hw_with_enc.gen/sources_1/bd/system/ipshared/596e/hdl/axi_i2s_adi_v1_2.vhd:430]
WARNING: [Synth 8-614] signal 'rx_fifo_empty' is read in the process but is not in the sensitivity list [c:/Users/hdway/Documents/vivado/TER/PmodENC_Linux/hw_with_enc/hw_with_enc.gen/sources_1/bd/system/ipshared/596e/hdl/axi_i2s_adi_v1_2.vhd:430]
WARNING: [Synth 8-614] signal 'tx_fifo_full' is read in the process but is not in the sensitivity list [c:/Users/hdway/Documents/vivado/TER/PmodENC_Linux/hw_with_enc/hw_with_enc.gen/sources_1/bd/system/ipshared/596e/hdl/axi_i2s_adi_v1_2.vhd:430]
WARNING: [Synth 8-614] signal 'tx_fifo_empty' is read in the process but is not in the sensitivity list [c:/Users/hdway/Documents/vivado/TER/PmodENC_Linux/hw_with_enc/hw_with_enc.gen/sources_1/bd/system/ipshared/596e/hdl/axi_i2s_adi_v1_2.vhd:430]
WARNING: [Synth 8-614] signal 'rx_sample' is read in the process but is not in the sensitivity list [c:/Users/hdway/Documents/vivado/TER/PmodENC_Linux/hw_with_enc/hw_with_enc.gen/sources_1/bd/system/ipshared/596e/hdl/axi_i2s_adi_v1_2.vhd:430]
WARNING: [Synth 8-614] signal 'cnt' is read in the process but is not in the sensitivity list [c:/Users/hdway/Documents/vivado/TER/PmodENC_Linux/hw_with_enc/hw_with_enc.gen/sources_1/bd/system/ipshared/596e/hdl/axi_i2s_adi_v1_2.vhd:430]
INFO: [Synth 8-256] done synthesizing module 'axi_i2s_adi_v1_2' (0#1) [c:/Users/hdway/Documents/vivado/TER/PmodENC_Linux/hw_with_enc/hw_with_enc.gen/sources_1/bd/system/ipshared/596e/hdl/axi_i2s_adi_v1_2.vhd:110]
INFO: [Synth 8-256] done synthesizing module 'system_axi_i2s_adi_1_0' (0#1) [c:/Users/hdway/Documents/vivado/TER/PmodENC_Linux/hw_with_enc/hw_with_enc.gen/sources_1/bd/system/ip/system_axi_i2s_adi_1_0/synth/system_axi_i2s_adi_1_0.vhd:109]
WARNING: [Synth 8-6014] Unused sequential element prev_bclk_div_rate_reg was removed.  [c:/Users/hdway/Documents/vivado/TER/PmodENC_Linux/hw_with_enc/hw_with_enc.gen/sources_1/bd/system/ipshared/596e/hdl/i2s_clkgen.vhd:87]
WARNING: [Synth 8-6014] Unused sequential element prev_lrclk_div_rate_reg was removed.  [c:/Users/hdway/Documents/vivado/TER/PmodENC_Linux/hw_with_enc/hw_with_enc.gen/sources_1/bd/system/ipshared/596e/hdl/i2s_clkgen.vhd:115]
WARNING: [Synth 8-6014] Unused sequential element seq_reg was removed.  [c:/Users/hdway/Documents/vivado/TER/PmodENC_Linux/hw_with_enc/hw_with_enc.gen/sources_1/bd/system/ipshared/596e/hdl/i2s_rx.vhd:110]
WARNING: [Synth 8-3848] Net S_AXIS_TREADY in module/entity axi_i2s_adi_v1_2 does not have driver. [c:/Users/hdway/Documents/vivado/TER/PmodENC_Linux/hw_with_enc/hw_with_enc.gen/sources_1/bd/system/ipshared/596e/hdl/axi_i2s_adi_v1_2.vhd:47]
WARNING: [Synth 8-3848] Net M_AXIS_TDATA in module/entity axi_i2s_adi_v1_2 does not have driver. [c:/Users/hdway/Documents/vivado/TER/PmodENC_Linux/hw_with_enc/hw_with_enc.gen/sources_1/bd/system/ipshared/596e/hdl/axi_i2s_adi_v1_2.vhd:55]
WARNING: [Synth 8-3848] Net M_AXIS_TLAST in module/entity axi_i2s_adi_v1_2 does not have driver. [c:/Users/hdway/Documents/vivado/TER/PmodENC_Linux/hw_with_enc/hw_with_enc.gen/sources_1/bd/system/ipshared/596e/hdl/axi_i2s_adi_v1_2.vhd:56]
WARNING: [Synth 8-3848] Net M_AXIS_TVALID in module/entity axi_i2s_adi_v1_2 does not have driver. [c:/Users/hdway/Documents/vivado/TER/PmodENC_Linux/hw_with_enc/hw_with_enc.gen/sources_1/bd/system/ipshared/596e/hdl/axi_i2s_adi_v1_2.vhd:57]
WARNING: [Synth 8-3848] Net M_AXIS_TKEEP in module/entity axi_i2s_adi_v1_2 does not have driver. [c:/Users/hdway/Documents/vivado/TER/PmodENC_Linux/hw_with_enc/hw_with_enc.gen/sources_1/bd/system/ipshared/596e/hdl/axi_i2s_adi_v1_2.vhd:58]
WARNING: [Synth 8-7129] Port S_AXI_AWPROT[2] in module axi_i2s_adi_S_AXI is either unconnected or has no load
WARNING: [Synth 8-7129] Port S_AXI_AWPROT[1] in module axi_i2s_adi_S_AXI is either unconnected or has no load
WARNING: [Synth 8-7129] Port S_AXI_AWPROT[0] in module axi_i2s_adi_S_AXI is either unconnected or has no load
WARNING: [Synth 8-7129] Port S_AXI_WSTRB[3] in module axi_i2s_adi_S_AXI is either unconnected or has no load
WARNING: [Synth 8-7129] Port S_AXI_WSTRB[2] in module axi_i2s_adi_S_AXI is either unconnected or has no load
WARNING: [Synth 8-7129] Port S_AXI_WSTRB[1] in module axi_i2s_adi_S_AXI is either unconnected or has no load
WARNING: [Synth 8-7129] Port S_AXI_WSTRB[0] in module axi_i2s_adi_S_AXI is either unconnected or has no load
WARNING: [Synth 8-7129] Port S_AXI_ARPROT[2] in module axi_i2s_adi_S_AXI is either unconnected or has no load
WARNING: [Synth 8-7129] Port S_AXI_ARPROT[1] in module axi_i2s_adi_S_AXI is either unconnected or has no load
WARNING: [Synth 8-7129] Port S_AXI_ARPROT[0] in module axi_i2s_adi_S_AXI is either unconnected or has no load
WARNING: [Synth 8-7129] Port S_AXIS_TREADY in module axi_i2s_adi_v1_2 is either unconnected or has no load
WARNING: [Synth 8-7129] Port M_AXIS_TDATA[31] in module axi_i2s_adi_v1_2 is either unconnected or has no load
WARNING: [Synth 8-7129] Port M_AXIS_TDATA[30] in module axi_i2s_adi_v1_2 is either unconnected or has no load
WARNING: [Synth 8-7129] Port M_AXIS_TDATA[29] in module axi_i2s_adi_v1_2 is either unconnected or has no load
WARNING: [Synth 8-7129] Port M_AXIS_TDATA[28] in module axi_i2s_adi_v1_2 is either unconnected or has no load
WARNING: [Synth 8-7129] Port M_AXIS_TDATA[27] in module axi_i2s_adi_v1_2 is either unconnected or has no load
WARNING: [Synth 8-7129] Port M_AXIS_TDATA[26] in module axi_i2s_adi_v1_2 is either unconnected or has no load
WARNING: [Synth 8-7129] Port M_AXIS_TDATA[25] in module axi_i2s_adi_v1_2 is either unconnected or has no load
WARNING: [Synth 8-7129] Port M_AXIS_TDATA[24] in module axi_i2s_adi_v1_2 is either unconnected or has no load
WARNING: [Synth 8-7129] Port M_AXIS_TDATA[23] in module axi_i2s_adi_v1_2 is either unconnected or has no load
WARNING: [Synth 8-7129] Port M_AXIS_TDATA[22] in module axi_i2s_adi_v1_2 is either unconnected or has no load
WARNING: [Synth 8-7129] Port M_AXIS_TDATA[21] in module axi_i2s_adi_v1_2 is either unconnected or has no load
WARNING: [Synth 8-7129] Port M_AXIS_TDATA[20] in module axi_i2s_adi_v1_2 is either unconnected or has no load
WARNING: [Synth 8-7129] Port M_AXIS_TDATA[19] in module axi_i2s_adi_v1_2 is either unconnected or has no load
WARNING: [Synth 8-7129] Port M_AXIS_TDATA[18] in module axi_i2s_adi_v1_2 is either unconnected or has no load
WARNING: [Synth 8-7129] Port M_AXIS_TDATA[17] in module axi_i2s_adi_v1_2 is either unconnected or has no load
WARNING: [Synth 8-7129] Port M_AXIS_TDATA[16] in module axi_i2s_adi_v1_2 is either unconnected or has no load
WARNING: [Synth 8-7129] Port M_AXIS_TDATA[15] in module axi_i2s_adi_v1_2 is either unconnected or has no load
WARNING: [Synth 8-7129] Port M_AXIS_TDATA[14] in module axi_i2s_adi_v1_2 is either unconnected or has no load
WARNING: [Synth 8-7129] Port M_AXIS_TDATA[13] in module axi_i2s_adi_v1_2 is either unconnected or has no load
WARNING: [Synth 8-7129] Port M_AXIS_TDATA[12] in module axi_i2s_adi_v1_2 is either unconnected or has no load
WARNING: [Synth 8-7129] Port M_AXIS_TDATA[11] in module axi_i2s_adi_v1_2 is either unconnected or has no load
WARNING: [Synth 8-7129] Port M_AXIS_TDATA[10] in module axi_i2s_adi_v1_2 is either unconnected or has no load
WARNING: [Synth 8-7129] Port M_AXIS_TDATA[9] in module axi_i2s_adi_v1_2 is either unconnected or has no load
WARNING: [Synth 8-7129] Port M_AXIS_TDATA[8] in module axi_i2s_adi_v1_2 is either unconnected or has no load
WARNING: [Synth 8-7129] Port M_AXIS_TDATA[7] in module axi_i2s_adi_v1_2 is either unconnected or has no load
WARNING: [Synth 8-7129] Port M_AXIS_TDATA[6] in module axi_i2s_adi_v1_2 is either unconnected or has no load
WARNING: [Synth 8-7129] Port M_AXIS_TDATA[5] in module axi_i2s_adi_v1_2 is either unconnected or has no load
WARNING: [Synth 8-7129] Port M_AXIS_TDATA[4] in module axi_i2s_adi_v1_2 is either unconnected or has no load
WARNING: [Synth 8-7129] Port M_AXIS_TDATA[3] in module axi_i2s_adi_v1_2 is either unconnected or has no load
WARNING: [Synth 8-7129] Port M_AXIS_TDATA[2] in module axi_i2s_adi_v1_2 is either unconnected or has no load
WARNING: [Synth 8-7129] Port M_AXIS_TDATA[1] in module axi_i2s_adi_v1_2 is either unconnected or has no load
WARNING: [Synth 8-7129] Port M_AXIS_TDATA[0] in module axi_i2s_adi_v1_2 is either unconnected or has no load
WARNING: [Synth 8-7129] Port M_AXIS_TLAST in module axi_i2s_adi_v1_2 is either unconnected or has no load
WARNING: [Synth 8-7129] Port M_AXIS_TVALID in module axi_i2s_adi_v1_2 is either unconnected or has no load
WARNING: [Synth 8-7129] Port M_AXIS_TKEEP[3] in module axi_i2s_adi_v1_2 is either unconnected or has no load
WARNING: [Synth 8-7129] Port M_AXIS_TKEEP[2] in module axi_i2s_adi_v1_2 is either unconnected or has no load
WARNING: [Synth 8-7129] Port M_AXIS_TKEEP[1] in module axi_i2s_adi_v1_2 is either unconnected or has no load
WARNING: [Synth 8-7129] Port M_AXIS_TKEEP[0] in module axi_i2s_adi_v1_2 is either unconnected or has no load
WARNING: [Synth 8-7129] Port S_AXIS_ACLK in module axi_i2s_adi_v1_2 is either unconnected or has no load
WARNING: [Synth 8-7129] Port S_AXIS_TDATA[31] in module axi_i2s_adi_v1_2 is either unconnected or has no load
WARNING: [Synth 8-7129] Port S_AXIS_TDATA[30] in module axi_i2s_adi_v1_2 is either unconnected or has no load
WARNING: [Synth 8-7129] Port S_AXIS_TDATA[29] in module axi_i2s_adi_v1_2 is either unconnected or has no load
WARNING: [Synth 8-7129] Port S_AXIS_TDATA[28] in module axi_i2s_adi_v1_2 is either unconnected or has no load
WARNING: [Synth 8-7129] Port S_AXIS_TDATA[27] in module axi_i2s_adi_v1_2 is either unconnected or has no load
WARNING: [Synth 8-7129] Port S_AXIS_TDATA[26] in module axi_i2s_adi_v1_2 is either unconnected or has no load
WARNING: [Synth 8-7129] Port S_AXIS_TDATA[25] in module axi_i2s_adi_v1_2 is either unconnected or has no load
WARNING: [Synth 8-7129] Port S_AXIS_TDATA[24] in module axi_i2s_adi_v1_2 is either unconnected or has no load
WARNING: [Synth 8-7129] Port S_AXIS_TDATA[23] in module axi_i2s_adi_v1_2 is either unconnected or has no load
WARNING: [Synth 8-7129] Port S_AXIS_TDATA[22] in module axi_i2s_adi_v1_2 is either unconnected or has no load
WARNING: [Synth 8-7129] Port S_AXIS_TDATA[21] in module axi_i2s_adi_v1_2 is either unconnected or has no load
WARNING: [Synth 8-7129] Port S_AXIS_TDATA[20] in module axi_i2s_adi_v1_2 is either unconnected or has no load
WARNING: [Synth 8-7129] Port S_AXIS_TDATA[19] in module axi_i2s_adi_v1_2 is either unconnected or has no load
WARNING: [Synth 8-7129] Port S_AXIS_TDATA[18] in module axi_i2s_adi_v1_2 is either unconnected or has no load
WARNING: [Synth 8-7129] Port S_AXIS_TDATA[17] in module axi_i2s_adi_v1_2 is either unconnected or has no load
WARNING: [Synth 8-7129] Port S_AXIS_TDATA[16] in module axi_i2s_adi_v1_2 is either unconnected or has no load
WARNING: [Synth 8-7129] Port S_AXIS_TDATA[15] in module axi_i2s_adi_v1_2 is either unconnected or has no load
WARNING: [Synth 8-7129] Port S_AXIS_TDATA[14] in module axi_i2s_adi_v1_2 is either unconnected or has no load
WARNING: [Synth 8-7129] Port S_AXIS_TDATA[13] in module axi_i2s_adi_v1_2 is either unconnected or has no load
WARNING: [Synth 8-7129] Port S_AXIS_TDATA[12] in module axi_i2s_adi_v1_2 is either unconnected or has no load
WARNING: [Synth 8-7129] Port S_AXIS_TDATA[11] in module axi_i2s_adi_v1_2 is either unconnected or has no load
WARNING: [Synth 8-7129] Port S_AXIS_TDATA[10] in module axi_i2s_adi_v1_2 is either unconnected or has no load
WARNING: [Synth 8-7129] Port S_AXIS_TDATA[9] in module axi_i2s_adi_v1_2 is either unconnected or has no load
WARNING: [Synth 8-7129] Port S_AXIS_TDATA[8] in module axi_i2s_adi_v1_2 is either unconnected or has no load
WARNING: [Synth 8-7129] Port S_AXIS_TDATA[7] in module axi_i2s_adi_v1_2 is either unconnected or has no load
WARNING: [Synth 8-7129] Port S_AXIS_TDATA[6] in module axi_i2s_adi_v1_2 is either unconnected or has no load
WARNING: [Synth 8-7129] Port S_AXIS_TDATA[5] in module axi_i2s_adi_v1_2 is either unconnected or has no load
WARNING: [Synth 8-7129] Port S_AXIS_TDATA[4] in module axi_i2s_adi_v1_2 is either unconnected or has no load
WARNING: [Synth 8-7129] Port S_AXIS_TDATA[3] in module axi_i2s_adi_v1_2 is either unconnected or has no load
WARNING: [Synth 8-7129] Port S_AXIS_TDATA[2] in module axi_i2s_adi_v1_2 is either unconnected or has no load
WARNING: [Synth 8-7129] Port S_AXIS_TDATA[1] in module axi_i2s_adi_v1_2 is either unconnected or has no load
WARNING: [Synth 8-7129] Port S_AXIS_TDATA[0] in module axi_i2s_adi_v1_2 is either unconnected or has no load
WARNING: [Synth 8-7129] Port S_AXIS_TLAST in module axi_i2s_adi_v1_2 is either unconnected or has no load
WARNING: [Synth 8-7129] Port S_AXIS_TVALID in module axi_i2s_adi_v1_2 is either unconnected or has no load
WARNING: [Synth 8-7129] Port M_AXIS_ACLK in module axi_i2s_adi_v1_2 is either unconnected or has no load
WARNING: [Synth 8-7129] Port M_AXIS_TREADY in module axi_i2s_adi_v1_2 is either unconnected or has no load
---------------------------------------------------------------------------------
Finished RTL Elaboration : Time (s): cpu = 00:00:25 ; elapsed = 00:00:29 . Memory (MB): peak = 1491.148 ; gain = 558.656
---------------------------------------------------------------------------------
---------------------------------------------------------------------------------
Start Handling Custom Attributes
---------------------------------------------------------------------------------
---------------------------------------------------------------------------------
Finished Handling Custom Attributes : Time (s): cpu = 00:00:25 ; elapsed = 00:00:30 . Memory (MB): peak = 1491.148 ; gain = 558.656
---------------------------------------------------------------------------------
---------------------------------------------------------------------------------
Finished RTL Optimization Phase 1 : Time (s): cpu = 00:00:25 ; elapsed = 00:00:30 . Memory (MB): peak = 1491.148 ; gain = 558.656
---------------------------------------------------------------------------------
Netlist sorting complete. Time (s): cpu = 00:00:00 ; elapsed = 00:00:00.053 . Memory (MB): peak = 1491.148 ; gain = 0.000
INFO: [Project 1-570] Preparing netlist for logic optimization

Processing XDC Constraints
Initializing timing engine
Completed Processing XDC Constraints

Netlist sorting complete. Time (s): cpu = 00:00:00 ; elapsed = 00:00:00.001 . Memory (MB): peak = 1586.852 ; gain = 0.000
INFO: [Project 1-111] Unisim Transformation Summary:
No Unisim elements were transformed.

Le chemin d'accŠs sp‚cifi‚ est introuvable.
Constraint Validation Runtime : Time (s): cpu = 00:00:00 ; elapsed = 00:00:00.100 . Memory (MB): peak = 1586.910 ; gain = 0.059
INFO: [Designutils 20-5008] Incremental synthesis strategy off
---------------------------------------------------------------------------------
Finished Constraint Validation : Time (s): cpu = 00:00:53 ; elapsed = 00:01:00 . Memory (MB): peak = 1586.910 ; gain = 654.418
---------------------------------------------------------------------------------
---------------------------------------------------------------------------------
Start Loading Part and Timing Information
---------------------------------------------------------------------------------
Loading part: xc7z020clg400-1
---------------------------------------------------------------------------------
Finished Loading Part and Timing Information : Time (s): cpu = 00:00:53 ; elapsed = 00:01:00 . Memory (MB): peak = 1586.910 ; gain = 654.418
---------------------------------------------------------------------------------
---------------------------------------------------------------------------------
Start Applying 'set_property' XDC Constraints
---------------------------------------------------------------------------------
---------------------------------------------------------------------------------
Finished applying 'set_property' XDC Constraints : Time (s): cpu = 00:00:53 ; elapsed = 00:01:00 . Memory (MB): peak = 1586.910 ; gain = 654.418
---------------------------------------------------------------------------------
---------------------------------------------------------------------------------
Finished RTL Optimization Phase 2 : Time (s): cpu = 00:00:55 ; elapsed = 00:01:05 . Memory (MB): peak = 1586.910 ; gain = 654.418
---------------------------------------------------------------------------------
---------------------------------------------------------------------------------
Start RTL Component Statistics 
---------------------------------------------------------------------------------
Detailed RTL Component Info : 
+---Adders : 
	   2 Input    8 Bit       Adders := 2     
	   3 Input    4 Bit       Adders := 2     
	   2 Input    3 Bit       Adders := 4     
	   2 Input    2 Bit       Adders := 4     
	   2 Input    1 Bit       Adders := 1     
+---XORs : 
	   2 Input      1 Bit         XORs := 5     
+---Registers : 
	               32 Bit    Registers := 7     
	               24 Bit    Registers := 1     
	                8 Bit    Registers := 2     
	                6 Bit    Registers := 2     
	                5 Bit    Registers := 3     
	                4 Bit    Registers := 2     
	                2 Bit    Registers := 4     
	                1 Bit    Registers := 32    
+---RAMs : 
	              192 Bit	(8 X 24 bit)          RAMs := 2     
	               20 Bit	(4 X 5 bit)          RAMs := 2     
+---Muxes : 
	   2 Input   32 Bit        Muxes := 4     
	   6 Input   32 Bit        Muxes := 2     
	   5 Input   32 Bit        Muxes := 1     
	   2 Input    8 Bit        Muxes := 5     
	   6 Input    3 Bit        Muxes := 1     
	   2 Input    3 Bit        Muxes := 1     
	   4 Input    2 Bit        Muxes := 2     
	   2 Input    2 Bit        Muxes := 4     
	   2 Input    1 Bit        Muxes := 22    
	   4 Input    1 Bit        Muxes := 2     
	   5 Input    1 Bit        Muxes := 3     
---------------------------------------------------------------------------------
Finished RTL Component Statistics 
---------------------------------------------------------------------------------
---------------------------------------------------------------------------------
Start Part Resource Summary
---------------------------------------------------------------------------------
Part Resources:
DSPs: 220 (col length:60)
BRAMs: 280 (col length: RAMB18 60 RAMB36 30)
---------------------------------------------------------------------------------
Finished Part Resource Summary
---------------------------------------------------------------------------------
---------------------------------------------------------------------------------
Start Cross Boundary and Area Optimization
---------------------------------------------------------------------------------
WARNING: [Synth 8-7080] Parallel synthesis criteria is not met
INFO: [Synth 8-3917] design system_axi_i2s_adi_1_0 has port DMA_REQ_TX_DAREADY driven by constant 1
INFO: [Synth 8-3917] design system_axi_i2s_adi_1_0 has port DMA_REQ_TX_DRTYPE[0] driven by constant 0
INFO: [Synth 8-3917] design system_axi_i2s_adi_1_0 has port DMA_REQ_TX_DRLAST driven by constant 0
INFO: [Synth 8-3917] design system_axi_i2s_adi_1_0 has port DMA_REQ_RX_DAREADY driven by constant 1
INFO: [Synth 8-3917] design system_axi_i2s_adi_1_0 has port DMA_REQ_RX_DRTYPE[0] driven by constant 0
INFO: [Synth 8-3917] design system_axi_i2s_adi_1_0 has port DMA_REQ_RX_DRLAST driven by constant 0
WARNING: [Synth 8-7129] Port s00_axi_awprot[2] in module system_axi_i2s_adi_1_0 is either unconnected or has no load
WARNING: [Synth 8-7129] Port s00_axi_awprot[1] in module system_axi_i2s_adi_1_0 is either unconnected or has no load
WARNING: [Synth 8-7129] Port s00_axi_awprot[0] in module system_axi_i2s_adi_1_0 is either unconnected or has no load
WARNING: [Synth 8-7129] Port s00_axi_wstrb[3] in module system_axi_i2s_adi_1_0 is either unconnected or has no load
WARNING: [Synth 8-7129] Port s00_axi_wstrb[2] in module system_axi_i2s_adi_1_0 is either unconnected or has no load
WARNING: [Synth 8-7129] Port s00_axi_wstrb[1] in module system_axi_i2s_adi_1_0 is either unconnected or has no load
WARNING: [Synth 8-7129] Port s00_axi_wstrb[0] in module system_axi_i2s_adi_1_0 is either unconnected or has no load
WARNING: [Synth 8-7129] Port s00_axi_arprot[2] in module system_axi_i2s_adi_1_0 is either unconnected or has no load
WARNING: [Synth 8-7129] Port s00_axi_arprot[1] in module system_axi_i2s_adi_1_0 is either unconnected or has no load
WARNING: [Synth 8-7129] Port s00_axi_arprot[0] in module system_axi_i2s_adi_1_0 is either unconnected or has no load
---------------------------------------------------------------------------------
Finished Cross Boundary and Area Optimization : Time (s): cpu = 00:01:05 ; elapsed = 00:01:16 . Memory (MB): peak = 1586.910 ; gain = 654.418
---------------------------------------------------------------------------------
---------------------------------------------------------------------------------
Start ROM, RAM, DSP, Shift Register and Retiming Reporting
---------------------------------------------------------------------------------

Distributed RAM: Preliminary Mapping Report (see note below)
+-----------------------+------------------------------------------------+-----------+----------------------+-------------+
|Module Name            | RTL Object                                     | Inference | Size (Depth x Width) | Primitives  | 
+-----------------------+------------------------------------------------+-----------+----------------------+-------------+
|system_axi_i2s_adi_1_0 | U0/ctrl/tx_sync/fifo_reg                       | Implied   | 4 x 5                | RAM32M x 1  | 
|system_axi_i2s_adi_1_0 | U0/ctrl/rx_gen.rx_sync/fifo_reg                | Implied   | 4 x 5                | RAM32M x 1  | 
|system_axi_i2s_adi_1_0 | U0/pl330_dma_rx_gen.rx_fifo/fifo/data_fifo_reg | Implied   | 8 x 24               | RAM32M x 4  | 
|system_axi_i2s_adi_1_0 | U0/pl330_dma_tx_gen.tx_fifo/fifo/data_fifo_reg | Implied   | 8 x 24               | RAM32M x 4  | 
+-----------------------+------------------------------------------------+-----------+----------------------+-------------+

Note: The table above is a preliminary report that shows the Distributed RAMs at the current stage of the synthesis flow. Some Distributed RAMs may be reimplemented as non Distributed RAM primitives later in the synthesis flow. Multiple instantiated RAMs are reported only once.
---------------------------------------------------------------------------------
Finished ROM, RAM, DSP, Shift Register and Retiming Reporting
---------------------------------------------------------------------------------
---------------------------------------------------------------------------------
Start Applying XDC Timing Constraints
---------------------------------------------------------------------------------
---------------------------------------------------------------------------------
Finished Applying XDC Timing Constraints : Time (s): cpu = 00:01:24 ; elapsed = 00:01:37 . Memory (MB): peak = 1586.910 ; gain = 654.418
---------------------------------------------------------------------------------
---------------------------------------------------------------------------------
Start Timing Optimization
---------------------------------------------------------------------------------
---------------------------------------------------------------------------------
Finished Timing Optimization : Time (s): cpu = 00:01:24 ; elapsed = 00:01:37 . Memory (MB): peak = 1586.910 ; gain = 654.418
---------------------------------------------------------------------------------
---------------------------------------------------------------------------------
Start ROM, RAM, DSP, Shift Register and Retiming Reporting
---------------------------------------------------------------------------------

Distributed RAM: Final Mapping Report
+-----------------------+------------------------------------------------+-----------+----------------------+-------------+
|Module Name            | RTL Object                                     | Inference | Size (Depth x Width) | Primitives  | 
+-----------------------+------------------------------------------------+-----------+----------------------+-------------+
|system_axi_i2s_adi_1_0 | U0/ctrl/tx_sync/fifo_reg                       | Implied   | 4 x 5                | RAM32M x 1  | 
|system_axi_i2s_adi_1_0 | U0/ctrl/rx_gen.rx_sync/fifo_reg                | Implied   | 4 x 5                | RAM32M x 1  | 
|system_axi_i2s_adi_1_0 | U0/pl330_dma_rx_gen.rx_fifo/fifo/data_fifo_reg | Implied   | 8 x 24               | RAM32M x 4  | 
|system_axi_i2s_adi_1_0 | U0/pl330_dma_tx_gen.tx_fifo/fifo/data_fifo_reg | Implied   | 8 x 24               | RAM32M x 4  | 
+-----------------------+------------------------------------------------+-----------+----------------------+-------------+

---------------------------------------------------------------------------------
Finished ROM, RAM, DSP, Shift Register and Retiming Reporting
---------------------------------------------------------------------------------
---------------------------------------------------------------------------------
Start Technology Mapping
---------------------------------------------------------------------------------
---------------------------------------------------------------------------------
Finished Technology Mapping : Time (s): cpu = 00:01:24 ; elapsed = 00:01:38 . Memory (MB): peak = 1586.910 ; gain = 654.418
---------------------------------------------------------------------------------
---------------------------------------------------------------------------------
Start IO Insertion
---------------------------------------------------------------------------------
---------------------------------------------------------------------------------
Start Flattening Before IO Insertion
---------------------------------------------------------------------------------
---------------------------------------------------------------------------------
Finished Flattening Before IO Insertion
---------------------------------------------------------------------------------
---------------------------------------------------------------------------------
Start Final Netlist Cleanup
---------------------------------------------------------------------------------
---------------------------------------------------------------------------------
Finished Final Netlist Cleanup
---------------------------------------------------------------------------------
---------------------------------------------------------------------------------
Finished IO Insertion : Time (s): cpu = 00:01:42 ; elapsed = 00:01:58 . Memory (MB): peak = 1586.910 ; gain = 654.418
---------------------------------------------------------------------------------
---------------------------------------------------------------------------------
Start Renaming Generated Instances
---------------------------------------------------------------------------------
---------------------------------------------------------------------------------
Finished Renaming Generated Instances : Time (s): cpu = 00:01:42 ; elapsed = 00:01:58 . Memory (MB): peak = 1586.910 ; gain = 654.418
---------------------------------------------------------------------------------
---------------------------------------------------------------------------------
Start Rebuilding User Hierarchy
---------------------------------------------------------------------------------
---------------------------------------------------------------------------------
Finished Rebuilding User Hierarchy : Time (s): cpu = 00:01:42 ; elapsed = 00:01:58 . Memory (MB): peak = 1586.910 ; gain = 654.418
---------------------------------------------------------------------------------
---------------------------------------------------------------------------------
Start Renaming Generated Ports
---------------------------------------------------------------------------------
---------------------------------------------------------------------------------
Finished Renaming Generated Ports : Time (s): cpu = 00:01:42 ; elapsed = 00:01:58 . Memory (MB): peak = 1586.910 ; gain = 654.418
---------------------------------------------------------------------------------
---------------------------------------------------------------------------------
Start Handling Custom Attributes
---------------------------------------------------------------------------------
---------------------------------------------------------------------------------
Finished Handling Custom Attributes : Time (s): cpu = 00:01:42 ; elapsed = 00:01:58 . Memory (MB): peak = 1586.910 ; gain = 654.418
---------------------------------------------------------------------------------
---------------------------------------------------------------------------------
Start Renaming Generated Nets
---------------------------------------------------------------------------------
---------------------------------------------------------------------------------
Finished Renaming Generated Nets : Time (s): cpu = 00:01:42 ; elapsed = 00:01:58 . Memory (MB): peak = 1586.910 ; gain = 654.418
---------------------------------------------------------------------------------
---------------------------------------------------------------------------------
Start Writing Synthesis Report
---------------------------------------------------------------------------------

Report BlackBoxes: 
+-+--------------+----------+
| |BlackBox name |Instances |
+-+--------------+----------+
+-+--------------+----------+

Report Cell Usage: 
+------+-------+------+
|      |Cell   |Count |
+------+-------+------+
|1     |CARRY4 |     2|
|2     |LUT1   |     6|
|3     |LUT2   |    16|
|4     |LUT3   |    48|
|5     |LUT4   |    21|
|6     |LUT5   |    36|
|7     |LUT6   |    70|
|8     |RAM32M |    10|
|9     |FDRE   |   247|
|10    |FDSE   |    10|
+------+-------+------+
---------------------------------------------------------------------------------
Finished Writing Synthesis Report : Time (s): cpu = 00:01:42 ; elapsed = 00:01:58 . Memory (MB): peak = 1586.910 ; gain = 654.418
---------------------------------------------------------------------------------
Synthesis finished with 0 errors, 0 critical warnings and 11 warnings.
Synthesis Optimization Runtime : Time (s): cpu = 00:01:10 ; elapsed = 00:01:51 . Memory (MB): peak = 1586.910 ; gain = 558.656
Synthesis Optimization Complete : Time (s): cpu = 00:01:42 ; elapsed = 00:01:58 . Memory (MB): peak = 1586.910 ; gain = 654.418
INFO: [Project 1-571] Translating synthesized netlist
Netlist sorting complete. Time (s): cpu = 00:00:00 ; elapsed = 00:00:00.026 . Memory (MB): peak = 1586.910 ; gain = 0.000
INFO: [Netlist 29-17] Analyzing 12 Unisim elements for replacement
INFO: [Netlist 29-28] Unisim Transformation completed in 0 CPU seconds
INFO: [Project 1-570] Preparing netlist for logic optimization
INFO: [Opt 31-138] Pushed 0 inverter(s) to 0 load pin(s).
Netlist sorting complete. Time (s): cpu = 00:00:00 ; elapsed = 00:00:00.001 . Memory (MB): peak = 1586.910 ; gain = 0.000
INFO: [Project 1-111] Unisim Transformation Summary:
  A total of 10 instances were transformed.
  RAM32M => RAM32M (RAMD32(x6), RAMS32(x2)): 10 instances

Le chemin d'accŠs sp‚cifi‚ est introuvable.
Synth Design complete | Checksum: fa4798b6
INFO: [Common 17-83] Releasing license: Synthesis
51 Infos, 179 Warnings, 0 Critical Warnings and 0 Errors encountered.
synth_design completed successfully
synth_design: Time (s): cpu = 00:01:58 ; elapsed = 00:02:27 . Memory (MB): peak = 1586.910 ; gain = 1075.195
Write ShapeDB Complete: Time (s): cpu = 00:00:00 ; elapsed = 00:00:00.003 . Memory (MB): peak = 1586.910 ; gain = 0.000
INFO: [Common 17-1381] The checkpoint 'C:/Users/hdway/Documents/vivado/TER/PmodENC_Linux/hw_with_enc/hw_with_enc.runs/system_axi_i2s_adi_1_0_synth_1/system_axi_i2s_adi_1_0.dcp' has been generated.
INFO: [Coretcl 2-1648] Added synthesis output to IP cache for IP system_axi_i2s_adi_1_0, cache-ID = 65c3b4eafbf8d942
INFO: [Coretcl 2-1174] Renamed 12 cell refs.
Write ShapeDB Complete: Time (s): cpu = 00:00:00 ; elapsed = 00:00:00.002 . Memory (MB): peak = 1586.910 ; gain = 0.000
INFO: [Common 17-1381] The checkpoint 'C:/Users/hdway/Documents/vivado/TER/PmodENC_Linux/hw_with_enc/hw_with_enc.runs/system_axi_i2s_adi_1_0_synth_1/system_axi_i2s_adi_1_0.dcp' has been generated.
write_checkpoint: Time (s): cpu = 00:00:00 ; elapsed = 00:00:09 . Memory (MB): peak = 1586.910 ; gain = 0.000
INFO: [runtcl-4] Executing : report_utilization -file system_axi_i2s_adi_1_0_utilization_synth.rpt -pb system_axi_i2s_adi_1_0_utilization_synth.pb
INFO: [Common 17-206] Exiting Vivado at Wed Jun 19 16:29:57 2024...
