
*** Running vivado
    with args -log system_PetaENC_1_0.vds -m64 -product Vivado -mode batch -messageDb vivado.pb -notrace -source system_PetaENC_1_0.tcl


Commande ECHO d‚sactiv‚e.
Commande ECHO d‚sactiv‚e.

****** Vivado v2023.2.2 (64-bit)
  **** SW Build 4081461 on Thu Dec 14 12:24:51 MST 2023
  **** IP Build 4126054 on Fri Feb  9 11:39:09 MST 2024
  **** SharedData Build 4115275 on Tue Jan 30 00:40:57 MST 2024
    ** Copyright 1986-2022 Xilinx, Inc. All Rights Reserved.
    ** Copyright 2022-2023 Advanced Micro Devices, Inc. All Rights Reserved.

source system_PetaENC_1_0.tcl -notrace
create_project: Time (s): cpu = 00:00:19 ; elapsed = 00:00:26 . Memory (MB): peak = 476.930 ; gain = 181.699
INFO: [IP_Flow 19-234] Refreshing IP repositories
WARNING: [IP_Flow 19-2248] Failed to load user IP repository 'c:/Users/hdway/Documents/vivado/TER/Zybo-Z7/hw/repo'; Can't find the specified path.
If this directory should no longer be in your list of user repositories, go to the IP Settings dialog and remove it.
INFO: [IP_Flow 19-1700] Loaded user IP repository 'c:/Users/hdway/Documents/vivado/TER/PetaENC_IP'.
INFO: [IP_Flow 19-1700] Loaded user IP repository 'c:/Users/hdway/Documents/vivado/vivado-library'.
INFO: [IP_Flow 19-2313] Loaded Vivado IP repository 'C:/Xilinx/Vivado/2023.2/data/ip'.
update_ip_catalog: Time (s): cpu = 00:00:03 ; elapsed = 00:00:07 . Memory (MB): peak = 482.398 ; gain = 5.469
WARNING: [IP_Flow 19-4995] The host OS only allows 260 characters in a normal path. The IP cache path is more than 80 characters. If you experience issues with IP caching, please consider changing the IP cache to a location with a shorter path. Alternately consider using the OS subst command to map part of the path to a drive letter. 
Current IP cache path is c:/Users/hdway/Documents/vivado/TER/PmodENC_Linux/hw_with_enc/hw_with_enc.cache/ip 
INFO: [IP_Flow 19-6924] IPCACHE: Running cache check for IP inst: system_PetaENC_1_0
Command: synth_design -top system_PetaENC_1_0 -part xc7z020clg400-1 -incremental_mode off -mode out_of_context
Starting synth_design
Attempting to get a license for feature 'Synthesis' and/or device 'xc7z020'
INFO: [Common 17-349] Got license for feature 'Synthesis' and/or device 'xc7z020'
INFO: [Device 21-403] Loading part xc7z020clg400-1
INFO: [Synth 8-7079] Multithreading enabled for synth_design using a maximum of 2 processes.
INFO: [Synth 8-7078] Launching helper process for spawning children vivado processes
INFO: [Synth 8-7075] Helper process launched with PID 18676
---------------------------------------------------------------------------------
Starting RTL Elaboration : Time (s): cpu = 00:00:16 ; elapsed = 00:00:20 . Memory (MB): peak = 1371.215 ; gain = 440.148
---------------------------------------------------------------------------------
INFO: [Synth 8-638] synthesizing module 'system_PetaENC_1_0' [c:/Users/hdway/Documents/vivado/TER/PmodENC_Linux/hw_with_enc/hw_with_enc.gen/sources_1/bd/system/ip/system_PetaENC_1_0/synth/system_PetaENC_1_0.vhd:105]
INFO: [Synth 8-3491] module 'PetaENC' declared at 'c:/Users/hdway/Documents/vivado/TER/PmodENC_Linux/hw_with_enc/hw_with_enc.gen/sources_1/bd/system/ipshared/38bc/src/PetaENC.vhd:15' bound to instance 'U0' of component 'PetaENC' [c:/Users/hdway/Documents/vivado/TER/PmodENC_Linux/hw_with_enc/hw_with_enc.gen/sources_1/bd/system/ip/system_PetaENC_1_0/synth/system_PetaENC_1_0.vhd:217]
INFO: [Synth 8-638] synthesizing module 'PetaENC' [c:/Users/hdway/Documents/vivado/TER/PmodENC_Linux/hw_with_enc/hw_with_enc.gen/sources_1/bd/system/ipshared/38bc/src/PetaENC.vhd:68]
INFO: [Synth 8-3491] module 'PetaENC_PmodENC_0_1' declared at 'c:/Users/hdway/Documents/vivado/TER/PmodENC_Linux/hw_with_enc/hw_with_enc.gen/sources_1/bd/system/ipshared/38bc/src/PetaENC_PmodENC_0_1.vhd:56' bound to instance 'PmodENC_0' of component 'PetaENC_PmodENC_0_1' [c:/Users/hdway/Documents/vivado/TER/PmodENC_Linux/hw_with_enc/hw_with_enc.gen/sources_1/bd/system/ipshared/38bc/src/PetaENC.vhd:279]
INFO: [Synth 8-638] synthesizing module 'PetaENC_PmodENC_0_1' [c:/Users/hdway/Documents/vivado/TER/PmodENC_Linux/hw_with_enc/hw_with_enc.gen/sources_1/bd/system/ipshared/38bc/src/PetaENC_PmodENC_0_1.vhd:64]
INFO: [Synth 8-3491] module 'PmodENC' declared at 'c:/Users/hdway/Documents/vivado/TER/PmodENC_Linux/hw_with_enc/hw_with_enc.gen/sources_1/bd/system/ipshared/38bc/src/PmodENC.vhd:7' bound to instance 'U0' of component 'PmodENC' [c:/Users/hdway/Documents/vivado/TER/PmodENC_Linux/hw_with_enc/hw_with_enc.gen/sources_1/bd/system/ipshared/38bc/src/PetaENC_PmodENC_0_1.vhd:87]
INFO: [Synth 8-638] synthesizing module 'PmodENC' [c:/Users/hdway/Documents/vivado/TER/PmodENC_Linux/hw_with_enc/hw_with_enc.gen/sources_1/bd/system/ipshared/38bc/src/PmodENC.vhd:15]
INFO: [Synth 8-638] synthesizing module 'Debouncer' [c:/Users/hdway/Documents/vivado/TER/PmodENC_Linux/hw_with_enc/hw_with_enc.gen/sources_1/bd/system/ipshared/38bc/src/Debouncer.vhd:18]
INFO: [Synth 8-256] done synthesizing module 'Debouncer' (0#1) [c:/Users/hdway/Documents/vivado/TER/PmodENC_Linux/hw_with_enc/hw_with_enc.gen/sources_1/bd/system/ipshared/38bc/src/Debouncer.vhd:18]
INFO: [Synth 8-638] synthesizing module 'Encoder' [c:/Users/hdway/Documents/vivado/TER/PmodENC_Linux/hw_with_enc/hw_with_enc.gen/sources_1/bd/system/ipshared/38bc/src/Encoder.vhd:17]
INFO: [Synth 8-256] done synthesizing module 'Encoder' (0#1) [c:/Users/hdway/Documents/vivado/TER/PmodENC_Linux/hw_with_enc/hw_with_enc.gen/sources_1/bd/system/ipshared/38bc/src/Encoder.vhd:17]
INFO: [Synth 8-256] done synthesizing module 'PmodENC' (0#1) [c:/Users/hdway/Documents/vivado/TER/PmodENC_Linux/hw_with_enc/hw_with_enc.gen/sources_1/bd/system/ipshared/38bc/src/PmodENC.vhd:15]
INFO: [Synth 8-256] done synthesizing module 'PetaENC_PmodENC_0_1' (0#1) [c:/Users/hdway/Documents/vivado/TER/PmodENC_Linux/hw_with_enc/hw_with_enc.gen/sources_1/bd/system/ipshared/38bc/src/PetaENC_PmodENC_0_1.vhd:64]
INFO: [Synth 8-3491] module 'PetaENC_axi_gpio_0_0' declared at 'c:/Users/hdway/Documents/vivado/TER/PmodENC_Linux/hw_with_enc/hw_with_enc.gen/sources_1/bd/system/ip/system_PetaENC_1_0/src/PetaENC_axi_gpio_0_0/synth/PetaENC_axi_gpio_0_0.vhd:59' bound to instance 'axi_gpio_0' of component 'PetaENC_axi_gpio_0_0' [c:/Users/hdway/Documents/vivado/TER/PmodENC_Linux/hw_with_enc/hw_with_enc.gen/sources_1/bd/system/ipshared/38bc/src/PetaENC.vhd:285]
INFO: [Synth 8-638] synthesizing module 'PetaENC_axi_gpio_0_0' [c:/Users/hdway/Documents/vivado/TER/PmodENC_Linux/hw_with_enc/hw_with_enc.gen/sources_1/bd/system/ip/system_PetaENC_1_0/src/PetaENC_axi_gpio_0_0/synth/PetaENC_axi_gpio_0_0.vhd:85]
	Parameter C_FAMILY bound to: zynq - type: string 
	Parameter C_S_AXI_ADDR_WIDTH bound to: 9 - type: integer 
	Parameter C_S_AXI_DATA_WIDTH bound to: 32 - type: integer 
	Parameter C_GPIO_WIDTH bound to: 4 - type: integer 
	Parameter C_GPIO2_WIDTH bound to: 32 - type: integer 
	Parameter C_ALL_INPUTS bound to: 1 - type: integer 
	Parameter C_ALL_INPUTS_2 bound to: 0 - type: integer 
	Parameter C_ALL_OUTPUTS bound to: 0 - type: integer 
	Parameter C_ALL_OUTPUTS_2 bound to: 0 - type: integer 
	Parameter C_INTERRUPT_PRESENT bound to: 1 - type: integer 
	Parameter C_DOUT_DEFAULT bound to: 32'b00000000000000000000000000000000 
	Parameter C_TRI_DEFAULT bound to: 32'b11111111111111111111111111111111 
	Parameter C_IS_DUAL bound to: 0 - type: integer 
	Parameter C_DOUT_DEFAULT_2 bound to: 32'b00000000000000000000000000000000 
	Parameter C_TRI_DEFAULT_2 bound to: 32'b11111111111111111111111111111111 
INFO: [Synth 8-3491] module 'axi_gpio' declared at 'c:/Users/hdway/Documents/vivado/TER/PmodENC_Linux/hw_with_enc/hw_with_enc.gen/sources_1/bd/system/ip/system_PetaENC_1_0/src/PetaENC_axi_gpio_0_0/hdl/axi_gpio_v2_0_vh_rfs.vhd:1270' bound to instance 'U0' of component 'axi_gpio' [c:/Users/hdway/Documents/vivado/TER/PmodENC_Linux/hw_with_enc/hw_with_enc.gen/sources_1/bd/system/ip/system_PetaENC_1_0/src/PetaENC_axi_gpio_0_0/synth/PetaENC_axi_gpio_0_0.vhd:171]
INFO: [Synth 8-638] synthesizing module 'axi_gpio' [c:/Users/hdway/Documents/vivado/TER/PmodENC_Linux/hw_with_enc/hw_with_enc.gen/sources_1/bd/system/ip/system_PetaENC_1_0/src/PetaENC_axi_gpio_0_0/hdl/axi_gpio_v2_0_vh_rfs.vhd:1356]
INFO: [Synth 8-638] synthesizing module 'axi_lite_ipif' [c:/Users/hdway/Documents/vivado/TER/PmodENC_Linux/hw_with_enc/hw_with_enc.gen/sources_1/bd/system/ip/system_PetaENC_1_0/src/PetaENC_axi_gpio_0_0/hdl/axi_lite_ipif_v3_0_vh_rfs.vhd:2948]
INFO: [Synth 8-638] synthesizing module 'slave_attachment' [c:/Users/hdway/Documents/vivado/TER/PmodENC_Linux/hw_with_enc/hw_with_enc.gen/sources_1/bd/system/ip/system_PetaENC_1_0/src/PetaENC_axi_gpio_0_0/hdl/axi_lite_ipif_v3_0_vh_rfs.vhd:2341]
INFO: [Synth 8-638] synthesizing module 'address_decoder' [c:/Users/hdway/Documents/vivado/TER/PmodENC_Linux/hw_with_enc/hw_with_enc.gen/sources_1/bd/system/ip/system_PetaENC_1_0/src/PetaENC_axi_gpio_0_0/hdl/axi_lite_ipif_v3_0_vh_rfs.vhd:1775]
INFO: [Synth 8-638] synthesizing module 'pselect_f' [c:/Users/hdway/Documents/vivado/TER/PmodENC_Linux/hw_with_enc/hw_with_enc.gen/sources_1/bd/system/ip/system_PetaENC_1_0/src/PetaENC_axi_gpio_0_0/hdl/axi_lite_ipif_v3_0_vh_rfs.vhd:1534]
INFO: [Synth 8-256] done synthesizing module 'pselect_f' (0#1) [c:/Users/hdway/Documents/vivado/TER/PmodENC_Linux/hw_with_enc/hw_with_enc.gen/sources_1/bd/system/ip/system_PetaENC_1_0/src/PetaENC_axi_gpio_0_0/hdl/axi_lite_ipif_v3_0_vh_rfs.vhd:1534]
INFO: [Synth 8-638] synthesizing module 'pselect_f__parameterized0' [c:/Users/hdway/Documents/vivado/TER/PmodENC_Linux/hw_with_enc/hw_with_enc.gen/sources_1/bd/system/ip/system_PetaENC_1_0/src/PetaENC_axi_gpio_0_0/hdl/axi_lite_ipif_v3_0_vh_rfs.vhd:1534]
INFO: [Synth 8-256] done synthesizing module 'pselect_f__parameterized0' (0#1) [c:/Users/hdway/Documents/vivado/TER/PmodENC_Linux/hw_with_enc/hw_with_enc.gen/sources_1/bd/system/ip/system_PetaENC_1_0/src/PetaENC_axi_gpio_0_0/hdl/axi_lite_ipif_v3_0_vh_rfs.vhd:1534]
INFO: [Synth 8-638] synthesizing module 'pselect_f__parameterized1' [c:/Users/hdway/Documents/vivado/TER/PmodENC_Linux/hw_with_enc/hw_with_enc.gen/sources_1/bd/system/ip/system_PetaENC_1_0/src/PetaENC_axi_gpio_0_0/hdl/axi_lite_ipif_v3_0_vh_rfs.vhd:1534]
INFO: [Synth 8-256] done synthesizing module 'pselect_f__parameterized1' (0#1) [c:/Users/hdway/Documents/vivado/TER/PmodENC_Linux/hw_with_enc/hw_with_enc.gen/sources_1/bd/system/ip/system_PetaENC_1_0/src/PetaENC_axi_gpio_0_0/hdl/axi_lite_ipif_v3_0_vh_rfs.vhd:1534]
INFO: [Synth 8-638] synthesizing module 'pselect_f__parameterized2' [c:/Users/hdway/Documents/vivado/TER/PmodENC_Linux/hw_with_enc/hw_with_enc.gen/sources_1/bd/system/ip/system_PetaENC_1_0/src/PetaENC_axi_gpio_0_0/hdl/axi_lite_ipif_v3_0_vh_rfs.vhd:1534]
INFO: [Synth 8-256] done synthesizing module 'pselect_f__parameterized2' (0#1) [c:/Users/hdway/Documents/vivado/TER/PmodENC_Linux/hw_with_enc/hw_with_enc.gen/sources_1/bd/system/ip/system_PetaENC_1_0/src/PetaENC_axi_gpio_0_0/hdl/axi_lite_ipif_v3_0_vh_rfs.vhd:1534]
INFO: [Synth 8-638] synthesizing module 'pselect_f__parameterized3' [c:/Users/hdway/Documents/vivado/TER/PmodENC_Linux/hw_with_enc/hw_with_enc.gen/sources_1/bd/system/ip/system_PetaENC_1_0/src/PetaENC_axi_gpio_0_0/hdl/axi_lite_ipif_v3_0_vh_rfs.vhd:1534]
INFO: [Synth 8-256] done synthesizing module 'pselect_f__parameterized3' (0#1) [c:/Users/hdway/Documents/vivado/TER/PmodENC_Linux/hw_with_enc/hw_with_enc.gen/sources_1/bd/system/ip/system_PetaENC_1_0/src/PetaENC_axi_gpio_0_0/hdl/axi_lite_ipif_v3_0_vh_rfs.vhd:1534]
INFO: [Synth 8-638] synthesizing module 'pselect_f__parameterized4' [c:/Users/hdway/Documents/vivado/TER/PmodENC_Linux/hw_with_enc/hw_with_enc.gen/sources_1/bd/system/ip/system_PetaENC_1_0/src/PetaENC_axi_gpio_0_0/hdl/axi_lite_ipif_v3_0_vh_rfs.vhd:1534]
INFO: [Synth 8-256] done synthesizing module 'pselect_f__parameterized4' (0#1) [c:/Users/hdway/Documents/vivado/TER/PmodENC_Linux/hw_with_enc/hw_with_enc.gen/sources_1/bd/system/ip/system_PetaENC_1_0/src/PetaENC_axi_gpio_0_0/hdl/axi_lite_ipif_v3_0_vh_rfs.vhd:1534]
INFO: [Synth 8-638] synthesizing module 'pselect_f__parameterized5' [c:/Users/hdway/Documents/vivado/TER/PmodENC_Linux/hw_with_enc/hw_with_enc.gen/sources_1/bd/system/ip/system_PetaENC_1_0/src/PetaENC_axi_gpio_0_0/hdl/axi_lite_ipif_v3_0_vh_rfs.vhd:1534]
INFO: [Synth 8-256] done synthesizing module 'pselect_f__parameterized5' (0#1) [c:/Users/hdway/Documents/vivado/TER/PmodENC_Linux/hw_with_enc/hw_with_enc.gen/sources_1/bd/system/ip/system_PetaENC_1_0/src/PetaENC_axi_gpio_0_0/hdl/axi_lite_ipif_v3_0_vh_rfs.vhd:1534]
INFO: [Synth 8-638] synthesizing module 'pselect_f__parameterized6' [c:/Users/hdway/Documents/vivado/TER/PmodENC_Linux/hw_with_enc/hw_with_enc.gen/sources_1/bd/system/ip/system_PetaENC_1_0/src/PetaENC_axi_gpio_0_0/hdl/axi_lite_ipif_v3_0_vh_rfs.vhd:1534]
INFO: [Synth 8-256] done synthesizing module 'pselect_f__parameterized6' (0#1) [c:/Users/hdway/Documents/vivado/TER/PmodENC_Linux/hw_with_enc/hw_with_enc.gen/sources_1/bd/system/ip/system_PetaENC_1_0/src/PetaENC_axi_gpio_0_0/hdl/axi_lite_ipif_v3_0_vh_rfs.vhd:1534]
INFO: [Synth 8-638] synthesizing module 'pselect_f__parameterized7' [c:/Users/hdway/Documents/vivado/TER/PmodENC_Linux/hw_with_enc/hw_with_enc.gen/sources_1/bd/system/ip/system_PetaENC_1_0/src/PetaENC_axi_gpio_0_0/hdl/axi_lite_ipif_v3_0_vh_rfs.vhd:1534]
INFO: [Synth 8-256] done synthesizing module 'pselect_f__parameterized7' (0#1) [c:/Users/hdway/Documents/vivado/TER/PmodENC_Linux/hw_with_enc/hw_with_enc.gen/sources_1/bd/system/ip/system_PetaENC_1_0/src/PetaENC_axi_gpio_0_0/hdl/axi_lite_ipif_v3_0_vh_rfs.vhd:1534]
INFO: [Synth 8-638] synthesizing module 'pselect_f__parameterized8' [c:/Users/hdway/Documents/vivado/TER/PmodENC_Linux/hw_with_enc/hw_with_enc.gen/sources_1/bd/system/ip/system_PetaENC_1_0/src/PetaENC_axi_gpio_0_0/hdl/axi_lite_ipif_v3_0_vh_rfs.vhd:1534]
INFO: [Synth 8-256] done synthesizing module 'pselect_f__parameterized8' (0#1) [c:/Users/hdway/Documents/vivado/TER/PmodENC_Linux/hw_with_enc/hw_with_enc.gen/sources_1/bd/system/ip/system_PetaENC_1_0/src/PetaENC_axi_gpio_0_0/hdl/axi_lite_ipif_v3_0_vh_rfs.vhd:1534]
INFO: [Synth 8-638] synthesizing module 'pselect_f__parameterized9' [c:/Users/hdway/Documents/vivado/TER/PmodENC_Linux/hw_with_enc/hw_with_enc.gen/sources_1/bd/system/ip/system_PetaENC_1_0/src/PetaENC_axi_gpio_0_0/hdl/axi_lite_ipif_v3_0_vh_rfs.vhd:1534]
INFO: [Synth 8-256] done synthesizing module 'pselect_f__parameterized9' (0#1) [c:/Users/hdway/Documents/vivado/TER/PmodENC_Linux/hw_with_enc/hw_with_enc.gen/sources_1/bd/system/ip/system_PetaENC_1_0/src/PetaENC_axi_gpio_0_0/hdl/axi_lite_ipif_v3_0_vh_rfs.vhd:1534]
INFO: [Synth 8-638] synthesizing module 'pselect_f__parameterized10' [c:/Users/hdway/Documents/vivado/TER/PmodENC_Linux/hw_with_enc/hw_with_enc.gen/sources_1/bd/system/ip/system_PetaENC_1_0/src/PetaENC_axi_gpio_0_0/hdl/axi_lite_ipif_v3_0_vh_rfs.vhd:1534]
INFO: [Synth 8-256] done synthesizing module 'pselect_f__parameterized10' (0#1) [c:/Users/hdway/Documents/vivado/TER/PmodENC_Linux/hw_with_enc/hw_with_enc.gen/sources_1/bd/system/ip/system_PetaENC_1_0/src/PetaENC_axi_gpio_0_0/hdl/axi_lite_ipif_v3_0_vh_rfs.vhd:1534]
INFO: [Synth 8-638] synthesizing module 'pselect_f__parameterized11' [c:/Users/hdway/Documents/vivado/TER/PmodENC_Linux/hw_with_enc/hw_with_enc.gen/sources_1/bd/system/ip/system_PetaENC_1_0/src/PetaENC_axi_gpio_0_0/hdl/axi_lite_ipif_v3_0_vh_rfs.vhd:1534]
INFO: [Synth 8-256] done synthesizing module 'pselect_f__parameterized11' (0#1) [c:/Users/hdway/Documents/vivado/TER/PmodENC_Linux/hw_with_enc/hw_with_enc.gen/sources_1/bd/system/ip/system_PetaENC_1_0/src/PetaENC_axi_gpio_0_0/hdl/axi_lite_ipif_v3_0_vh_rfs.vhd:1534]
INFO: [Synth 8-638] synthesizing module 'pselect_f__parameterized12' [c:/Users/hdway/Documents/vivado/TER/PmodENC_Linux/hw_with_enc/hw_with_enc.gen/sources_1/bd/system/ip/system_PetaENC_1_0/src/PetaENC_axi_gpio_0_0/hdl/axi_lite_ipif_v3_0_vh_rfs.vhd:1534]
INFO: [Synth 8-256] done synthesizing module 'pselect_f__parameterized12' (0#1) [c:/Users/hdway/Documents/vivado/TER/PmodENC_Linux/hw_with_enc/hw_with_enc.gen/sources_1/bd/system/ip/system_PetaENC_1_0/src/PetaENC_axi_gpio_0_0/hdl/axi_lite_ipif_v3_0_vh_rfs.vhd:1534]
INFO: [Synth 8-638] synthesizing module 'pselect_f__parameterized13' [c:/Users/hdway/Documents/vivado/TER/PmodENC_Linux/hw_with_enc/hw_with_enc.gen/sources_1/bd/system/ip/system_PetaENC_1_0/src/PetaENC_axi_gpio_0_0/hdl/axi_lite_ipif_v3_0_vh_rfs.vhd:1534]
INFO: [Synth 8-256] done synthesizing module 'pselect_f__parameterized13' (0#1) [c:/Users/hdway/Documents/vivado/TER/PmodENC_Linux/hw_with_enc/hw_with_enc.gen/sources_1/bd/system/ip/system_PetaENC_1_0/src/PetaENC_axi_gpio_0_0/hdl/axi_lite_ipif_v3_0_vh_rfs.vhd:1534]
INFO: [Synth 8-638] synthesizing module 'pselect_f__parameterized14' [c:/Users/hdway/Documents/vivado/TER/PmodENC_Linux/hw_with_enc/hw_with_enc.gen/sources_1/bd/system/ip/system_PetaENC_1_0/src/PetaENC_axi_gpio_0_0/hdl/axi_lite_ipif_v3_0_vh_rfs.vhd:1534]
INFO: [Synth 8-256] done synthesizing module 'pselect_f__parameterized14' (0#1) [c:/Users/hdway/Documents/vivado/TER/PmodENC_Linux/hw_with_enc/hw_with_enc.gen/sources_1/bd/system/ip/system_PetaENC_1_0/src/PetaENC_axi_gpio_0_0/hdl/axi_lite_ipif_v3_0_vh_rfs.vhd:1534]
INFO: [Synth 8-638] synthesizing module 'pselect_f__parameterized15' [c:/Users/hdway/Documents/vivado/TER/PmodENC_Linux/hw_with_enc/hw_with_enc.gen/sources_1/bd/system/ip/system_PetaENC_1_0/src/PetaENC_axi_gpio_0_0/hdl/axi_lite_ipif_v3_0_vh_rfs.vhd:1534]
INFO: [Synth 8-256] done synthesizing module 'pselect_f__parameterized15' (0#1) [c:/Users/hdway/Documents/vivado/TER/PmodENC_Linux/hw_with_enc/hw_with_enc.gen/sources_1/bd/system/ip/system_PetaENC_1_0/src/PetaENC_axi_gpio_0_0/hdl/axi_lite_ipif_v3_0_vh_rfs.vhd:1534]
INFO: [Synth 8-638] synthesizing module 'pselect_f__parameterized16' [c:/Users/hdway/Documents/vivado/TER/PmodENC_Linux/hw_with_enc/hw_with_enc.gen/sources_1/bd/system/ip/system_PetaENC_1_0/src/PetaENC_axi_gpio_0_0/hdl/axi_lite_ipif_v3_0_vh_rfs.vhd:1534]
INFO: [Synth 8-256] done synthesizing module 'pselect_f__parameterized16' (0#1) [c:/Users/hdway/Documents/vivado/TER/PmodENC_Linux/hw_with_enc/hw_with_enc.gen/sources_1/bd/system/ip/system_PetaENC_1_0/src/PetaENC_axi_gpio_0_0/hdl/axi_lite_ipif_v3_0_vh_rfs.vhd:1534]
INFO: [Synth 8-638] synthesizing module 'pselect_f__parameterized17' [c:/Users/hdway/Documents/vivado/TER/PmodENC_Linux/hw_with_enc/hw_with_enc.gen/sources_1/bd/system/ip/system_PetaENC_1_0/src/PetaENC_axi_gpio_0_0/hdl/axi_lite_ipif_v3_0_vh_rfs.vhd:1534]
INFO: [Synth 8-256] done synthesizing module 'pselect_f__parameterized17' (0#1) [c:/Users/hdway/Documents/vivado/TER/PmodENC_Linux/hw_with_enc/hw_with_enc.gen/sources_1/bd/system/ip/system_PetaENC_1_0/src/PetaENC_axi_gpio_0_0/hdl/axi_lite_ipif_v3_0_vh_rfs.vhd:1534]
INFO: [Synth 8-638] synthesizing module 'pselect_f__parameterized18' [c:/Users/hdway/Documents/vivado/TER/PmodENC_Linux/hw_with_enc/hw_with_enc.gen/sources_1/bd/system/ip/system_PetaENC_1_0/src/PetaENC_axi_gpio_0_0/hdl/axi_lite_ipif_v3_0_vh_rfs.vhd:1534]
INFO: [Synth 8-256] done synthesizing module 'pselect_f__parameterized18' (0#1) [c:/Users/hdway/Documents/vivado/TER/PmodENC_Linux/hw_with_enc/hw_with_enc.gen/sources_1/bd/system/ip/system_PetaENC_1_0/src/PetaENC_axi_gpio_0_0/hdl/axi_lite_ipif_v3_0_vh_rfs.vhd:1534]
INFO: [Synth 8-638] synthesizing module 'pselect_f__parameterized19' [c:/Users/hdway/Documents/vivado/TER/PmodENC_Linux/hw_with_enc/hw_with_enc.gen/sources_1/bd/system/ip/system_PetaENC_1_0/src/PetaENC_axi_gpio_0_0/hdl/axi_lite_ipif_v3_0_vh_rfs.vhd:1534]
INFO: [Synth 8-256] done synthesizing module 'pselect_f__parameterized19' (0#1) [c:/Users/hdway/Documents/vivado/TER/PmodENC_Linux/hw_with_enc/hw_with_enc.gen/sources_1/bd/system/ip/system_PetaENC_1_0/src/PetaENC_axi_gpio_0_0/hdl/axi_lite_ipif_v3_0_vh_rfs.vhd:1534]
INFO: [Synth 8-638] synthesizing module 'pselect_f__parameterized20' [c:/Users/hdway/Documents/vivado/TER/PmodENC_Linux/hw_with_enc/hw_with_enc.gen/sources_1/bd/system/ip/system_PetaENC_1_0/src/PetaENC_axi_gpio_0_0/hdl/axi_lite_ipif_v3_0_vh_rfs.vhd:1534]
INFO: [Synth 8-256] done synthesizing module 'pselect_f__parameterized20' (0#1) [c:/Users/hdway/Documents/vivado/TER/PmodENC_Linux/hw_with_enc/hw_with_enc.gen/sources_1/bd/system/ip/system_PetaENC_1_0/src/PetaENC_axi_gpio_0_0/hdl/axi_lite_ipif_v3_0_vh_rfs.vhd:1534]
INFO: [Synth 8-256] done synthesizing module 'address_decoder' (0#1) [c:/Users/hdway/Documents/vivado/TER/PmodENC_Linux/hw_with_enc/hw_with_enc.gen/sources_1/bd/system/ip/system_PetaENC_1_0/src/PetaENC_axi_gpio_0_0/hdl/axi_lite_ipif_v3_0_vh_rfs.vhd:1775]
INFO: [Synth 8-226] default block is never used [c:/Users/hdway/Documents/vivado/TER/PmodENC_Linux/hw_with_enc/hw_with_enc.gen/sources_1/bd/system/ip/system_PetaENC_1_0/src/PetaENC_axi_gpio_0_0/hdl/axi_lite_ipif_v3_0_vh_rfs.vhd:2550]
INFO: [Synth 8-256] done synthesizing module 'slave_attachment' (0#1) [c:/Users/hdway/Documents/vivado/TER/PmodENC_Linux/hw_with_enc/hw_with_enc.gen/sources_1/bd/system/ip/system_PetaENC_1_0/src/PetaENC_axi_gpio_0_0/hdl/axi_lite_ipif_v3_0_vh_rfs.vhd:2341]
INFO: [Synth 8-256] done synthesizing module 'axi_lite_ipif' (0#1) [c:/Users/hdway/Documents/vivado/TER/PmodENC_Linux/hw_with_enc/hw_with_enc.gen/sources_1/bd/system/ip/system_PetaENC_1_0/src/PetaENC_axi_gpio_0_0/hdl/axi_lite_ipif_v3_0_vh_rfs.vhd:2948]
INFO: [Synth 8-638] synthesizing module 'interrupt_control' [c:/Users/hdway/Documents/vivado/TER/PmodENC_Linux/hw_with_enc/hw_with_enc.gen/sources_1/bd/system/ip/system_PetaENC_1_0/src/PetaENC_axi_gpio_0_0/hdl/interrupt_control_v3_1_vh_rfs.vhd:257]
INFO: [Synth 8-256] done synthesizing module 'interrupt_control' (0#1) [c:/Users/hdway/Documents/vivado/TER/PmodENC_Linux/hw_with_enc/hw_with_enc.gen/sources_1/bd/system/ip/system_PetaENC_1_0/src/PetaENC_axi_gpio_0_0/hdl/interrupt_control_v3_1_vh_rfs.vhd:257]
INFO: [Synth 8-638] synthesizing module 'GPIO_Core' [c:/Users/hdway/Documents/vivado/TER/PmodENC_Linux/hw_with_enc/hw_with_enc.gen/sources_1/bd/system/ip/system_PetaENC_1_0/src/PetaENC_axi_gpio_0_0/hdl/axi_gpio_v2_0_vh_rfs.vhd:181]
INFO: [Synth 8-226] default block is never used [c:/Users/hdway/Documents/vivado/TER/PmodENC_Linux/hw_with_enc/hw_with_enc.gen/sources_1/bd/system/ip/system_PetaENC_1_0/src/PetaENC_axi_gpio_0_0/hdl/axi_gpio_v2_0_vh_rfs.vhd:446]
INFO: [Synth 8-638] synthesizing module 'cdc_sync' [c:/Users/hdway/Documents/vivado/TER/PmodENC_Linux/hw_with_enc/hw_with_enc.gen/sources_1/bd/system/ip/system_PetaENC_1_0/src/PetaENC_axi_gpio_0_0/hdl/lib_cdc_v1_0_rfs.vhd:106]
	Parameter INIT bound to: 1'b0 
INFO: [Synth 8-113] binding component instance 'CROSS2_PLEVEL_IN2SCNDRY_IN_cdc_to' to cell 'FDR' [c:/Users/hdway/Documents/vivado/TER/PmodENC_Linux/hw_with_enc/hw_with_enc.gen/sources_1/bd/system/ip/system_PetaENC_1_0/src/PetaENC_axi_gpio_0_0/hdl/lib_cdc_v1_0_rfs.vhd:736]
	Parameter INIT bound to: 1'b0 
INFO: [Synth 8-113] binding component instance 'CROSS2_PLEVEL_IN2SCNDRY_IN_cdc_to' to cell 'FDR' [c:/Users/hdway/Documents/vivado/TER/PmodENC_Linux/hw_with_enc/hw_with_enc.gen/sources_1/bd/system/ip/system_PetaENC_1_0/src/PetaENC_axi_gpio_0_0/hdl/lib_cdc_v1_0_rfs.vhd:736]
	Parameter INIT bound to: 1'b0 
INFO: [Synth 8-113] binding component instance 'CROSS2_PLEVEL_IN2SCNDRY_IN_cdc_to' to cell 'FDR' [c:/Users/hdway/Documents/vivado/TER/PmodENC_Linux/hw_with_enc/hw_with_enc.gen/sources_1/bd/system/ip/system_PetaENC_1_0/src/PetaENC_axi_gpio_0_0/hdl/lib_cdc_v1_0_rfs.vhd:736]
	Parameter INIT bound to: 1'b0 
INFO: [Synth 8-113] binding component instance 'CROSS2_PLEVEL_IN2SCNDRY_IN_cdc_to' to cell 'FDR' [c:/Users/hdway/Documents/vivado/TER/PmodENC_Linux/hw_with_enc/hw_with_enc.gen/sources_1/bd/system/ip/system_PetaENC_1_0/src/PetaENC_axi_gpio_0_0/hdl/lib_cdc_v1_0_rfs.vhd:736]
	Parameter INIT bound to: 1'b0 
INFO: [Synth 8-113] binding component instance 'CROSS2_PLEVEL_IN2SCNDRY_s_level_out_bus_d2' to cell 'FDR' [c:/Users/hdway/Documents/vivado/TER/PmodENC_Linux/hw_with_enc/hw_with_enc.gen/sources_1/bd/system/ip/system_PetaENC_1_0/src/PetaENC_axi_gpio_0_0/hdl/lib_cdc_v1_0_rfs.vhd:772]
	Parameter INIT bound to: 1'b0 
INFO: [Synth 8-113] binding component instance 'CROSS2_PLEVEL_IN2SCNDRY_s_level_out_bus_d2' to cell 'FDR' [c:/Users/hdway/Documents/vivado/TER/PmodENC_Linux/hw_with_enc/hw_with_enc.gen/sources_1/bd/system/ip/system_PetaENC_1_0/src/PetaENC_axi_gpio_0_0/hdl/lib_cdc_v1_0_rfs.vhd:772]
	Parameter INIT bound to: 1'b0 
INFO: [Synth 8-113] binding component instance 'CROSS2_PLEVEL_IN2SCNDRY_s_level_out_bus_d2' to cell 'FDR' [c:/Users/hdway/Documents/vivado/TER/PmodENC_Linux/hw_with_enc/hw_with_enc.gen/sources_1/bd/system/ip/system_PetaENC_1_0/src/PetaENC_axi_gpio_0_0/hdl/lib_cdc_v1_0_rfs.vhd:772]
	Parameter INIT bound to: 1'b0 
INFO: [Synth 8-113] binding component instance 'CROSS2_PLEVEL_IN2SCNDRY_s_level_out_bus_d2' to cell 'FDR' [c:/Users/hdway/Documents/vivado/TER/PmodENC_Linux/hw_with_enc/hw_with_enc.gen/sources_1/bd/system/ip/system_PetaENC_1_0/src/PetaENC_axi_gpio_0_0/hdl/lib_cdc_v1_0_rfs.vhd:772]
	Parameter INIT bound to: 1'b0 
INFO: [Synth 8-113] binding component instance 'CROSS2_PLEVEL_IN2SCNDRY_s_level_out_bus_d3' to cell 'FDR' [c:/Users/hdway/Documents/vivado/TER/PmodENC_Linux/hw_with_enc/hw_with_enc.gen/sources_1/bd/system/ip/system_PetaENC_1_0/src/PetaENC_axi_gpio_0_0/hdl/lib_cdc_v1_0_rfs.vhd:788]
	Parameter INIT bound to: 1'b0 
INFO: [Synth 8-113] binding component instance 'CROSS2_PLEVEL_IN2SCNDRY_s_level_out_bus_d3' to cell 'FDR' [c:/Users/hdway/Documents/vivado/TER/PmodENC_Linux/hw_with_enc/hw_with_enc.gen/sources_1/bd/system/ip/system_PetaENC_1_0/src/PetaENC_axi_gpio_0_0/hdl/lib_cdc_v1_0_rfs.vhd:788]
	Parameter INIT bound to: 1'b0 
INFO: [Synth 8-113] binding component instance 'CROSS2_PLEVEL_IN2SCNDRY_s_level_out_bus_d3' to cell 'FDR' [c:/Users/hdway/Documents/vivado/TER/PmodENC_Linux/hw_with_enc/hw_with_enc.gen/sources_1/bd/system/ip/system_PetaENC_1_0/src/PetaENC_axi_gpio_0_0/hdl/lib_cdc_v1_0_rfs.vhd:788]
	Parameter INIT bound to: 1'b0 
INFO: [Synth 8-113] binding component instance 'CROSS2_PLEVEL_IN2SCNDRY_s_level_out_bus_d3' to cell 'FDR' [c:/Users/hdway/Documents/vivado/TER/PmodENC_Linux/hw_with_enc/hw_with_enc.gen/sources_1/bd/system/ip/system_PetaENC_1_0/src/PetaENC_axi_gpio_0_0/hdl/lib_cdc_v1_0_rfs.vhd:788]
	Parameter INIT bound to: 1'b0 
INFO: [Synth 8-113] binding component instance 'CROSS2_PLEVEL_IN2SCNDRY_s_level_out_bus_d4' to cell 'FDR' [c:/Users/hdway/Documents/vivado/TER/PmodENC_Linux/hw_with_enc/hw_with_enc.gen/sources_1/bd/system/ip/system_PetaENC_1_0/src/PetaENC_axi_gpio_0_0/hdl/lib_cdc_v1_0_rfs.vhd:804]
	Parameter INIT bound to: 1'b0 
INFO: [Synth 8-113] binding component instance 'CROSS2_PLEVEL_IN2SCNDRY_s_level_out_bus_d4' to cell 'FDR' [c:/Users/hdway/Documents/vivado/TER/PmodENC_Linux/hw_with_enc/hw_with_enc.gen/sources_1/bd/system/ip/system_PetaENC_1_0/src/PetaENC_axi_gpio_0_0/hdl/lib_cdc_v1_0_rfs.vhd:804]
	Parameter INIT bound to: 1'b0 
INFO: [Synth 8-113] binding component instance 'CROSS2_PLEVEL_IN2SCNDRY_s_level_out_bus_d4' to cell 'FDR' [c:/Users/hdway/Documents/vivado/TER/PmodENC_Linux/hw_with_enc/hw_with_enc.gen/sources_1/bd/system/ip/system_PetaENC_1_0/src/PetaENC_axi_gpio_0_0/hdl/lib_cdc_v1_0_rfs.vhd:804]
	Parameter INIT bound to: 1'b0 
INFO: [Synth 8-113] binding component instance 'CROSS2_PLEVEL_IN2SCNDRY_s_level_out_bus_d4' to cell 'FDR' [c:/Users/hdway/Documents/vivado/TER/PmodENC_Linux/hw_with_enc/hw_with_enc.gen/sources_1/bd/system/ip/system_PetaENC_1_0/src/PetaENC_axi_gpio_0_0/hdl/lib_cdc_v1_0_rfs.vhd:804]
	Parameter INIT bound to: 1'b0 
INFO: [Synth 8-113] binding component instance 'CROSS2_PLEVEL_IN2SCNDRY_s_level_out_bus_d5' to cell 'FDR' [c:/Users/hdway/Documents/vivado/TER/PmodENC_Linux/hw_with_enc/hw_with_enc.gen/sources_1/bd/system/ip/system_PetaENC_1_0/src/PetaENC_axi_gpio_0_0/hdl/lib_cdc_v1_0_rfs.vhd:821]
	Parameter INIT bound to: 1'b0 
INFO: [Synth 8-113] binding component instance 'CROSS2_PLEVEL_IN2SCNDRY_s_level_out_bus_d5' to cell 'FDR' [c:/Users/hdway/Documents/vivado/TER/PmodENC_Linux/hw_with_enc/hw_with_enc.gen/sources_1/bd/system/ip/system_PetaENC_1_0/src/PetaENC_axi_gpio_0_0/hdl/lib_cdc_v1_0_rfs.vhd:821]
	Parameter INIT bound to: 1'b0 
INFO: [Synth 8-113] binding component instance 'CROSS2_PLEVEL_IN2SCNDRY_s_level_out_bus_d5' to cell 'FDR' [c:/Users/hdway/Documents/vivado/TER/PmodENC_Linux/hw_with_enc/hw_with_enc.gen/sources_1/bd/system/ip/system_PetaENC_1_0/src/PetaENC_axi_gpio_0_0/hdl/lib_cdc_v1_0_rfs.vhd:821]
	Parameter INIT bound to: 1'b0 
INFO: [Synth 8-113] binding component instance 'CROSS2_PLEVEL_IN2SCNDRY_s_level_out_bus_d5' to cell 'FDR' [c:/Users/hdway/Documents/vivado/TER/PmodENC_Linux/hw_with_enc/hw_with_enc.gen/sources_1/bd/system/ip/system_PetaENC_1_0/src/PetaENC_axi_gpio_0_0/hdl/lib_cdc_v1_0_rfs.vhd:821]
	Parameter INIT bound to: 1'b0 
INFO: [Synth 8-113] binding component instance 'CROSS2_PLEVEL_IN2SCNDRY_s_level_out_bus_d6' to cell 'FDR' [c:/Users/hdway/Documents/vivado/TER/PmodENC_Linux/hw_with_enc/hw_with_enc.gen/sources_1/bd/system/ip/system_PetaENC_1_0/src/PetaENC_axi_gpio_0_0/hdl/lib_cdc_v1_0_rfs.vhd:837]
	Parameter INIT bound to: 1'b0 
INFO: [Synth 8-113] binding component instance 'CROSS2_PLEVEL_IN2SCNDRY_s_level_out_bus_d6' to cell 'FDR' [c:/Users/hdway/Documents/vivado/TER/PmodENC_Linux/hw_with_enc/hw_with_enc.gen/sources_1/bd/system/ip/system_PetaENC_1_0/src/PetaENC_axi_gpio_0_0/hdl/lib_cdc_v1_0_rfs.vhd:837]
	Parameter INIT bound to: 1'b0 
INFO: [Synth 8-113] binding component instance 'CROSS2_PLEVEL_IN2SCNDRY_s_level_out_bus_d6' to cell 'FDR' [c:/Users/hdway/Documents/vivado/TER/PmodENC_Linux/hw_with_enc/hw_with_enc.gen/sources_1/bd/system/ip/system_PetaENC_1_0/src/PetaENC_axi_gpio_0_0/hdl/lib_cdc_v1_0_rfs.vhd:837]
	Parameter INIT bound to: 1'b0 
INFO: [Synth 8-113] binding component instance 'CROSS2_PLEVEL_IN2SCNDRY_s_level_out_bus_d6' to cell 'FDR' [c:/Users/hdway/Documents/vivado/TER/PmodENC_Linux/hw_with_enc/hw_with_enc.gen/sources_1/bd/system/ip/system_PetaENC_1_0/src/PetaENC_axi_gpio_0_0/hdl/lib_cdc_v1_0_rfs.vhd:837]
INFO: [Synth 8-256] done synthesizing module 'cdc_sync' (0#1) [c:/Users/hdway/Documents/vivado/TER/PmodENC_Linux/hw_with_enc/hw_with_enc.gen/sources_1/bd/system/ip/system_PetaENC_1_0/src/PetaENC_axi_gpio_0_0/hdl/lib_cdc_v1_0_rfs.vhd:106]
INFO: [Synth 8-256] done synthesizing module 'GPIO_Core' (0#1) [c:/Users/hdway/Documents/vivado/TER/PmodENC_Linux/hw_with_enc/hw_with_enc.gen/sources_1/bd/system/ip/system_PetaENC_1_0/src/PetaENC_axi_gpio_0_0/hdl/axi_gpio_v2_0_vh_rfs.vhd:181]
INFO: [Synth 8-256] done synthesizing module 'axi_gpio' (0#1) [c:/Users/hdway/Documents/vivado/TER/PmodENC_Linux/hw_with_enc/hw_with_enc.gen/sources_1/bd/system/ip/system_PetaENC_1_0/src/PetaENC_axi_gpio_0_0/hdl/axi_gpio_v2_0_vh_rfs.vhd:1356]
INFO: [Synth 8-256] done synthesizing module 'PetaENC_axi_gpio_0_0' (0#1) [c:/Users/hdway/Documents/vivado/TER/PmodENC_Linux/hw_with_enc/hw_with_enc.gen/sources_1/bd/system/ip/system_PetaENC_1_0/src/PetaENC_axi_gpio_0_0/synth/PetaENC_axi_gpio_0_0.vhd:85]
INFO: [Synth 8-3491] module 'PetaENC_pmod_bridge_0_1' declared at 'c:/Users/hdway/Documents/vivado/TER/PmodENC_Linux/hw_with_enc/hw_with_enc.gen/sources_1/bd/system/ip/system_PetaENC_1_0/src/PetaENC_pmod_bridge_0_1/synth/PetaENC_pmod_bridge_0_1.v:53' bound to instance 'pmod_bridge_0' of component 'PetaENC_pmod_bridge_0_1' [c:/Users/hdway/Documents/vivado/TER/PmodENC_Linux/hw_with_enc/hw_with_enc.gen/sources_1/bd/system/ipshared/38bc/src/PetaENC.vhd:309]
INFO: [Synth 8-6157] synthesizing module 'PetaENC_pmod_bridge_0_1' [c:/Users/hdway/Documents/vivado/TER/PmodENC_Linux/hw_with_enc/hw_with_enc.gen/sources_1/bd/system/ip/system_PetaENC_1_0/src/PetaENC_pmod_bridge_0_1/synth/PetaENC_pmod_bridge_0_1.v:53]
INFO: [Synth 8-6157] synthesizing module 'pmod_concat' [c:/Users/hdway/Documents/vivado/TER/PmodENC_Linux/hw_with_enc/hw_with_enc.gen/sources_1/bd/system/ip/system_PetaENC_1_0/src/PetaENC_pmod_bridge_0_1/src/pmod_concat.v:12]
INFO: [Synth 8-6155] done synthesizing module 'pmod_concat' (0#1) [c:/Users/hdway/Documents/vivado/TER/PmodENC_Linux/hw_with_enc/hw_with_enc.gen/sources_1/bd/system/ip/system_PetaENC_1_0/src/PetaENC_pmod_bridge_0_1/src/pmod_concat.v:12]
INFO: [Synth 8-6155] done synthesizing module 'PetaENC_pmod_bridge_0_1' (0#1) [c:/Users/hdway/Documents/vivado/TER/PmodENC_Linux/hw_with_enc/hw_with_enc.gen/sources_1/bd/system/ip/system_PetaENC_1_0/src/PetaENC_pmod_bridge_0_1/synth/PetaENC_pmod_bridge_0_1.v:53]
INFO: [Synth 8-3491] module 'PetaENC_xlconstant_0_0' declared at 'c:/Users/hdway/Documents/vivado/TER/PmodENC_Linux/hw_with_enc/hw_with_enc.gen/sources_1/bd/system/ip/system_PetaENC_1_0/src/PetaENC_xlconstant_0_0/synth/PetaENC_xlconstant_0_0.v:53' bound to instance 'xlconstant_0' of component 'PetaENC_xlconstant_0_0' [c:/Users/hdway/Documents/vivado/TER/PmodENC_Linux/hw_with_enc/hw_with_enc.gen/sources_1/bd/system/ipshared/38bc/src/PetaENC.vhd:339]
INFO: [Synth 8-6157] synthesizing module 'PetaENC_xlconstant_0_0' [c:/Users/hdway/Documents/vivado/TER/PmodENC_Linux/hw_with_enc/hw_with_enc.gen/sources_1/bd/system/ip/system_PetaENC_1_0/src/PetaENC_xlconstant_0_0/synth/PetaENC_xlconstant_0_0.v:53]
INFO: [Synth 8-6157] synthesizing module 'xlconstant_v1_1_8_xlconstant' [c:/Users/hdway/Documents/vivado/TER/PmodENC_Linux/hw_with_enc/hw_with_enc.gen/sources_1/bd/system/ip/system_PetaENC_1_0/src/PetaENC_xlconstant_0_0/hdl/xlconstant_v1_1_vl_rfs.v:68]
INFO: [Synth 8-6155] done synthesizing module 'xlconstant_v1_1_8_xlconstant' (0#1) [c:/Users/hdway/Documents/vivado/TER/PmodENC_Linux/hw_with_enc/hw_with_enc.gen/sources_1/bd/system/ip/system_PetaENC_1_0/src/PetaENC_xlconstant_0_0/hdl/xlconstant_v1_1_vl_rfs.v:68]
INFO: [Synth 8-6155] done synthesizing module 'PetaENC_xlconstant_0_0' (0#1) [c:/Users/hdway/Documents/vivado/TER/PmodENC_Linux/hw_with_enc/hw_with_enc.gen/sources_1/bd/system/ip/system_PetaENC_1_0/src/PetaENC_xlconstant_0_0/synth/PetaENC_xlconstant_0_0.v:53]
INFO: [Synth 8-256] done synthesizing module 'PetaENC' (0#1) [c:/Users/hdway/Documents/vivado/TER/PmodENC_Linux/hw_with_enc/hw_with_enc.gen/sources_1/bd/system/ipshared/38bc/src/PetaENC.vhd:68]
INFO: [Synth 8-256] done synthesizing module 'system_PetaENC_1_0' (0#1) [c:/Users/hdway/Documents/vivado/TER/PmodENC_Linux/hw_with_enc/hw_with_enc.gen/sources_1/bd/system/ip/system_PetaENC_1_0/synth/system_PetaENC_1_0.vhd:105]
WARNING: [Synth 8-6014] Unused sequential element Not_Dual.ALLIN1_ND.READ_REG_GEN[0].GPIO_DBus_i_reg was removed.  [c:/Users/hdway/Documents/vivado/TER/PmodENC_Linux/hw_with_enc/hw_with_enc.gen/sources_1/bd/system/ip/system_PetaENC_1_0/src/PetaENC_axi_gpio_0_0/hdl/axi_gpio_v2_0_vh_rfs.vhd:354]
WARNING: [Synth 8-6014] Unused sequential element Not_Dual.ALLIN1_ND.READ_REG_GEN[1].GPIO_DBus_i_reg was removed.  [c:/Users/hdway/Documents/vivado/TER/PmodENC_Linux/hw_with_enc/hw_with_enc.gen/sources_1/bd/system/ip/system_PetaENC_1_0/src/PetaENC_axi_gpio_0_0/hdl/axi_gpio_v2_0_vh_rfs.vhd:354]
WARNING: [Synth 8-6014] Unused sequential element Not_Dual.ALLIN1_ND.READ_REG_GEN[2].GPIO_DBus_i_reg was removed.  [c:/Users/hdway/Documents/vivado/TER/PmodENC_Linux/hw_with_enc/hw_with_enc.gen/sources_1/bd/system/ip/system_PetaENC_1_0/src/PetaENC_axi_gpio_0_0/hdl/axi_gpio_v2_0_vh_rfs.vhd:354]
WARNING: [Synth 8-6014] Unused sequential element Not_Dual.ALLIN1_ND.READ_REG_GEN[3].GPIO_DBus_i_reg was removed.  [c:/Users/hdway/Documents/vivado/TER/PmodENC_Linux/hw_with_enc/hw_with_enc.gen/sources_1/bd/system/ip/system_PetaENC_1_0/src/PetaENC_axi_gpio_0_0/hdl/axi_gpio_v2_0_vh_rfs.vhd:354]
WARNING: [Synth 8-3848] Net in_top_uart_gpio_bus_I in module/entity pmod_concat does not have driver. [c:/Users/hdway/Documents/vivado/TER/PmodENC_Linux/hw_with_enc/hw_with_enc.gen/sources_1/bd/system/ip/system_PetaENC_1_0/src/PetaENC_pmod_bridge_0_1/src/pmod_concat.v:87]
WARNING: [Synth 8-3848] Net in_top_i2c_gpio_bus_I in module/entity pmod_concat does not have driver. [c:/Users/hdway/Documents/vivado/TER/PmodENC_Linux/hw_with_enc/hw_with_enc.gen/sources_1/bd/system/ip/system_PetaENC_1_0/src/PetaENC_pmod_bridge_0_1/src/pmod_concat.v:90]
WARNING: [Synth 8-3848] Net in_bottom_bus_I in module/entity pmod_concat does not have driver. [c:/Users/hdway/Documents/vivado/TER/PmodENC_Linux/hw_with_enc/hw_with_enc.gen/sources_1/bd/system/ip/system_PetaENC_1_0/src/PetaENC_pmod_bridge_0_1/src/pmod_concat.v:94]
WARNING: [Synth 8-3848] Net in_bottom_uart_gpio_bus_I in module/entity pmod_concat does not have driver. [c:/Users/hdway/Documents/vivado/TER/PmodENC_Linux/hw_with_enc/hw_with_enc.gen/sources_1/bd/system/ip/system_PetaENC_1_0/src/PetaENC_pmod_bridge_0_1/src/pmod_concat.v:97]
WARNING: [Synth 8-3848] Net in_bottom_i2c_gpio_bus_I in module/entity pmod_concat does not have driver. [c:/Users/hdway/Documents/vivado/TER/PmodENC_Linux/hw_with_enc/hw_with_enc.gen/sources_1/bd/system/ip/system_PetaENC_1_0/src/PetaENC_pmod_bridge_0_1/src/pmod_concat.v:100]
WARNING: [Synth 8-3848] Net in0_I in module/entity pmod_concat does not have driver. [c:/Users/hdway/Documents/vivado/TER/PmodENC_Linux/hw_with_enc/hw_with_enc.gen/sources_1/bd/system/ip/system_PetaENC_1_0/src/PetaENC_pmod_bridge_0_1/src/pmod_concat.v:104]
WARNING: [Synth 8-3848] Net in1_I in module/entity pmod_concat does not have driver. [c:/Users/hdway/Documents/vivado/TER/PmodENC_Linux/hw_with_enc/hw_with_enc.gen/sources_1/bd/system/ip/system_PetaENC_1_0/src/PetaENC_pmod_bridge_0_1/src/pmod_concat.v:105]
WARNING: [Synth 8-3848] Net in2_I in module/entity pmod_concat does not have driver. [c:/Users/hdway/Documents/vivado/TER/PmodENC_Linux/hw_with_enc/hw_with_enc.gen/sources_1/bd/system/ip/system_PetaENC_1_0/src/PetaENC_pmod_bridge_0_1/src/pmod_concat.v:106]
WARNING: [Synth 8-3848] Net in3_I in module/entity pmod_concat does not have driver. [c:/Users/hdway/Documents/vivado/TER/PmodENC_Linux/hw_with_enc/hw_with_enc.gen/sources_1/bd/system/ip/system_PetaENC_1_0/src/PetaENC_pmod_bridge_0_1/src/pmod_concat.v:107]
WARNING: [Synth 8-7129] Port in_top_uart_gpio_bus_I[1] in module pmod_concat is either unconnected or has no load
WARNING: [Synth 8-7129] Port in_top_uart_gpio_bus_I[0] in module pmod_concat is either unconnected or has no load
WARNING: [Synth 8-7129] Port in_top_i2c_gpio_bus_I[1] in module pmod_concat is either unconnected or has no load
WARNING: [Synth 8-7129] Port in_top_i2c_gpio_bus_I[0] in module pmod_concat is either unconnected or has no load
WARNING: [Synth 8-7129] Port in_bottom_bus_I[3] in module pmod_concat is either unconnected or has no load
WARNING: [Synth 8-7129] Port in_bottom_bus_I[2] in module pmod_concat is either unconnected or has no load
WARNING: [Synth 8-7129] Port in_bottom_bus_I[1] in module pmod_concat is either unconnected or has no load
WARNING: [Synth 8-7129] Port in_bottom_bus_I[0] in module pmod_concat is either unconnected or has no load
WARNING: [Synth 8-7129] Port in_bottom_uart_gpio_bus_I[1] in module pmod_concat is either unconnected or has no load
WARNING: [Synth 8-7129] Port in_bottom_uart_gpio_bus_I[0] in module pmod_concat is either unconnected or has no load
WARNING: [Synth 8-7129] Port in_bottom_i2c_gpio_bus_I[1] in module pmod_concat is either unconnected or has no load
WARNING: [Synth 8-7129] Port in_bottom_i2c_gpio_bus_I[0] in module pmod_concat is either unconnected or has no load
WARNING: [Synth 8-7129] Port in0_I in module pmod_concat is either unconnected or has no load
WARNING: [Synth 8-7129] Port in1_I in module pmod_concat is either unconnected or has no load
WARNING: [Synth 8-7129] Port in2_I in module pmod_concat is either unconnected or has no load
WARNING: [Synth 8-7129] Port in3_I in module pmod_concat is either unconnected or has no load
WARNING: [Synth 8-7129] Port in_top_uart_gpio_bus_O[1] in module pmod_concat is either unconnected or has no load
WARNING: [Synth 8-7129] Port in_top_uart_gpio_bus_O[0] in module pmod_concat is either unconnected or has no load
WARNING: [Synth 8-7129] Port in_top_uart_gpio_bus_T[1] in module pmod_concat is either unconnected or has no load
WARNING: [Synth 8-7129] Port in_top_uart_gpio_bus_T[0] in module pmod_concat is either unconnected or has no load
WARNING: [Synth 8-7129] Port in_top_i2c_gpio_bus_O[1] in module pmod_concat is either unconnected or has no load
WARNING: [Synth 8-7129] Port in_top_i2c_gpio_bus_O[0] in module pmod_concat is either unconnected or has no load
WARNING: [Synth 8-7129] Port in_top_i2c_gpio_bus_T[1] in module pmod_concat is either unconnected or has no load
WARNING: [Synth 8-7129] Port in_top_i2c_gpio_bus_T[0] in module pmod_concat is either unconnected or has no load
WARNING: [Synth 8-7129] Port in_bottom_bus_O[3] in module pmod_concat is either unconnected or has no load
WARNING: [Synth 8-7129] Port in_bottom_bus_O[2] in module pmod_concat is either unconnected or has no load
WARNING: [Synth 8-7129] Port in_bottom_bus_O[1] in module pmod_concat is either unconnected or has no load
WARNING: [Synth 8-7129] Port in_bottom_bus_O[0] in module pmod_concat is either unconnected or has no load
WARNING: [Synth 8-7129] Port in_bottom_bus_T[3] in module pmod_concat is either unconnected or has no load
WARNING: [Synth 8-7129] Port in_bottom_bus_T[2] in module pmod_concat is either unconnected or has no load
WARNING: [Synth 8-7129] Port in_bottom_bus_T[1] in module pmod_concat is either unconnected or has no load
WARNING: [Synth 8-7129] Port in_bottom_bus_T[0] in module pmod_concat is either unconnected or has no load
WARNING: [Synth 8-7129] Port in_bottom_uart_gpio_bus_O[1] in module pmod_concat is either unconnected or has no load
WARNING: [Synth 8-7129] Port in_bottom_uart_gpio_bus_O[0] in module pmod_concat is either unconnected or has no load
WARNING: [Synth 8-7129] Port in_bottom_uart_gpio_bus_T[1] in module pmod_concat is either unconnected or has no load
WARNING: [Synth 8-7129] Port in_bottom_uart_gpio_bus_T[0] in module pmod_concat is either unconnected or has no load
WARNING: [Synth 8-7129] Port in_bottom_i2c_gpio_bus_O[1] in module pmod_concat is either unconnected or has no load
WARNING: [Synth 8-7129] Port in_bottom_i2c_gpio_bus_O[0] in module pmod_concat is either unconnected or has no load
WARNING: [Synth 8-7129] Port in_bottom_i2c_gpio_bus_T[1] in module pmod_concat is either unconnected or has no load
WARNING: [Synth 8-7129] Port in_bottom_i2c_gpio_bus_T[0] in module pmod_concat is either unconnected or has no load
WARNING: [Synth 8-7129] Port in0_O in module pmod_concat is either unconnected or has no load
WARNING: [Synth 8-7129] Port in1_O in module pmod_concat is either unconnected or has no load
WARNING: [Synth 8-7129] Port in2_O in module pmod_concat is either unconnected or has no load
WARNING: [Synth 8-7129] Port in3_O in module pmod_concat is either unconnected or has no load
WARNING: [Synth 8-7129] Port in0_T in module pmod_concat is either unconnected or has no load
WARNING: [Synth 8-7129] Port in1_T in module pmod_concat is either unconnected or has no load
WARNING: [Synth 8-7129] Port in2_T in module pmod_concat is either unconnected or has no load
WARNING: [Synth 8-7129] Port in3_T in module pmod_concat is either unconnected or has no load
WARNING: [Synth 8-7129] Port prmry_aclk in module cdc_sync is either unconnected or has no load
WARNING: [Synth 8-7129] Port prmry_resetn in module cdc_sync is either unconnected or has no load
WARNING: [Synth 8-7129] Port prmry_in in module cdc_sync is either unconnected or has no load
WARNING: [Synth 8-7129] Port scndry_resetn in module cdc_sync is either unconnected or has no load
WARNING: [Synth 8-7129] Port ABus_Reg[1] in module GPIO_Core is either unconnected or has no load
WARNING: [Synth 8-7129] Port ABus_Reg[2] in module GPIO_Core is either unconnected or has no load
WARNING: [Synth 8-7129] Port ABus_Reg[3] in module GPIO_Core is either unconnected or has no load
WARNING: [Synth 8-7129] Port ABus_Reg[4] in module GPIO_Core is either unconnected or has no load
WARNING: [Synth 8-7129] Port ABus_Reg[7] in module GPIO_Core is either unconnected or has no load
WARNING: [Synth 8-7129] Port ABus_Reg[8] in module GPIO_Core is either unconnected or has no load
WARNING: [Synth 8-7129] Port BE_Reg[0] in module GPIO_Core is either unconnected or has no load
WARNING: [Synth 8-7129] Port BE_Reg[1] in module GPIO_Core is either unconnected or has no load
WARNING: [Synth 8-7129] Port BE_Reg[2] in module GPIO_Core is either unconnected or has no load
WARNING: [Synth 8-7129] Port BE_Reg[3] in module GPIO_Core is either unconnected or has no load
WARNING: [Synth 8-7129] Port GPIO2_IO_I[0] in module GPIO_Core is either unconnected or has no load
WARNING: [Synth 8-7129] Port GPIO2_IO_I[1] in module GPIO_Core is either unconnected or has no load
WARNING: [Synth 8-7129] Port GPIO2_IO_I[2] in module GPIO_Core is either unconnected or has no load
WARNING: [Synth 8-7129] Port GPIO2_IO_I[3] in module GPIO_Core is either unconnected or has no load
WARNING: [Synth 8-7129] Port GPIO2_IO_I[4] in module GPIO_Core is either unconnected or has no load
WARNING: [Synth 8-7129] Port GPIO2_IO_I[5] in module GPIO_Core is either unconnected or has no load
WARNING: [Synth 8-7129] Port GPIO2_IO_I[6] in module GPIO_Core is either unconnected or has no load
WARNING: [Synth 8-7129] Port GPIO2_IO_I[7] in module GPIO_Core is either unconnected or has no load
WARNING: [Synth 8-7129] Port GPIO2_IO_I[8] in module GPIO_Core is either unconnected or has no load
WARNING: [Synth 8-7129] Port GPIO2_IO_I[9] in module GPIO_Core is either unconnected or has no load
WARNING: [Synth 8-7129] Port GPIO2_IO_I[10] in module GPIO_Core is either unconnected or has no load
WARNING: [Synth 8-7129] Port GPIO2_IO_I[11] in module GPIO_Core is either unconnected or has no load
WARNING: [Synth 8-7129] Port GPIO2_IO_I[12] in module GPIO_Core is either unconnected or has no load
WARNING: [Synth 8-7129] Port GPIO2_IO_I[13] in module GPIO_Core is either unconnected or has no load
WARNING: [Synth 8-7129] Port GPIO2_IO_I[14] in module GPIO_Core is either unconnected or has no load
WARNING: [Synth 8-7129] Port GPIO2_IO_I[15] in module GPIO_Core is either unconnected or has no load
WARNING: [Synth 8-7129] Port GPIO2_IO_I[16] in module GPIO_Core is either unconnected or has no load
WARNING: [Synth 8-7129] Port GPIO2_IO_I[17] in module GPIO_Core is either unconnected or has no load
WARNING: [Synth 8-7129] Port GPIO2_IO_I[18] in module GPIO_Core is either unconnected or has no load
WARNING: [Synth 8-7129] Port GPIO2_IO_I[19] in module GPIO_Core is either unconnected or has no load
WARNING: [Synth 8-7129] Port GPIO2_IO_I[20] in module GPIO_Core is either unconnected or has no load
WARNING: [Synth 8-7129] Port GPIO2_IO_I[21] in module GPIO_Core is either unconnected or has no load
WARNING: [Synth 8-7129] Port GPIO2_IO_I[22] in module GPIO_Core is either unconnected or has no load
WARNING: [Synth 8-7129] Port GPIO2_IO_I[23] in module GPIO_Core is either unconnected or has no load
WARNING: [Synth 8-7129] Port GPIO2_IO_I[24] in module GPIO_Core is either unconnected or has no load
WARNING: [Synth 8-7129] Port GPIO2_IO_I[25] in module GPIO_Core is either unconnected or has no load
WARNING: [Synth 8-7129] Port GPIO2_IO_I[26] in module GPIO_Core is either unconnected or has no load
WARNING: [Synth 8-7129] Port GPIO2_IO_I[27] in module GPIO_Core is either unconnected or has no load
WARNING: [Synth 8-7129] Port GPIO2_IO_I[28] in module GPIO_Core is either unconnected or has no load
WARNING: [Synth 8-7129] Port GPIO2_IO_I[29] in module GPIO_Core is either unconnected or has no load
WARNING: [Synth 8-7129] Port GPIO2_IO_I[30] in module GPIO_Core is either unconnected or has no load
WARNING: [Synth 8-7129] Port GPIO2_IO_I[31] in module GPIO_Core is either unconnected or has no load
WARNING: [Synth 8-7129] Port bus2ip_data[1] in module interrupt_control is either unconnected or has no load
WARNING: [Synth 8-7129] Port bus2ip_data[2] in module interrupt_control is either unconnected or has no load
WARNING: [Synth 8-7129] Port bus2ip_data[3] in module interrupt_control is either unconnected or has no load
WARNING: [Synth 8-7129] Port bus2ip_data[4] in module interrupt_control is either unconnected or has no load
WARNING: [Synth 8-7129] Port bus2ip_data[5] in module interrupt_control is either unconnected or has no load
WARNING: [Synth 8-7129] Port bus2ip_data[6] in module interrupt_control is either unconnected or has no load
INFO: [Common 17-14] Message 'Synth 8-7129' appears 100 times and further instances of the messages will be disabled. Use the Tcl command set_msg_config to change the current settings.
---------------------------------------------------------------------------------
Finished RTL Elaboration : Time (s): cpu = 00:00:23 ; elapsed = 00:00:31 . Memory (MB): peak = 1493.738 ; gain = 562.672
---------------------------------------------------------------------------------
---------------------------------------------------------------------------------
Start Handling Custom Attributes
---------------------------------------------------------------------------------
---------------------------------------------------------------------------------
Finished Handling Custom Attributes : Time (s): cpu = 00:00:24 ; elapsed = 00:00:31 . Memory (MB): peak = 1493.738 ; gain = 562.672
---------------------------------------------------------------------------------
---------------------------------------------------------------------------------
Finished RTL Optimization Phase 1 : Time (s): cpu = 00:00:24 ; elapsed = 00:00:31 . Memory (MB): peak = 1493.738 ; gain = 562.672
---------------------------------------------------------------------------------
Netlist sorting complete. Time (s): cpu = 00:00:00 ; elapsed = 00:00:00.062 . Memory (MB): peak = 1493.738 ; gain = 0.000
INFO: [Netlist 29-17] Analyzing 24 Unisim elements for replacement
INFO: [Netlist 29-28] Unisim Transformation completed in 0 CPU seconds
INFO: [Project 1-570] Preparing netlist for logic optimization

Processing XDC Constraints
Initializing timing engine
Parsing XDC File [c:/Users/hdway/Documents/vivado/TER/PmodENC_Linux/hw_with_enc/hw_with_enc.gen/sources_1/bd/system/ip/system_PetaENC_1_0/src/PetaENC_ooc.xdc] for cell 'U0'
Finished Parsing XDC File [c:/Users/hdway/Documents/vivado/TER/PmodENC_Linux/hw_with_enc/hw_with_enc.gen/sources_1/bd/system/ip/system_PetaENC_1_0/src/PetaENC_ooc.xdc] for cell 'U0'
Parsing XDC File [c:/Users/hdway/Documents/vivado/TER/PmodENC_Linux/hw_with_enc/hw_with_enc.gen/sources_1/bd/system/ip/system_PetaENC_1_0/src/PetaENC_pmod_bridge_0_1/PetaENC_pmod_bridge_0_1_board.xdc] for cell 'U0/pmod_bridge_0/inst'
Finished Parsing XDC File [c:/Users/hdway/Documents/vivado/TER/PmodENC_Linux/hw_with_enc/hw_with_enc.gen/sources_1/bd/system/ip/system_PetaENC_1_0/src/PetaENC_pmod_bridge_0_1/PetaENC_pmod_bridge_0_1_board.xdc] for cell 'U0/pmod_bridge_0/inst'
Parsing XDC File [c:/Users/hdway/Documents/vivado/TER/PmodENC_Linux/hw_with_enc/hw_with_enc.gen/sources_1/bd/system/ip/system_PetaENC_1_0/src/PetaENC_axi_gpio_0_0/PetaENC_axi_gpio_0_0_board.xdc] for cell 'U0/axi_gpio_0/U0'
Finished Parsing XDC File [c:/Users/hdway/Documents/vivado/TER/PmodENC_Linux/hw_with_enc/hw_with_enc.gen/sources_1/bd/system/ip/system_PetaENC_1_0/src/PetaENC_axi_gpio_0_0/PetaENC_axi_gpio_0_0_board.xdc] for cell 'U0/axi_gpio_0/U0'
Parsing XDC File [c:/Users/hdway/Documents/vivado/TER/PmodENC_Linux/hw_with_enc/hw_with_enc.gen/sources_1/bd/system/ip/system_PetaENC_1_0/src/PetaENC_axi_gpio_0_0/PetaENC_axi_gpio_0_0.xdc] for cell 'U0/axi_gpio_0/U0'
Finished Parsing XDC File [c:/Users/hdway/Documents/vivado/TER/PmodENC_Linux/hw_with_enc/hw_with_enc.gen/sources_1/bd/system/ip/system_PetaENC_1_0/src/PetaENC_axi_gpio_0_0/PetaENC_axi_gpio_0_0.xdc] for cell 'U0/axi_gpio_0/U0'
Parsing XDC File [C:/Users/hdway/Documents/vivado/TER/PmodENC_Linux/hw_with_enc/hw_with_enc.runs/system_PetaENC_1_0_synth_1/dont_touch.xdc]
Finished Parsing XDC File [C:/Users/hdway/Documents/vivado/TER/PmodENC_Linux/hw_with_enc/hw_with_enc.runs/system_PetaENC_1_0_synth_1/dont_touch.xdc]
INFO: [Project 1-236] Implementation specific constraints were found while reading constraint file [C:/Users/hdway/Documents/vivado/TER/PmodENC_Linux/hw_with_enc/hw_with_enc.runs/system_PetaENC_1_0_synth_1/dont_touch.xdc]. These constraints will be ignored for synthesis but will be used in implementation. Impacted constraints are listed in the file [.Xil/system_PetaENC_1_0_propImpl.xdc].
Resolution: To avoid this warning, move constraints listed in [.Xil/system_PetaENC_1_0_propImpl.xdc] to another XDC file and exclude this new file from synthesis with the used_in_synthesis property (File Properties dialog in GUI) and re-run elaboration/synthesis.
Completed Processing XDC Constraints

Netlist sorting complete. Time (s): cpu = 00:00:00 ; elapsed = 00:00:00.001 . Memory (MB): peak = 1532.871 ; gain = 0.000
INFO: [Project 1-111] Unisim Transformation Summary:
  A total of 24 instances were transformed.
  FDR => FDRE: 24 instances

Le chemin d'accŠs sp‚cifi‚ est introuvable.
Constraint Validation Runtime : Time (s): cpu = 00:00:00 ; elapsed = 00:00:00.101 . Memory (MB): peak = 1535.203 ; gain = 2.332
INFO: [Designutils 20-5008] Incremental synthesis strategy off
---------------------------------------------------------------------------------
Finished Constraint Validation : Time (s): cpu = 00:00:49 ; elapsed = 00:01:05 . Memory (MB): peak = 1535.203 ; gain = 604.137
---------------------------------------------------------------------------------
---------------------------------------------------------------------------------
Start Loading Part and Timing Information
---------------------------------------------------------------------------------
Loading part: xc7z020clg400-1
---------------------------------------------------------------------------------
Finished Loading Part and Timing Information : Time (s): cpu = 00:00:49 ; elapsed = 00:01:05 . Memory (MB): peak = 1535.203 ; gain = 604.137
---------------------------------------------------------------------------------
---------------------------------------------------------------------------------
Start Applying 'set_property' XDC Constraints
---------------------------------------------------------------------------------
Applied set_property KEEP_HIERARCHY = SOFT for U0/axi_gpio_0/U0. (constraint file  C:/Users/hdway/Documents/vivado/TER/PmodENC_Linux/hw_with_enc/hw_with_enc.runs/system_PetaENC_1_0_synth_1/dont_touch.xdc, line 17).
Applied set_property KEEP_HIERARCHY = SOFT for U0. (constraint file  C:/Users/hdway/Documents/vivado/TER/PmodENC_Linux/hw_with_enc/hw_with_enc.runs/system_PetaENC_1_0_synth_1/dont_touch.xdc, line 26).
Applied set_property KEEP_HIERARCHY = SOFT for U0/pmod_bridge_0/inst. (constraint file  C:/Users/hdway/Documents/vivado/TER/PmodENC_Linux/hw_with_enc/hw_with_enc.runs/system_PetaENC_1_0_synth_1/dont_touch.xdc, line 29).
Applied set_property KEEP_HIERARCHY = SOFT for U0/pmod_bridge_0. (constraint file  auto generated constraint).
Applied set_property KEEP_HIERARCHY = SOFT for U0/xlconstant_0. (constraint file  auto generated constraint).
Applied set_property KEEP_HIERARCHY = SOFT for U0/axi_gpio_0. (constraint file  auto generated constraint).
---------------------------------------------------------------------------------
Finished applying 'set_property' XDC Constraints : Time (s): cpu = 00:00:49 ; elapsed = 00:01:05 . Memory (MB): peak = 1535.203 ; gain = 604.137
---------------------------------------------------------------------------------
INFO: [Synth 8-802] inferred FSM for state register 'curState_reg' in module 'Encoder'
INFO: [Synth 8-802] inferred FSM for state register 'state_reg' in module 'slave_attachment'
---------------------------------------------------------------------------------------------------
                   State |                     New Encoding |                Previous Encoding 
---------------------------------------------------------------------------------------------------
                    idle |                             0000 |                             0000
                      r1 |                             0001 |                             0001
                      r2 |                             0010 |                             0010
                      r3 |                             0011 |                             0011
                     add |                             0100 |                             0111
                      l1 |                             0101 |                             0100
                      l2 |                             0110 |                             0101
                      l3 |                             0111 |                             0110
                     sub |                             1000 |                             1000
---------------------------------------------------------------------------------------------------
INFO: [Synth 8-3354] encoded FSM with state register 'curState_reg' using encoding 'sequential' in module 'Encoder'
---------------------------------------------------------------------------------------------------
                   State |                     New Encoding |                Previous Encoding 
---------------------------------------------------------------------------------------------------
                 iSTATE2 |                             0001 |                               00
                  iSTATE |                             0010 |                               01
                 iSTATE0 |                             0100 |                               10
                 iSTATE1 |                             1000 |                               11
---------------------------------------------------------------------------------------------------
INFO: [Synth 8-3354] encoded FSM with state register 'state_reg' using encoding 'one-hot' in module 'slave_attachment'
---------------------------------------------------------------------------------
Finished RTL Optimization Phase 2 : Time (s): cpu = 00:00:51 ; elapsed = 00:01:09 . Memory (MB): peak = 1535.203 ; gain = 604.137
---------------------------------------------------------------------------------
---------------------------------------------------------------------------------
Start RTL Component Statistics 
---------------------------------------------------------------------------------
Detailed RTL Component Info : 
+---Adders : 
	   2 Input    7 Bit       Adders := 1     
	   2 Input    4 Bit       Adders := 2     
+---XORs : 
	   2 Input      4 Bit         XORs := 1     
	   2 Input      1 Bit         XORs := 1     
+---Registers : 
	               32 Bit    Registers := 2     
	                9 Bit    Registers := 1     
	                7 Bit    Registers := 1     
	                4 Bit    Registers := 6     
	                2 Bit    Registers := 3     
	                1 Bit    Registers := 54    
+---Muxes : 
	   2 Input   32 Bit        Muxes := 4     
	   5 Input   32 Bit        Muxes := 1     
	   2 Input    9 Bit        Muxes := 1     
	   3 Input    4 Bit        Muxes := 1     
	   9 Input    4 Bit        Muxes := 3     
	   2 Input    4 Bit        Muxes := 21    
	   4 Input    4 Bit        Muxes := 1     
	   3 Input    3 Bit        Muxes := 4     
	   3 Input    2 Bit        Muxes := 3     
	   2 Input    2 Bit        Muxes := 4     
	   4 Input    2 Bit        Muxes := 1     
	   2 Input    1 Bit        Muxes := 33    
	   3 Input    1 Bit        Muxes := 1     
	   4 Input    1 Bit        Muxes := 3     
---------------------------------------------------------------------------------
Finished RTL Component Statistics 
---------------------------------------------------------------------------------
---------------------------------------------------------------------------------
Start Part Resource Summary
---------------------------------------------------------------------------------
Part Resources:
DSPs: 220 (col length:60)
BRAMs: 280 (col length: RAMB18 60 RAMB36 30)
---------------------------------------------------------------------------------
Finished Part Resource Summary
---------------------------------------------------------------------------------
---------------------------------------------------------------------------------
Start Cross Boundary and Area Optimization
---------------------------------------------------------------------------------
WARNING: [Synth 8-7080] Parallel synthesis criteria is not met
INFO: [Synth 8-3332] Sequential element (gpio_core_1/Not_Dual.INPUT_DOUBLE_REGS3/GENERATE_LEVEL_P_S_CDC.MULTI_BIT.FOR_CROSS_PLEVEL_IN2SCNDRY_bus_d5[0].CROSS2_PLEVEL_IN2SCNDRY_s_level_out_bus_d5) is unused and will be removed from module axi_gpio.
INFO: [Synth 8-3332] Sequential element (gpio_core_1/Not_Dual.INPUT_DOUBLE_REGS3/GENERATE_LEVEL_P_S_CDC.MULTI_BIT.FOR_CROSS_PLEVEL_IN2SCNDRY_bus_d5[1].CROSS2_PLEVEL_IN2SCNDRY_s_level_out_bus_d5) is unused and will be removed from module axi_gpio.
INFO: [Synth 8-3332] Sequential element (gpio_core_1/Not_Dual.INPUT_DOUBLE_REGS3/GENERATE_LEVEL_P_S_CDC.MULTI_BIT.FOR_CROSS_PLEVEL_IN2SCNDRY_bus_d5[2].CROSS2_PLEVEL_IN2SCNDRY_s_level_out_bus_d5) is unused and will be removed from module axi_gpio.
INFO: [Synth 8-3332] Sequential element (gpio_core_1/Not_Dual.INPUT_DOUBLE_REGS3/GENERATE_LEVEL_P_S_CDC.MULTI_BIT.FOR_CROSS_PLEVEL_IN2SCNDRY_bus_d5[3].CROSS2_PLEVEL_IN2SCNDRY_s_level_out_bus_d5) is unused and will be removed from module axi_gpio.
INFO: [Synth 8-3332] Sequential element (gpio_core_1/Not_Dual.INPUT_DOUBLE_REGS3/GENERATE_LEVEL_P_S_CDC.MULTI_BIT.FOR_CROSS_PLEVEL_IN2SCNDRY_bus_d6[0].CROSS2_PLEVEL_IN2SCNDRY_s_level_out_bus_d6) is unused and will be removed from module axi_gpio.
INFO: [Synth 8-3332] Sequential element (gpio_core_1/Not_Dual.INPUT_DOUBLE_REGS3/GENERATE_LEVEL_P_S_CDC.MULTI_BIT.FOR_CROSS_PLEVEL_IN2SCNDRY_bus_d6[1].CROSS2_PLEVEL_IN2SCNDRY_s_level_out_bus_d6) is unused and will be removed from module axi_gpio.
INFO: [Synth 8-3332] Sequential element (gpio_core_1/Not_Dual.INPUT_DOUBLE_REGS3/GENERATE_LEVEL_P_S_CDC.MULTI_BIT.FOR_CROSS_PLEVEL_IN2SCNDRY_bus_d6[2].CROSS2_PLEVEL_IN2SCNDRY_s_level_out_bus_d6) is unused and will be removed from module axi_gpio.
INFO: [Synth 8-3332] Sequential element (gpio_core_1/Not_Dual.INPUT_DOUBLE_REGS3/GENERATE_LEVEL_P_S_CDC.MULTI_BIT.FOR_CROSS_PLEVEL_IN2SCNDRY_bus_d6[3].CROSS2_PLEVEL_IN2SCNDRY_s_level_out_bus_d6) is unused and will be removed from module axi_gpio.
---------------------------------------------------------------------------------
Finished Cross Boundary and Area Optimization : Time (s): cpu = 00:00:59 ; elapsed = 00:01:21 . Memory (MB): peak = 1535.203 ; gain = 604.137
---------------------------------------------------------------------------------
---------------------------------------------------------------------------------
Start Applying XDC Timing Constraints
---------------------------------------------------------------------------------
---------------------------------------------------------------------------------
Finished Applying XDC Timing Constraints : Time (s): cpu = 00:01:17 ; elapsed = 00:01:43 . Memory (MB): peak = 1535.203 ; gain = 604.137
---------------------------------------------------------------------------------
---------------------------------------------------------------------------------
Start Timing Optimization
---------------------------------------------------------------------------------
---------------------------------------------------------------------------------
Finished Timing Optimization : Time (s): cpu = 00:01:17 ; elapsed = 00:01:43 . Memory (MB): peak = 1535.203 ; gain = 604.137
---------------------------------------------------------------------------------
---------------------------------------------------------------------------------
Start Technology Mapping
---------------------------------------------------------------------------------
---------------------------------------------------------------------------------
Finished Technology Mapping : Time (s): cpu = 00:01:17 ; elapsed = 00:01:44 . Memory (MB): peak = 1535.203 ; gain = 604.137
---------------------------------------------------------------------------------
---------------------------------------------------------------------------------
Start IO Insertion
---------------------------------------------------------------------------------
---------------------------------------------------------------------------------
Start Flattening Before IO Insertion
---------------------------------------------------------------------------------
---------------------------------------------------------------------------------
Finished Flattening Before IO Insertion
---------------------------------------------------------------------------------
---------------------------------------------------------------------------------
Start Final Netlist Cleanup
---------------------------------------------------------------------------------
---------------------------------------------------------------------------------
Finished Final Netlist Cleanup
---------------------------------------------------------------------------------
---------------------------------------------------------------------------------
Finished IO Insertion : Time (s): cpu = 00:01:35 ; elapsed = 00:02:03 . Memory (MB): peak = 1535.203 ; gain = 604.137
---------------------------------------------------------------------------------
---------------------------------------------------------------------------------
Start Renaming Generated Instances
---------------------------------------------------------------------------------
---------------------------------------------------------------------------------
Finished Renaming Generated Instances : Time (s): cpu = 00:01:35 ; elapsed = 00:02:03 . Memory (MB): peak = 1535.203 ; gain = 604.137
---------------------------------------------------------------------------------
---------------------------------------------------------------------------------
Start Rebuilding User Hierarchy
---------------------------------------------------------------------------------
---------------------------------------------------------------------------------
Finished Rebuilding User Hierarchy : Time (s): cpu = 00:01:35 ; elapsed = 00:02:03 . Memory (MB): peak = 1535.203 ; gain = 604.137
---------------------------------------------------------------------------------
---------------------------------------------------------------------------------
Start Renaming Generated Ports
---------------------------------------------------------------------------------
---------------------------------------------------------------------------------
Finished Renaming Generated Ports : Time (s): cpu = 00:01:35 ; elapsed = 00:02:03 . Memory (MB): peak = 1535.203 ; gain = 604.137
---------------------------------------------------------------------------------
---------------------------------------------------------------------------------
Start Handling Custom Attributes
---------------------------------------------------------------------------------
---------------------------------------------------------------------------------
Finished Handling Custom Attributes : Time (s): cpu = 00:01:35 ; elapsed = 00:02:03 . Memory (MB): peak = 1535.203 ; gain = 604.137
---------------------------------------------------------------------------------
---------------------------------------------------------------------------------
Start Renaming Generated Nets
---------------------------------------------------------------------------------
---------------------------------------------------------------------------------
Finished Renaming Generated Nets : Time (s): cpu = 00:01:35 ; elapsed = 00:02:03 . Memory (MB): peak = 1535.203 ; gain = 604.137
---------------------------------------------------------------------------------
---------------------------------------------------------------------------------
Start Writing Synthesis Report
---------------------------------------------------------------------------------

Report BlackBoxes: 
+-+--------------+----------+
| |BlackBox name |Instances |
+-+--------------+----------+
+-+--------------+----------+

Report Cell Usage: 
+------+-----+------+
|      |Cell |Count |
+------+-----+------+
|1     |LUT1 |     4|
|2     |LUT2 |    10|
|3     |LUT3 |    20|
|4     |LUT4 |    20|
|5     |LUT5 |    36|
|6     |LUT6 |    26|
|7     |FDCE |     8|
|8     |FDR  |    16|
|9     |FDRE |    97|
|10    |FDSE |     7|
+------+-----+------+
---------------------------------------------------------------------------------
Finished Writing Synthesis Report : Time (s): cpu = 00:01:35 ; elapsed = 00:02:03 . Memory (MB): peak = 1535.203 ; gain = 604.137
---------------------------------------------------------------------------------
Synthesis finished with 0 errors, 0 critical warnings and 85 warnings.
Synthesis Optimization Runtime : Time (s): cpu = 00:01:04 ; elapsed = 00:01:53 . Memory (MB): peak = 1535.203 ; gain = 562.672
Synthesis Optimization Complete : Time (s): cpu = 00:01:35 ; elapsed = 00:02:03 . Memory (MB): peak = 1535.203 ; gain = 604.137
INFO: [Project 1-571] Translating synthesized netlist
Netlist sorting complete. Time (s): cpu = 00:00:00 ; elapsed = 00:00:00.021 . Memory (MB): peak = 1535.203 ; gain = 0.000
INFO: [Netlist 29-17] Analyzing 16 Unisim elements for replacement
INFO: [Netlist 29-28] Unisim Transformation completed in 0 CPU seconds
INFO: [Project 1-570] Preparing netlist for logic optimization
INFO: [Opt 31-138] Pushed 0 inverter(s) to 0 load pin(s).
Netlist sorting complete. Time (s): cpu = 00:00:00 ; elapsed = 00:00:00.001 . Memory (MB): peak = 1535.203 ; gain = 0.000
INFO: [Project 1-111] Unisim Transformation Summary:
  A total of 16 instances were transformed.
  FDR => FDRE: 16 instances

Le chemin d'accŠs sp‚cifi‚ est introuvable.
Synth Design complete | Checksum: de69a90e
INFO: [Common 17-83] Releasing license: Synthesis
149 Infos, 116 Warnings, 0 Critical Warnings and 0 Errors encountered.
synth_design completed successfully
synth_design: Time (s): cpu = 00:01:49 ; elapsed = 00:02:25 . Memory (MB): peak = 1535.203 ; gain = 1028.375
Write ShapeDB Complete: Time (s): cpu = 00:00:00 ; elapsed = 00:00:00.003 . Memory (MB): peak = 1535.203 ; gain = 0.000
INFO: [Common 17-1381] The checkpoint 'C:/Users/hdway/Documents/vivado/TER/PmodENC_Linux/hw_with_enc/hw_with_enc.runs/system_PetaENC_1_0_synth_1/system_PetaENC_1_0.dcp' has been generated.
INFO: [Coretcl 2-1648] Added synthesis output to IP cache for IP system_PetaENC_1_0, cache-ID = d789cbd690ad11f9
INFO: [Coretcl 2-1174] Renamed 15 cell refs.
Write ShapeDB Complete: Time (s): cpu = 00:00:00 ; elapsed = 00:00:00.002 . Memory (MB): peak = 1535.203 ; gain = 0.000
INFO: [Common 17-1381] The checkpoint 'C:/Users/hdway/Documents/vivado/TER/PmodENC_Linux/hw_with_enc/hw_with_enc.runs/system_PetaENC_1_0_synth_1/system_PetaENC_1_0.dcp' has been generated.
INFO: [runtcl-4] Executing : report_utilization -file system_PetaENC_1_0_utilization_synth.rpt -pb system_PetaENC_1_0_utilization_synth.pb
INFO: [Common 17-206] Exiting Vivado at Thu Jun 20 12:36:54 2024...
