
*** Running vivado
    with args -log system_v_frmbuf_wr_0_0.vds -m64 -product Vivado -mode batch -messageDb vivado.pb -notrace -source system_v_frmbuf_wr_0_0.tcl


Commande ECHO d‚sactiv‚e.
Commande ECHO d‚sactiv‚e.

****** Vivado v2023.2.2 (64-bit)
  **** SW Build 4081461 on Thu Dec 14 12:24:51 MST 2023
  **** IP Build 4126054 on Fri Feb  9 11:39:09 MST 2024
  **** SharedData Build 4115275 on Tue Jan 30 00:40:57 MST 2024
    ** Copyright 1986-2022 Xilinx, Inc. All Rights Reserved.
    ** Copyright 2022-2023 Advanced Micro Devices, Inc. All Rights Reserved.

source system_v_frmbuf_wr_0_0.tcl -notrace
create_project: Time (s): cpu = 00:00:10 ; elapsed = 00:00:12 . Memory (MB): peak = 477.180 ; gain = 181.410
INFO: [IP_Flow 19-234] Refreshing IP repositories
WARNING: [IP_Flow 19-2248] Failed to load user IP repository 'c:/Users/hdway/Documents/vivado/TER/Zybo-Z7/hw/repo'; Can't find the specified path.
If this directory should no longer be in your list of user repositories, go to the IP Settings dialog and remove it.
INFO: [IP_Flow 19-1700] Loaded user IP repository 'c:/Users/hdway/Documents/vivado/TER/PetaENC_IP'.
INFO: [IP_Flow 19-1700] Loaded user IP repository 'c:/Users/hdway/Documents/vivado/vivado-library'.
INFO: [IP_Flow 19-2313] Loaded Vivado IP repository 'C:/Xilinx/Vivado/2023.2/data/ip'.
WARNING: [IP_Flow 19-4995] The host OS only allows 260 characters in a normal path. The IP cache path is more than 80 characters. If you experience issues with IP caching, please consider changing the IP cache to a location with a shorter path. Alternately consider using the OS subst command to map part of the path to a drive letter. 
Current IP cache path is c:/Users/hdway/Documents/vivado/TER/PmodENC_Linux/hw_with_enc/hw_with_enc.cache/ip 
Converted RTL already exists. Skipping compile_c
INFO: [IP_Flow 19-6924] IPCACHE: Running cache check for IP inst: system_v_frmbuf_wr_0_0
INFO: [IP_Flow 19-6922] IPCACHE: Exporting cached entry 9f64d30bd4384c9d to dir: C:/Users/hdway/Documents/vivado/TER/PmodENC_Linux/hw_with_enc/hw_with_enc.runs/system_v_frmbuf_wr_0_0_synth_1
INFO: [IP_Flow 19-6928] IPCACHE: copied cached file c:/Users/hdway/Documents/vivado/TER/PmodENC_Linux/hw_with_enc/hw_with_enc.cache/ip/2023.2.2/9/f/9f64d30bd4384c9d/system_v_frmbuf_wr_0_0.dcp to C:/Users/hdway/Documents/vivado/TER/PmodENC_Linux/hw_with_enc/hw_with_enc.runs/system_v_frmbuf_wr_0_0_synth_1/system_v_frmbuf_wr_0_0.dcp.
INFO: [IP_Flow 19-6928] IPCACHE: copied cached file c:/Users/hdway/Documents/vivado/TER/PmodENC_Linux/hw_with_enc/hw_with_enc.cache/ip/2023.2.2/9/f/9f64d30bd4384c9d/system_v_frmbuf_wr_0_0_sim_netlist.v to C:/Users/hdway/Documents/vivado/TER/PmodENC_Linux/hw_with_enc/hw_with_enc.runs/system_v_frmbuf_wr_0_0_synth_1/system_v_frmbuf_wr_0_0_sim_netlist.v.
INFO: [IP_Flow 19-6928] IPCACHE: copied cached file c:/Users/hdway/Documents/vivado/TER/PmodENC_Linux/hw_with_enc/hw_with_enc.cache/ip/2023.2.2/9/f/9f64d30bd4384c9d/system_v_frmbuf_wr_0_0_sim_netlist.vhdl to C:/Users/hdway/Documents/vivado/TER/PmodENC_Linux/hw_with_enc/hw_with_enc.runs/system_v_frmbuf_wr_0_0_synth_1/system_v_frmbuf_wr_0_0_sim_netlist.vhdl.
INFO: [IP_Flow 19-6928] IPCACHE: copied cached file c:/Users/hdway/Documents/vivado/TER/PmodENC_Linux/hw_with_enc/hw_with_enc.cache/ip/2023.2.2/9/f/9f64d30bd4384c9d/system_v_frmbuf_wr_0_0_stub.v to C:/Users/hdway/Documents/vivado/TER/PmodENC_Linux/hw_with_enc/hw_with_enc.runs/system_v_frmbuf_wr_0_0_synth_1/system_v_frmbuf_wr_0_0_stub.v.
INFO: [IP_Flow 19-6928] IPCACHE: copied cached file c:/Users/hdway/Documents/vivado/TER/PmodENC_Linux/hw_with_enc/hw_with_enc.cache/ip/2023.2.2/9/f/9f64d30bd4384c9d/system_v_frmbuf_wr_0_0_stub.vhdl to C:/Users/hdway/Documents/vivado/TER/PmodENC_Linux/hw_with_enc/hw_with_enc.runs/system_v_frmbuf_wr_0_0_synth_1/system_v_frmbuf_wr_0_0_stub.vhdl.
INFO: [IP_Flow 19-4838] Using cached IP synthesis design for IP system_v_frmbuf_wr_0_0, cache-ID = 9f64d30bd4384c9d.
INFO: [Common 17-206] Exiting Vivado at Thu Jun 20 14:26:52 2024...
